    1 /0/ [◖ 1 ◗]
    3 /1/ [◖ 1 ◗, ◖ 3 =  1 + 1·2^1 ◗]
    5 /1/ [◖ 1 ◗, ◖ 5 =  1 + 1·2^2 ◗]
    7 /1/ [◖ 1 ◗, ◖ 7 = -1 + 1·2^3 ◗]
    9 /1/ [◖ 1 ◗, ◖ 9 =  1 + 1·2^3 ◗]
   11 /2/ [◖ 1 ◗, ◖ 3 =  1 + 1·2^1 ◗, ◖ 11 = -1 + 3·2^2 ◗]
   13 /2/ [◖ 1 ◗, ◖ 3 =  1 + 1·2^1 ◗, ◖ 13 =  1 + 3·2^2 ◗]
   15 /1/ [◖ 1 ◗, ◖ 15 = -1 + 1·2^4 ◗]
   17 /1/ [◖ 1 ◗, ◖ 17 =  1 + 1·2^4 ◗]
   19 /2/ [◖ 1 ◗, ◖ 5 =  1 + 1·2^2 ◗, ◖ 19 = -1 + 5·2^2 ◗]
   21 /2/ [◖ 1 ◗, ◖ 5 =  1 + 1·2^2 ◗, ◖ 21 =  1 + 5·2^2 ◗]
   23 /2/ [◖ 1 ◗, ◖ 3 =  1 + 1·2^1 ◗, ◖ 23 = -1 + 3·2^3 ◗]
   25 /2/ [◖ 1 ◗, ◖ 3 =  1 + 1·2^1 ◗, ◖ 25 =  1 + 3·2^3 ◗]
   27 /2/ [◖ 1 ◗, ◖ 7 = -1 + 1·2^3 ◗, ◖ 27 = -1 + 7·2^2 ◗]
   29 /2/ [◖ 1 ◗, ◖ 7 = -1 + 1·2^3 ◗, ◖ 29 =  1 + 7·2^2 ◗]
   31 /1/ [◖ 1 ◗, ◖ 31 = -1 + 1·2^5 ◗]
   33 /1/ [◖ 1 ◗, ◖ 33 =  1 + 1·2^5 ◗]
   35 /2/ [◖ 1 ◗, ◖ 9 =  1 + 1·2^3 ◗, ◖ 35 = -1 + 9·2^2 ◗]
   37 /2/ [◖ 1 ◗, ◖ 9 =  1 + 1·2^3 ◗, ◖ 37 =  1 + 9·2^2 ◗]
   39 /2/ [◖ 1 ◗, ◖ 5 =  1 + 1·2^2 ◗, ◖ 39 = -1 + 5·2^3 ◗]
   41 /2/ [◖ 1 ◗, ◖ 5 =  1 + 1·2^2 ◗, ◖ 41 =  1 + 5·2^3 ◗]
   43 /3/ [◖ 1 ◗, ◖ 3 =  1 + 1·2^1 ◗, ◖ 11 = -1 + 3·2^2 ◗, ◖ 43 = -1 + 11·2^2 ◗]
   45 /2/ [◖ 1 ◗, ◖ 3 =  1 + 1·2^1 ◗, ◖ 45 = -3 + 3·2^4 ◗]
   47 /2/ [◖ 1 ◗, ◖ 3 =  1 + 1·2^1 ◗, ◖ 47 = -1 + 3·2^4 ◗]
   49 /2/ [◖ 1 ◗, ◖ 3 =  1 + 1·2^1 ◗, ◖ 49 =  1 + 3·2^4 ◗]
   51 /2/ [◖ 1 ◗, ◖ 3 =  1 + 1·2^1 ◗, ◖ 51 =  3 + 3·2^4 ◗]
   53 /3/ [◖ 1 ◗, ◖ 3 =  1 + 1·2^1 ◗, ◖ 13 =  1 + 3·2^2 ◗, ◖ 53 =  1 + 13·2^2 ◗]
   55 /2/ [◖ 1 ◗, ◖ 7 = -1 + 1·2^3 ◗, ◖ 55 = -1 + 7·2^3 ◗]
   57 /2/ [◖ 1 ◗, ◖ 7 = -1 + 1·2^3 ◗, ◖ 57 =  1 + 7·2^3 ◗]
   59 /2/ [◖ 1 ◗, ◖ 15 = -1 + 1·2^4 ◗, ◖ 59 = -1 + 15·2^2 ◗]
   61 /2/ [◖ 1 ◗, ◖ 15 = -1 + 1·2^4 ◗, ◖ 61 =  1 + 15·2^2 ◗]
   63 /1/ [◖ 1 ◗, ◖ 63 = -1 + 1·2^6 ◗]
   65 /1/ [◖ 1 ◗, ◖ 65 =  1 + 1·2^6 ◗]
   67 /2/ [◖ 1 ◗, ◖ 17 =  1 + 1·2^4 ◗, ◖ 67 = -1 + 17·2^2 ◗]
   69 /2/ [◖ 1 ◗, ◖ 17 =  1 + 1·2^4 ◗, ◖ 69 =  1 + 17·2^2 ◗]
   71 /2/ [◖ 1 ◗, ◖ 9 =  1 + 1·2^3 ◗, ◖ 71 = -1 + 9·2^3 ◗]
   73 /2/ [◖ 1 ◗, ◖ 9 =  1 + 1·2^3 ◗, ◖ 73 =  1 + 9·2^3 ◗]
   75 /2/ [◖ 1 ◗, ◖ 5 =  1 + 1·2^2 ◗, ◖ 75 = -5 + 5·2^4 ◗]
   77 /3/ [◖ 1 ◗, ◖ 5 =  1 + 1·2^2 ◗, ◖ 19 = -1 + 5·2^2 ◗, ◖ 77 =  1 + 19·2^2 ◗]
   79 /2/ [◖ 1 ◗, ◖ 5 =  1 + 1·2^2 ◗, ◖ 79 = -1 + 5·2^4 ◗]
   81 /2/ [◖ 1 ◗, ◖ 5 =  1 + 1·2^2 ◗, ◖ 81 =  1 + 5·2^4 ◗]
   83 /3/ [◖ 1 ◗, ◖ 5 =  1 + 1·2^2 ◗, ◖ 21 =  1 + 5·2^2 ◗, ◖ 83 = -1 + 21·2^2 ◗]
   85 /2/ [◖ 1 ◗, ◖ 5 =  1 + 1·2^2 ◗, ◖ 85 =  5 + 5·2^4 ◗]
   87 /3/ [◖ 1 ◗, ◖ 3 =  1 + 1·2^1 ◗, ◖ 11 = -1 + 3·2^2 ◗, ◖ 87 = -1 + 11·2^3 ◗]
   89 /3/ [◖ 1 ◗, ◖ 3 =  1 + 1·2^1 ◗, ◖ 11 = -1 + 3·2^2 ◗, ◖ 89 =  1 + 11·2^3 ◗]
   91 /3/ [◖ 1 ◗, ◖ 3 =  1 + 1·2^1 ◗, ◖ 23 = -1 + 3·2^3 ◗, ◖ 91 = -1 + 23·2^2 ◗]
   93 /2/ [◖ 1 ◗, ◖ 3 =  1 + 1·2^1 ◗, ◖ 93 = -3 + 3·2^5 ◗]
   95 /2/ [◖ 1 ◗, ◖ 3 =  1 + 1·2^1 ◗, ◖ 95 = -1 + 3·2^5 ◗]
   97 /2/ [◖ 1 ◗, ◖ 3 =  1 + 1·2^1 ◗, ◖ 97 =  1 + 3·2^5 ◗]
   99 /2/ [◖ 1 ◗, ◖ 3 =  1 + 1·2^1 ◗, ◖ 99 =  3 + 3·2^5 ◗]
  101 /3/ [◖ 1 ◗, ◖ 3 =  1 + 1·2^1 ◗, ◖ 25 =  1 + 3·2^3 ◗, ◖ 101 =  1 + 25·2^2 ◗]
  103 /3/ [◖ 1 ◗, ◖ 3 =  1 + 1·2^1 ◗, ◖ 13 =  1 + 3·2^2 ◗, ◖ 103 = -1 + 13·2^3 ◗]
  105 /2/ [◖ 1 ◗, ◖ 7 = -1 + 1·2^3 ◗, ◖ 105 = -7 + 7·2^4 ◗]
  107 /3/ [◖ 1 ◗, ◖ 7 = -1 + 1·2^3 ◗, ◖ 27 = -1 + 7·2^2 ◗, ◖ 107 = -1 + 27·2^2 ◗]
  109 /3/ [◖ 1 ◗, ◖ 7 = -1 + 1·2^3 ◗, ◖ 27 = -1 + 7·2^2 ◗, ◖ 109 =  1 + 27·2^2 ◗]
  111 /2/ [◖ 1 ◗, ◖ 7 = -1 + 1·2^3 ◗, ◖ 111 = -1 + 7·2^4 ◗]
  113 /2/ [◖ 1 ◗, ◖ 7 = -1 + 1·2^3 ◗, ◖ 113 =  1 + 7·2^4 ◗]
  115 /3/ [◖ 1 ◗, ◖ 7 = -1 + 1·2^3 ◗, ◖ 29 =  1 + 7·2^2 ◗, ◖ 115 = -1 + 29·2^2 ◗]
  117 /3/ [◖ 1 ◗, ◖ 7 = -1 + 1·2^3 ◗, ◖ 29 =  1 + 7·2^2 ◗, ◖ 117 =  1 + 29·2^2 ◗]
  119 /2/ [◖ 1 ◗, ◖ 15 = -1 + 1·2^4 ◗, ◖ 119 = -1 + 15·2^3 ◗]
  121 /2/ [◖ 1 ◗, ◖ 15 = -1 + 1·2^4 ◗, ◖ 121 =  1 + 15·2^3 ◗]
  123 /2/ [◖ 1 ◗, ◖ 31 = -1 + 1·2^5 ◗, ◖ 123 = -1 + 31·2^2 ◗]
  125 /2/ [◖ 1 ◗, ◖ 31 = -1 + 1·2^5 ◗, ◖ 125 =  1 + 31·2^2 ◗]
  127 /1/ [◖ 1 ◗, ◖ 127 = -1 + 1·2^7 ◗]
  129 /1/ [◖ 1 ◗, ◖ 129 =  1 + 1·2^7 ◗]
  131 /2/ [◖ 1 ◗, ◖ 33 =  1 + 1·2^5 ◗, ◖ 131 = -1 + 33·2^2 ◗]
  133 /2/ [◖ 1 ◗, ◖ 33 =  1 + 1·2^5 ◗, ◖ 133 =  1 + 33·2^2 ◗]
  135 /2/ [◖ 1 ◗, ◖ 17 =  1 + 1·2^4 ◗, ◖ 135 = -1 + 17·2^3 ◗]
  137 /2/ [◖ 1 ◗, ◖ 17 =  1 + 1·2^4 ◗, ◖ 137 =  1 + 17·2^3 ◗]
  139 /3/ [◖ 1 ◗, ◖ 9 =  1 + 1·2^3 ◗, ◖ 35 = -1 + 9·2^2 ◗, ◖ 139 = -1 + 35·2^2 ◗]
  141 /3/ [◖ 1 ◗, ◖ 9 =  1 + 1·2^3 ◗, ◖ 35 = -1 + 9·2^2 ◗, ◖ 141 =  1 + 35·2^2 ◗]
  143 /2/ [◖ 1 ◗, ◖ 9 =  1 + 1·2^3 ◗, ◖ 143 = -1 + 9·2^4 ◗]
  145 /2/ [◖ 1 ◗, ◖ 9 =  1 + 1·2^3 ◗, ◖ 145 =  1 + 9·2^4 ◗]
  147 /3/ [◖ 1 ◗, ◖ 9 =  1 + 1·2^3 ◗, ◖ 37 =  1 + 9·2^2 ◗, ◖ 147 = -1 + 37·2^2 ◗]
  149 /3/ [◖ 1 ◗, ◖ 9 =  1 + 1·2^3 ◗, ◖ 37 =  1 + 9·2^2 ◗, ◖ 149 =  1 + 37·2^2 ◗]
  151 /3/ [◖ 1 ◗, ◖ 5 =  1 + 1·2^2 ◗, ◖ 19 = -1 + 5·2^2 ◗, ◖ 151 = -1 + 19·2^3 ◗]
  153 /2/ [◖ 1 ◗, ◖ 9 =  1 + 1·2^3 ◗, ◖ 153 =  9 + 9·2^4 ◗]
  155 /2/ [◖ 1 ◗, ◖ 5 =  1 + 1·2^2 ◗, ◖ 155 = -5 + 5·2^5 ◗]
  157 /3/ [◖ 1 ◗, ◖ 5 =  1 + 1·2^2 ◗, ◖ 39 = -1 + 5·2^3 ◗, ◖ 157 =  1 + 39·2^2 ◗]
  159 /2/ [◖ 1 ◗, ◖ 5 =  1 + 1·2^2 ◗, ◖ 159 = -1 + 5·2^5 ◗]
  161 /2/ [◖ 1 ◗, ◖ 5 =  1 + 1·2^2 ◗, ◖ 161 =  1 + 5·2^5 ◗]
  163 /3/ [◖ 1 ◗, ◖ 5 =  1 + 1·2^2 ◗, ◖ 41 =  1 + 5·2^3 ◗, ◖ 163 = -1 + 41·2^2 ◗]
  165 /2/ [◖ 1 ◗, ◖ 5 =  1 + 1·2^2 ◗, ◖ 165 =  5 + 5·2^5 ◗]
  167 /3/ [◖ 1 ◗, ◖ 5 =  1 + 1·2^2 ◗, ◖ 21 =  1 + 5·2^2 ◗, ◖ 167 = -1 + 21·2^3 ◗]
  169 /3/ [◖ 1 ◗, ◖ 5 =  1 + 1·2^2 ◗, ◖ 21 =  1 + 5·2^2 ◗, ◖ 169 =  1 + 21·2^3 ◗]
  171 /3/ [◖ 1 ◗, ◖ 5 =  1 + 1·2^2 ◗, ◖ 85 =  5 + 5·2^4 ◗, ◖ 171 =  1 + 85·2^1 ◗]
  173 /3/ [◖ 1 ◗, ◖ 3 =  1 + 1·2^1 ◗, ◖ 11 = -1 + 3·2^2 ◗, ◖ 173 = -3 + 11·2^4 ◗]
  175 /3/ [◖ 1 ◗, ◖ 3 =  1 + 1·2^1 ◗, ◖ 11 = -1 + 3·2^2 ◗, ◖ 175 = -1 + 11·2^4 ◗]
  177 /3/ [◖ 1 ◗, ◖ 3 =  1 + 1·2^1 ◗, ◖ 11 = -1 + 3·2^2 ◗, ◖ 177 =  1 + 11·2^4 ◗]
  179 /3/ [◖ 1 ◗, ◖ 3 =  1 + 1·2^1 ◗, ◖ 45 = -3 + 3·2^4 ◗, ◖ 179 = -1 + 45·2^2 ◗]
  181 /3/ [◖ 1 ◗, ◖ 3 =  1 + 1·2^1 ◗, ◖ 45 = -3 + 3·2^4 ◗, ◖ 181 =  1 + 45·2^2 ◗]
  183 /3/ [◖ 1 ◗, ◖ 3 =  1 + 1·2^1 ◗, ◖ 23 = -1 + 3·2^3 ◗, ◖ 183 = -1 + 23·2^3 ◗]
  185 /3/ [◖ 1 ◗, ◖ 3 =  1 + 1·2^1 ◗, ◖ 23 = -1 + 3·2^3 ◗, ◖ 185 =  1 + 23·2^3 ◗]
  187 /3/ [◖ 1 ◗, ◖ 3 =  1 + 1·2^1 ◗, ◖ 47 = -1 + 3·2^4 ◗, ◖ 187 = -1 + 47·2^2 ◗]
  189 /2/ [◖ 1 ◗, ◖ 3 =  1 + 1·2^1 ◗, ◖ 189 = -3 + 3·2^6 ◗]
  191 /2/ [◖ 1 ◗, ◖ 3 =  1 + 1·2^1 ◗, ◖ 191 = -1 + 3·2^6 ◗]
  193 /2/ [◖ 1 ◗, ◖ 3 =  1 + 1·2^1 ◗, ◖ 193 =  1 + 3·2^6 ◗]
  195 /2/ [◖ 1 ◗, ◖ 3 =  1 + 1·2^1 ◗, ◖ 195 =  3 + 3·2^6 ◗]
  197 /3/ [◖ 1 ◗, ◖ 3 =  1 + 1·2^1 ◗, ◖ 49 =  1 + 3·2^4 ◗, ◖ 197 =  1 + 49·2^2 ◗]
  199 /3/ [◖ 1 ◗, ◖ 3 =  1 + 1·2^1 ◗, ◖ 25 =  1 + 3·2^3 ◗, ◖ 199 = -1 + 25·2^3 ◗]
  201 /3/ [◖ 1 ◗, ◖ 3 =  1 + 1·2^1 ◗, ◖ 25 =  1 + 3·2^3 ◗, ◖ 201 =  1 + 25·2^3 ◗]
  203 /3/ [◖ 1 ◗, ◖ 3 =  1 + 1·2^1 ◗, ◖ 51 =  3 + 3·2^4 ◗, ◖ 203 = -1 + 51·2^2 ◗]
  205 /3/ [◖ 1 ◗, ◖ 3 =  1 + 1·2^1 ◗, ◖ 51 =  3 + 3·2^4 ◗, ◖ 205 =  1 + 51·2^2 ◗]
  207 /3/ [◖ 1 ◗, ◖ 3 =  1 + 1·2^1 ◗, ◖ 13 =  1 + 3·2^2 ◗, ◖ 207 = -1 + 13·2^4 ◗]
  209 /3/ [◖ 1 ◗, ◖ 3 =  1 + 1·2^1 ◗, ◖ 13 =  1 + 3·2^2 ◗, ◖ 209 =  1 + 13·2^4 ◗]
  211 /3/ [◖ 1 ◗, ◖ 7 = -1 + 1·2^3 ◗, ◖ 105 = -7 + 7·2^4 ◗, ◖ 211 =  1 + 105·2^1 ◗]
  213 /3/ [◖ 1 ◗, ◖ 7 = -1 + 1·2^3 ◗, ◖ 55 = -1 + 7·2^3 ◗, ◖ 213 = -7 + 55·2^2 ◗]
  215 /3/ [◖ 1 ◗, ◖ 7 = -1 + 1·2^3 ◗, ◖ 27 = -1 + 7·2^2 ◗, ◖ 215 = -1 + 27·2^3 ◗]
  217 /2/ [◖ 1 ◗, ◖ 7 = -1 + 1·2^3 ◗, ◖ 217 = -7 + 7·2^5 ◗]
  219 /3/ [◖ 1 ◗, ◖ 7 = -1 + 1·2^3 ◗, ◖ 55 = -1 + 7·2^3 ◗, ◖ 219 = -1 + 55·2^2 ◗]
  221 /3/ [◖ 1 ◗, ◖ 7 = -1 + 1·2^3 ◗, ◖ 55 = -1 + 7·2^3 ◗, ◖ 221 =  1 + 55·2^2 ◗]
  223 /2/ [◖ 1 ◗, ◖ 7 = -1 + 1·2^3 ◗, ◖ 223 = -1 + 7·2^5 ◗]
  225 /2/ [◖ 1 ◗, ◖ 7 = -1 + 1·2^3 ◗, ◖ 225 =  1 + 7·2^5 ◗]
  227 /3/ [◖ 1 ◗, ◖ 7 = -1 + 1·2^3 ◗, ◖ 57 =  1 + 7·2^3 ◗, ◖ 227 = -1 + 57·2^2 ◗]
  229 /3/ [◖ 1 ◗, ◖ 7 = -1 + 1·2^3 ◗, ◖ 57 =  1 + 7·2^3 ◗, ◖ 229 =  1 + 57·2^2 ◗]
  231 /2/ [◖ 1 ◗, ◖ 7 = -1 + 1·2^3 ◗, ◖ 231 =  7 + 7·2^5 ◗]
  233 /3/ [◖ 1 ◗, ◖ 7 = -1 + 1·2^3 ◗, ◖ 29 =  1 + 7·2^2 ◗, ◖ 233 =  1 + 29·2^3 ◗]
  235 /3/ [◖ 1 ◗, ◖ 15 = -1 + 1·2^4 ◗, ◖ 59 = -1 + 15·2^2 ◗, ◖ 235 = -1 + 59·2^2 ◗]
  237 /3/ [◖ 1 ◗, ◖ 15 = -1 + 1·2^4 ◗, ◖ 59 = -1 + 15·2^2 ◗, ◖ 237 =  1 + 59·2^2 ◗]
  239 /2/ [◖ 1 ◗, ◖ 15 = -1 + 1·2^4 ◗, ◖ 239 = -1 + 15·2^4 ◗]
  241 /2/ [◖ 1 ◗, ◖ 15 = -1 + 1·2^4 ◗, ◖ 241 =  1 + 15·2^4 ◗]
  243 /3/ [◖ 1 ◗, ◖ 15 = -1 + 1·2^4 ◗, ◖ 61 =  1 + 15·2^2 ◗, ◖ 243 = -1 + 61·2^2 ◗]
  245 /3/ [◖ 1 ◗, ◖ 15 = -1 + 1·2^4 ◗, ◖ 61 =  1 + 15·2^2 ◗, ◖ 245 =  1 + 61·2^2 ◗]
  247 /2/ [◖ 1 ◗, ◖ 31 = -1 + 1·2^5 ◗, ◖ 247 = -1 + 31·2^3 ◗]
  249 /2/ [◖ 1 ◗, ◖ 31 = -1 + 1·2^5 ◗, ◖ 249 =  1 + 31·2^3 ◗]
  251 /2/ [◖ 1 ◗, ◖ 63 = -1 + 1·2^6 ◗, ◖ 251 = -1 + 63·2^2 ◗]
  253 /2/ [◖ 1 ◗, ◖ 63 = -1 + 1·2^6 ◗, ◖ 253 =  1 + 63·2^2 ◗]
  255 /1/ [◖ 1 ◗, ◖ 255 = -1 + 1·2^8 ◗]
  257 /1/ [◖ 1 ◗, ◖ 257 =  1 + 1·2^8 ◗]
  259 /2/ [◖ 1 ◗, ◖ 65 =  1 + 1·2^6 ◗, ◖ 259 = -1 + 65·2^2 ◗]
  261 /2/ [◖ 1 ◗, ◖ 65 =  1 + 1·2^6 ◗, ◖ 261 =  1 + 65·2^2 ◗]
  263 /2/ [◖ 1 ◗, ◖ 33 =  1 + 1·2^5 ◗, ◖ 263 = -1 + 33·2^3 ◗]
  265 /2/ [◖ 1 ◗, ◖ 33 =  1 + 1·2^5 ◗, ◖ 265 =  1 + 33·2^3 ◗]
  267 /3/ [◖ 1 ◗, ◖ 17 =  1 + 1·2^4 ◗, ◖ 67 = -1 + 17·2^2 ◗, ◖ 267 = -1 + 67·2^2 ◗]
  269 /3/ [◖ 1 ◗, ◖ 17 =  1 + 1·2^4 ◗, ◖ 67 = -1 + 17·2^2 ◗, ◖ 269 =  1 + 67·2^2 ◗]
  271 /2/ [◖ 1 ◗, ◖ 17 =  1 + 1·2^4 ◗, ◖ 271 = -1 + 17·2^4 ◗]
  273 /2/ [◖ 1 ◗, ◖ 17 =  1 + 1·2^4 ◗, ◖ 273 =  1 + 17·2^4 ◗]
  275 /3/ [◖ 1 ◗, ◖ 17 =  1 + 1·2^4 ◗, ◖ 69 =  1 + 17·2^2 ◗, ◖ 275 = -1 + 69·2^2 ◗]
  277 /3/ [◖ 1 ◗, ◖ 17 =  1 + 1·2^4 ◗, ◖ 69 =  1 + 17·2^2 ◗, ◖ 277 =  1 + 69·2^2 ◗]
  279 /2/ [◖ 1 ◗, ◖ 9 =  1 + 1·2^3 ◗, ◖ 279 = -9 + 9·2^5 ◗]
  281 /3/ [◖ 1 ◗, ◖ 9 =  1 + 1·2^3 ◗, ◖ 35 = -1 + 9·2^2 ◗, ◖ 281 =  1 + 35·2^3 ◗]
  283 /3/ [◖ 1 ◗, ◖ 9 =  1 + 1·2^3 ◗, ◖ 71 = -1 + 9·2^3 ◗, ◖ 283 = -1 + 71·2^2 ◗]
  285 /3/ [◖ 1 ◗, ◖ 9 =  1 + 1·2^3 ◗, ◖ 71 = -1 + 9·2^3 ◗, ◖ 285 =  1 + 71·2^2 ◗]
  287 /2/ [◖ 1 ◗, ◖ 9 =  1 + 1·2^3 ◗, ◖ 287 = -1 + 9·2^5 ◗]
  289 /2/ [◖ 1 ◗, ◖ 9 =  1 + 1·2^3 ◗, ◖ 289 =  1 + 9·2^5 ◗]
  291 /3/ [◖ 1 ◗, ◖ 9 =  1 + 1·2^3 ◗, ◖ 73 =  1 + 9·2^3 ◗, ◖ 291 = -1 + 73·2^2 ◗]
  293 /3/ [◖ 1 ◗, ◖ 9 =  1 + 1·2^3 ◗, ◖ 73 =  1 + 9·2^3 ◗, ◖ 293 =  1 + 73·2^2 ◗]
  295 /3/ [◖ 1 ◗, ◖ 9 =  1 + 1·2^3 ◗, ◖ 37 =  1 + 9·2^2 ◗, ◖ 295 = -1 + 37·2^3 ◗]
  297 /2/ [◖ 1 ◗, ◖ 9 =  1 + 1·2^3 ◗, ◖ 297 =  9 + 9·2^5 ◗]
  299 /3/ [◖ 1 ◗, ◖ 5 =  1 + 1·2^2 ◗, ◖ 75 = -5 + 5·2^4 ◗, ◖ 299 = -1 + 75·2^2 ◗]
  301 /3/ [◖ 1 ◗, ◖ 5 =  1 + 1·2^2 ◗, ◖ 75 = -5 + 5·2^4 ◗, ◖ 301 =  1 + 75·2^2 ◗]
  303 /3/ [◖ 1 ◗, ◖ 5 =  1 + 1·2^2 ◗, ◖ 19 = -1 + 5·2^2 ◗, ◖ 303 = -1 + 19·2^4 ◗]
  305 /3/ [◖ 1 ◗, ◖ 5 =  1 + 1·2^2 ◗, ◖ 19 = -1 + 5·2^2 ◗, ◖ 305 =  1 + 19·2^4 ◗]
  307 /3/ [◖ 1 ◗, ◖ 9 =  1 + 1·2^3 ◗, ◖ 153 =  9 + 9·2^4 ◗, ◖ 307 =  1 + 153·2^1 ◗]
  309 /3/ [◖ 1 ◗, ◖ 5 =  1 + 1·2^2 ◗, ◖ 155 = -5 + 5·2^5 ◗, ◖ 309 = -1 + 155·2^1 ◗]
  311 /3/ [◖ 1 ◗, ◖ 5 =  1 + 1·2^2 ◗, ◖ 39 = -1 + 5·2^3 ◗, ◖ 311 = -1 + 39·2^3 ◗]
  313 /3/ [◖ 1 ◗, ◖ 5 =  1 + 1·2^2 ◗, ◖ 39 = -1 + 5·2^3 ◗, ◖ 313 =  1 + 39·2^3 ◗]
  315 /2/ [◖ 1 ◗, ◖ 5 =  1 + 1·2^2 ◗, ◖ 315 = -5 + 5·2^6 ◗]
  317 /3/ [◖ 1 ◗, ◖ 5 =  1 + 1·2^2 ◗, ◖ 79 = -1 + 5·2^4 ◗, ◖ 317 =  1 + 79·2^2 ◗]
  319 /2/ [◖ 1 ◗, ◖ 5 =  1 + 1·2^2 ◗, ◖ 319 = -1 + 5·2^6 ◗]
  321 /2/ [◖ 1 ◗, ◖ 5 =  1 + 1·2^2 ◗, ◖ 321 =  1 + 5·2^6 ◗]
  323 /3/ [◖ 1 ◗, ◖ 5 =  1 + 1·2^2 ◗, ◖ 81 =  1 + 5·2^4 ◗, ◖ 323 = -1 + 81·2^2 ◗]
  325 /2/ [◖ 1 ◗, ◖ 5 =  1 + 1·2^2 ◗, ◖ 325 =  5 + 5·2^6 ◗]
  327 /3/ [◖ 1 ◗, ◖ 5 =  1 + 1·2^2 ◗, ◖ 41 =  1 + 5·2^3 ◗, ◖ 327 = -1 + 41·2^3 ◗]
  329 /3/ [◖ 1 ◗, ◖ 5 =  1 + 1·2^2 ◗, ◖ 41 =  1 + 5·2^3 ◗, ◖ 329 =  1 + 41·2^3 ◗]
  331 /3/ [◖ 1 ◗, ◖ 5 =  1 + 1·2^2 ◗, ◖ 165 =  5 + 5·2^5 ◗, ◖ 331 =  1 + 165·2^1 ◗]
  333 /3/ [◖ 1 ◗, ◖ 5 =  1 + 1·2^2 ◗, ◖ 41 =  1 + 5·2^3 ◗, ◖ 333 =  5 + 41·2^3 ◗]
  335 /3/ [◖ 1 ◗, ◖ 5 =  1 + 1·2^2 ◗, ◖ 21 =  1 + 5·2^2 ◗, ◖ 335 = -1 + 21·2^4 ◗]
  337 /3/ [◖ 1 ◗, ◖ 5 =  1 + 1·2^2 ◗, ◖ 21 =  1 + 5·2^2 ◗, ◖ 337 =  1 + 21·2^4 ◗]
  339 /3/ [◖ 1 ◗, ◖ 5 =  1 + 1·2^2 ◗, ◖ 85 =  5 + 5·2^4 ◗, ◖ 339 = -1 + 85·2^2 ◗]
  341 /3/ [◖ 1 ◗, ◖ 5 =  1 + 1·2^2 ◗, ◖ 85 =  5 + 5·2^4 ◗, ◖ 341 =  1 + 85·2^2 ◗]
  343 /3/ [◖ 1 ◗, ◖ 3 =  1 + 1·2^1 ◗, ◖ 49 =  1 + 3·2^4 ◗, ◖ 343 = -49 + 49·2^3 ◗]
  345 /3/ [◖ 1 ◗, ◖ 5 =  1 + 1·2^2 ◗, ◖ 85 =  5 + 5·2^4 ◗, ◖ 345 =  5 + 85·2^2 ◗]
  347 /3/ [◖ 1 ◗, ◖ 5 =  1 + 1·2^2 ◗, ◖ 165 =  5 + 5·2^5 ◗, ◖ 347 = -165 + 1·2^9 ◗]
  349 /3/ [◖ 1 ◗, ◖ 3 =  1 + 1·2^1 ◗, ◖ 11 = -1 + 3·2^2 ◗, ◖ 349 = -3 + 11·2^5 ◗]
  351 /3/ [◖ 1 ◗, ◖ 3 =  1 + 1·2^1 ◗, ◖ 11 = -1 + 3·2^2 ◗, ◖ 351 = -1 + 11·2^5 ◗]
  353 /3/ [◖ 1 ◗, ◖ 3 =  1 + 1·2^1 ◗, ◖ 11 = -1 + 3·2^2 ◗, ◖ 353 =  1 + 11·2^5 ◗]
  355 /3/ [◖ 1 ◗, ◖ 3 =  1 + 1·2^1 ◗, ◖ 11 = -1 + 3·2^2 ◗, ◖ 355 =  3 + 11·2^5 ◗]
  357 /3/ [◖ 1 ◗, ◖ 3 =  1 + 1·2^1 ◗, ◖ 45 = -3 + 3·2^4 ◗, ◖ 357 = -3 + 45·2^3 ◗]
  359 /3/ [◖ 1 ◗, ◖ 3 =  1 + 1·2^1 ◗, ◖ 45 = -3 + 3·2^4 ◗, ◖ 359 = -1 + 45·2^3 ◗]
  361 /3/ [◖ 1 ◗, ◖ 3 =  1 + 1·2^1 ◗, ◖ 45 = -3 + 3·2^4 ◗, ◖ 361 =  1 + 45·2^3 ◗]
  363 /3/ [◖ 1 ◗, ◖ 3 =  1 + 1·2^1 ◗, ◖ 45 = -3 + 3·2^4 ◗, ◖ 363 =  3 + 45·2^3 ◗]
  365 /3/ [◖ 1 ◗, ◖ 3 =  1 + 1·2^1 ◗, ◖ 23 = -1 + 3·2^3 ◗, ◖ 365 = -3 + 23·2^4 ◗]
  367 /3/ [◖ 1 ◗, ◖ 3 =  1 + 1·2^1 ◗, ◖ 23 = -1 + 3·2^3 ◗, ◖ 367 = -1 + 23·2^4 ◗]
  369 /3/ [◖ 1 ◗, ◖ 3 =  1 + 1·2^1 ◗, ◖ 23 = -1 + 3·2^3 ◗, ◖ 369 =  1 + 23·2^4 ◗]
  371 /3/ [◖ 1 ◗, ◖ 3 =  1 + 1·2^1 ◗, ◖ 93 = -3 + 3·2^5 ◗, ◖ 371 = -1 + 93·2^2 ◗]
  373 /3/ [◖ 1 ◗, ◖ 3 =  1 + 1·2^1 ◗, ◖ 93 = -3 + 3·2^5 ◗, ◖ 373 =  1 + 93·2^2 ◗]
  375 /3/ [◖ 1 ◗, ◖ 3 =  1 + 1·2^1 ◗, ◖ 47 = -1 + 3·2^4 ◗, ◖ 375 = -1 + 47·2^3 ◗]
  377 /3/ [◖ 1 ◗, ◖ 3 =  1 + 1·2^1 ◗, ◖ 47 = -1 + 3·2^4 ◗, ◖ 377 =  1 + 47·2^3 ◗]
  379 /3/ [◖ 1 ◗, ◖ 3 =  1 + 1·2^1 ◗, ◖ 95 = -1 + 3·2^5 ◗, ◖ 379 = -1 + 95·2^2 ◗]
  381 /2/ [◖ 1 ◗, ◖ 3 =  1 + 1·2^1 ◗, ◖ 381 = -3 + 3·2^7 ◗]
  383 /2/ [◖ 1 ◗, ◖ 3 =  1 + 1·2^1 ◗, ◖ 383 = -1 + 3·2^7 ◗]
  385 /2/ [◖ 1 ◗, ◖ 3 =  1 + 1·2^1 ◗, ◖ 385 =  1 + 3·2^7 ◗]
  387 /2/ [◖ 1 ◗, ◖ 3 =  1 + 1·2^1 ◗, ◖ 387 =  3 + 3·2^7 ◗]
  389 /3/ [◖ 1 ◗, ◖ 3 =  1 + 1·2^1 ◗, ◖ 97 =  1 + 3·2^5 ◗, ◖ 389 =  1 + 97·2^2 ◗]
  391 /3/ [◖ 1 ◗, ◖ 3 =  1 + 1·2^1 ◗, ◖ 49 =  1 + 3·2^4 ◗, ◖ 391 = -1 + 49·2^3 ◗]
  393 /3/ [◖ 1 ◗, ◖ 3 =  1 + 1·2^1 ◗, ◖ 49 =  1 + 3·2^4 ◗, ◖ 393 =  1 + 49·2^3 ◗]
  395 /3/ [◖ 1 ◗, ◖ 3 =  1 + 1·2^1 ◗, ◖ 99 =  3 + 3·2^5 ◗, ◖ 395 = -1 + 99·2^2 ◗]
  397 /3/ [◖ 1 ◗, ◖ 3 =  1 + 1·2^1 ◗, ◖ 99 =  3 + 3·2^5 ◗, ◖ 397 =  1 + 99·2^2 ◗]
  399 /3/ [◖ 1 ◗, ◖ 3 =  1 + 1·2^1 ◗, ◖ 25 =  1 + 3·2^3 ◗, ◖ 399 = -1 + 25·2^4 ◗]
  401 /3/ [◖ 1 ◗, ◖ 3 =  1 + 1·2^1 ◗, ◖ 25 =  1 + 3·2^3 ◗, ◖ 401 =  1 + 25·2^4 ◗]
  403 /3/ [◖ 1 ◗, ◖ 3 =  1 + 1·2^1 ◗, ◖ 25 =  1 + 3·2^3 ◗, ◖ 403 =  3 + 25·2^4 ◗]
  405 /3/ [◖ 1 ◗, ◖ 3 =  1 + 1·2^1 ◗, ◖ 51 =  3 + 3·2^4 ◗, ◖ 405 = -3 + 51·2^3 ◗]
  407 /3/ [◖ 1 ◗, ◖ 3 =  1 + 1·2^1 ◗, ◖ 51 =  3 + 3·2^4 ◗, ◖ 407 = -1 + 51·2^3 ◗]
  409 /3/ [◖ 1 ◗, ◖ 3 =  1 + 1·2^1 ◗, ◖ 51 =  3 + 3·2^4 ◗, ◖ 409 =  1 + 51·2^3 ◗]
  411 /3/ [◖ 1 ◗, ◖ 3 =  1 + 1·2^1 ◗, ◖ 51 =  3 + 3·2^4 ◗, ◖ 411 =  3 + 51·2^3 ◗]
  413 /3/ [◖ 1 ◗, ◖ 3 =  1 + 1·2^1 ◗, ◖ 13 =  1 + 3·2^2 ◗, ◖ 413 = -3 + 13·2^5 ◗]
  415 /3/ [◖ 1 ◗, ◖ 3 =  1 + 1·2^1 ◗, ◖ 13 =  1 + 3·2^2 ◗, ◖ 415 = -1 + 13·2^5 ◗]
  417 /3/ [◖ 1 ◗, ◖ 3 =  1 + 1·2^1 ◗, ◖ 13 =  1 + 3·2^2 ◗, ◖ 417 =  1 + 13·2^5 ◗]
  419 /3/ [◖ 1 ◗, ◖ 7 = -1 + 1·2^3 ◗, ◖ 105 = -7 + 7·2^4 ◗, ◖ 419 = -1 + 105·2^2 ◗]
  421 /3/ [◖ 1 ◗, ◖ 7 = -1 + 1·2^3 ◗, ◖ 105 = -7 + 7·2^4 ◗, ◖ 421 =  1 + 105·2^2 ◗]
  423 /3/ [◖ 1 ◗, ◖ 3 =  1 + 1·2^1 ◗, ◖ 47 = -1 + 3·2^4 ◗, ◖ 423 =  47 + 47·2^3 ◗]
  425 /3/ [◖ 1 ◗, ◖ 7 = -1 + 1·2^3 ◗, ◖ 27 = -1 + 7·2^2 ◗, ◖ 425 = -7 + 27·2^4 ◗]
  427 /3/ [◖ 1 ◗, ◖ 7 = -1 + 1·2^3 ◗, ◖ 105 = -7 + 7·2^4 ◗, ◖ 427 =  7 + 105·2^2 ◗]
  429 /3/ [◖ 1 ◗, ◖ 3 =  1 + 1·2^1 ◗, ◖ 13 =  1 + 3·2^2 ◗, ◖ 429 =  13 + 13·2^5 ◗]
  431 /3/ [◖ 1 ◗, ◖ 7 = -1 + 1·2^3 ◗, ◖ 27 = -1 + 7·2^2 ◗, ◖ 431 = -1 + 27·2^4 ◗]
  433 /3/ [◖ 1 ◗, ◖ 7 = -1 + 1·2^3 ◗, ◖ 27 = -1 + 7·2^2 ◗, ◖ 433 =  1 + 27·2^4 ◗]
  435 /3/ [◖ 1 ◗, ◖ 7 = -1 + 1·2^3 ◗, ◖ 217 = -7 + 7·2^5 ◗, ◖ 435 =  1 + 217·2^1 ◗]
  437 /3/ [◖ 1 ◗, ◖ 7 = -1 + 1·2^3 ◗, ◖ 111 = -1 + 7·2^4 ◗, ◖ 437 = -7 + 111·2^2 ◗]
  439 /3/ [◖ 1 ◗, ◖ 7 = -1 + 1·2^3 ◗, ◖ 55 = -1 + 7·2^3 ◗, ◖ 439 = -1 + 55·2^3 ◗]
  441 /2/ [◖ 1 ◗, ◖ 7 = -1 + 1·2^3 ◗, ◖ 441 = -7 + 7·2^6 ◗]
  443 /3/ [◖ 1 ◗, ◖ 7 = -1 + 1·2^3 ◗, ◖ 111 = -1 + 7·2^4 ◗, ◖ 443 = -1 + 111·2^2 ◗]
  445 /3/ [◖ 1 ◗, ◖ 7 = -1 + 1·2^3 ◗, ◖ 111 = -1 + 7·2^4 ◗, ◖ 445 =  1 + 111·2^2 ◗]
  447 /2/ [◖ 1 ◗, ◖ 7 = -1 + 1·2^3 ◗, ◖ 447 = -1 + 7·2^6 ◗]
  449 /2/ [◖ 1 ◗, ◖ 7 = -1 + 1·2^3 ◗, ◖ 449 =  1 + 7·2^6 ◗]
  451 /3/ [◖ 1 ◗, ◖ 7 = -1 + 1·2^3 ◗, ◖ 113 =  1 + 7·2^4 ◗, ◖ 451 = -1 + 113·2^2 ◗]
  453 /3/ [◖ 1 ◗, ◖ 7 = -1 + 1·2^3 ◗, ◖ 113 =  1 + 7·2^4 ◗, ◖ 453 =  1 + 113·2^2 ◗]
  455 /2/ [◖ 1 ◗, ◖ 7 = -1 + 1·2^3 ◗, ◖ 455 =  7 + 7·2^6 ◗]
  457 /3/ [◖ 1 ◗, ◖ 7 = -1 + 1·2^3 ◗, ◖ 57 =  1 + 7·2^3 ◗, ◖ 457 =  1 + 57·2^3 ◗]
  459 /3/ [◖ 1 ◗, ◖ 7 = -1 + 1·2^3 ◗, ◖ 113 =  1 + 7·2^4 ◗, ◖ 459 =  7 + 113·2^2 ◗]
  461 /3/ [◖ 1 ◗, ◖ 7 = -1 + 1·2^3 ◗, ◖ 231 =  7 + 7·2^5 ◗, ◖ 461 = -1 + 231·2^1 ◗]
  463 /3/ [◖ 1 ◗, ◖ 7 = -1 + 1·2^3 ◗, ◖ 29 =  1 + 7·2^2 ◗, ◖ 463 = -1 + 29·2^4 ◗]
  465 /2/ [◖ 1 ◗, ◖ 15 = -1 + 1·2^4 ◗, ◖ 465 = -15 + 15·2^5 ◗]
  467 /3/ [◖ 1 ◗, ◖ 15 = -1 + 1·2^4 ◗, ◖ 241 =  1 + 15·2^4 ◗, ◖ 467 = -15 + 241·2^1 ◗]
  469 /3/ [◖ 1 ◗, ◖ 7 = -1 + 1·2^3 ◗, ◖ 231 =  7 + 7·2^5 ◗, ◖ 469 =  7 + 231·2^1 ◗]
  471 /3/ [◖ 1 ◗, ◖ 15 = -1 + 1·2^4 ◗, ◖ 59 = -1 + 15·2^2 ◗, ◖ 471 = -1 + 59·2^3 ◗]
  473 /3/ [◖ 1 ◗, ◖ 15 = -1 + 1·2^4 ◗, ◖ 59 = -1 + 15·2^2 ◗, ◖ 473 =  1 + 59·2^3 ◗]
  475 /3/ [◖ 1 ◗, ◖ 15 = -1 + 1·2^4 ◗, ◖ 119 = -1 + 15·2^3 ◗, ◖ 475 = -1 + 119·2^2 ◗]
  477 /3/ [◖ 1 ◗, ◖ 15 = -1 + 1·2^4 ◗, ◖ 119 = -1 + 15·2^3 ◗, ◖ 477 =  1 + 119·2^2 ◗]
  479 /2/ [◖ 1 ◗, ◖ 15 = -1 + 1·2^4 ◗, ◖ 479 = -1 + 15·2^5 ◗]
  481 /2/ [◖ 1 ◗, ◖ 15 = -1 + 1·2^4 ◗, ◖ 481 =  1 + 15·2^5 ◗]
  483 /3/ [◖ 1 ◗, ◖ 15 = -1 + 1·2^4 ◗, ◖ 121 =  1 + 15·2^3 ◗, ◖ 483 = -1 + 121·2^2 ◗]
  485 /3/ [◖ 1 ◗, ◖ 15 = -1 + 1·2^4 ◗, ◖ 121 =  1 + 15·2^3 ◗, ◖ 485 =  1 + 121·2^2 ◗]
  487 /3/ [◖ 1 ◗, ◖ 15 = -1 + 1·2^4 ◗, ◖ 61 =  1 + 15·2^2 ◗, ◖ 487 = -1 + 61·2^3 ◗]
  489 /3/ [◖ 1 ◗, ◖ 15 = -1 + 1·2^4 ◗, ◖ 61 =  1 + 15·2^2 ◗, ◖ 489 =  1 + 61·2^3 ◗]
  491 /3/ [◖ 1 ◗, ◖ 31 = -1 + 1·2^5 ◗, ◖ 123 = -1 + 31·2^2 ◗, ◖ 491 = -1 + 123·2^2 ◗]
  493 /3/ [◖ 1 ◗, ◖ 31 = -1 + 1·2^5 ◗, ◖ 123 = -1 + 31·2^2 ◗, ◖ 493 =  1 + 123·2^2 ◗]
  495 /2/ [◖ 1 ◗, ◖ 31 = -1 + 1·2^5 ◗, ◖ 495 = -1 + 31·2^4 ◗]
  497 /2/ [◖ 1 ◗, ◖ 31 = -1 + 1·2^5 ◗, ◖ 497 =  1 + 31·2^4 ◗]
  499 /3/ [◖ 1 ◗, ◖ 31 = -1 + 1·2^5 ◗, ◖ 125 =  1 + 31·2^2 ◗, ◖ 499 = -1 + 125·2^2 ◗]
  501 /3/ [◖ 1 ◗, ◖ 31 = -1 + 1·2^5 ◗, ◖ 125 =  1 + 31·2^2 ◗, ◖ 501 =  1 + 125·2^2 ◗]
  503 /2/ [◖ 1 ◗, ◖ 63 = -1 + 1·2^6 ◗, ◖ 503 = -1 + 63·2^3 ◗]
  505 /2/ [◖ 1 ◗, ◖ 63 = -1 + 1·2^6 ◗, ◖ 505 =  1 + 63·2^3 ◗]
  507 /2/ [◖ 1 ◗, ◖ 127 = -1 + 1·2^7 ◗, ◖ 507 = -1 + 127·2^2 ◗]
  509 /2/ [◖ 1 ◗, ◖ 127 = -1 + 1·2^7 ◗, ◖ 509 =  1 + 127·2^2 ◗]
  511 /1/ [◖ 1 ◗, ◖ 511 = -1 + 1·2^9 ◗]
  513 /1/ [◖ 1 ◗, ◖ 513 =  1 + 1·2^9 ◗]
  515 /2/ [◖ 1 ◗, ◖ 129 =  1 + 1·2^7 ◗, ◖ 515 = -1 + 129·2^2 ◗]
  517 /2/ [◖ 1 ◗, ◖ 129 =  1 + 1·2^7 ◗, ◖ 517 =  1 + 129·2^2 ◗]
  519 /2/ [◖ 1 ◗, ◖ 65 =  1 + 1·2^6 ◗, ◖ 519 = -1 + 65·2^3 ◗]
  521 /2/ [◖ 1 ◗, ◖ 65 =  1 + 1·2^6 ◗, ◖ 521 =  1 + 65·2^3 ◗]
  523 /3/ [◖ 1 ◗, ◖ 33 =  1 + 1·2^5 ◗, ◖ 131 = -1 + 33·2^2 ◗, ◖ 523 = -1 + 131·2^2 ◗]
  525 /3/ [◖ 1 ◗, ◖ 33 =  1 + 1·2^5 ◗, ◖ 131 = -1 + 33·2^2 ◗, ◖ 525 =  1 + 131·2^2 ◗]
  527 /2/ [◖ 1 ◗, ◖ 33 =  1 + 1·2^5 ◗, ◖ 527 = -1 + 33·2^4 ◗]
  529 /2/ [◖ 1 ◗, ◖ 33 =  1 + 1·2^5 ◗, ◖ 529 =  1 + 33·2^4 ◗]
  531 /3/ [◖ 1 ◗, ◖ 33 =  1 + 1·2^5 ◗, ◖ 133 =  1 + 33·2^2 ◗, ◖ 531 = -1 + 133·2^2 ◗]
  533 /3/ [◖ 1 ◗, ◖ 33 =  1 + 1·2^5 ◗, ◖ 133 =  1 + 33·2^2 ◗, ◖ 533 =  1 + 133·2^2 ◗]
  535 /3/ [◖ 1 ◗, ◖ 17 =  1 + 1·2^4 ◗, ◖ 67 = -1 + 17·2^2 ◗, ◖ 535 = -1 + 67·2^3 ◗]
  537 /3/ [◖ 1 ◗, ◖ 17 =  1 + 1·2^4 ◗, ◖ 67 = -1 + 17·2^2 ◗, ◖ 537 =  1 + 67·2^3 ◗]
  539 /3/ [◖ 1 ◗, ◖ 17 =  1 + 1·2^4 ◗, ◖ 135 = -1 + 17·2^3 ◗, ◖ 539 = -1 + 135·2^2 ◗]
  541 /3/ [◖ 1 ◗, ◖ 17 =  1 + 1·2^4 ◗, ◖ 135 = -1 + 17·2^3 ◗, ◖ 541 =  1 + 135·2^2 ◗]
  543 /2/ [◖ 1 ◗, ◖ 17 =  1 + 1·2^4 ◗, ◖ 543 = -1 + 17·2^5 ◗]
  545 /2/ [◖ 1 ◗, ◖ 17 =  1 + 1·2^4 ◗, ◖ 545 =  1 + 17·2^5 ◗]
  547 /3/ [◖ 1 ◗, ◖ 17 =  1 + 1·2^4 ◗, ◖ 137 =  1 + 17·2^3 ◗, ◖ 547 = -1 + 137·2^2 ◗]
  549 /3/ [◖ 1 ◗, ◖ 17 =  1 + 1·2^4 ◗, ◖ 137 =  1 + 17·2^3 ◗, ◖ 549 =  1 + 137·2^2 ◗]
  551 /3/ [◖ 1 ◗, ◖ 17 =  1 + 1·2^4 ◗, ◖ 69 =  1 + 17·2^2 ◗, ◖ 551 = -1 + 69·2^3 ◗]
  553 /3/ [◖ 1 ◗, ◖ 17 =  1 + 1·2^4 ◗, ◖ 69 =  1 + 17·2^2 ◗, ◖ 553 =  1 + 69·2^3 ◗]
  555 /3/ [◖ 1 ◗, ◖ 9 =  1 + 1·2^3 ◗, ◖ 37 =  1 + 9·2^2 ◗, ◖ 555 = -37 + 37·2^4 ◗]
  557 /3/ [◖ 1 ◗, ◖ 9 =  1 + 1·2^3 ◗, ◖ 279 = -9 + 9·2^5 ◗, ◖ 557 = -1 + 279·2^1 ◗]
  559 /3/ [◖ 1 ◗, ◖ 9 =  1 + 1·2^3 ◗, ◖ 35 = -1 + 9·2^2 ◗, ◖ 559 = -1 + 35·2^4 ◗]
  561 /2/ [◖ 1 ◗, ◖ 17 =  1 + 1·2^4 ◗, ◖ 561 =  17 + 17·2^5 ◗]
  563 /3/ [◖ 1 ◗, ◖ 9 =  1 + 1·2^3 ◗, ◖ 143 = -1 + 9·2^4 ◗, ◖ 563 = -9 + 143·2^2 ◗]
  565 /3/ [◖ 1 ◗, ◖ 9 =  1 + 1·2^3 ◗, ◖ 287 = -1 + 9·2^5 ◗, ◖ 565 = -9 + 287·2^1 ◗]
  567 /2/ [◖ 1 ◗, ◖ 9 =  1 + 1·2^3 ◗, ◖ 567 = -9 + 9·2^6 ◗]
  569 /3/ [◖ 1 ◗, ◖ 9 =  1 + 1·2^3 ◗, ◖ 71 = -1 + 9·2^3 ◗, ◖ 569 =  1 + 71·2^3 ◗]
  571 /3/ [◖ 1 ◗, ◖ 9 =  1 + 1·2^3 ◗, ◖ 143 = -1 + 9·2^4 ◗, ◖ 571 = -1 + 143·2^2 ◗]
  573 /3/ [◖ 1 ◗, ◖ 9 =  1 + 1·2^3 ◗, ◖ 143 = -1 + 9·2^4 ◗, ◖ 573 =  1 + 143·2^2 ◗]
  575 /2/ [◖ 1 ◗, ◖ 9 =  1 + 1·2^3 ◗, ◖ 575 = -1 + 9·2^6 ◗]
  577 /2/ [◖ 1 ◗, ◖ 9 =  1 + 1·2^3 ◗, ◖ 577 =  1 + 9·2^6 ◗]
  579 /3/ [◖ 1 ◗, ◖ 9 =  1 + 1·2^3 ◗, ◖ 145 =  1 + 9·2^4 ◗, ◖ 579 = -1 + 145·2^2 ◗]
  581 /3/ [◖ 1 ◗, ◖ 9 =  1 + 1·2^3 ◗, ◖ 145 =  1 + 9·2^4 ◗, ◖ 581 =  1 + 145·2^2 ◗]
  583 /3/ [◖ 1 ◗, ◖ 9 =  1 + 1·2^3 ◗, ◖ 73 =  1 + 9·2^3 ◗, ◖ 583 = -1 + 73·2^3 ◗]
  585 /2/ [◖ 1 ◗, ◖ 9 =  1 + 1·2^3 ◗, ◖ 585 =  9 + 9·2^6 ◗]
  587 /3/ [◖ 1 ◗, ◖ 9 =  1 + 1·2^3 ◗, ◖ 289 =  1 + 9·2^5 ◗, ◖ 587 =  9 + 289·2^1 ◗]
  589 /3/ [◖ 1 ◗, ◖ 9 =  1 + 1·2^3 ◗, ◖ 145 =  1 + 9·2^4 ◗, ◖ 589 =  9 + 145·2^2 ◗]
  591 /3/ [◖ 1 ◗, ◖ 9 =  1 + 1·2^3 ◗, ◖ 37 =  1 + 9·2^2 ◗, ◖ 591 = -1 + 37·2^4 ◗]
  593 /3/ [◖ 1 ◗, ◖ 9 =  1 + 1·2^3 ◗, ◖ 37 =  1 + 9·2^2 ◗, ◖ 593 =  1 + 37·2^4 ◗]
  595 /3/ [◖ 1 ◗, ◖ 9 =  1 + 1·2^3 ◗, ◖ 297 =  9 + 9·2^5 ◗, ◖ 595 =  1 + 297·2^1 ◗]
  597 /3/ [◖ 1 ◗, ◖ 5 =  1 + 1·2^2 ◗, ◖ 85 =  5 + 5·2^4 ◗, ◖ 597 =  85 + 1·2^9 ◗]
  599 /3/ [◖ 1 ◗, ◖ 5 =  1 + 1·2^2 ◗, ◖ 75 = -5 + 5·2^4 ◗, ◖ 599 = -1 + 75·2^3 ◗]
  601 /3/ [◖ 1 ◗, ◖ 5 =  1 + 1·2^2 ◗, ◖ 75 = -5 + 5·2^4 ◗, ◖ 601 =  1 + 75·2^3 ◗]
  603 /3/ [◖ 1 ◗, ◖ 5 =  1 + 1·2^2 ◗, ◖ 19 = -1 + 5·2^2 ◗, ◖ 603 = -5 + 19·2^5 ◗]
  605 /3/ [◖ 1 ◗, ◖ 5 =  1 + 1·2^2 ◗, ◖ 75 = -5 + 5·2^4 ◗, ◖ 605 =  5 + 75·2^3 ◗]
  607 /3/ [◖ 1 ◗, ◖ 5 =  1 + 1·2^2 ◗, ◖ 19 = -1 + 5·2^2 ◗, ◖ 607 = -1 + 19·2^5 ◗]
  609 /3/ [◖ 1 ◗, ◖ 5 =  1 + 1·2^2 ◗, ◖ 19 = -1 + 5·2^2 ◗, ◖ 609 =  1 + 19·2^5 ◗]
  611 /3/ [◖ 1 ◗, ◖ 9 =  1 + 1·2^3 ◗, ◖ 153 =  9 + 9·2^4 ◗, ◖ 611 = -1 + 153·2^2 ◗]
  613 /3/ [◖ 1 ◗, ◖ 9 =  1 + 1·2^3 ◗, ◖ 153 =  9 + 9·2^4 ◗, ◖ 613 =  1 + 153·2^2 ◗]
  615 /3/ [◖ 1 ◗, ◖ 5 =  1 + 1·2^2 ◗, ◖ 155 = -5 + 5·2^5 ◗, ◖ 615 = -5 + 155·2^2 ◗]
  617 /3/ [◖ 1 ◗, ◖ 9 =  1 + 1·2^3 ◗, ◖ 585 =  9 + 9·2^6 ◗, ◖ 617 =  585 + 1·2^5 ◗]
  619 /3/ [◖ 1 ◗, ◖ 5 =  1 + 1·2^2 ◗, ◖ 155 = -5 + 5·2^5 ◗, ◖ 619 = -1 + 155·2^2 ◗]
  621 /3/ [◖ 1 ◗, ◖ 5 =  1 + 1·2^2 ◗, ◖ 155 = -5 + 5·2^5 ◗, ◖ 621 =  1 + 155·2^2 ◗]
  623 /3/ [◖ 1 ◗, ◖ 5 =  1 + 1·2^2 ◗, ◖ 39 = -1 + 5·2^3 ◗, ◖ 623 = -1 + 39·2^4 ◗]
  625 /3/ [◖ 1 ◗, ◖ 5 =  1 + 1·2^2 ◗, ◖ 39 = -1 + 5·2^3 ◗, ◖ 625 =  1 + 39·2^4 ◗]
  627 /3/ [◖ 1 ◗, ◖ 5 =  1 + 1·2^2 ◗, ◖ 79 = -1 + 5·2^4 ◗, ◖ 627 = -5 + 79·2^3 ◗]
  629 /3/ [◖ 1 ◗, ◖ 5 =  1 + 1·2^2 ◗, ◖ 315 = -5 + 5·2^6 ◗, ◖ 629 = -1 + 315·2^1 ◗]
  631 /3/ [◖ 1 ◗, ◖ 5 =  1 + 1·2^2 ◗, ◖ 79 = -1 + 5·2^4 ◗, ◖ 631 = -1 + 79·2^3 ◗]
  633 /3/ [◖ 1 ◗, ◖ 5 =  1 + 1·2^2 ◗, ◖ 79 = -1 + 5·2^4 ◗, ◖ 633 =  1 + 79·2^3 ◗]
  635 /2/ [◖ 1 ◗, ◖ 5 =  1 + 1·2^2 ◗, ◖ 635 = -5 + 5·2^7 ◗]
  637 /3/ [◖ 1 ◗, ◖ 5 =  1 + 1·2^2 ◗, ◖ 159 = -1 + 5·2^5 ◗, ◖ 637 =  1 + 159·2^2 ◗]
  639 /2/ [◖ 1 ◗, ◖ 5 =  1 + 1·2^2 ◗, ◖ 639 = -1 + 5·2^7 ◗]
  641 /2/ [◖ 1 ◗, ◖ 5 =  1 + 1·2^2 ◗, ◖ 641 =  1 + 5·2^7 ◗]
  643 /3/ [◖ 1 ◗, ◖ 5 =  1 + 1·2^2 ◗, ◖ 161 =  1 + 5·2^5 ◗, ◖ 643 = -1 + 161·2^2 ◗]
  645 /2/ [◖ 1 ◗, ◖ 5 =  1 + 1·2^2 ◗, ◖ 645 =  5 + 5·2^7 ◗]
  647 /3/ [◖ 1 ◗, ◖ 5 =  1 + 1·2^2 ◗, ◖ 81 =  1 + 5·2^4 ◗, ◖ 647 = -1 + 81·2^3 ◗]
  649 /3/ [◖ 1 ◗, ◖ 5 =  1 + 1·2^2 ◗, ◖ 81 =  1 + 5·2^4 ◗, ◖ 649 =  1 + 81·2^3 ◗]
  651 /3/ [◖ 1 ◗, ◖ 5 =  1 + 1·2^2 ◗, ◖ 325 =  5 + 5·2^6 ◗, ◖ 651 =  1 + 325·2^1 ◗]
  653 /3/ [◖ 1 ◗, ◖ 5 =  1 + 1·2^2 ◗, ◖ 81 =  1 + 5·2^4 ◗, ◖ 653 =  5 + 81·2^3 ◗]
  655 /3/ [◖ 1 ◗, ◖ 5 =  1 + 1·2^2 ◗, ◖ 41 =  1 + 5·2^3 ◗, ◖ 655 = -1 + 41·2^4 ◗]
  657 /3/ [◖ 1 ◗, ◖ 5 =  1 + 1·2^2 ◗, ◖ 41 =  1 + 5·2^3 ◗, ◖ 657 =  1 + 41·2^4 ◗]
  659 /3/ [◖ 1 ◗, ◖ 5 =  1 + 1·2^2 ◗, ◖ 165 =  5 + 5·2^5 ◗, ◖ 659 = -1 + 165·2^2 ◗]
  661 /3/ [◖ 1 ◗, ◖ 5 =  1 + 1·2^2 ◗, ◖ 165 =  5 + 5·2^5 ◗, ◖ 661 =  1 + 165·2^2 ◗]
  663 /3/ [◖ 1 ◗, ◖ 5 =  1 + 1·2^2 ◗, ◖ 39 = -1 + 5·2^3 ◗, ◖ 663 =  39 + 39·2^4 ◗]
  665 /3/ [◖ 1 ◗, ◖ 5 =  1 + 1·2^2 ◗, ◖ 165 =  5 + 5·2^5 ◗, ◖ 665 =  5 + 165·2^2 ◗]
  667 /3/ [◖ 1 ◗, ◖ 5 =  1 + 1·2^2 ◗, ◖ 21 =  1 + 5·2^2 ◗, ◖ 667 = -5 + 21·2^5 ◗]
  669 /3/ [◖ 1 ◗, ◖ 7 = -1 + 1·2^3 ◗, ◖ 223 = -1 + 7·2^5 ◗, ◖ 669 =  223 + 223·2^1 ◗]
  671 /3/ [◖ 1 ◗, ◖ 5 =  1 + 1·2^2 ◗, ◖ 21 =  1 + 5·2^2 ◗, ◖ 671 = -1 + 21·2^5 ◗]
  673 /3/ [◖ 1 ◗, ◖ 5 =  1 + 1·2^2 ◗, ◖ 21 =  1 + 5·2^2 ◗, ◖ 673 =  1 + 21·2^5 ◗]
  675 /3/ [◖ 1 ◗, ◖ 5 =  1 + 1·2^2 ◗, ◖ 85 =  5 + 5·2^4 ◗, ◖ 675 = -5 + 85·2^3 ◗]
  677 /3/ [◖ 1 ◗, ◖ 5 =  1 + 1·2^2 ◗, ◖ 21 =  1 + 5·2^2 ◗, ◖ 677 =  5 + 21·2^5 ◗]
  679 /3/ [◖ 1 ◗, ◖ 5 =  1 + 1·2^2 ◗, ◖ 85 =  5 + 5·2^4 ◗, ◖ 679 = -1 + 85·2^3 ◗]
  681 /3/ [◖ 1 ◗, ◖ 5 =  1 + 1·2^2 ◗, ◖ 85 =  5 + 5·2^4 ◗, ◖ 681 =  1 + 85·2^3 ◗]
  683 /4/ [◖ 1 ◗, ◖ 5 =  1 + 1·2^2 ◗, ◖ 85 =  5 + 5·2^4 ◗, ◖ 171 =  1 + 85·2^1 ◗, ◖ 683 = -1 + 171·2^2 ◗]
  685 /3/ [◖ 1 ◗, ◖ 5 =  1 + 1·2^2 ◗, ◖ 85 =  5 + 5·2^4 ◗, ◖ 685 =  5 + 85·2^3 ◗]
  687 /4/ [◖ 1 ◗, ◖ 3 =  1 + 1·2^1 ◗, ◖ 11 = -1 + 3·2^2 ◗, ◖ 43 = -1 + 11·2^2 ◗, ◖ 687 = -1 + 43·2^4 ◗]
  689 /3/ [◖ 1 ◗, ◖ 17 =  1 + 1·2^4 ◗, ◖ 561 =  17 + 17·2^5 ◗, ◖ 689 =  561 + 1·2^7 ◗]
  691 /4/ [◖ 1 ◗, ◖ 3 =  1 + 1·2^1 ◗, ◖ 11 = -1 + 3·2^2 ◗, ◖ 173 = -3 + 11·2^4 ◗, ◖ 691 = -1 + 173·2^2 ◗]
  693 /3/ [◖ 1 ◗, ◖ 3 =  1 + 1·2^1 ◗, ◖ 11 = -1 + 3·2^2 ◗, ◖ 693 = -11 + 11·2^6 ◗]
  695 /3/ [◖ 1 ◗, ◖ 9 =  1 + 1·2^3 ◗, ◖ 567 = -9 + 9·2^6 ◗, ◖ 695 =  567 + 1·2^7 ◗]
  697 /3/ [◖ 1 ◗, ◖ 5 =  1 + 1·2^2 ◗, ◖ 41 =  1 + 5·2^3 ◗, ◖ 697 =  41 + 41·2^4 ◗]
  699 /3/ [◖ 1 ◗, ◖ 5 =  1 + 1·2^2 ◗, ◖ 325 =  5 + 5·2^6 ◗, ◖ 699 = -325 + 1·2^10 ◗]
  701 /3/ [◖ 1 ◗, ◖ 3 =  1 + 1·2^1 ◗, ◖ 11 = -1 + 3·2^2 ◗, ◖ 701 = -3 + 11·2^6 ◗]
  703 /3/ [◖ 1 ◗, ◖ 3 =  1 + 1·2^1 ◗, ◖ 11 = -1 + 3·2^2 ◗, ◖ 703 = -1 + 11·2^6 ◗]
  705 /3/ [◖ 1 ◗, ◖ 3 =  1 + 1·2^1 ◗, ◖ 11 = -1 + 3·2^2 ◗, ◖ 705 =  1 + 11·2^6 ◗]
  707 /3/ [◖ 1 ◗, ◖ 3 =  1 + 1·2^1 ◗, ◖ 11 = -1 + 3·2^2 ◗, ◖ 707 =  3 + 11·2^6 ◗]
  709 /3/ [◖ 1 ◗, ◖ 5 =  1 + 1·2^2 ◗, ◖ 315 = -5 + 5·2^6 ◗, ◖ 709 = -315 + 1·2^10 ◗]
  711 /3/ [◖ 1 ◗, ◖ 5 =  1 + 1·2^2 ◗, ◖ 79 = -1 + 5·2^4 ◗, ◖ 711 =  79 + 79·2^3 ◗]
  713 /3/ [◖ 1 ◗, ◖ 3 =  1 + 1·2^1 ◗, ◖ 23 = -1 + 3·2^3 ◗, ◖ 713 = -23 + 23·2^5 ◗]
  715 /3/ [◖ 1 ◗, ◖ 3 =  1 + 1·2^1 ◗, ◖ 11 = -1 + 3·2^2 ◗, ◖ 715 =  11 + 11·2^6 ◗]
  717 /3/ [◖ 1 ◗, ◖ 3 =  1 + 1·2^1 ◗, ◖ 45 = -3 + 3·2^4 ◗, ◖ 717 = -3 + 45·2^4 ◗]
  719 /3/ [◖ 1 ◗, ◖ 3 =  1 + 1·2^1 ◗, ◖ 45 = -3 + 3·2^4 ◗, ◖ 719 = -1 + 45·2^4 ◗]
  721 /3/ [◖ 1 ◗, ◖ 3 =  1 + 1·2^1 ◗, ◖ 45 = -3 + 3·2^4 ◗, ◖ 721 =  1 + 45·2^4 ◗]
  723 /3/ [◖ 1 ◗, ◖ 3 =  1 + 1·2^1 ◗, ◖ 45 = -3 + 3·2^4 ◗, ◖ 723 =  3 + 45·2^4 ◗]
  725 /3/ [◖ 1 ◗, ◖ 9 =  1 + 1·2^3 ◗, ◖ 145 =  1 + 9·2^4 ◗, ◖ 725 =  145 + 145·2^2 ◗]
  727 /3/ [◖ 1 ◗, ◖ 9 =  1 + 1·2^3 ◗, ◖ 297 =  9 + 9·2^5 ◗, ◖ 727 = -297 + 1·2^10 ◗]
  729 /3/ [◖ 1 ◗, ◖ 5 =  1 + 1·2^2 ◗, ◖ 81 =  1 + 5·2^4 ◗, ◖ 729 =  81 + 81·2^3 ◗]
  731 /4/ [◖ 1 ◗, ◖ 3 =  1 + 1·2^1 ◗, ◖ 23 = -1 + 3·2^3 ◗, ◖ 183 = -1 + 23·2^3 ◗, ◖ 731 = -1 + 183·2^2 ◗]
  733 /3/ [◖ 1 ◗, ◖ 3 =  1 + 1·2^1 ◗, ◖ 23 = -1 + 3·2^3 ◗, ◖ 733 = -3 + 23·2^5 ◗]
  735 /3/ [◖ 1 ◗, ◖ 3 =  1 + 1·2^1 ◗, ◖ 23 = -1 + 3·2^3 ◗, ◖ 735 = -1 + 23·2^5 ◗]
  737 /3/ [◖ 1 ◗, ◖ 3 =  1 + 1·2^1 ◗, ◖ 23 = -1 + 3·2^3 ◗, ◖ 737 =  1 + 23·2^5 ◗]
  739 /3/ [◖ 1 ◗, ◖ 3 =  1 + 1·2^1 ◗, ◖ 23 = -1 + 3·2^3 ◗, ◖ 739 =  3 + 23·2^5 ◗]
  741 /3/ [◖ 1 ◗, ◖ 3 =  1 + 1·2^1 ◗, ◖ 93 = -3 + 3·2^5 ◗, ◖ 741 = -3 + 93·2^3 ◗]
  743 /3/ [◖ 1 ◗, ◖ 3 =  1 + 1·2^1 ◗, ◖ 93 = -3 + 3·2^5 ◗, ◖ 743 = -1 + 93·2^3 ◗]
  745 /3/ [◖ 1 ◗, ◖ 3 =  1 + 1·2^1 ◗, ◖ 93 = -3 + 3·2^5 ◗, ◖ 745 =  1 + 93·2^3 ◗]
  747 /3/ [◖ 1 ◗, ◖ 3 =  1 + 1·2^1 ◗, ◖ 93 = -3 + 3·2^5 ◗, ◖ 747 =  3 + 93·2^3 ◗]
  749 /3/ [◖ 1 ◗, ◖ 3 =  1 + 1·2^1 ◗, ◖ 47 = -1 + 3·2^4 ◗, ◖ 749 = -3 + 47·2^4 ◗]
  751 /3/ [◖ 1 ◗, ◖ 3 =  1 + 1·2^1 ◗, ◖ 47 = -1 + 3·2^4 ◗, ◖ 751 = -1 + 47·2^4 ◗]
  753 /3/ [◖ 1 ◗, ◖ 3 =  1 + 1·2^1 ◗, ◖ 47 = -1 + 3·2^4 ◗, ◖ 753 =  1 + 47·2^4 ◗]
  755 /3/ [◖ 1 ◗, ◖ 3 =  1 + 1·2^1 ◗, ◖ 189 = -3 + 3·2^6 ◗, ◖ 755 = -1 + 189·2^2 ◗]
  757 /3/ [◖ 1 ◗, ◖ 3 =  1 + 1·2^1 ◗, ◖ 189 = -3 + 3·2^6 ◗, ◖ 757 =  1 + 189·2^2 ◗]
  759 /3/ [◖ 1 ◗, ◖ 3 =  1 + 1·2^1 ◗, ◖ 95 = -1 + 3·2^5 ◗, ◖ 759 = -1 + 95·2^3 ◗]
  761 /3/ [◖ 1 ◗, ◖ 3 =  1 + 1·2^1 ◗, ◖ 95 = -1 + 3·2^5 ◗, ◖ 761 =  1 + 95·2^3 ◗]
  763 /3/ [◖ 1 ◗, ◖ 3 =  1 + 1·2^1 ◗, ◖ 191 = -1 + 3·2^6 ◗, ◖ 763 = -1 + 191·2^2 ◗]
  765 /2/ [◖ 1 ◗, ◖ 3 =  1 + 1·2^1 ◗, ◖ 765 = -3 + 3·2^8 ◗]
  767 /2/ [◖ 1 ◗, ◖ 3 =  1 + 1·2^1 ◗, ◖ 767 = -1 + 3·2^8 ◗]
  769 /2/ [◖ 1 ◗, ◖ 3 =  1 + 1·2^1 ◗, ◖ 769 =  1 + 3·2^8 ◗]
  771 /2/ [◖ 1 ◗, ◖ 3 =  1 + 1·2^1 ◗, ◖ 771 =  3 + 3·2^8 ◗]
  773 /3/ [◖ 1 ◗, ◖ 3 =  1 + 1·2^1 ◗, ◖ 193 =  1 + 3·2^6 ◗, ◖ 773 =  1 + 193·2^2 ◗]
  775 /3/ [◖ 1 ◗, ◖ 3 =  1 + 1·2^1 ◗, ◖ 97 =  1 + 3·2^5 ◗, ◖ 775 = -1 + 97·2^3 ◗]
  777 /3/ [◖ 1 ◗, ◖ 3 =  1 + 1·2^1 ◗, ◖ 97 =  1 + 3·2^5 ◗, ◖ 777 =  1 + 97·2^3 ◗]
  779 /3/ [◖ 1 ◗, ◖ 3 =  1 + 1·2^1 ◗, ◖ 195 =  3 + 3·2^6 ◗, ◖ 779 = -1 + 195·2^2 ◗]
  781 /3/ [◖ 1 ◗, ◖ 3 =  1 + 1·2^1 ◗, ◖ 195 =  3 + 3·2^6 ◗, ◖ 781 =  1 + 195·2^2 ◗]
  783 /3/ [◖ 1 ◗, ◖ 3 =  1 + 1·2^1 ◗, ◖ 49 =  1 + 3·2^4 ◗, ◖ 783 = -1 + 49·2^4 ◗]
  785 /3/ [◖ 1 ◗, ◖ 3 =  1 + 1·2^1 ◗, ◖ 49 =  1 + 3·2^4 ◗, ◖ 785 =  1 + 49·2^4 ◗]
  787 /3/ [◖ 1 ◗, ◖ 3 =  1 + 1·2^1 ◗, ◖ 49 =  1 + 3·2^4 ◗, ◖ 787 =  3 + 49·2^4 ◗]
  789 /3/ [◖ 1 ◗, ◖ 3 =  1 + 1·2^1 ◗, ◖ 99 =  3 + 3·2^5 ◗, ◖ 789 = -3 + 99·2^3 ◗]
  791 /3/ [◖ 1 ◗, ◖ 3 =  1 + 1·2^1 ◗, ◖ 99 =  3 + 3·2^5 ◗, ◖ 791 = -1 + 99·2^3 ◗]
  793 /3/ [◖ 1 ◗, ◖ 3 =  1 + 1·2^1 ◗, ◖ 99 =  3 + 3·2^5 ◗, ◖ 793 =  1 + 99·2^3 ◗]
  795 /3/ [◖ 1 ◗, ◖ 3 =  1 + 1·2^1 ◗, ◖ 99 =  3 + 3·2^5 ◗, ◖ 795 =  3 + 99·2^3 ◗]
  797 /3/ [◖ 1 ◗, ◖ 3 =  1 + 1·2^1 ◗, ◖ 25 =  1 + 3·2^3 ◗, ◖ 797 = -3 + 25·2^5 ◗]
  799 /3/ [◖ 1 ◗, ◖ 3 =  1 + 1·2^1 ◗, ◖ 25 =  1 + 3·2^3 ◗, ◖ 799 = -1 + 25·2^5 ◗]
  801 /3/ [◖ 1 ◗, ◖ 3 =  1 + 1·2^1 ◗, ◖ 25 =  1 + 3·2^3 ◗, ◖ 801 =  1 + 25·2^5 ◗]
  803 /3/ [◖ 1 ◗, ◖ 3 =  1 + 1·2^1 ◗, ◖ 25 =  1 + 3·2^3 ◗, ◖ 803 =  3 + 25·2^5 ◗]
  805 /3/ [◖ 1 ◗, ◖ 5 =  1 + 1·2^2 ◗, ◖ 161 =  1 + 5·2^5 ◗, ◖ 805 =  161 + 161·2^2 ◗]
  807 /3/ [◖ 1 ◗, ◖ 7 = -1 + 1·2^3 ◗, ◖ 217 = -7 + 7·2^5 ◗, ◖ 807 = -217 + 1·2^10 ◗]
  809 /3/ [◖ 1 ◗, ◖ 9 =  1 + 1·2^3 ◗, ◖ 297 =  9 + 9·2^5 ◗, ◖ 809 =  297 + 1·2^9 ◗]
  811 /4/ [◖ 1 ◗, ◖ 3 =  1 + 1·2^1 ◗, ◖ 51 =  3 + 3·2^4 ◗, ◖ 203 = -1 + 51·2^2 ◗, ◖ 811 = -1 + 203·2^2 ◗]
  813 /3/ [◖ 1 ◗, ◖ 3 =  1 + 1·2^1 ◗, ◖ 51 =  3 + 3·2^4 ◗, ◖ 813 = -3 + 51·2^4 ◗]
  815 /3/ [◖ 1 ◗, ◖ 3 =  1 + 1·2^1 ◗, ◖ 51 =  3 + 3·2^4 ◗, ◖ 815 = -1 + 51·2^4 ◗]
  817 /3/ [◖ 1 ◗, ◖ 3 =  1 + 1·2^1 ◗, ◖ 51 =  3 + 3·2^4 ◗, ◖ 817 =  1 + 51·2^4 ◗]
  819 /3/ [◖ 1 ◗, ◖ 3 =  1 + 1·2^1 ◗, ◖ 51 =  3 + 3·2^4 ◗, ◖ 819 =  3 + 51·2^4 ◗]
  821 /4/ [◖ 1 ◗, ◖ 3 =  1 + 1·2^1 ◗, ◖ 51 =  3 + 3·2^4 ◗, ◖ 205 =  1 + 51·2^2 ◗, ◖ 821 =  1 + 205·2^2 ◗]
  823 /3/ [◖ 1 ◗, ◖ 9 =  1 + 1·2^3 ◗, ◖ 567 = -9 + 9·2^6 ◗, ◖ 823 =  567 + 1·2^8 ◗]
  825 /3/ [◖ 1 ◗, ◖ 3 =  1 + 1·2^1 ◗, ◖ 25 =  1 + 3·2^3 ◗, ◖ 825 =  25 + 25·2^5 ◗]
  827 /3/ [◖ 1 ◗, ◖ 5 =  1 + 1·2^2 ◗, ◖ 315 = -5 + 5·2^6 ◗, ◖ 827 =  315 + 1·2^9 ◗]
  829 /3/ [◖ 1 ◗, ◖ 3 =  1 + 1·2^1 ◗, ◖ 13 =  1 + 3·2^2 ◗, ◖ 829 = -3 + 13·2^6 ◗]
  831 /3/ [◖ 1 ◗, ◖ 3 =  1 + 1·2^1 ◗, ◖ 13 =  1 + 3·2^2 ◗, ◖ 831 = -1 + 13·2^6 ◗]
  833 /3/ [◖ 1 ◗, ◖ 3 =  1 + 1·2^1 ◗, ◖ 13 =  1 + 3·2^2 ◗, ◖ 833 =  1 + 13·2^6 ◗]
  835 /3/ [◖ 1 ◗, ◖ 3 =  1 + 1·2^1 ◗, ◖ 13 =  1 + 3·2^2 ◗, ◖ 835 =  3 + 13·2^6 ◗]
  837 /3/ [◖ 1 ◗, ◖ 7 = -1 + 1·2^3 ◗, ◖ 27 = -1 + 7·2^2 ◗, ◖ 837 = -27 + 27·2^5 ◗]
  839 /3/ [◖ 1 ◗, ◖ 7 = -1 + 1·2^3 ◗, ◖ 105 = -7 + 7·2^4 ◗, ◖ 839 = -1 + 105·2^3 ◗]
  841 /3/ [◖ 1 ◗, ◖ 7 = -1 + 1·2^3 ◗, ◖ 105 = -7 + 7·2^4 ◗, ◖ 841 =  1 + 105·2^3 ◗]
  843 /4/ [◖ 1 ◗, ◖ 7 = -1 + 1·2^3 ◗, ◖ 105 = -7 + 7·2^4 ◗, ◖ 211 =  1 + 105·2^1 ◗, ◖ 843 = -1 + 211·2^2 ◗]
  845 /3/ [◖ 1 ◗, ◖ 3 =  1 + 1·2^1 ◗, ◖ 13 =  1 + 3·2^2 ◗, ◖ 845 =  13 + 13·2^6 ◗]
  847 /3/ [◖ 1 ◗, ◖ 7 = -1 + 1·2^3 ◗, ◖ 105 = -7 + 7·2^4 ◗, ◖ 847 =  7 + 105·2^3 ◗]
  849 /3/ [◖ 1 ◗, ◖ 17 =  1 + 1·2^4 ◗, ◖ 1105 =  17 + 17·2^6 ◗, ◖ 849 =  1105 - 1·2^8 ◗]
  851 /4/ [◖ 1 ◗, ◖ 7 = -1 + 1·2^3 ◗, ◖ 27 = -1 + 7·2^2 ◗, ◖ 425 = -7 + 27·2^4 ◗, ◖ 851 =  1 + 425·2^1 ◗]
  853 /4/ [◖ 1 ◗, ◖ 7 = -1 + 1·2^3 ◗, ◖ 55 = -1 + 7·2^3 ◗, ◖ 213 = -7 + 55·2^2 ◗, ◖ 853 =  1 + 213·2^2 ◗]
  855 /3/ [◖ 1 ◗, ◖ 3 =  1 + 1·2^1 ◗, ◖ 95 = -1 + 3·2^5 ◗, ◖ 855 =  95 + 95·2^3 ◗]
  857 /3/ [◖ 1 ◗, ◖ 7 = -1 + 1·2^3 ◗, ◖ 27 = -1 + 7·2^2 ◗, ◖ 857 = -7 + 27·2^5 ◗]
  859 /3/ [◖ 1 ◗, ◖ 5 =  1 + 1·2^2 ◗, ◖ 165 =  5 + 5·2^5 ◗, ◖ 859 = -165 + 1·2^10 ◗]
  861 /3/ [◖ 1 ◗, ◖ 7 = -1 + 1·2^3 ◗, ◖ 217 = -7 + 7·2^5 ◗, ◖ 861 = -7 + 217·2^2 ◗]
  863 /3/ [◖ 1 ◗, ◖ 7 = -1 + 1·2^3 ◗, ◖ 27 = -1 + 7·2^2 ◗, ◖ 863 = -1 + 27·2^5 ◗]
  865 /3/ [◖ 1 ◗, ◖ 7 = -1 + 1·2^3 ◗, ◖ 27 = -1 + 7·2^2 ◗, ◖ 865 =  1 + 27·2^5 ◗]
  867 /3/ [◖ 1 ◗, ◖ 7 = -1 + 1·2^3 ◗, ◖ 217 = -7 + 7·2^5 ◗, ◖ 867 = -1 + 217·2^2 ◗]
  869 /3/ [◖ 1 ◗, ◖ 7 = -1 + 1·2^3 ◗, ◖ 217 = -7 + 7·2^5 ◗, ◖ 869 =  1 + 217·2^2 ◗]
  871 /3/ [◖ 1 ◗, ◖ 7 = -1 + 1·2^3 ◗, ◖ 27 = -1 + 7·2^2 ◗, ◖ 871 =  7 + 27·2^5 ◗]
  873 /3/ [◖ 1 ◗, ◖ 7 = -1 + 1·2^3 ◗, ◖ 55 = -1 + 7·2^3 ◗, ◖ 873 = -7 + 55·2^4 ◗]
  875 /3/ [◖ 1 ◗, ◖ 7 = -1 + 1·2^3 ◗, ◖ 217 = -7 + 7·2^5 ◗, ◖ 875 =  7 + 217·2^2 ◗]
  877 /4/ [◖ 1 ◗, ◖ 7 = -1 + 1·2^3 ◗, ◖ 55 = -1 + 7·2^3 ◗, ◖ 219 = -1 + 55·2^2 ◗, ◖ 877 =  1 + 219·2^2 ◗]
  879 /3/ [◖ 1 ◗, ◖ 7 = -1 + 1·2^3 ◗, ◖ 55 = -1 + 7·2^3 ◗, ◖ 879 = -1 + 55·2^4 ◗]
  881 /3/ [◖ 1 ◗, ◖ 7 = -1 + 1·2^3 ◗, ◖ 55 = -1 + 7·2^3 ◗, ◖ 881 =  1 + 55·2^4 ◗]
  883 /3/ [◖ 1 ◗, ◖ 7 = -1 + 1·2^3 ◗, ◖ 441 = -7 + 7·2^6 ◗, ◖ 883 =  1 + 441·2^1 ◗]
  885 /3/ [◖ 1 ◗, ◖ 7 = -1 + 1·2^3 ◗, ◖ 223 = -1 + 7·2^5 ◗, ◖ 885 = -7 + 223·2^2 ◗]
  887 /3/ [◖ 1 ◗, ◖ 7 = -1 + 1·2^3 ◗, ◖ 111 = -1 + 7·2^4 ◗, ◖ 887 = -1 + 111·2^3 ◗]
  889 /2/ [◖ 1 ◗, ◖ 7 = -1 + 1·2^3 ◗, ◖ 889 = -7 + 7·2^7 ◗]
  891 /3/ [◖ 1 ◗, ◖ 7 = -1 + 1·2^3 ◗, ◖ 223 = -1 + 7·2^5 ◗, ◖ 891 = -1 + 223·2^2 ◗]
  893 /3/ [◖ 1 ◗, ◖ 7 = -1 + 1·2^3 ◗, ◖ 223 = -1 + 7·2^5 ◗, ◖ 893 =  1 + 223·2^2 ◗]
  895 /2/ [◖ 1 ◗, ◖ 7 = -1 + 1·2^3 ◗, ◖ 895 = -1 + 7·2^7 ◗]
  897 /2/ [◖ 1 ◗, ◖ 7 = -1 + 1·2^3 ◗, ◖ 897 =  1 + 7·2^7 ◗]
  899 /3/ [◖ 1 ◗, ◖ 7 = -1 + 1·2^3 ◗, ◖ 225 =  1 + 7·2^5 ◗, ◖ 899 = -1 + 225·2^2 ◗]
  901 /3/ [◖ 1 ◗, ◖ 7 = -1 + 1·2^3 ◗, ◖ 225 =  1 + 7·2^5 ◗, ◖ 901 =  1 + 225·2^2 ◗]
  903 /2/ [◖ 1 ◗, ◖ 7 = -1 + 1·2^3 ◗, ◖ 903 =  7 + 7·2^7 ◗]
  905 /3/ [◖ 1 ◗, ◖ 7 = -1 + 1·2^3 ◗, ◖ 113 =  1 + 7·2^4 ◗, ◖ 905 =  1 + 113·2^3 ◗]
  907 /3/ [◖ 1 ◗, ◖ 7 = -1 + 1·2^3 ◗, ◖ 225 =  1 + 7·2^5 ◗, ◖ 907 =  7 + 225·2^2 ◗]
  909 /3/ [◖ 1 ◗, ◖ 7 = -1 + 1·2^3 ◗, ◖ 455 =  7 + 7·2^6 ◗, ◖ 909 = -1 + 455·2^1 ◗]
  911 /3/ [◖ 1 ◗, ◖ 7 = -1 + 1·2^3 ◗, ◖ 57 =  1 + 7·2^3 ◗, ◖ 911 = -1 + 57·2^4 ◗]
  913 /3/ [◖ 1 ◗, ◖ 7 = -1 + 1·2^3 ◗, ◖ 57 =  1 + 7·2^3 ◗, ◖ 913 =  1 + 57·2^4 ◗]
  915 /3/ [◖ 1 ◗, ◖ 15 = -1 + 1·2^4 ◗, ◖ 465 = -15 + 15·2^5 ◗, ◖ 915 = -15 + 465·2^1 ◗]
  917 /3/ [◖ 1 ◗, ◖ 7 = -1 + 1·2^3 ◗, ◖ 231 =  7 + 7·2^5 ◗, ◖ 917 = -7 + 231·2^2 ◗]
  919 /3/ [◖ 1 ◗, ◖ 7 = -1 + 1·2^3 ◗, ◖ 57 =  1 + 7·2^3 ◗, ◖ 919 =  7 + 57·2^4 ◗]
  921 /3/ [◖ 1 ◗, ◖ 7 = -1 + 1·2^3 ◗, ◖ 29 =  1 + 7·2^2 ◗, ◖ 921 = -7 + 29·2^5 ◗]
  923 /3/ [◖ 1 ◗, ◖ 7 = -1 + 1·2^3 ◗, ◖ 231 =  7 + 7·2^5 ◗, ◖ 923 = -1 + 231·2^2 ◗]
  925 /3/ [◖ 1 ◗, ◖ 7 = -1 + 1·2^3 ◗, ◖ 231 =  7 + 7·2^5 ◗, ◖ 925 =  1 + 231·2^2 ◗]
  927 /3/ [◖ 1 ◗, ◖ 7 = -1 + 1·2^3 ◗, ◖ 29 =  1 + 7·2^2 ◗, ◖ 927 = -1 + 29·2^5 ◗]
  929 /3/ [◖ 1 ◗, ◖ 7 = -1 + 1·2^3 ◗, ◖ 29 =  1 + 7·2^2 ◗, ◖ 929 =  1 + 29·2^5 ◗]
  931 /3/ [◖ 1 ◗, ◖ 15 = -1 + 1·2^4 ◗, ◖ 465 = -15 + 15·2^5 ◗, ◖ 931 =  1 + 465·2^1 ◗]
  933 /4/ [◖ 1 ◗, ◖ 7 = -1 + 1·2^3 ◗, ◖ 29 =  1 + 7·2^2 ◗, ◖ 233 =  1 + 29·2^3 ◗, ◖ 933 =  1 + 233·2^2 ◗]
  935 /3/ [◖ 1 ◗, ◖ 7 = -1 + 1·2^3 ◗, ◖ 29 =  1 + 7·2^2 ◗, ◖ 935 =  7 + 29·2^5 ◗]
  937 /3/ [◖ 1 ◗, ◖ 15 = -1 + 1·2^4 ◗, ◖ 119 = -1 + 15·2^3 ◗, ◖ 937 = -15 + 119·2^3 ◗]
  939 /3/ [◖ 1 ◗, ◖ 5 =  1 + 1·2^2 ◗, ◖ 85 =  5 + 5·2^4 ◗, ◖ 939 = -85 + 1·2^10 ◗]
  941 /3/ [◖ 1 ◗, ◖ 15 = -1 + 1·2^4 ◗, ◖ 239 = -1 + 15·2^4 ◗, ◖ 941 = -15 + 239·2^2 ◗]
  943 /3/ [◖ 1 ◗, ◖ 15 = -1 + 1·2^4 ◗, ◖ 59 = -1 + 15·2^2 ◗, ◖ 943 = -1 + 59·2^4 ◗]
  945 /2/ [◖ 1 ◗, ◖ 15 = -1 + 1·2^4 ◗, ◖ 945 = -15 + 15·2^6 ◗]
  947 /3/ [◖ 1 ◗, ◖ 15 = -1 + 1·2^4 ◗, ◖ 481 =  1 + 15·2^5 ◗, ◖ 947 = -15 + 481·2^1 ◗]
  949 /3/ [◖ 1 ◗, ◖ 15 = -1 + 1·2^4 ◗, ◖ 241 =  1 + 15·2^4 ◗, ◖ 949 = -15 + 241·2^2 ◗]
  951 /3/ [◖ 1 ◗, ◖ 15 = -1 + 1·2^4 ◗, ◖ 119 = -1 + 15·2^3 ◗, ◖ 951 = -1 + 119·2^3 ◗]
  953 /3/ [◖ 1 ◗, ◖ 15 = -1 + 1·2^4 ◗, ◖ 119 = -1 + 15·2^3 ◗, ◖ 953 =  1 + 119·2^3 ◗]
  955 /3/ [◖ 1 ◗, ◖ 15 = -1 + 1·2^4 ◗, ◖ 239 = -1 + 15·2^4 ◗, ◖ 955 = -1 + 239·2^2 ◗]
  957 /3/ [◖ 1 ◗, ◖ 15 = -1 + 1·2^4 ◗, ◖ 239 = -1 + 15·2^4 ◗, ◖ 957 =  1 + 239·2^2 ◗]
  959 /2/ [◖ 1 ◗, ◖ 15 = -1 + 1·2^4 ◗, ◖ 959 = -1 + 15·2^6 ◗]
  961 /2/ [◖ 1 ◗, ◖ 15 = -1 + 1·2^4 ◗, ◖ 961 =  1 + 15·2^6 ◗]
  963 /3/ [◖ 1 ◗, ◖ 15 = -1 + 1·2^4 ◗, ◖ 241 =  1 + 15·2^4 ◗, ◖ 963 = -1 + 241·2^2 ◗]
  965 /3/ [◖ 1 ◗, ◖ 15 = -1 + 1·2^4 ◗, ◖ 241 =  1 + 15·2^4 ◗, ◖ 965 =  1 + 241·2^2 ◗]
  967 /3/ [◖ 1 ◗, ◖ 15 = -1 + 1·2^4 ◗, ◖ 121 =  1 + 15·2^3 ◗, ◖ 967 = -1 + 121·2^3 ◗]
  969 /3/ [◖ 1 ◗, ◖ 15 = -1 + 1·2^4 ◗, ◖ 121 =  1 + 15·2^3 ◗, ◖ 969 =  1 + 121·2^3 ◗]
  971 /3/ [◖ 1 ◗, ◖ 15 = -1 + 1·2^4 ◗, ◖ 239 = -1 + 15·2^4 ◗, ◖ 971 =  15 + 239·2^2 ◗]
  973 /3/ [◖ 1 ◗, ◖ 15 = -1 + 1·2^4 ◗, ◖ 479 = -1 + 15·2^5 ◗, ◖ 973 =  15 + 479·2^1 ◗]
  975 /2/ [◖ 1 ◗, ◖ 15 = -1 + 1·2^4 ◗, ◖ 975 =  15 + 15·2^6 ◗]
  977 /3/ [◖ 1 ◗, ◖ 15 = -1 + 1·2^4 ◗, ◖ 61 =  1 + 15·2^2 ◗, ◖ 977 =  1 + 61·2^4 ◗]
  979 /3/ [◖ 1 ◗, ◖ 15 = -1 + 1·2^4 ◗, ◖ 241 =  1 + 15·2^4 ◗, ◖ 979 =  15 + 241·2^2 ◗]
  981 /4/ [◖ 1 ◗, ◖ 15 = -1 + 1·2^4 ◗, ◖ 61 =  1 + 15·2^2 ◗, ◖ 245 =  1 + 61·2^2 ◗, ◖ 981 =  1 + 245·2^2 ◗]
  983 /3/ [◖ 1 ◗, ◖ 31 = -1 + 1·2^5 ◗, ◖ 123 = -1 + 31·2^2 ◗, ◖ 983 = -1 + 123·2^3 ◗]
  985 /3/ [◖ 1 ◗, ◖ 31 = -1 + 1·2^5 ◗, ◖ 123 = -1 + 31·2^2 ◗, ◖ 985 =  1 + 123·2^3 ◗]
  987 /3/ [◖ 1 ◗, ◖ 31 = -1 + 1·2^5 ◗, ◖ 247 = -1 + 31·2^3 ◗, ◖ 987 = -1 + 247·2^2 ◗]
  989 /3/ [◖ 1 ◗, ◖ 31 = -1 + 1·2^5 ◗, ◖ 247 = -1 + 31·2^3 ◗, ◖ 989 =  1 + 247·2^2 ◗]
  991 /2/ [◖ 1 ◗, ◖ 31 = -1 + 1·2^5 ◗, ◖ 991 = -1 + 31·2^5 ◗]
  993 /2/ [◖ 1 ◗, ◖ 31 = -1 + 1·2^5 ◗, ◖ 993 =  1 + 31·2^5 ◗]
  995 /3/ [◖ 1 ◗, ◖ 31 = -1 + 1·2^5 ◗, ◖ 249 =  1 + 31·2^3 ◗, ◖ 995 = -1 + 249·2^2 ◗]
  997 /3/ [◖ 1 ◗, ◖ 31 = -1 + 1·2^5 ◗, ◖ 249 =  1 + 31·2^3 ◗, ◖ 997 =  1 + 249·2^2 ◗]
  999 /3/ [◖ 1 ◗, ◖ 31 = -1 + 1·2^5 ◗, ◖ 125 =  1 + 31·2^2 ◗, ◖ 999 = -1 + 125·2^3 ◗]
 1001 /3/ [◖ 1 ◗, ◖ 31 = -1 + 1·2^5 ◗, ◖ 125 =  1 + 31·2^2 ◗, ◖ 1001 =  1 + 125·2^3 ◗]
 1003 /3/ [◖ 1 ◗, ◖ 63 = -1 + 1·2^6 ◗, ◖ 251 = -1 + 63·2^2 ◗, ◖ 1003 = -1 + 251·2^2 ◗]
 1005 /3/ [◖ 1 ◗, ◖ 63 = -1 + 1·2^6 ◗, ◖ 251 = -1 + 63·2^2 ◗, ◖ 1005 =  1 + 251·2^2 ◗]
 1007 /2/ [◖ 1 ◗, ◖ 63 = -1 + 1·2^6 ◗, ◖ 1007 = -1 + 63·2^4 ◗]
 1009 /2/ [◖ 1 ◗, ◖ 63 = -1 + 1·2^6 ◗, ◖ 1009 =  1 + 63·2^4 ◗]
 1011 /3/ [◖ 1 ◗, ◖ 63 = -1 + 1·2^6 ◗, ◖ 253 =  1 + 63·2^2 ◗, ◖ 1011 = -1 + 253·2^2 ◗]
 1013 /3/ [◖ 1 ◗, ◖ 63 = -1 + 1·2^6 ◗, ◖ 253 =  1 + 63·2^2 ◗, ◖ 1013 =  1 + 253·2^2 ◗]
 1015 /2/ [◖ 1 ◗, ◖ 127 = -1 + 1·2^7 ◗, ◖ 1015 = -1 + 127·2^3 ◗]
 1017 /2/ [◖ 1 ◗, ◖ 127 = -1 + 1·2^7 ◗, ◖ 1017 =  1 + 127·2^3 ◗]
 1019 /2/ [◖ 1 ◗, ◖ 255 = -1 + 1·2^8 ◗, ◖ 1019 = -1 + 255·2^2 ◗]
 1021 /2/ [◖ 1 ◗, ◖ 255 = -1 + 1·2^8 ◗, ◖ 1021 =  1 + 255·2^2 ◗]
 1023 /1/ [◖ 1 ◗, ◖ 1023 = -1 + 1·2^10 ◗]
 1025 /1/ [◖ 1 ◗, ◖ 1025 =  1 + 1·2^10 ◗]
 1027 /2/ [◖ 1 ◗, ◖ 257 =  1 + 1·2^8 ◗, ◖ 1027 = -1 + 257·2^2 ◗]
 1029 /2/ [◖ 1 ◗, ◖ 257 =  1 + 1·2^8 ◗, ◖ 1029 =  1 + 257·2^2 ◗]
 1031 /2/ [◖ 1 ◗, ◖ 129 =  1 + 1·2^7 ◗, ◖ 1031 = -1 + 129·2^3 ◗]
 1033 /2/ [◖ 1 ◗, ◖ 129 =  1 + 1·2^7 ◗, ◖ 1033 =  1 + 129·2^3 ◗]
 1035 /3/ [◖ 1 ◗, ◖ 65 =  1 + 1·2^6 ◗, ◖ 259 = -1 + 65·2^2 ◗, ◖ 1035 = -1 + 259·2^2 ◗]
 1037 /3/ [◖ 1 ◗, ◖ 65 =  1 + 1·2^6 ◗, ◖ 259 = -1 + 65·2^2 ◗, ◖ 1037 =  1 + 259·2^2 ◗]
 1039 /2/ [◖ 1 ◗, ◖ 65 =  1 + 1·2^6 ◗, ◖ 1039 = -1 + 65·2^4 ◗]
 1041 /2/ [◖ 1 ◗, ◖ 65 =  1 + 1·2^6 ◗, ◖ 1041 =  1 + 65·2^4 ◗]
 1043 /3/ [◖ 1 ◗, ◖ 65 =  1 + 1·2^6 ◗, ◖ 261 =  1 + 65·2^2 ◗, ◖ 1043 = -1 + 261·2^2 ◗]
 1045 /3/ [◖ 1 ◗, ◖ 65 =  1 + 1·2^6 ◗, ◖ 261 =  1 + 65·2^2 ◗, ◖ 1045 =  1 + 261·2^2 ◗]
 1047 /3/ [◖ 1 ◗, ◖ 33 =  1 + 1·2^5 ◗, ◖ 131 = -1 + 33·2^2 ◗, ◖ 1047 = -1 + 131·2^3 ◗]
 1049 /3/ [◖ 1 ◗, ◖ 33 =  1 + 1·2^5 ◗, ◖ 131 = -1 + 33·2^2 ◗, ◖ 1049 =  1 + 131·2^3 ◗]
 1051 /3/ [◖ 1 ◗, ◖ 33 =  1 + 1·2^5 ◗, ◖ 263 = -1 + 33·2^3 ◗, ◖ 1051 = -1 + 263·2^2 ◗]
 1053 /3/ [◖ 1 ◗, ◖ 33 =  1 + 1·2^5 ◗, ◖ 263 = -1 + 33·2^3 ◗, ◖ 1053 =  1 + 263·2^2 ◗]
 1055 /2/ [◖ 1 ◗, ◖ 33 =  1 + 1·2^5 ◗, ◖ 1055 = -1 + 33·2^5 ◗]
 1057 /2/ [◖ 1 ◗, ◖ 33 =  1 + 1·2^5 ◗, ◖ 1057 =  1 + 33·2^5 ◗]
 1059 /3/ [◖ 1 ◗, ◖ 33 =  1 + 1·2^5 ◗, ◖ 265 =  1 + 33·2^3 ◗, ◖ 1059 = -1 + 265·2^2 ◗]
 1061 /3/ [◖ 1 ◗, ◖ 33 =  1 + 1·2^5 ◗, ◖ 265 =  1 + 33·2^3 ◗, ◖ 1061 =  1 + 265·2^2 ◗]
 1063 /3/ [◖ 1 ◗, ◖ 33 =  1 + 1·2^5 ◗, ◖ 133 =  1 + 33·2^2 ◗, ◖ 1063 = -1 + 133·2^3 ◗]
 1065 /3/ [◖ 1 ◗, ◖ 33 =  1 + 1·2^5 ◗, ◖ 133 =  1 + 33·2^2 ◗, ◖ 1065 =  1 + 133·2^3 ◗]
 1067 /3/ [◖ 1 ◗, ◖ 17 =  1 + 1·2^4 ◗, ◖ 271 = -1 + 17·2^4 ◗, ◖ 1067 = -17 + 271·2^2 ◗]
 1069 /3/ [◖ 1 ◗, ◖ 17 =  1 + 1·2^4 ◗, ◖ 543 = -1 + 17·2^5 ◗, ◖ 1069 = -17 + 543·2^1 ◗]
 1071 /2/ [◖ 1 ◗, ◖ 17 =  1 + 1·2^4 ◗, ◖ 1071 = -17 + 17·2^6 ◗]
 1073 /3/ [◖ 1 ◗, ◖ 17 =  1 + 1·2^4 ◗, ◖ 67 = -1 + 17·2^2 ◗, ◖ 1073 =  1 + 67·2^4 ◗]
 1075 /3/ [◖ 1 ◗, ◖ 17 =  1 + 1·2^4 ◗, ◖ 273 =  1 + 17·2^4 ◗, ◖ 1075 = -17 + 273·2^2 ◗]
 1077 /4/ [◖ 1 ◗, ◖ 17 =  1 + 1·2^4 ◗, ◖ 67 = -1 + 17·2^2 ◗, ◖ 269 =  1 + 67·2^2 ◗, ◖ 1077 =  1 + 269·2^2 ◗]
 1079 /3/ [◖ 1 ◗, ◖ 17 =  1 + 1·2^4 ◗, ◖ 135 = -1 + 17·2^3 ◗, ◖ 1079 = -1 + 135·2^3 ◗]
 1081 /3/ [◖ 1 ◗, ◖ 17 =  1 + 1·2^4 ◗, ◖ 135 = -1 + 17·2^3 ◗, ◖ 1081 =  1 + 135·2^3 ◗]
 1083 /3/ [◖ 1 ◗, ◖ 17 =  1 + 1·2^4 ◗, ◖ 271 = -1 + 17·2^4 ◗, ◖ 1083 = -1 + 271·2^2 ◗]
 1085 /3/ [◖ 1 ◗, ◖ 17 =  1 + 1·2^4 ◗, ◖ 271 = -1 + 17·2^4 ◗, ◖ 1085 =  1 + 271·2^2 ◗]
 1087 /2/ [◖ 1 ◗, ◖ 17 =  1 + 1·2^4 ◗, ◖ 1087 = -1 + 17·2^6 ◗]
 1089 /2/ [◖ 1 ◗, ◖ 17 =  1 + 1·2^4 ◗, ◖ 1089 =  1 + 17·2^6 ◗]
 1091 /3/ [◖ 1 ◗, ◖ 17 =  1 + 1·2^4 ◗, ◖ 273 =  1 + 17·2^4 ◗, ◖ 1091 = -1 + 273·2^2 ◗]
 1093 /3/ [◖ 1 ◗, ◖ 17 =  1 + 1·2^4 ◗, ◖ 273 =  1 + 17·2^4 ◗, ◖ 1093 =  1 + 273·2^2 ◗]
 1095 /3/ [◖ 1 ◗, ◖ 17 =  1 + 1·2^4 ◗, ◖ 137 =  1 + 17·2^3 ◗, ◖ 1095 = -1 + 137·2^3 ◗]
 1097 /3/ [◖ 1 ◗, ◖ 17 =  1 + 1·2^4 ◗, ◖ 137 =  1 + 17·2^3 ◗, ◖ 1097 =  1 + 137·2^3 ◗]
 1099 /3/ [◖ 1 ◗, ◖ 5 =  1 + 1·2^2 ◗, ◖ 75 = -5 + 5·2^4 ◗, ◖ 1099 =  75 + 1·2^10 ◗]
 1101 /3/ [◖ 1 ◗, ◖ 17 =  1 + 1·2^4 ◗, ◖ 271 = -1 + 17·2^4 ◗, ◖ 1101 =  17 + 271·2^2 ◗]
 1103 /3/ [◖ 1 ◗, ◖ 17 =  1 + 1·2^4 ◗, ◖ 69 =  1 + 17·2^2 ◗, ◖ 1103 = -1 + 69·2^4 ◗]
 1105 /2/ [◖ 1 ◗, ◖ 17 =  1 + 1·2^4 ◗, ◖ 1105 =  17 + 17·2^6 ◗]
 1107 /3/ [◖ 1 ◗, ◖ 9 =  1 + 1·2^3 ◗, ◖ 279 = -9 + 9·2^5 ◗, ◖ 1107 = -9 + 279·2^2 ◗]
 1109 /3/ [◖ 1 ◗, ◖ 17 =  1 + 1·2^4 ◗, ◖ 273 =  1 + 17·2^4 ◗, ◖ 1109 =  17 + 273·2^2 ◗]
 1111 /3/ [◖ 1 ◗, ◖ 9 =  1 + 1·2^3 ◗, ◖ 35 = -1 + 9·2^2 ◗, ◖ 1111 = -9 + 35·2^5 ◗]
 1113 /3/ [◖ 1 ◗, ◖ 17 =  1 + 1·2^4 ◗, ◖ 137 =  1 + 17·2^3 ◗, ◖ 1113 =  17 + 137·2^3 ◗]
 1115 /3/ [◖ 1 ◗, ◖ 9 =  1 + 1·2^3 ◗, ◖ 279 = -9 + 9·2^5 ◗, ◖ 1115 = -1 + 279·2^2 ◗]
 1117 /3/ [◖ 1 ◗, ◖ 9 =  1 + 1·2^3 ◗, ◖ 279 = -9 + 9·2^5 ◗, ◖ 1117 =  1 + 279·2^2 ◗]
 1119 /3/ [◖ 1 ◗, ◖ 9 =  1 + 1·2^3 ◗, ◖ 35 = -1 + 9·2^2 ◗, ◖ 1119 = -1 + 35·2^5 ◗]
 1121 /3/ [◖ 1 ◗, ◖ 9 =  1 + 1·2^3 ◗, ◖ 35 = -1 + 9·2^2 ◗, ◖ 1121 =  1 + 35·2^5 ◗]
 1123 /3/ [◖ 1 ◗, ◖ 17 =  1 + 1·2^4 ◗, ◖ 561 =  17 + 17·2^5 ◗, ◖ 1123 =  1 + 561·2^1 ◗]
 1125 /3/ [◖ 1 ◗, ◖ 9 =  1 + 1·2^3 ◗, ◖ 279 = -9 + 9·2^5 ◗, ◖ 1125 =  9 + 279·2^2 ◗]
 1127 /3/ [◖ 1 ◗, ◖ 9 =  1 + 1·2^3 ◗, ◖ 71 = -1 + 9·2^3 ◗, ◖ 1127 = -9 + 71·2^4 ◗]
 1129 /3/ [◖ 1 ◗, ◖ 9 =  1 + 1·2^3 ◗, ◖ 35 = -1 + 9·2^2 ◗, ◖ 1129 =  9 + 35·2^5 ◗]
 1131 /4/ [◖ 1 ◗, ◖ 9 =  1 + 1·2^3 ◗, ◖ 71 = -1 + 9·2^3 ◗, ◖ 283 = -1 + 71·2^2 ◗, ◖ 1131 = -1 + 283·2^2 ◗]
 1133 /3/ [◖ 1 ◗, ◖ 9 =  1 + 1·2^3 ◗, ◖ 567 = -9 + 9·2^6 ◗, ◖ 1133 = -1 + 567·2^1 ◗]
 1135 /3/ [◖ 1 ◗, ◖ 9 =  1 + 1·2^3 ◗, ◖ 71 = -1 + 9·2^3 ◗, ◖ 1135 = -1 + 71·2^4 ◗]
 1137 /3/ [◖ 1 ◗, ◖ 9 =  1 + 1·2^3 ◗, ◖ 71 = -1 + 9·2^3 ◗, ◖ 1137 =  1 + 71·2^4 ◗]
 1139 /3/ [◖ 1 ◗, ◖ 9 =  1 + 1·2^3 ◗, ◖ 287 = -1 + 9·2^5 ◗, ◖ 1139 = -9 + 287·2^2 ◗]
 1141 /3/ [◖ 1 ◗, ◖ 9 =  1 + 1·2^3 ◗, ◖ 575 = -1 + 9·2^6 ◗, ◖ 1141 = -9 + 575·2^1 ◗]
 1143 /2/ [◖ 1 ◗, ◖ 9 =  1 + 1·2^3 ◗, ◖ 1143 = -9 + 9·2^7 ◗]
 1145 /3/ [◖ 1 ◗, ◖ 9 =  1 + 1·2^3 ◗, ◖ 143 = -1 + 9·2^4 ◗, ◖ 1145 =  1 + 143·2^3 ◗]
 1147 /3/ [◖ 1 ◗, ◖ 9 =  1 + 1·2^3 ◗, ◖ 287 = -1 + 9·2^5 ◗, ◖ 1147 = -1 + 287·2^2 ◗]
 1149 /3/ [◖ 1 ◗, ◖ 9 =  1 + 1·2^3 ◗, ◖ 287 = -1 + 9·2^5 ◗, ◖ 1149 =  1 + 287·2^2 ◗]
 1151 /2/ [◖ 1 ◗, ◖ 9 =  1 + 1·2^3 ◗, ◖ 1151 = -1 + 9·2^7 ◗]
 1153 /2/ [◖ 1 ◗, ◖ 9 =  1 + 1·2^3 ◗, ◖ 1153 =  1 + 9·2^7 ◗]
 1155 /3/ [◖ 1 ◗, ◖ 9 =  1 + 1·2^3 ◗, ◖ 289 =  1 + 9·2^5 ◗, ◖ 1155 = -1 + 289·2^2 ◗]
 1157 /3/ [◖ 1 ◗, ◖ 9 =  1 + 1·2^3 ◗, ◖ 289 =  1 + 9·2^5 ◗, ◖ 1157 =  1 + 289·2^2 ◗]
 1159 /3/ [◖ 1 ◗, ◖ 9 =  1 + 1·2^3 ◗, ◖ 145 =  1 + 9·2^4 ◗, ◖ 1159 = -1 + 145·2^3 ◗]
 1161 /2/ [◖ 1 ◗, ◖ 9 =  1 + 1·2^3 ◗, ◖ 1161 =  9 + 9·2^7 ◗]
 1163 /3/ [◖ 1 ◗, ◖ 9 =  1 + 1·2^3 ◗, ◖ 577 =  1 + 9·2^6 ◗, ◖ 1163 =  9 + 577·2^1 ◗]
 1165 /3/ [◖ 1 ◗, ◖ 9 =  1 + 1·2^3 ◗, ◖ 289 =  1 + 9·2^5 ◗, ◖ 1165 =  9 + 289·2^2 ◗]
 1167 /3/ [◖ 1 ◗, ◖ 9 =  1 + 1·2^3 ◗, ◖ 73 =  1 + 9·2^3 ◗, ◖ 1167 = -1 + 73·2^4 ◗]
 1169 /3/ [◖ 1 ◗, ◖ 9 =  1 + 1·2^3 ◗, ◖ 73 =  1 + 9·2^3 ◗, ◖ 1169 =  1 + 73·2^4 ◗]
 1171 /3/ [◖ 1 ◗, ◖ 9 =  1 + 1·2^3 ◗, ◖ 585 =  9 + 9·2^6 ◗, ◖ 1171 =  1 + 585·2^1 ◗]
 1173 /3/ [◖ 1 ◗, ◖ 17 =  1 + 1·2^4 ◗, ◖ 69 =  1 + 17·2^2 ◗, ◖ 1173 =  69 + 69·2^4 ◗]
 1175 /3/ [◖ 1 ◗, ◖ 9 =  1 + 1·2^3 ◗, ◖ 37 =  1 + 9·2^2 ◗, ◖ 1175 = -9 + 37·2^5 ◗]
 1177 /3/ [◖ 1 ◗, ◖ 9 =  1 + 1·2^3 ◗, ◖ 73 =  1 + 9·2^3 ◗, ◖ 1177 =  9 + 73·2^4 ◗]
 1179 /3/ [◖ 1 ◗, ◖ 9 =  1 + 1·2^3 ◗, ◖ 297 =  9 + 9·2^5 ◗, ◖ 1179 = -9 + 297·2^2 ◗]
 1181 /4/ [◖ 1 ◗, ◖ 9 =  1 + 1·2^3 ◗, ◖ 37 =  1 + 9·2^2 ◗, ◖ 295 = -1 + 37·2^3 ◗, ◖ 1181 =  1 + 295·2^2 ◗]
 1183 /3/ [◖ 1 ◗, ◖ 9 =  1 + 1·2^3 ◗, ◖ 37 =  1 + 9·2^2 ◗, ◖ 1183 = -1 + 37·2^5 ◗]
 1185 /3/ [◖ 1 ◗, ◖ 9 =  1 + 1·2^3 ◗, ◖ 37 =  1 + 9·2^2 ◗, ◖ 1185 =  1 + 37·2^5 ◗]
 1187 /3/ [◖ 1 ◗, ◖ 9 =  1 + 1·2^3 ◗, ◖ 297 =  9 + 9·2^5 ◗, ◖ 1187 = -1 + 297·2^2 ◗]
 1189 /3/ [◖ 1 ◗, ◖ 9 =  1 + 1·2^3 ◗, ◖ 297 =  9 + 9·2^5 ◗, ◖ 1189 =  1 + 297·2^2 ◗]
 1191 /4/ [◖ 1 ◗, ◖ 9 =  1 + 1·2^3 ◗, ◖ 37 =  1 + 9·2^2 ◗, ◖ 149 =  1 + 37·2^2 ◗, ◖ 1191 = -1 + 149·2^3 ◗]
 1193 /3/ [◖ 1 ◗, ◖ 9 =  1 + 1·2^3 ◗, ◖ 37 =  1 + 9·2^2 ◗, ◖ 1193 =  9 + 37·2^5 ◗]
 1195 /3/ [◖ 1 ◗, ◖ 5 =  1 + 1·2^2 ◗, ◖ 75 = -5 + 5·2^4 ◗, ◖ 1195 = -5 + 75·2^4 ◗]
 1197 /3/ [◖ 1 ◗, ◖ 9 =  1 + 1·2^3 ◗, ◖ 297 =  9 + 9·2^5 ◗, ◖ 1197 =  9 + 297·2^2 ◗]
 1199 /3/ [◖ 1 ◗, ◖ 5 =  1 + 1·2^2 ◗, ◖ 75 = -5 + 5·2^4 ◗, ◖ 1199 = -1 + 75·2^4 ◗]
 1201 /3/ [◖ 1 ◗, ◖ 5 =  1 + 1·2^2 ◗, ◖ 75 = -5 + 5·2^4 ◗, ◖ 1201 =  1 + 75·2^4 ◗]
 1203 /4/ [◖ 1 ◗, ◖ 5 =  1 + 1·2^2 ◗, ◖ 75 = -5 + 5·2^4 ◗, ◖ 301 =  1 + 75·2^2 ◗, ◖ 1203 = -1 + 301·2^2 ◗]
 1205 /3/ [◖ 1 ◗, ◖ 5 =  1 + 1·2^2 ◗, ◖ 75 = -5 + 5·2^4 ◗, ◖ 1205 =  5 + 75·2^4 ◗]
 1207 /3/ [◖ 1 ◗, ◖ 9 =  1 + 1·2^3 ◗, ◖ 71 = -1 + 9·2^3 ◗, ◖ 1207 =  71 + 71·2^4 ◗]
 1209 /3/ [◖ 1 ◗, ◖ 5 =  1 + 1·2^2 ◗, ◖ 39 = -1 + 5·2^3 ◗, ◖ 1209 = -39 + 39·2^5 ◗]
 1211 /3/ [◖ 1 ◗, ◖ 5 =  1 + 1·2^2 ◗, ◖ 19 = -1 + 5·2^2 ◗, ◖ 1211 = -5 + 19·2^6 ◗]
 1213 /3/ [◖ 1 ◗, ◖ 3 =  1 + 1·2^1 ◗, ◖ 189 = -3 + 3·2^6 ◗, ◖ 1213 =  189 + 1·2^10 ◗]
 1215 /3/ [◖ 1 ◗, ◖ 5 =  1 + 1·2^2 ◗, ◖ 19 = -1 + 5·2^2 ◗, ◖ 1215 = -1 + 19·2^6 ◗]
 1217 /3/ [◖ 1 ◗, ◖ 5 =  1 + 1·2^2 ◗, ◖ 19 = -1 + 5·2^2 ◗, ◖ 1217 =  1 + 19·2^6 ◗]
 1219 /3/ [◖ 1 ◗, ◖ 3 =  1 + 1·2^1 ◗, ◖ 195 =  3 + 3·2^6 ◗, ◖ 1219 =  195 + 1·2^10 ◗]
 1221 /3/ [◖ 1 ◗, ◖ 5 =  1 + 1·2^2 ◗, ◖ 19 = -1 + 5·2^2 ◗, ◖ 1221 =  5 + 19·2^6 ◗]
 1223 /3/ [◖ 1 ◗, ◖ 9 =  1 + 1·2^3 ◗, ◖ 153 =  9 + 9·2^4 ◗, ◖ 1223 = -1 + 153·2^3 ◗]
 1225 /3/ [◖ 1 ◗, ◖ 9 =  1 + 1·2^3 ◗, ◖ 153 =  9 + 9·2^4 ◗, ◖ 1225 =  1 + 153·2^3 ◗]
 1227 /4/ [◖ 1 ◗, ◖ 9 =  1 + 1·2^3 ◗, ◖ 153 =  9 + 9·2^4 ◗, ◖ 307 =  1 + 153·2^1 ◗, ◖ 1227 = -1 + 307·2^2 ◗]
 1229 /4/ [◖ 1 ◗, ◖ 9 =  1 + 1·2^3 ◗, ◖ 153 =  9 + 9·2^4 ◗, ◖ 307 =  1 + 153·2^1 ◗, ◖ 1229 =  1 + 307·2^2 ◗]
 1231 /3/ [◖ 1 ◗, ◖ 15 = -1 + 1·2^4 ◗, ◖ 975 =  15 + 15·2^6 ◗, ◖ 1231 =  975 + 1·2^8 ◗]
 1233 /3/ [◖ 1 ◗, ◖ 9 =  1 + 1·2^3 ◗, ◖ 153 =  9 + 9·2^4 ◗, ◖ 1233 =  9 + 153·2^3 ◗]
 1235 /3/ [◖ 1 ◗, ◖ 5 =  1 + 1·2^2 ◗, ◖ 155 = -5 + 5·2^5 ◗, ◖ 1235 = -5 + 155·2^3 ◗]
 1237 /4/ [◖ 1 ◗, ◖ 5 =  1 + 1·2^2 ◗, ◖ 155 = -5 + 5·2^5 ◗, ◖ 309 = -1 + 155·2^1 ◗, ◖ 1237 =  1 + 309·2^2 ◗]
 1239 /3/ [◖ 1 ◗, ◖ 5 =  1 + 1·2^2 ◗, ◖ 155 = -5 + 5·2^5 ◗, ◖ 1239 = -1 + 155·2^3 ◗]
 1241 /3/ [◖ 1 ◗, ◖ 5 =  1 + 1·2^2 ◗, ◖ 155 = -5 + 5·2^5 ◗, ◖ 1241 =  1 + 155·2^3 ◗]
 1243 /3/ [◖ 1 ◗, ◖ 5 =  1 + 1·2^2 ◗, ◖ 39 = -1 + 5·2^3 ◗, ◖ 1243 = -5 + 39·2^5 ◗]
 1245 /3/ [◖ 1 ◗, ◖ 5 =  1 + 1·2^2 ◗, ◖ 155 = -5 + 5·2^5 ◗, ◖ 1245 =  5 + 155·2^3 ◗]
 1247 /3/ [◖ 1 ◗, ◖ 5 =  1 + 1·2^2 ◗, ◖ 39 = -1 + 5·2^3 ◗, ◖ 1247 = -1 + 39·2^5 ◗]
 1249 /3/ [◖ 1 ◗, ◖ 5 =  1 + 1·2^2 ◗, ◖ 39 = -1 + 5·2^3 ◗, ◖ 1249 =  1 + 39·2^5 ◗]
 1251 /4/ [◖ 1 ◗, ◖ 5 =  1 + 1·2^2 ◗, ◖ 39 = -1 + 5·2^3 ◗, ◖ 313 =  1 + 39·2^3 ◗, ◖ 1251 = -1 + 313·2^2 ◗]
 1253 /3/ [◖ 1 ◗, ◖ 5 =  1 + 1·2^2 ◗, ◖ 39 = -1 + 5·2^3 ◗, ◖ 1253 =  5 + 39·2^5 ◗]
 1255 /3/ [◖ 1 ◗, ◖ 5 =  1 + 1·2^2 ◗, ◖ 315 = -5 + 5·2^6 ◗, ◖ 1255 = -5 + 315·2^2 ◗]
 1257 /4/ [◖ 1 ◗, ◖ 5 =  1 + 1·2^2 ◗, ◖ 39 = -1 + 5·2^3 ◗, ◖ 157 =  1 + 39·2^2 ◗, ◖ 1257 =  1 + 157·2^3 ◗]
 1259 /3/ [◖ 1 ◗, ◖ 5 =  1 + 1·2^2 ◗, ◖ 315 = -5 + 5·2^6 ◗, ◖ 1259 = -1 + 315·2^2 ◗]
 1261 /3/ [◖ 1 ◗, ◖ 5 =  1 + 1·2^2 ◗, ◖ 315 = -5 + 5·2^6 ◗, ◖ 1261 =  1 + 315·2^2 ◗]
 1263 /3/ [◖ 1 ◗, ◖ 5 =  1 + 1·2^2 ◗, ◖ 79 = -1 + 5·2^4 ◗, ◖ 1263 = -1 + 79·2^4 ◗]
 1265 /3/ [◖ 1 ◗, ◖ 5 =  1 + 1·2^2 ◗, ◖ 79 = -1 + 5·2^4 ◗, ◖ 1265 =  1 + 79·2^4 ◗]
 1267 /3/ [◖ 1 ◗, ◖ 5 =  1 + 1·2^2 ◗, ◖ 159 = -1 + 5·2^5 ◗, ◖ 1267 = -5 + 159·2^3 ◗]
 1269 /3/ [◖ 1 ◗, ◖ 5 =  1 + 1·2^2 ◗, ◖ 635 = -5 + 5·2^7 ◗, ◖ 1269 = -1 + 635·2^1 ◗]
 1271 /3/ [◖ 1 ◗, ◖ 5 =  1 + 1·2^2 ◗, ◖ 159 = -1 + 5·2^5 ◗, ◖ 1271 = -1 + 159·2^3 ◗]
 1273 /3/ [◖ 1 ◗, ◖ 5 =  1 + 1·2^2 ◗, ◖ 159 = -1 + 5·2^5 ◗, ◖ 1273 =  1 + 159·2^3 ◗]
 1275 /2/ [◖ 1 ◗, ◖ 5 =  1 + 1·2^2 ◗, ◖ 1275 = -5 + 5·2^8 ◗]
 1277 /3/ [◖ 1 ◗, ◖ 5 =  1 + 1·2^2 ◗, ◖ 319 = -1 + 5·2^6 ◗, ◖ 1277 =  1 + 319·2^2 ◗]
 1279 /2/ [◖ 1 ◗, ◖ 5 =  1 + 1·2^2 ◗, ◖ 1279 = -1 + 5·2^8 ◗]
 1281 /2/ [◖ 1 ◗, ◖ 5 =  1 + 1·2^2 ◗, ◖ 1281 =  1 + 5·2^8 ◗]
 1283 /3/ [◖ 1 ◗, ◖ 5 =  1 + 1·2^2 ◗, ◖ 321 =  1 + 5·2^6 ◗, ◖ 1283 = -1 + 321·2^2 ◗]
 1285 /2/ [◖ 1 ◗, ◖ 5 =  1 + 1·2^2 ◗, ◖ 1285 =  5 + 5·2^8 ◗]
 1287 /3/ [◖ 1 ◗, ◖ 5 =  1 + 1·2^2 ◗, ◖ 161 =  1 + 5·2^5 ◗, ◖ 1287 = -1 + 161·2^3 ◗]
 1289 /3/ [◖ 1 ◗, ◖ 5 =  1 + 1·2^2 ◗, ◖ 161 =  1 + 5·2^5 ◗, ◖ 1289 =  1 + 161·2^3 ◗]
 1291 /3/ [◖ 1 ◗, ◖ 5 =  1 + 1·2^2 ◗, ◖ 645 =  5 + 5·2^7 ◗, ◖ 1291 =  1 + 645·2^1 ◗]
 1293 /3/ [◖ 1 ◗, ◖ 5 =  1 + 1·2^2 ◗, ◖ 161 =  1 + 5·2^5 ◗, ◖ 1293 =  5 + 161·2^3 ◗]
 1295 /3/ [◖ 1 ◗, ◖ 5 =  1 + 1·2^2 ◗, ◖ 81 =  1 + 5·2^4 ◗, ◖ 1295 = -1 + 81·2^4 ◗]
 1297 /3/ [◖ 1 ◗, ◖ 5 =  1 + 1·2^2 ◗, ◖ 81 =  1 + 5·2^4 ◗, ◖ 1297 =  1 + 81·2^4 ◗]
 1299 /3/ [◖ 1 ◗, ◖ 5 =  1 + 1·2^2 ◗, ◖ 325 =  5 + 5·2^6 ◗, ◖ 1299 = -1 + 325·2^2 ◗]
 1301 /3/ [◖ 1 ◗, ◖ 5 =  1 + 1·2^2 ◗, ◖ 325 =  5 + 5·2^6 ◗, ◖ 1301 =  1 + 325·2^2 ◗]
 1303 /3/ [◖ 1 ◗, ◖ 9 =  1 + 1·2^3 ◗, ◖ 279 = -9 + 9·2^5 ◗, ◖ 1303 =  279 + 1·2^10 ◗]
 1305 /3/ [◖ 1 ◗, ◖ 5 =  1 + 1·2^2 ◗, ◖ 325 =  5 + 5·2^6 ◗, ◖ 1305 =  5 + 325·2^2 ◗]
 1307 /3/ [◖ 1 ◗, ◖ 5 =  1 + 1·2^2 ◗, ◖ 41 =  1 + 5·2^3 ◗, ◖ 1307 = -5 + 41·2^5 ◗]
 1309 /4/ [◖ 1 ◗, ◖ 5 =  1 + 1·2^2 ◗, ◖ 41 =  1 + 5·2^3 ◗, ◖ 327 = -1 + 41·2^3 ◗, ◖ 1309 =  1 + 327·2^2 ◗]
 1311 /3/ [◖ 1 ◗, ◖ 5 =  1 + 1·2^2 ◗, ◖ 41 =  1 + 5·2^3 ◗, ◖ 1311 = -1 + 41·2^5 ◗]
 1313 /3/ [◖ 1 ◗, ◖ 5 =  1 + 1·2^2 ◗, ◖ 41 =  1 + 5·2^3 ◗, ◖ 1313 =  1 + 41·2^5 ◗]
 1315 /3/ [◖ 1 ◗, ◖ 5 =  1 + 1·2^2 ◗, ◖ 165 =  5 + 5·2^5 ◗, ◖ 1315 = -5 + 165·2^3 ◗]
 1317 /3/ [◖ 1 ◗, ◖ 5 =  1 + 1·2^2 ◗, ◖ 41 =  1 + 5·2^3 ◗, ◖ 1317 =  5 + 41·2^5 ◗]
 1319 /3/ [◖ 1 ◗, ◖ 5 =  1 + 1·2^2 ◗, ◖ 165 =  5 + 5·2^5 ◗, ◖ 1319 = -1 + 165·2^3 ◗]
 1321 /3/ [◖ 1 ◗, ◖ 5 =  1 + 1·2^2 ◗, ◖ 165 =  5 + 5·2^5 ◗, ◖ 1321 =  1 + 165·2^3 ◗]
 1323 /3/ [◖ 1 ◗, ◖ 5 =  1 + 1·2^2 ◗, ◖ 21 =  1 + 5·2^2 ◗, ◖ 1323 = -21 + 21·2^6 ◗]
 1325 /3/ [◖ 1 ◗, ◖ 5 =  1 + 1·2^2 ◗, ◖ 165 =  5 + 5·2^5 ◗, ◖ 1325 =  5 + 165·2^3 ◗]
 1327 /3/ [◖ 1 ◗, ◖ 17 =  1 + 1·2^4 ◗, ◖ 1071 = -17 + 17·2^6 ◗, ◖ 1327 =  1071 + 1·2^8 ◗]
 1329 /4/ [◖ 1 ◗, ◖ 5 =  1 + 1·2^2 ◗, ◖ 21 =  1 + 5·2^2 ◗, ◖ 83 = -1 + 21·2^2 ◗, ◖ 1329 =  1 + 83·2^4 ◗]
 1331 /4/ [◖ 1 ◗, ◖ 5 =  1 + 1·2^2 ◗, ◖ 41 =  1 + 5·2^3 ◗, ◖ 333 =  5 + 41·2^3 ◗, ◖ 1331 = -1 + 333·2^2 ◗]
 1333 /4/ [◖ 1 ◗, ◖ 5 =  1 + 1·2^2 ◗, ◖ 21 =  1 + 5·2^2 ◗, ◖ 667 = -5 + 21·2^5 ◗, ◖ 1333 = -1 + 667·2^1 ◗]
 1335 /4/ [◖ 1 ◗, ◖ 5 =  1 + 1·2^2 ◗, ◖ 21 =  1 + 5·2^2 ◗, ◖ 167 = -1 + 21·2^3 ◗, ◖ 1335 = -1 + 167·2^3 ◗]
 1337 /3/ [◖ 1 ◗, ◖ 3 =  1 + 1·2^1 ◗, ◖ 191 = -1 + 3·2^6 ◗, ◖ 1337 = -191 + 191·2^3 ◗]
 1339 /3/ [◖ 1 ◗, ◖ 5 =  1 + 1·2^2 ◗, ◖ 21 =  1 + 5·2^2 ◗, ◖ 1339 = -5 + 21·2^6 ◗]
 1341 /3/ [◖ 1 ◗, ◖ 7 = -1 + 1·2^3 ◗, ◖ 447 = -1 + 7·2^6 ◗, ◖ 1341 =  447 + 447·2^1 ◗]
 1343 /3/ [◖ 1 ◗, ◖ 5 =  1 + 1·2^2 ◗, ◖ 21 =  1 + 5·2^2 ◗, ◖ 1343 = -1 + 21·2^6 ◗]
 1345 /3/ [◖ 1 ◗, ◖ 5 =  1 + 1·2^2 ◗, ◖ 21 =  1 + 5·2^2 ◗, ◖ 1345 =  1 + 21·2^6 ◗]
 1347 /3/ [◖ 1 ◗, ◖ 7 = -1 + 1·2^3 ◗, ◖ 449 =  1 + 7·2^6 ◗, ◖ 1347 =  449 + 449·2^1 ◗]
 1349 /3/ [◖ 1 ◗, ◖ 5 =  1 + 1·2^2 ◗, ◖ 21 =  1 + 5·2^2 ◗, ◖ 1349 =  5 + 21·2^6 ◗]
 1351 /3/ [◖ 1 ◗, ◖ 3 =  1 + 1·2^1 ◗, ◖ 193 =  1 + 3·2^6 ◗, ◖ 1351 = -193 + 193·2^3 ◗]
 1353 /3/ [◖ 1 ◗, ◖ 5 =  1 + 1·2^2 ◗, ◖ 41 =  1 + 5·2^3 ◗, ◖ 1353 =  41 + 41·2^5 ◗]
 1355 /3/ [◖ 1 ◗, ◖ 5 =  1 + 1·2^2 ◗, ◖ 85 =  5 + 5·2^4 ◗, ◖ 1355 = -5 + 85·2^4 ◗]
 1357 /4/ [◖ 1 ◗, ◖ 5 =  1 + 1·2^2 ◗, ◖ 85 =  5 + 5·2^4 ◗, ◖ 339 = -1 + 85·2^2 ◗, ◖ 1357 =  1 + 339·2^2 ◗]
 1359 /3/ [◖ 1 ◗, ◖ 5 =  1 + 1·2^2 ◗, ◖ 85 =  5 + 5·2^4 ◗, ◖ 1359 = -1 + 85·2^4 ◗]
 1361 /3/ [◖ 1 ◗, ◖ 5 =  1 + 1·2^2 ◗, ◖ 85 =  5 + 5·2^4 ◗, ◖ 1361 =  1 + 85·2^4 ◗]
 1363 /4/ [◖ 1 ◗, ◖ 5 =  1 + 1·2^2 ◗, ◖ 85 =  5 + 5·2^4 ◗, ◖ 341 =  1 + 85·2^2 ◗, ◖ 1363 = -1 + 341·2^2 ◗]
 1365 /3/ [◖ 1 ◗, ◖ 5 =  1 + 1·2^2 ◗, ◖ 85 =  5 + 5·2^4 ◗, ◖ 1365 =  5 + 85·2^4 ◗]
 1367 /4/ [◖ 1 ◗, ◖ 5 =  1 + 1·2^2 ◗, ◖ 85 =  5 + 5·2^4 ◗, ◖ 171 =  1 + 85·2^1 ◗, ◖ 1367 = -1 + 171·2^3 ◗]
 1369 /4/ [◖ 1 ◗, ◖ 5 =  1 + 1·2^2 ◗, ◖ 85 =  5 + 5·2^4 ◗, ◖ 171 =  1 + 85·2^1 ◗, ◖ 1369 =  1 + 171·2^3 ◗]
 1371 /4/ [◖ 1 ◗, ◖ 5 =  1 + 1·2^2 ◗, ◖ 85 =  5 + 5·2^4 ◗, ◖ 685 =  5 + 85·2^3 ◗, ◖ 1371 =  1 + 685·2^1 ◗]
 1373 /4/ [◖ 1 ◗, ◖ 3 =  1 + 1·2^1 ◗, ◖ 49 =  1 + 3·2^4 ◗, ◖ 343 = -49 + 49·2^3 ◗, ◖ 1373 =  1 + 343·2^2 ◗]
 1375 /4/ [◖ 1 ◗, ◖ 3 =  1 + 1·2^1 ◗, ◖ 11 = -1 + 3·2^2 ◗, ◖ 43 = -1 + 11·2^2 ◗, ◖ 1375 = -1 + 43·2^5 ◗]
 1377 /3/ [◖ 1 ◗, ◖ 5 =  1 + 1·2^2 ◗, ◖ 81 =  1 + 5·2^4 ◗, ◖ 1377 =  81 + 81·2^4 ◗]
 1379 /4/ [◖ 1 ◗, ◖ 5 =  1 + 1·2^2 ◗, ◖ 85 =  5 + 5·2^4 ◗, ◖ 345 =  5 + 85·2^2 ◗, ◖ 1379 = -1 + 345·2^2 ◗]
 1381 /4/ [◖ 1 ◗, ◖ 5 =  1 + 1·2^2 ◗, ◖ 85 =  5 + 5·2^4 ◗, ◖ 345 =  5 + 85·2^2 ◗, ◖ 1381 =  1 + 345·2^2 ◗]
 1383 /4/ [◖ 1 ◗, ◖ 3 =  1 + 1·2^1 ◗, ◖ 11 = -1 + 3·2^2 ◗, ◖ 173 = -3 + 11·2^4 ◗, ◖ 1383 = -1 + 173·2^3 ◗]
 1385 /4/ [◖ 1 ◗, ◖ 3 =  1 + 1·2^1 ◗, ◖ 11 = -1 + 3·2^2 ◗, ◖ 173 = -3 + 11·2^4 ◗, ◖ 1385 =  1 + 173·2^3 ◗]
 1387 /4/ [◖ 1 ◗, ◖ 3 =  1 + 1·2^1 ◗, ◖ 11 = -1 + 3·2^2 ◗, ◖ 693 = -11 + 11·2^6 ◗, ◖ 1387 =  1 + 693·2^1 ◗]
 1389 /4/ [◖ 1 ◗, ◖ 5 =  1 + 1·2^2 ◗, ◖ 165 =  5 + 5·2^5 ◗, ◖ 347 = -165 + 1·2^9 ◗, ◖ 1389 =  1 + 347·2^2 ◗]
 1391 /4/ [◖ 1 ◗, ◖ 3 =  1 + 1·2^1 ◗, ◖ 11 = -1 + 3·2^2 ◗, ◖ 87 = -1 + 11·2^3 ◗, ◖ 1391 = -1 + 87·2^4 ◗]
 1393 /3/ [◖ 1 ◗, ◖ 15 = -1 + 1·2^4 ◗, ◖ 1905 = -15 + 15·2^7 ◗, ◖ 1393 =  1905 - 1·2^9 ◗]
 1395 /3/ [◖ 1 ◗, ◖ 3 =  1 + 1·2^1 ◗, ◖ 45 = -3 + 3·2^4 ◗, ◖ 1395 = -45 + 45·2^5 ◗]
 1397 /3/ [◖ 1 ◗, ◖ 3 =  1 + 1·2^1 ◗, ◖ 11 = -1 + 3·2^2 ◗, ◖ 1397 = -11 + 11·2^7 ◗]
 1399 /3/ [◖ 1 ◗, ◖ 9 =  1 + 1·2^3 ◗, ◖ 1143 = -9 + 9·2^7 ◗, ◖ 1399 =  1143 + 1·2^8 ◗]
 1401 /3/ [◖ 1 ◗, ◖ 7 = -1 + 1·2^3 ◗, ◖ 889 = -7 + 7·2^7 ◗, ◖ 1401 =  889 + 1·2^9 ◗]
 1403 /3/ [◖ 1 ◗, ◖ 5 =  1 + 1·2^2 ◗, ◖ 645 =  5 + 5·2^7 ◗, ◖ 1403 = -645 + 1·2^11 ◗]
 1405 /3/ [◖ 1 ◗, ◖ 3 =  1 + 1·2^1 ◗, ◖ 11 = -1 + 3·2^2 ◗, ◖ 1405 = -3 + 11·2^7 ◗]
 1407 /3/ [◖ 1 ◗, ◖ 3 =  1 + 1·2^1 ◗, ◖ 11 = -1 + 3·2^2 ◗, ◖ 1407 = -1 + 11·2^7 ◗]
 1409 /3/ [◖ 1 ◗, ◖ 3 =  1 + 1·2^1 ◗, ◖ 11 = -1 + 3·2^2 ◗, ◖ 1409 =  1 + 11·2^7 ◗]
 1411 /3/ [◖ 1 ◗, ◖ 3 =  1 + 1·2^1 ◗, ◖ 11 = -1 + 3·2^2 ◗, ◖ 1411 =  3 + 11·2^7 ◗]
 1413 /3/ [◖ 1 ◗, ◖ 5 =  1 + 1·2^2 ◗, ◖ 635 = -5 + 5·2^7 ◗, ◖ 1413 = -635 + 1·2^11 ◗]
 1415 /3/ [◖ 1 ◗, ◖ 7 = -1 + 1·2^3 ◗, ◖ 903 =  7 + 7·2^7 ◗, ◖ 1415 =  903 + 1·2^9 ◗]
 1417 /3/ [◖ 1 ◗, ◖ 9 =  1 + 1·2^3 ◗, ◖ 1161 =  9 + 9·2^7 ◗, ◖ 1417 =  1161 + 1·2^8 ◗]
 1419 /3/ [◖ 1 ◗, ◖ 3 =  1 + 1·2^1 ◗, ◖ 11 = -1 + 3·2^2 ◗, ◖ 1419 =  11 + 11·2^7 ◗]
 1421 /4/ [◖ 1 ◗, ◖ 3 =  1 + 1·2^1 ◗, ◖ 11 = -1 + 3·2^2 ◗, ◖ 355 =  3 + 11·2^5 ◗, ◖ 1421 =  1 + 355·2^2 ◗]
 1423 /3/ [◖ 1 ◗, ◖ 15 = -1 + 1·2^4 ◗, ◖ 1935 =  15 + 15·2^7 ◗, ◖ 1423 =  1935 - 1·2^9 ◗]
 1425 /3/ [◖ 1 ◗, ◖ 3 =  1 + 1·2^1 ◗, ◖ 95 = -1 + 3·2^5 ◗, ◖ 1425 = -95 + 95·2^4 ◗]
 1427 /4/ [◖ 1 ◗, ◖ 3 =  1 + 1·2^1 ◗, ◖ 45 = -3 + 3·2^4 ◗, ◖ 357 = -3 + 45·2^3 ◗, ◖ 1427 = -1 + 357·2^2 ◗]
 1429 /4/ [◖ 1 ◗, ◖ 3 =  1 + 1·2^1 ◗, ◖ 45 = -3 + 3·2^4 ◗, ◖ 357 = -3 + 45·2^3 ◗, ◖ 1429 =  1 + 357·2^2 ◗]
 1431 /3/ [◖ 1 ◗, ◖ 5 =  1 + 1·2^2 ◗, ◖ 159 = -1 + 5·2^5 ◗, ◖ 1431 =  159 + 159·2^3 ◗]
 1433 /4/ [◖ 1 ◗, ◖ 3 =  1 + 1·2^1 ◗, ◖ 45 = -3 + 3·2^4 ◗, ◖ 179 = -1 + 45·2^2 ◗, ◖ 1433 =  1 + 179·2^3 ◗]
 1435 /3/ [◖ 1 ◗, ◖ 9 =  1 + 1·2^3 ◗, ◖ 287 = -1 + 9·2^5 ◗, ◖ 1435 =  287 + 287·2^2 ◗]
 1437 /3/ [◖ 1 ◗, ◖ 3 =  1 + 1·2^1 ◗, ◖ 45 = -3 + 3·2^4 ◗, ◖ 1437 = -3 + 45·2^5 ◗]
 1439 /3/ [◖ 1 ◗, ◖ 3 =  1 + 1·2^1 ◗, ◖ 45 = -3 + 3·2^4 ◗, ◖ 1439 = -1 + 45·2^5 ◗]
 1441 /3/ [◖ 1 ◗, ◖ 3 =  1 + 1·2^1 ◗, ◖ 45 = -3 + 3·2^4 ◗, ◖ 1441 =  1 + 45·2^5 ◗]
 1443 /3/ [◖ 1 ◗, ◖ 3 =  1 + 1·2^1 ◗, ◖ 45 = -3 + 3·2^4 ◗, ◖ 1443 =  3 + 45·2^5 ◗]
 1445 /3/ [◖ 1 ◗, ◖ 9 =  1 + 1·2^3 ◗, ◖ 289 =  1 + 9·2^5 ◗, ◖ 1445 =  289 + 289·2^2 ◗]
 1447 /4/ [◖ 1 ◗, ◖ 3 =  1 + 1·2^1 ◗, ◖ 45 = -3 + 3·2^4 ◗, ◖ 181 =  1 + 45·2^2 ◗, ◖ 1447 = -1 + 181·2^3 ◗]
 1449 /3/ [◖ 1 ◗, ◖ 3 =  1 + 1·2^1 ◗, ◖ 23 = -1 + 3·2^3 ◗, ◖ 1449 = -23 + 23·2^6 ◗]
 1451 /4/ [◖ 1 ◗, ◖ 3 =  1 + 1·2^1 ◗, ◖ 45 = -3 + 3·2^4 ◗, ◖ 363 =  3 + 45·2^3 ◗, ◖ 1451 = -1 + 363·2^2 ◗]
 1453 /4/ [◖ 1 ◗, ◖ 3 =  1 + 1·2^1 ◗, ◖ 45 = -3 + 3·2^4 ◗, ◖ 363 =  3 + 45·2^3 ◗, ◖ 1453 =  1 + 363·2^2 ◗]
 1455 /3/ [◖ 1 ◗, ◖ 3 =  1 + 1·2^1 ◗, ◖ 97 =  1 + 3·2^5 ◗, ◖ 1455 = -97 + 97·2^4 ◗]
 1457 /3/ [◖ 1 ◗, ◖ 3 =  1 + 1·2^1 ◗, ◖ 47 = -1 + 3·2^4 ◗, ◖ 1457 = -47 + 47·2^5 ◗]
 1459 /4/ [◖ 1 ◗, ◖ 3 =  1 + 1·2^1 ◗, ◖ 23 = -1 + 3·2^3 ◗, ◖ 365 = -3 + 23·2^4 ◗, ◖ 1459 = -1 + 365·2^2 ◗]
 1461 /4/ [◖ 1 ◗, ◖ 3 =  1 + 1·2^1 ◗, ◖ 23 = -1 + 3·2^3 ◗, ◖ 365 = -3 + 23·2^4 ◗, ◖ 1461 =  1 + 365·2^2 ◗]
 1463 /3/ [◖ 1 ◗, ◖ 9 =  1 + 1·2^3 ◗, ◖ 585 =  9 + 9·2^6 ◗, ◖ 1463 = -585 + 1·2^11 ◗]
 1465 /3/ [◖ 1 ◗, ◖ 7 = -1 + 1·2^3 ◗, ◖ 441 = -7 + 7·2^6 ◗, ◖ 1465 =  441 + 1·2^10 ◗]
 1467 /4/ [◖ 1 ◗, ◖ 3 =  1 + 1·2^1 ◗, ◖ 23 = -1 + 3·2^3 ◗, ◖ 367 = -1 + 23·2^4 ◗, ◖ 1467 = -1 + 367·2^2 ◗]
 1469 /3/ [◖ 1 ◗, ◖ 3 =  1 + 1·2^1 ◗, ◖ 23 = -1 + 3·2^3 ◗, ◖ 1469 = -3 + 23·2^6 ◗]
 1471 /3/ [◖ 1 ◗, ◖ 3 =  1 + 1·2^1 ◗, ◖ 23 = -1 + 3·2^3 ◗, ◖ 1471 = -1 + 23·2^6 ◗]
 1473 /3/ [◖ 1 ◗, ◖ 3 =  1 + 1·2^1 ◗, ◖ 23 = -1 + 3·2^3 ◗, ◖ 1473 =  1 + 23·2^6 ◗]
 1475 /3/ [◖ 1 ◗, ◖ 3 =  1 + 1·2^1 ◗, ◖ 23 = -1 + 3·2^3 ◗, ◖ 1475 =  3 + 23·2^6 ◗]
 1477 /4/ [◖ 1 ◗, ◖ 3 =  1 + 1·2^1 ◗, ◖ 23 = -1 + 3·2^3 ◗, ◖ 369 =  1 + 23·2^4 ◗, ◖ 1477 =  1 + 369·2^2 ◗]
 1479 /3/ [◖ 1 ◗, ◖ 7 = -1 + 1·2^3 ◗, ◖ 455 =  7 + 7·2^6 ◗, ◖ 1479 =  455 + 1·2^10 ◗]
 1481 /3/ [◖ 1 ◗, ◖ 9 =  1 + 1·2^3 ◗, ◖ 567 = -9 + 9·2^6 ◗, ◖ 1481 = -567 + 1·2^11 ◗]
 1483 /4/ [◖ 1 ◗, ◖ 3 =  1 + 1·2^1 ◗, ◖ 93 = -3 + 3·2^5 ◗, ◖ 371 = -1 + 93·2^2 ◗, ◖ 1483 = -1 + 371·2^2 ◗]
 1485 /3/ [◖ 1 ◗, ◖ 3 =  1 + 1·2^1 ◗, ◖ 93 = -3 + 3·2^5 ◗, ◖ 1485 = -3 + 93·2^4 ◗]
 1487 /3/ [◖ 1 ◗, ◖ 3 =  1 + 1·2^1 ◗, ◖ 93 = -3 + 3·2^5 ◗, ◖ 1487 = -1 + 93·2^4 ◗]
 1489 /3/ [◖ 1 ◗, ◖ 3 =  1 + 1·2^1 ◗, ◖ 93 = -3 + 3·2^5 ◗, ◖ 1489 =  1 + 93·2^4 ◗]
 1491 /3/ [◖ 1 ◗, ◖ 3 =  1 + 1·2^1 ◗, ◖ 93 = -3 + 3·2^5 ◗, ◖ 1491 =  3 + 93·2^4 ◗]
 1493 /4/ [◖ 1 ◗, ◖ 3 =  1 + 1·2^1 ◗, ◖ 93 = -3 + 3·2^5 ◗, ◖ 373 =  1 + 93·2^2 ◗, ◖ 1493 =  1 + 373·2^2 ◗]
 1495 /3/ [◖ 1 ◗, ◖ 3 =  1 + 1·2^1 ◗, ◖ 23 = -1 + 3·2^3 ◗, ◖ 1495 =  23 + 23·2^6 ◗]
 1497 /4/ [◖ 1 ◗, ◖ 3 =  1 + 1·2^1 ◗, ◖ 47 = -1 + 3·2^4 ◗, ◖ 187 = -1 + 47·2^2 ◗, ◖ 1497 =  1 + 187·2^3 ◗]
 1499 /4/ [◖ 1 ◗, ◖ 3 =  1 + 1·2^1 ◗, ◖ 47 = -1 + 3·2^4 ◗, ◖ 375 = -1 + 47·2^3 ◗, ◖ 1499 = -1 + 375·2^2 ◗]
 1501 /3/ [◖ 1 ◗, ◖ 3 =  1 + 1·2^1 ◗, ◖ 47 = -1 + 3·2^4 ◗, ◖ 1501 = -3 + 47·2^5 ◗]
 1503 /3/ [◖ 1 ◗, ◖ 3 =  1 + 1·2^1 ◗, ◖ 47 = -1 + 3·2^4 ◗, ◖ 1503 = -1 + 47·2^5 ◗]
 1505 /3/ [◖ 1 ◗, ◖ 3 =  1 + 1·2^1 ◗, ◖ 47 = -1 + 3·2^4 ◗, ◖ 1505 =  1 + 47·2^5 ◗]
 1507 /3/ [◖ 1 ◗, ◖ 3 =  1 + 1·2^1 ◗, ◖ 47 = -1 + 3·2^4 ◗, ◖ 1507 =  3 + 47·2^5 ◗]
 1509 /3/ [◖ 1 ◗, ◖ 3 =  1 + 1·2^1 ◗, ◖ 189 = -3 + 3·2^6 ◗, ◖ 1509 = -3 + 189·2^3 ◗]
 1511 /3/ [◖ 1 ◗, ◖ 3 =  1 + 1·2^1 ◗, ◖ 189 = -3 + 3·2^6 ◗, ◖ 1511 = -1 + 189·2^3 ◗]
 1513 /3/ [◖ 1 ◗, ◖ 3 =  1 + 1·2^1 ◗, ◖ 189 = -3 + 3·2^6 ◗, ◖ 1513 =  1 + 189·2^3 ◗]
 1515 /3/ [◖ 1 ◗, ◖ 3 =  1 + 1·2^1 ◗, ◖ 189 = -3 + 3·2^6 ◗, ◖ 1515 =  3 + 189·2^3 ◗]
 1517 /3/ [◖ 1 ◗, ◖ 3 =  1 + 1·2^1 ◗, ◖ 95 = -1 + 3·2^5 ◗, ◖ 1517 = -3 + 95·2^4 ◗]
 1519 /3/ [◖ 1 ◗, ◖ 3 =  1 + 1·2^1 ◗, ◖ 95 = -1 + 3·2^5 ◗, ◖ 1519 = -1 + 95·2^4 ◗]
 1521 /3/ [◖ 1 ◗, ◖ 3 =  1 + 1·2^1 ◗, ◖ 95 = -1 + 3·2^5 ◗, ◖ 1521 =  1 + 95·2^4 ◗]
 1523 /3/ [◖ 1 ◗, ◖ 3 =  1 + 1·2^1 ◗, ◖ 381 = -3 + 3·2^7 ◗, ◖ 1523 = -1 + 381·2^2 ◗]
 1525 /3/ [◖ 1 ◗, ◖ 3 =  1 + 1·2^1 ◗, ◖ 381 = -3 + 3·2^7 ◗, ◖ 1525 =  1 + 381·2^2 ◗]
 1527 /3/ [◖ 1 ◗, ◖ 3 =  1 + 1·2^1 ◗, ◖ 191 = -1 + 3·2^6 ◗, ◖ 1527 = -1 + 191·2^3 ◗]
 1529 /3/ [◖ 1 ◗, ◖ 3 =  1 + 1·2^1 ◗, ◖ 191 = -1 + 3·2^6 ◗, ◖ 1529 =  1 + 191·2^3 ◗]
 1531 /3/ [◖ 1 ◗, ◖ 3 =  1 + 1·2^1 ◗, ◖ 383 = -1 + 3·2^7 ◗, ◖ 1531 = -1 + 383·2^2 ◗]
 1533 /2/ [◖ 1 ◗, ◖ 3 =  1 + 1·2^1 ◗, ◖ 1533 = -3 + 3·2^9 ◗]
 1535 /2/ [◖ 1 ◗, ◖ 3 =  1 + 1·2^1 ◗, ◖ 1535 = -1 + 3·2^9 ◗]
 1537 /2/ [◖ 1 ◗, ◖ 3 =  1 + 1·2^1 ◗, ◖ 1537 =  1 + 3·2^9 ◗]
 1539 /2/ [◖ 1 ◗, ◖ 3 =  1 + 1·2^1 ◗, ◖ 1539 =  3 + 3·2^9 ◗]
 1541 /3/ [◖ 1 ◗, ◖ 3 =  1 + 1·2^1 ◗, ◖ 385 =  1 + 3·2^7 ◗, ◖ 1541 =  1 + 385·2^2 ◗]
 1543 /3/ [◖ 1 ◗, ◖ 3 =  1 + 1·2^1 ◗, ◖ 193 =  1 + 3·2^6 ◗, ◖ 1543 = -1 + 193·2^3 ◗]
 1545 /3/ [◖ 1 ◗, ◖ 3 =  1 + 1·2^1 ◗, ◖ 193 =  1 + 3·2^6 ◗, ◖ 1545 =  1 + 193·2^3 ◗]
 1547 /3/ [◖ 1 ◗, ◖ 3 =  1 + 1·2^1 ◗, ◖ 387 =  3 + 3·2^7 ◗, ◖ 1547 = -1 + 387·2^2 ◗]
 1549 /3/ [◖ 1 ◗, ◖ 3 =  1 + 1·2^1 ◗, ◖ 387 =  3 + 3·2^7 ◗, ◖ 1549 =  1 + 387·2^2 ◗]
 1551 /3/ [◖ 1 ◗, ◖ 3 =  1 + 1·2^1 ◗, ◖ 97 =  1 + 3·2^5 ◗, ◖ 1551 = -1 + 97·2^4 ◗]
 1553 /3/ [◖ 1 ◗, ◖ 3 =  1 + 1·2^1 ◗, ◖ 97 =  1 + 3·2^5 ◗, ◖ 1553 =  1 + 97·2^4 ◗]
 1555 /3/ [◖ 1 ◗, ◖ 3 =  1 + 1·2^1 ◗, ◖ 97 =  1 + 3·2^5 ◗, ◖ 1555 =  3 + 97·2^4 ◗]
 1557 /3/ [◖ 1 ◗, ◖ 3 =  1 + 1·2^1 ◗, ◖ 195 =  3 + 3·2^6 ◗, ◖ 1557 = -3 + 195·2^3 ◗]
 1559 /3/ [◖ 1 ◗, ◖ 3 =  1 + 1·2^1 ◗, ◖ 195 =  3 + 3·2^6 ◗, ◖ 1559 = -1 + 195·2^3 ◗]
 1561 /3/ [◖ 1 ◗, ◖ 3 =  1 + 1·2^1 ◗, ◖ 195 =  3 + 3·2^6 ◗, ◖ 1561 =  1 + 195·2^3 ◗]
 1563 /3/ [◖ 1 ◗, ◖ 3 =  1 + 1·2^1 ◗, ◖ 195 =  3 + 3·2^6 ◗, ◖ 1563 =  3 + 195·2^3 ◗]
 1565 /3/ [◖ 1 ◗, ◖ 3 =  1 + 1·2^1 ◗, ◖ 49 =  1 + 3·2^4 ◗, ◖ 1565 = -3 + 49·2^5 ◗]
 1567 /3/ [◖ 1 ◗, ◖ 3 =  1 + 1·2^1 ◗, ◖ 49 =  1 + 3·2^4 ◗, ◖ 1567 = -1 + 49·2^5 ◗]
 1569 /3/ [◖ 1 ◗, ◖ 3 =  1 + 1·2^1 ◗, ◖ 49 =  1 + 3·2^4 ◗, ◖ 1569 =  1 + 49·2^5 ◗]
 1571 /3/ [◖ 1 ◗, ◖ 3 =  1 + 1·2^1 ◗, ◖ 49 =  1 + 3·2^4 ◗, ◖ 1571 =  3 + 49·2^5 ◗]
 1573 /4/ [◖ 1 ◗, ◖ 3 =  1 + 1·2^1 ◗, ◖ 49 =  1 + 3·2^4 ◗, ◖ 393 =  1 + 49·2^3 ◗, ◖ 1573 =  1 + 393·2^2 ◗]
 1575 /3/ [◖ 1 ◗, ◖ 3 =  1 + 1·2^1 ◗, ◖ 25 =  1 + 3·2^3 ◗, ◖ 1575 = -25 + 25·2^6 ◗]
 1577 /4/ [◖ 1 ◗, ◖ 3 =  1 + 1·2^1 ◗, ◖ 49 =  1 + 3·2^4 ◗, ◖ 197 =  1 + 49·2^2 ◗, ◖ 1577 =  1 + 197·2^3 ◗]
 1579 /4/ [◖ 1 ◗, ◖ 3 =  1 + 1·2^1 ◗, ◖ 99 =  3 + 3·2^5 ◗, ◖ 395 = -1 + 99·2^2 ◗, ◖ 1579 = -1 + 395·2^2 ◗]
 1581 /3/ [◖ 1 ◗, ◖ 3 =  1 + 1·2^1 ◗, ◖ 99 =  3 + 3·2^5 ◗, ◖ 1581 = -3 + 99·2^4 ◗]
 1583 /3/ [◖ 1 ◗, ◖ 3 =  1 + 1·2^1 ◗, ◖ 99 =  3 + 3·2^5 ◗, ◖ 1583 = -1 + 99·2^4 ◗]
 1585 /3/ [◖ 1 ◗, ◖ 3 =  1 + 1·2^1 ◗, ◖ 99 =  3 + 3·2^5 ◗, ◖ 1585 =  1 + 99·2^4 ◗]
 1587 /3/ [◖ 1 ◗, ◖ 3 =  1 + 1·2^1 ◗, ◖ 99 =  3 + 3·2^5 ◗, ◖ 1587 =  3 + 99·2^4 ◗]
 1589 /4/ [◖ 1 ◗, ◖ 3 =  1 + 1·2^1 ◗, ◖ 99 =  3 + 3·2^5 ◗, ◖ 397 =  1 + 99·2^2 ◗, ◖ 1589 =  1 + 397·2^2 ◗]
 1591 /3/ [◖ 1 ◗, ◖ 9 =  1 + 1·2^3 ◗, ◖ 567 = -9 + 9·2^6 ◗, ◖ 1591 =  567 + 1·2^10 ◗]
 1593 /3/ [◖ 1 ◗, ◖ 7 = -1 + 1·2^3 ◗, ◖ 455 =  7 + 7·2^6 ◗, ◖ 1593 = -455 + 1·2^11 ◗]
 1595 /3/ [◖ 1 ◗, ◖ 5 =  1 + 1·2^2 ◗, ◖ 319 = -1 + 5·2^6 ◗, ◖ 1595 =  319 + 319·2^2 ◗]
 1597 /3/ [◖ 1 ◗, ◖ 3 =  1 + 1·2^1 ◗, ◖ 25 =  1 + 3·2^3 ◗, ◖ 1597 = -3 + 25·2^6 ◗]
 1599 /3/ [◖ 1 ◗, ◖ 3 =  1 + 1·2^1 ◗, ◖ 25 =  1 + 3·2^3 ◗, ◖ 1599 = -1 + 25·2^6 ◗]
 1601 /3/ [◖ 1 ◗, ◖ 3 =  1 + 1·2^1 ◗, ◖ 25 =  1 + 3·2^3 ◗, ◖ 1601 =  1 + 25·2^6 ◗]
 1603 /3/ [◖ 1 ◗, ◖ 3 =  1 + 1·2^1 ◗, ◖ 25 =  1 + 3·2^3 ◗, ◖ 1603 =  3 + 25·2^6 ◗]
 1605 /3/ [◖ 1 ◗, ◖ 5 =  1 + 1·2^2 ◗, ◖ 321 =  1 + 5·2^6 ◗, ◖ 1605 =  321 + 321·2^2 ◗]
 1607 /3/ [◖ 1 ◗, ◖ 7 = -1 + 1·2^3 ◗, ◖ 441 = -7 + 7·2^6 ◗, ◖ 1607 = -441 + 1·2^11 ◗]
 1609 /3/ [◖ 1 ◗, ◖ 9 =  1 + 1·2^3 ◗, ◖ 585 =  9 + 9·2^6 ◗, ◖ 1609 =  585 + 1·2^10 ◗]
 1611 /4/ [◖ 1 ◗, ◖ 3 =  1 + 1·2^1 ◗, ◖ 25 =  1 + 3·2^3 ◗, ◖ 403 =  3 + 25·2^4 ◗, ◖ 1611 = -1 + 403·2^2 ◗]
 1613 /4/ [◖ 1 ◗, ◖ 3 =  1 + 1·2^1 ◗, ◖ 25 =  1 + 3·2^3 ◗, ◖ 403 =  3 + 25·2^4 ◗, ◖ 1613 =  1 + 403·2^2 ◗]
 1615 /3/ [◖ 1 ◗, ◖ 3 =  1 + 1·2^1 ◗, ◖ 95 = -1 + 3·2^5 ◗, ◖ 1615 =  95 + 95·2^4 ◗]
 1617 /3/ [◖ 1 ◗, ◖ 3 =  1 + 1·2^1 ◗, ◖ 49 =  1 + 3·2^4 ◗, ◖ 1617 =  49 + 49·2^5 ◗]
 1619 /4/ [◖ 1 ◗, ◖ 3 =  1 + 1·2^1 ◗, ◖ 51 =  3 + 3·2^4 ◗, ◖ 405 = -3 + 51·2^3 ◗, ◖ 1619 = -1 + 405·2^2 ◗]
 1621 /4/ [◖ 1 ◗, ◖ 3 =  1 + 1·2^1 ◗, ◖ 51 =  3 + 3·2^4 ◗, ◖ 405 = -3 + 51·2^3 ◗, ◖ 1621 =  1 + 405·2^2 ◗]
 1623 /4/ [◖ 1 ◗, ◖ 3 =  1 + 1·2^1 ◗, ◖ 51 =  3 + 3·2^4 ◗, ◖ 203 = -1 + 51·2^2 ◗, ◖ 1623 = -1 + 203·2^3 ◗]
 1625 /3/ [◖ 1 ◗, ◖ 3 =  1 + 1·2^1 ◗, ◖ 25 =  1 + 3·2^3 ◗, ◖ 1625 =  25 + 25·2^6 ◗]
 1627 /4/ [◖ 1 ◗, ◖ 3 =  1 + 1·2^1 ◗, ◖ 51 =  3 + 3·2^4 ◗, ◖ 407 = -1 + 51·2^3 ◗, ◖ 1627 = -1 + 407·2^2 ◗]
 1629 /3/ [◖ 1 ◗, ◖ 3 =  1 + 1·2^1 ◗, ◖ 51 =  3 + 3·2^4 ◗, ◖ 1629 = -3 + 51·2^5 ◗]
 1631 /3/ [◖ 1 ◗, ◖ 3 =  1 + 1·2^1 ◗, ◖ 51 =  3 + 3·2^4 ◗, ◖ 1631 = -1 + 51·2^5 ◗]
 1633 /3/ [◖ 1 ◗, ◖ 3 =  1 + 1·2^1 ◗, ◖ 51 =  3 + 3·2^4 ◗, ◖ 1633 =  1 + 51·2^5 ◗]
 1635 /3/ [◖ 1 ◗, ◖ 3 =  1 + 1·2^1 ◗, ◖ 51 =  3 + 3·2^4 ◗, ◖ 1635 =  3 + 51·2^5 ◗]
 1637 /4/ [◖ 1 ◗, ◖ 3 =  1 + 1·2^1 ◗, ◖ 51 =  3 + 3·2^4 ◗, ◖ 409 =  1 + 51·2^3 ◗, ◖ 1637 =  1 + 409·2^2 ◗]
 1639 /4/ [◖ 1 ◗, ◖ 3 =  1 + 1·2^1 ◗, ◖ 51 =  3 + 3·2^4 ◗, ◖ 205 =  1 + 51·2^2 ◗, ◖ 1639 = -1 + 205·2^3 ◗]
 1641 /4/ [◖ 1 ◗, ◖ 3 =  1 + 1·2^1 ◗, ◖ 51 =  3 + 3·2^4 ◗, ◖ 205 =  1 + 51·2^2 ◗, ◖ 1641 =  1 + 205·2^3 ◗]
 1643 /4/ [◖ 1 ◗, ◖ 3 =  1 + 1·2^1 ◗, ◖ 51 =  3 + 3·2^4 ◗, ◖ 411 =  3 + 51·2^3 ◗, ◖ 1643 = -1 + 411·2^2 ◗]
 1645 /4/ [◖ 1 ◗, ◖ 3 =  1 + 1·2^1 ◗, ◖ 51 =  3 + 3·2^4 ◗, ◖ 411 =  3 + 51·2^3 ◗, ◖ 1645 =  1 + 411·2^2 ◗]
 1647 /3/ [◖ 1 ◗, ◖ 17 =  1 + 1·2^4 ◗, ◖ 2159 = -17 + 17·2^7 ◗, ◖ 1647 =  2159 - 1·2^9 ◗]
 1649 /3/ [◖ 1 ◗, ◖ 3 =  1 + 1·2^1 ◗, ◖ 97 =  1 + 3·2^5 ◗, ◖ 1649 =  97 + 97·2^4 ◗]
 1651 /3/ [◖ 1 ◗, ◖ 3 =  1 + 1·2^1 ◗, ◖ 13 =  1 + 3·2^2 ◗, ◖ 1651 = -13 + 13·2^7 ◗]
 1653 /4/ [◖ 1 ◗, ◖ 3 =  1 + 1·2^1 ◗, ◖ 13 =  1 + 3·2^2 ◗, ◖ 413 = -3 + 13·2^5 ◗, ◖ 1653 =  1 + 413·2^2 ◗]
 1655 /3/ [◖ 1 ◗, ◖ 9 =  1 + 1·2^3 ◗, ◖ 1143 = -9 + 9·2^7 ◗, ◖ 1655 =  1143 + 1·2^9 ◗]
 1657 /3/ [◖ 1 ◗, ◖ 7 = -1 + 1·2^3 ◗, ◖ 1785 = -7 + 7·2^8 ◗, ◖ 1657 =  1785 - 1·2^7 ◗]
 1659 /3/ [◖ 1 ◗, ◖ 5 =  1 + 1·2^2 ◗, ◖ 635 = -5 + 5·2^7 ◗, ◖ 1659 =  635 + 1·2^10 ◗]
 1661 /3/ [◖ 1 ◗, ◖ 3 =  1 + 1·2^1 ◗, ◖ 13 =  1 + 3·2^2 ◗, ◖ 1661 = -3 + 13·2^7 ◗]
 1663 /3/ [◖ 1 ◗, ◖ 3 =  1 + 1·2^1 ◗, ◖ 13 =  1 + 3·2^2 ◗, ◖ 1663 = -1 + 13·2^7 ◗]
 1665 /3/ [◖ 1 ◗, ◖ 3 =  1 + 1·2^1 ◗, ◖ 13 =  1 + 3·2^2 ◗, ◖ 1665 =  1 + 13·2^7 ◗]
 1667 /3/ [◖ 1 ◗, ◖ 3 =  1 + 1·2^1 ◗, ◖ 13 =  1 + 3·2^2 ◗, ◖ 1667 =  3 + 13·2^7 ◗]
 1669 /3/ [◖ 1 ◗, ◖ 5 =  1 + 1·2^2 ◗, ◖ 645 =  5 + 5·2^7 ◗, ◖ 1669 =  645 + 1·2^10 ◗]
 1671 /3/ [◖ 1 ◗, ◖ 7 = -1 + 1·2^3 ◗, ◖ 1799 =  7 + 7·2^8 ◗, ◖ 1671 =  1799 - 1·2^7 ◗]
 1673 /3/ [◖ 1 ◗, ◖ 7 = -1 + 1·2^3 ◗, ◖ 105 = -7 + 7·2^4 ◗, ◖ 1673 = -7 + 105·2^4 ◗]
 1675 /4/ [◖ 1 ◗, ◖ 7 = -1 + 1·2^3 ◗, ◖ 105 = -7 + 7·2^4 ◗, ◖ 419 = -1 + 105·2^2 ◗, ◖ 1675 = -1 + 419·2^2 ◗]
 1677 /3/ [◖ 1 ◗, ◖ 3 =  1 + 1·2^1 ◗, ◖ 13 =  1 + 3·2^2 ◗, ◖ 1677 =  13 + 13·2^7 ◗]
 1679 /3/ [◖ 1 ◗, ◖ 7 = -1 + 1·2^3 ◗, ◖ 105 = -7 + 7·2^4 ◗, ◖ 1679 = -1 + 105·2^4 ◗]
 1681 /3/ [◖ 1 ◗, ◖ 7 = -1 + 1·2^3 ◗, ◖ 105 = -7 + 7·2^4 ◗, ◖ 1681 =  1 + 105·2^4 ◗]
 1683 /3/ [◖ 1 ◗, ◖ 3 =  1 + 1·2^1 ◗, ◖ 51 =  3 + 3·2^4 ◗, ◖ 1683 =  51 + 51·2^5 ◗]
 1685 /4/ [◖ 1 ◗, ◖ 7 = -1 + 1·2^3 ◗, ◖ 105 = -7 + 7·2^4 ◗, ◖ 421 =  1 + 105·2^2 ◗, ◖ 1685 =  1 + 421·2^2 ◗]
 1687 /3/ [◖ 1 ◗, ◖ 7 = -1 + 1·2^3 ◗, ◖ 105 = -7 + 7·2^4 ◗, ◖ 1687 =  7 + 105·2^4 ◗]
 1689 /4/ [◖ 1 ◗, ◖ 7 = -1 + 1·2^3 ◗, ◖ 105 = -7 + 7·2^4 ◗, ◖ 211 =  1 + 105·2^1 ◗, ◖ 1689 =  1 + 211·2^3 ◗]
 1691 /4/ [◖ 1 ◗, ◖ 3 =  1 + 1·2^1 ◗, ◖ 13 =  1 + 3·2^2 ◗, ◖ 845 =  13 + 13·2^6 ◗, ◖ 1691 =  1 + 845·2^1 ◗]
 1693 /4/ [◖ 1 ◗, ◖ 7 = -1 + 1·2^3 ◗, ◖ 105 = -7 + 7·2^4 ◗, ◖ 847 =  7 + 105·2^3 ◗, ◖ 1693 = -1 + 847·2^1 ◗]
 1695 /3/ [◖ 1 ◗, ◖ 7 = -1 + 1·2^3 ◗, ◖ 113 =  1 + 7·2^4 ◗, ◖ 1695 = -113 + 113·2^4 ◗]
 1697 /3/ [◖ 1 ◗, ◖ 31 = -1 + 1·2^5 ◗, ◖ 1953 = -31 + 31·2^6 ◗, ◖ 1697 =  1953 - 1·2^8 ◗]
 1699 /4/ [◖ 1 ◗, ◖ 7 = -1 + 1·2^3 ◗, ◖ 27 = -1 + 7·2^2 ◗, ◖ 425 = -7 + 27·2^4 ◗, ◖ 1699 = -1 + 425·2^2 ◗]
 1701 /3/ [◖ 1 ◗, ◖ 7 = -1 + 1·2^3 ◗, ◖ 27 = -1 + 7·2^2 ◗, ◖ 1701 = -27 + 27·2^6 ◗]
 1703 /4/ [◖ 1 ◗, ◖ 7 = -1 + 1·2^3 ◗, ◖ 55 = -1 + 7·2^3 ◗, ◖ 213 = -7 + 55·2^2 ◗, ◖ 1703 = -1 + 213·2^3 ◗]
 1705 /3/ [◖ 1 ◗, ◖ 7 = -1 + 1·2^3 ◗, ◖ 55 = -1 + 7·2^3 ◗, ◖ 1705 = -55 + 55·2^5 ◗]
 1707 /4/ [◖ 1 ◗, ◖ 7 = -1 + 1·2^3 ◗, ◖ 105 = -7 + 7·2^4 ◗, ◖ 427 =  7 + 105·2^2 ◗, ◖ 1707 = -1 + 427·2^2 ◗]
 1709 /4/ [◖ 1 ◗, ◖ 7 = -1 + 1·2^3 ◗, ◖ 105 = -7 + 7·2^4 ◗, ◖ 427 =  7 + 105·2^2 ◗, ◖ 1709 =  1 + 427·2^2 ◗]
 1711 /4/ [◖ 1 ◗, ◖ 7 = -1 + 1·2^3 ◗, ◖ 27 = -1 + 7·2^2 ◗, ◖ 107 = -1 + 27·2^2 ◗, ◖ 1711 = -1 + 107·2^4 ◗]
 1713 /4/ [◖ 1 ◗, ◖ 7 = -1 + 1·2^3 ◗, ◖ 27 = -1 + 7·2^2 ◗, ◖ 107 = -1 + 27·2^2 ◗, ◖ 1713 =  1 + 107·2^4 ◗]
 1715 /4/ [◖ 1 ◗, ◖ 7 = -1 + 1·2^3 ◗, ◖ 27 = -1 + 7·2^2 ◗, ◖ 857 = -7 + 27·2^5 ◗, ◖ 1715 =  1 + 857·2^1 ◗]
 1717 /4/ [◖ 1 ◗, ◖ 3 =  1 + 1·2^1 ◗, ◖ 13 =  1 + 3·2^2 ◗, ◖ 429 =  13 + 13·2^5 ◗, ◖ 1717 =  1 + 429·2^2 ◗]
 1719 /3/ [◖ 1 ◗, ◖ 3 =  1 + 1·2^1 ◗, ◖ 191 = -1 + 3·2^6 ◗, ◖ 1719 =  191 + 191·2^3 ◗]
 1721 /3/ [◖ 1 ◗, ◖ 7 = -1 + 1·2^3 ◗, ◖ 27 = -1 + 7·2^2 ◗, ◖ 1721 = -7 + 27·2^6 ◗]
 1723 /3/ [◖ 1 ◗, ◖ 5 =  1 + 1·2^2 ◗, ◖ 325 =  5 + 5·2^6 ◗, ◖ 1723 = -325 + 1·2^11 ◗]
 1725 /3/ [◖ 1 ◗, ◖ 9 =  1 + 1·2^3 ◗, ◖ 575 = -1 + 9·2^6 ◗, ◖ 1725 =  575 + 575·2^1 ◗]
 1727 /3/ [◖ 1 ◗, ◖ 7 = -1 + 1·2^3 ◗, ◖ 27 = -1 + 7·2^2 ◗, ◖ 1727 = -1 + 27·2^6 ◗]
 1729 /3/ [◖ 1 ◗, ◖ 7 = -1 + 1·2^3 ◗, ◖ 27 = -1 + 7·2^2 ◗, ◖ 1729 =  1 + 27·2^6 ◗]
 1731 /3/ [◖ 1 ◗, ◖ 9 =  1 + 1·2^3 ◗, ◖ 577 =  1 + 9·2^6 ◗, ◖ 1731 =  577 + 577·2^1 ◗]
 1733 /3/ [◖ 1 ◗, ◖ 5 =  1 + 1·2^2 ◗, ◖ 315 = -5 + 5·2^6 ◗, ◖ 1733 = -315 + 1·2^11 ◗]
 1735 /3/ [◖ 1 ◗, ◖ 7 = -1 + 1·2^3 ◗, ◖ 217 = -7 + 7·2^5 ◗, ◖ 1735 = -1 + 217·2^3 ◗]
 1737 /3/ [◖ 1 ◗, ◖ 7 = -1 + 1·2^3 ◗, ◖ 217 = -7 + 7·2^5 ◗, ◖ 1737 =  1 + 217·2^3 ◗]
 1739 /4/ [◖ 1 ◗, ◖ 7 = -1 + 1·2^3 ◗, ◖ 217 = -7 + 7·2^5 ◗, ◖ 435 =  1 + 217·2^1 ◗, ◖ 1739 = -1 + 435·2^2 ◗]
 1741 /4/ [◖ 1 ◗, ◖ 7 = -1 + 1·2^3 ◗, ◖ 217 = -7 + 7·2^5 ◗, ◖ 435 =  1 + 217·2^1 ◗, ◖ 1741 =  1 + 435·2^2 ◗]
 1743 /3/ [◖ 1 ◗, ◖ 7 = -1 + 1·2^3 ◗, ◖ 217 = -7 + 7·2^5 ◗, ◖ 1743 =  7 + 217·2^3 ◗]
 1745 /4/ [◖ 1 ◗, ◖ 7 = -1 + 1·2^3 ◗, ◖ 27 = -1 + 7·2^2 ◗, ◖ 109 =  1 + 27·2^2 ◗, ◖ 1745 =  1 + 109·2^4 ◗]
 1747 /4/ [◖ 1 ◗, ◖ 7 = -1 + 1·2^3 ◗, ◖ 55 = -1 + 7·2^3 ◗, ◖ 873 = -7 + 55·2^4 ◗, ◖ 1747 =  1 + 873·2^1 ◗]
 1749 /4/ [◖ 1 ◗, ◖ 7 = -1 + 1·2^3 ◗, ◖ 111 = -1 + 7·2^4 ◗, ◖ 437 = -7 + 111·2^2 ◗, ◖ 1749 =  1 + 437·2^2 ◗]
 1751 /3/ [◖ 1 ◗, ◖ 9 =  1 + 1·2^3 ◗, ◖ 297 =  9 + 9·2^5 ◗, ◖ 1751 = -297 + 1·2^11 ◗]
 1753 /3/ [◖ 1 ◗, ◖ 7 = -1 + 1·2^3 ◗, ◖ 55 = -1 + 7·2^3 ◗, ◖ 1753 = -7 + 55·2^5 ◗]
 1755 /3/ [◖ 1 ◗, ◖ 7 = -1 + 1·2^3 ◗, ◖ 27 = -1 + 7·2^2 ◗, ◖ 1755 =  27 + 27·2^6 ◗]
 1757 /3/ [◖ 1 ◗, ◖ 7 = -1 + 1·2^3 ◗, ◖ 441 = -7 + 7·2^6 ◗, ◖ 1757 = -7 + 441·2^2 ◗]
 1759 /3/ [◖ 1 ◗, ◖ 7 = -1 + 1·2^3 ◗, ◖ 55 = -1 + 7·2^3 ◗, ◖ 1759 = -1 + 55·2^5 ◗]
 1761 /3/ [◖ 1 ◗, ◖ 7 = -1 + 1·2^3 ◗, ◖ 55 = -1 + 7·2^3 ◗, ◖ 1761 =  1 + 55·2^5 ◗]
 1763 /3/ [◖ 1 ◗, ◖ 7 = -1 + 1·2^3 ◗, ◖ 441 = -7 + 7·2^6 ◗, ◖ 1763 = -1 + 441·2^2 ◗]
 1765 /3/ [◖ 1 ◗, ◖ 7 = -1 + 1·2^3 ◗, ◖ 441 = -7 + 7·2^6 ◗, ◖ 1765 =  1 + 441·2^2 ◗]
 1767 /3/ [◖ 1 ◗, ◖ 7 = -1 + 1·2^3 ◗, ◖ 55 = -1 + 7·2^3 ◗, ◖ 1767 =  7 + 55·2^5 ◗]
 1769 /3/ [◖ 1 ◗, ◖ 7 = -1 + 1·2^3 ◗, ◖ 111 = -1 + 7·2^4 ◗, ◖ 1769 = -7 + 111·2^4 ◗]
 1771 /3/ [◖ 1 ◗, ◖ 7 = -1 + 1·2^3 ◗, ◖ 441 = -7 + 7·2^6 ◗, ◖ 1771 =  7 + 441·2^2 ◗]
 1773 /4/ [◖ 1 ◗, ◖ 7 = -1 + 1·2^3 ◗, ◖ 111 = -1 + 7·2^4 ◗, ◖ 443 = -1 + 111·2^2 ◗, ◖ 1773 =  1 + 443·2^2 ◗]
 1775 /3/ [◖ 1 ◗, ◖ 7 = -1 + 1·2^3 ◗, ◖ 111 = -1 + 7·2^4 ◗, ◖ 1775 = -1 + 111·2^4 ◗]
 1777 /3/ [◖ 1 ◗, ◖ 7 = -1 + 1·2^3 ◗, ◖ 111 = -1 + 7·2^4 ◗, ◖ 1777 =  1 + 111·2^4 ◗]
 1779 /3/ [◖ 1 ◗, ◖ 7 = -1 + 1·2^3 ◗, ◖ 889 = -7 + 7·2^7 ◗, ◖ 1779 =  1 + 889·2^1 ◗]
 1781 /3/ [◖ 1 ◗, ◖ 7 = -1 + 1·2^3 ◗, ◖ 447 = -1 + 7·2^6 ◗, ◖ 1781 = -7 + 447·2^2 ◗]
 1783 /3/ [◖ 1 ◗, ◖ 7 = -1 + 1·2^3 ◗, ◖ 223 = -1 + 7·2^5 ◗, ◖ 1783 = -1 + 223·2^3 ◗]
 1785 /2/ [◖ 1 ◗, ◖ 7 = -1 + 1·2^3 ◗, ◖ 1785 = -7 + 7·2^8 ◗]
 1787 /3/ [◖ 1 ◗, ◖ 7 = -1 + 1·2^3 ◗, ◖ 447 = -1 + 7·2^6 ◗, ◖ 1787 = -1 + 447·2^2 ◗]
 1789 /3/ [◖ 1 ◗, ◖ 7 = -1 + 1·2^3 ◗, ◖ 447 = -1 + 7·2^6 ◗, ◖ 1789 =  1 + 447·2^2 ◗]
 1791 /2/ [◖ 1 ◗, ◖ 7 = -1 + 1·2^3 ◗, ◖ 1791 = -1 + 7·2^8 ◗]
 1793 /2/ [◖ 1 ◗, ◖ 7 = -1 + 1·2^3 ◗, ◖ 1793 =  1 + 7·2^8 ◗]
 1795 /3/ [◖ 1 ◗, ◖ 7 = -1 + 1·2^3 ◗, ◖ 449 =  1 + 7·2^6 ◗, ◖ 1795 = -1 + 449·2^2 ◗]
 1797 /3/ [◖ 1 ◗, ◖ 7 = -1 + 1·2^3 ◗, ◖ 449 =  1 + 7·2^6 ◗, ◖ 1797 =  1 + 449·2^2 ◗]
 1799 /2/ [◖ 1 ◗, ◖ 7 = -1 + 1·2^3 ◗, ◖ 1799 =  7 + 7·2^8 ◗]
 1801 /3/ [◖ 1 ◗, ◖ 7 = -1 + 1·2^3 ◗, ◖ 225 =  1 + 7·2^5 ◗, ◖ 1801 =  1 + 225·2^3 ◗]
 1803 /3/ [◖ 1 ◗, ◖ 7 = -1 + 1·2^3 ◗, ◖ 449 =  1 + 7·2^6 ◗, ◖ 1803 =  7 + 449·2^2 ◗]
 1805 /3/ [◖ 1 ◗, ◖ 7 = -1 + 1·2^3 ◗, ◖ 903 =  7 + 7·2^7 ◗, ◖ 1805 = -1 + 903·2^1 ◗]
 1807 /3/ [◖ 1 ◗, ◖ 7 = -1 + 1·2^3 ◗, ◖ 113 =  1 + 7·2^4 ◗, ◖ 1807 = -1 + 113·2^4 ◗]
 1809 /3/ [◖ 1 ◗, ◖ 7 = -1 + 1·2^3 ◗, ◖ 113 =  1 + 7·2^4 ◗, ◖ 1809 =  1 + 113·2^4 ◗]
 1811 /4/ [◖ 1 ◗, ◖ 7 = -1 + 1·2^3 ◗, ◖ 113 =  1 + 7·2^4 ◗, ◖ 453 =  1 + 113·2^2 ◗, ◖ 1811 = -1 + 453·2^2 ◗]
 1813 /3/ [◖ 1 ◗, ◖ 7 = -1 + 1·2^3 ◗, ◖ 455 =  7 + 7·2^6 ◗, ◖ 1813 = -7 + 455·2^2 ◗]
 1815 /3/ [◖ 1 ◗, ◖ 7 = -1 + 1·2^3 ◗, ◖ 113 =  1 + 7·2^4 ◗, ◖ 1815 =  7 + 113·2^4 ◗]
 1817 /3/ [◖ 1 ◗, ◖ 7 = -1 + 1·2^3 ◗, ◖ 57 =  1 + 7·2^3 ◗, ◖ 1817 = -7 + 57·2^5 ◗]
 1819 /3/ [◖ 1 ◗, ◖ 7 = -1 + 1·2^3 ◗, ◖ 455 =  7 + 7·2^6 ◗, ◖ 1819 = -1 + 455·2^2 ◗]
 1821 /3/ [◖ 1 ◗, ◖ 7 = -1 + 1·2^3 ◗, ◖ 455 =  7 + 7·2^6 ◗, ◖ 1821 =  1 + 455·2^2 ◗]
 1823 /3/ [◖ 1 ◗, ◖ 7 = -1 + 1·2^3 ◗, ◖ 57 =  1 + 7·2^3 ◗, ◖ 1823 = -1 + 57·2^5 ◗]
 1825 /3/ [◖ 1 ◗, ◖ 7 = -1 + 1·2^3 ◗, ◖ 57 =  1 + 7·2^3 ◗, ◖ 1825 =  1 + 57·2^5 ◗]
 1827 /3/ [◖ 1 ◗, ◖ 7 = -1 + 1·2^3 ◗, ◖ 455 =  7 + 7·2^6 ◗, ◖ 1827 =  7 + 455·2^2 ◗]
 1829 /3/ [◖ 1 ◗, ◖ 15 = -1 + 1·2^4 ◗, ◖ 59 = -1 + 15·2^2 ◗, ◖ 1829 = -59 + 59·2^5 ◗]
 1831 /3/ [◖ 1 ◗, ◖ 7 = -1 + 1·2^3 ◗, ◖ 57 =  1 + 7·2^3 ◗, ◖ 1831 =  7 + 57·2^5 ◗]
 1833 /4/ [◖ 1 ◗, ◖ 7 = -1 + 1·2^3 ◗, ◖ 57 =  1 + 7·2^3 ◗, ◖ 229 =  1 + 57·2^2 ◗, ◖ 1833 =  1 + 229·2^3 ◗]
 1835 /4/ [◖ 1 ◗, ◖ 7 = -1 + 1·2^3 ◗, ◖ 113 =  1 + 7·2^4 ◗, ◖ 459 =  7 + 113·2^2 ◗, ◖ 1835 = -1 + 459·2^2 ◗]
 1837 /4/ [◖ 1 ◗, ◖ 7 = -1 + 1·2^3 ◗, ◖ 57 =  1 + 7·2^3 ◗, ◖ 919 =  7 + 57·2^4 ◗, ◖ 1837 = -1 + 919·2^1 ◗]
 1839 /4/ [◖ 1 ◗, ◖ 7 = -1 + 1·2^3 ◗, ◖ 29 =  1 + 7·2^2 ◗, ◖ 115 = -1 + 29·2^2 ◗, ◖ 1839 = -1 + 115·2^4 ◗]
 1841 /3/ [◖ 1 ◗, ◖ 7 = -1 + 1·2^3 ◗, ◖ 231 =  7 + 7·2^5 ◗, ◖ 1841 = -7 + 231·2^3 ◗]
 1843 /4/ [◖ 1 ◗, ◖ 7 = -1 + 1·2^3 ◗, ◖ 231 =  7 + 7·2^5 ◗, ◖ 461 = -1 + 231·2^1 ◗, ◖ 1843 = -1 + 461·2^2 ◗]
 1845 /3/ [◖ 1 ◗, ◖ 15 = -1 + 1·2^4 ◗, ◖ 465 = -15 + 15·2^5 ◗, ◖ 1845 = -15 + 465·2^2 ◗]
 1847 /3/ [◖ 1 ◗, ◖ 7 = -1 + 1·2^3 ◗, ◖ 231 =  7 + 7·2^5 ◗, ◖ 1847 = -1 + 231·2^3 ◗]
 1849 /3/ [◖ 1 ◗, ◖ 7 = -1 + 1·2^3 ◗, ◖ 231 =  7 + 7·2^5 ◗, ◖ 1849 =  1 + 231·2^3 ◗]
 1851 /4/ [◖ 1 ◗, ◖ 7 = -1 + 1·2^3 ◗, ◖ 29 =  1 + 7·2^2 ◗, ◖ 463 = -1 + 29·2^4 ◗, ◖ 1851 = -1 + 463·2^2 ◗]
 1853 /3/ [◖ 1 ◗, ◖ 3 =  1 + 1·2^1 ◗, ◖ 195 =  3 + 3·2^6 ◗, ◖ 1853 = -195 + 1·2^11 ◗]
 1855 /3/ [◖ 1 ◗, ◖ 7 = -1 + 1·2^3 ◗, ◖ 29 =  1 + 7·2^2 ◗, ◖ 1855 = -1 + 29·2^6 ◗]
 1857 /3/ [◖ 1 ◗, ◖ 7 = -1 + 1·2^3 ◗, ◖ 29 =  1 + 7·2^2 ◗, ◖ 1857 =  1 + 29·2^6 ◗]
 1859 /3/ [◖ 1 ◗, ◖ 15 = -1 + 1·2^4 ◗, ◖ 465 = -15 + 15·2^5 ◗, ◖ 1859 = -1 + 465·2^2 ◗]
 1861 /3/ [◖ 1 ◗, ◖ 15 = -1 + 1·2^4 ◗, ◖ 465 = -15 + 15·2^5 ◗, ◖ 1861 =  1 + 465·2^2 ◗]
 1863 /3/ [◖ 1 ◗, ◖ 7 = -1 + 1·2^3 ◗, ◖ 29 =  1 + 7·2^2 ◗, ◖ 1863 =  7 + 29·2^6 ◗]
 1865 /4/ [◖ 1 ◗, ◖ 7 = -1 + 1·2^3 ◗, ◖ 29 =  1 + 7·2^2 ◗, ◖ 233 =  1 + 29·2^3 ◗, ◖ 1865 =  1 + 233·2^3 ◗]
 1867 /4/ [◖ 1 ◗, ◖ 15 = -1 + 1·2^4 ◗, ◖ 241 =  1 + 15·2^4 ◗, ◖ 467 = -15 + 241·2^1 ◗, ◖ 1867 = -1 + 467·2^2 ◗]
 1869 /4/ [◖ 1 ◗, ◖ 7 = -1 + 1·2^3 ◗, ◖ 29 =  1 + 7·2^2 ◗, ◖ 935 =  7 + 29·2^5 ◗, ◖ 1869 = -1 + 935·2^1 ◗]
 1871 /3/ [◖ 1 ◗, ◖ 15 = -1 + 1·2^4 ◗, ◖ 1935 =  15 + 15·2^7 ◗, ◖ 1871 =  1935 - 1·2^6 ◗]
 1873 /3/ [◖ 1 ◗, ◖ 15 = -1 + 1·2^4 ◗, ◖ 59 = -1 + 15·2^2 ◗, ◖ 1873 = -15 + 59·2^5 ◗]
 1875 /3/ [◖ 1 ◗, ◖ 15 = -1 + 1·2^4 ◗, ◖ 465 = -15 + 15·2^5 ◗, ◖ 1875 =  15 + 465·2^2 ◗]
 1877 /4/ [◖ 1 ◗, ◖ 7 = -1 + 1·2^3 ◗, ◖ 231 =  7 + 7·2^5 ◗, ◖ 469 =  7 + 231·2^1 ◗, ◖ 1877 =  1 + 469·2^2 ◗]
 1879 /4/ [◖ 1 ◗, ◖ 15 = -1 + 1·2^4 ◗, ◖ 59 = -1 + 15·2^2 ◗, ◖ 235 = -1 + 59·2^2 ◗, ◖ 1879 = -1 + 235·2^3 ◗]
 1881 /3/ [◖ 1 ◗, ◖ 7 = -1 + 1·2^3 ◗, ◖ 57 =  1 + 7·2^3 ◗, ◖ 1881 =  57 + 57·2^5 ◗]
 1883 /3/ [◖ 1 ◗, ◖ 5 =  1 + 1·2^2 ◗, ◖ 165 =  5 + 5·2^5 ◗, ◖ 1883 = -165 + 1·2^11 ◗]
 1885 /3/ [◖ 1 ◗, ◖ 7 = -1 + 1·2^3 ◗, ◖ 29 =  1 + 7·2^2 ◗, ◖ 1885 =  29 + 29·2^6 ◗]
 1887 /3/ [◖ 1 ◗, ◖ 15 = -1 + 1·2^4 ◗, ◖ 59 = -1 + 15·2^2 ◗, ◖ 1887 = -1 + 59·2^5 ◗]
 1889 /3/ [◖ 1 ◗, ◖ 15 = -1 + 1·2^4 ◗, ◖ 59 = -1 + 15·2^2 ◗, ◖ 1889 =  1 + 59·2^5 ◗]
 1891 /3/ [◖ 1 ◗, ◖ 15 = -1 + 1·2^4 ◗, ◖ 945 = -15 + 15·2^6 ◗, ◖ 1891 =  1 + 945·2^1 ◗]
 1893 /3/ [◖ 1 ◗, ◖ 5 =  1 + 1·2^2 ◗, ◖ 155 = -5 + 5·2^5 ◗, ◖ 1893 = -155 + 1·2^11 ◗]
 1895 /3/ [◖ 1 ◗, ◖ 9 =  1 + 1·2^3 ◗, ◖ 153 =  9 + 9·2^4 ◗, ◖ 1895 = -153 + 1·2^11 ◗]
 1897 /3/ [◖ 1 ◗, ◖ 15 = -1 + 1·2^4 ◗, ◖ 239 = -1 + 15·2^4 ◗, ◖ 1897 = -15 + 239·2^3 ◗]
 1899 /4/ [◖ 1 ◗, ◖ 15 = -1 + 1·2^4 ◗, ◖ 119 = -1 + 15·2^3 ◗, ◖ 475 = -1 + 119·2^2 ◗, ◖ 1899 = -1 + 475·2^2 ◗]
 1901 /3/ [◖ 1 ◗, ◖ 15 = -1 + 1·2^4 ◗, ◖ 479 = -1 + 15·2^5 ◗, ◖ 1901 = -15 + 479·2^2 ◗]
 1903 /3/ [◖ 1 ◗, ◖ 15 = -1 + 1·2^4 ◗, ◖ 119 = -1 + 15·2^3 ◗, ◖ 1903 = -1 + 119·2^4 ◗]
 1905 /2/ [◖ 1 ◗, ◖ 15 = -1 + 1·2^4 ◗, ◖ 1905 = -15 + 15·2^7 ◗]
 1907 /3/ [◖ 1 ◗, ◖ 15 = -1 + 1·2^4 ◗, ◖ 961 =  1 + 15·2^6 ◗, ◖ 1907 = -15 + 961·2^1 ◗]
 1909 /3/ [◖ 1 ◗, ◖ 15 = -1 + 1·2^4 ◗, ◖ 481 =  1 + 15·2^5 ◗, ◖ 1909 = -15 + 481·2^2 ◗]
 1911 /3/ [◖ 1 ◗, ◖ 15 = -1 + 1·2^4 ◗, ◖ 239 = -1 + 15·2^4 ◗, ◖ 1911 = -1 + 239·2^3 ◗]
 1913 /3/ [◖ 1 ◗, ◖ 15 = -1 + 1·2^4 ◗, ◖ 239 = -1 + 15·2^4 ◗, ◖ 1913 =  1 + 239·2^3 ◗]
 1915 /3/ [◖ 1 ◗, ◖ 15 = -1 + 1·2^4 ◗, ◖ 479 = -1 + 15·2^5 ◗, ◖ 1915 = -1 + 479·2^2 ◗]
 1917 /3/ [◖ 1 ◗, ◖ 15 = -1 + 1·2^4 ◗, ◖ 479 = -1 + 15·2^5 ◗, ◖ 1917 =  1 + 479·2^2 ◗]
 1919 /2/ [◖ 1 ◗, ◖ 15 = -1 + 1·2^4 ◗, ◖ 1919 = -1 + 15·2^7 ◗]
 1921 /2/ [◖ 1 ◗, ◖ 15 = -1 + 1·2^4 ◗, ◖ 1921 =  1 + 15·2^7 ◗]
 1923 /3/ [◖ 1 ◗, ◖ 15 = -1 + 1·2^4 ◗, ◖ 481 =  1 + 15·2^5 ◗, ◖ 1923 = -1 + 481·2^2 ◗]
 1925 /3/ [◖ 1 ◗, ◖ 15 = -1 + 1·2^4 ◗, ◖ 481 =  1 + 15·2^5 ◗, ◖ 1925 =  1 + 481·2^2 ◗]
 1927 /3/ [◖ 1 ◗, ◖ 15 = -1 + 1·2^4 ◗, ◖ 241 =  1 + 15·2^4 ◗, ◖ 1927 = -1 + 241·2^3 ◗]
 1929 /3/ [◖ 1 ◗, ◖ 15 = -1 + 1·2^4 ◗, ◖ 241 =  1 + 15·2^4 ◗, ◖ 1929 =  1 + 241·2^3 ◗]
 1931 /3/ [◖ 1 ◗, ◖ 15 = -1 + 1·2^4 ◗, ◖ 479 = -1 + 15·2^5 ◗, ◖ 1931 =  15 + 479·2^2 ◗]
 1933 /3/ [◖ 1 ◗, ◖ 15 = -1 + 1·2^4 ◗, ◖ 959 = -1 + 15·2^6 ◗, ◖ 1933 =  15 + 959·2^1 ◗]
 1935 /2/ [◖ 1 ◗, ◖ 15 = -1 + 1·2^4 ◗, ◖ 1935 =  15 + 15·2^7 ◗]
 1937 /3/ [◖ 1 ◗, ◖ 15 = -1 + 1·2^4 ◗, ◖ 121 =  1 + 15·2^3 ◗, ◖ 1937 =  1 + 121·2^4 ◗]
 1939 /3/ [◖ 1 ◗, ◖ 15 = -1 + 1·2^4 ◗, ◖ 481 =  1 + 15·2^5 ◗, ◖ 1939 =  15 + 481·2^2 ◗]
 1941 /4/ [◖ 1 ◗, ◖ 15 = -1 + 1·2^4 ◗, ◖ 121 =  1 + 15·2^3 ◗, ◖ 485 =  1 + 121·2^2 ◗, ◖ 1941 =  1 + 485·2^2 ◗]
 1943 /3/ [◖ 1 ◗, ◖ 15 = -1 + 1·2^4 ◗, ◖ 241 =  1 + 15·2^4 ◗, ◖ 1943 =  15 + 241·2^3 ◗]
 1945 /3/ [◖ 1 ◗, ◖ 31 = -1 + 1·2^5 ◗, ◖ 247 = -1 + 31·2^3 ◗, ◖ 1945 = -31 + 247·2^3 ◗]
 1947 /3/ [◖ 1 ◗, ◖ 15 = -1 + 1·2^4 ◗, ◖ 59 = -1 + 15·2^2 ◗, ◖ 1947 =  59 + 59·2^5 ◗]
 1949 /3/ [◖ 1 ◗, ◖ 15 = -1 + 1·2^4 ◗, ◖ 975 =  15 + 15·2^6 ◗, ◖ 1949 = -1 + 975·2^1 ◗]
 1951 /3/ [◖ 1 ◗, ◖ 15 = -1 + 1·2^4 ◗, ◖ 61 =  1 + 15·2^2 ◗, ◖ 1951 = -1 + 61·2^5 ◗]
 1953 /2/ [◖ 1 ◗, ◖ 31 = -1 + 1·2^5 ◗, ◖ 1953 = -31 + 31·2^6 ◗]
 1955 /3/ [◖ 1 ◗, ◖ 31 = -1 + 1·2^5 ◗, ◖ 993 =  1 + 31·2^5 ◗, ◖ 1955 = -31 + 993·2^1 ◗]
 1957 /3/ [◖ 1 ◗, ◖ 31 = -1 + 1·2^5 ◗, ◖ 497 =  1 + 31·2^4 ◗, ◖ 1957 = -31 + 497·2^2 ◗]
 1959 /4/ [◖ 1 ◗, ◖ 15 = -1 + 1·2^4 ◗, ◖ 61 =  1 + 15·2^2 ◗, ◖ 245 =  1 + 61·2^2 ◗, ◖ 1959 = -1 + 245·2^3 ◗]
 1961 /3/ [◖ 1 ◗, ◖ 31 = -1 + 1·2^5 ◗, ◖ 249 =  1 + 31·2^3 ◗, ◖ 1961 = -31 + 249·2^3 ◗]
 1963 /3/ [◖ 1 ◗, ◖ 5 =  1 + 1·2^2 ◗, ◖ 85 =  5 + 5·2^4 ◗, ◖ 1963 = -85 + 1·2^11 ◗]
 1965 /3/ [◖ 1 ◗, ◖ 15 = -1 + 1·2^4 ◗, ◖ 975 =  15 + 15·2^6 ◗, ◖ 1965 =  15 + 975·2^1 ◗]
 1967 /3/ [◖ 1 ◗, ◖ 31 = -1 + 1·2^5 ◗, ◖ 123 = -1 + 31·2^2 ◗, ◖ 1967 = -1 + 123·2^4 ◗]
 1969 /3/ [◖ 1 ◗, ◖ 31 = -1 + 1·2^5 ◗, ◖ 123 = -1 + 31·2^2 ◗, ◖ 1969 =  1 + 123·2^4 ◗]
 1971 /4/ [◖ 1 ◗, ◖ 31 = -1 + 1·2^5 ◗, ◖ 123 = -1 + 31·2^2 ◗, ◖ 493 =  1 + 123·2^2 ◗, ◖ 1971 = -1 + 493·2^2 ◗]
 1973 /3/ [◖ 1 ◗, ◖ 5 =  1 + 1·2^2 ◗, ◖ 75 = -5 + 5·2^4 ◗, ◖ 1973 = -75 + 1·2^11 ◗]
 1975 /3/ [◖ 1 ◗, ◖ 31 = -1 + 1·2^5 ◗, ◖ 247 = -1 + 31·2^3 ◗, ◖ 1975 = -1 + 247·2^3 ◗]
 1977 /3/ [◖ 1 ◗, ◖ 31 = -1 + 1·2^5 ◗, ◖ 247 = -1 + 31·2^3 ◗, ◖ 1977 =  1 + 247·2^3 ◗]
 1979 /3/ [◖ 1 ◗, ◖ 31 = -1 + 1·2^5 ◗, ◖ 495 = -1 + 31·2^4 ◗, ◖ 1979 = -1 + 495·2^2 ◗]
 1981 /3/ [◖ 1 ◗, ◖ 31 = -1 + 1·2^5 ◗, ◖ 495 = -1 + 31·2^4 ◗, ◖ 1981 =  1 + 495·2^2 ◗]
 1983 /2/ [◖ 1 ◗, ◖ 31 = -1 + 1·2^5 ◗, ◖ 1983 = -1 + 31·2^6 ◗]
 1985 /2/ [◖ 1 ◗, ◖ 31 = -1 + 1·2^5 ◗, ◖ 1985 =  1 + 31·2^6 ◗]
 1987 /3/ [◖ 1 ◗, ◖ 31 = -1 + 1·2^5 ◗, ◖ 497 =  1 + 31·2^4 ◗, ◖ 1987 = -1 + 497·2^2 ◗]
 1989 /3/ [◖ 1 ◗, ◖ 31 = -1 + 1·2^5 ◗, ◖ 497 =  1 + 31·2^4 ◗, ◖ 1989 =  1 + 497·2^2 ◗]
 1991 /3/ [◖ 1 ◗, ◖ 31 = -1 + 1·2^5 ◗, ◖ 249 =  1 + 31·2^3 ◗, ◖ 1991 = -1 + 249·2^3 ◗]
 1993 /3/ [◖ 1 ◗, ◖ 31 = -1 + 1·2^5 ◗, ◖ 249 =  1 + 31·2^3 ◗, ◖ 1993 =  1 + 249·2^3 ◗]
 1995 /3/ [◖ 1 ◗, ◖ 33 =  1 + 1·2^5 ◗, ◖ 133 =  1 + 33·2^2 ◗, ◖ 1995 = -133 + 133·2^4 ◗]
 1997 /3/ [◖ 1 ◗, ◖ 3 =  1 + 1·2^1 ◗, ◖ 51 =  3 + 3·2^4 ◗, ◖ 1997 = -51 + 1·2^11 ◗]
 1999 /3/ [◖ 1 ◗, ◖ 31 = -1 + 1·2^5 ◗, ◖ 125 =  1 + 31·2^2 ◗, ◖ 1999 = -1 + 125·2^4 ◗]
 2001 /3/ [◖ 1 ◗, ◖ 31 = -1 + 1·2^5 ◗, ◖ 125 =  1 + 31·2^2 ◗, ◖ 2001 =  1 + 125·2^4 ◗]
 2003 /3/ [◖ 1 ◗, ◖ 3 =  1 + 1·2^1 ◗, ◖ 45 = -3 + 3·2^4 ◗, ◖ 2003 = -45 + 1·2^11 ◗]
 2005 /4/ [◖ 1 ◗, ◖ 31 = -1 + 1·2^5 ◗, ◖ 125 =  1 + 31·2^2 ◗, ◖ 501 =  1 + 125·2^2 ◗, ◖ 2005 =  1 + 501·2^2 ◗]
 2007 /3/ [◖ 1 ◗, ◖ 63 = -1 + 1·2^6 ◗, ◖ 251 = -1 + 63·2^2 ◗, ◖ 2007 = -1 + 251·2^3 ◗]
 2009 /3/ [◖ 1 ◗, ◖ 63 = -1 + 1·2^6 ◗, ◖ 251 = -1 + 63·2^2 ◗, ◖ 2009 =  1 + 251·2^3 ◗]
 2011 /3/ [◖ 1 ◗, ◖ 63 = -1 + 1·2^6 ◗, ◖ 503 = -1 + 63·2^3 ◗, ◖ 2011 = -1 + 503·2^2 ◗]
 2013 /3/ [◖ 1 ◗, ◖ 63 = -1 + 1·2^6 ◗, ◖ 503 = -1 + 63·2^3 ◗, ◖ 2013 =  1 + 503·2^2 ◗]
 2015 /2/ [◖ 1 ◗, ◖ 63 = -1 + 1·2^6 ◗, ◖ 2015 = -1 + 63·2^5 ◗]
 2017 /2/ [◖ 1 ◗, ◖ 63 = -1 + 1·2^6 ◗, ◖ 2017 =  1 + 63·2^5 ◗]
 2019 /3/ [◖ 1 ◗, ◖ 63 = -1 + 1·2^6 ◗, ◖ 505 =  1 + 63·2^3 ◗, ◖ 2019 = -1 + 505·2^2 ◗]
 2021 /3/ [◖ 1 ◗, ◖ 63 = -1 + 1·2^6 ◗, ◖ 505 =  1 + 63·2^3 ◗, ◖ 2021 =  1 + 505·2^2 ◗]
 2023 /3/ [◖ 1 ◗, ◖ 63 = -1 + 1·2^6 ◗, ◖ 253 =  1 + 63·2^2 ◗, ◖ 2023 = -1 + 253·2^3 ◗]
 2025 /3/ [◖ 1 ◗, ◖ 63 = -1 + 1·2^6 ◗, ◖ 253 =  1 + 63·2^2 ◗, ◖ 2025 =  1 + 253·2^3 ◗]
 2027 /3/ [◖ 1 ◗, ◖ 127 = -1 + 1·2^7 ◗, ◖ 507 = -1 + 127·2^2 ◗, ◖ 2027 = -1 + 507·2^2 ◗]
 2029 /3/ [◖ 1 ◗, ◖ 127 = -1 + 1·2^7 ◗, ◖ 507 = -1 + 127·2^2 ◗, ◖ 2029 =  1 + 507·2^2 ◗]
 2031 /2/ [◖ 1 ◗, ◖ 127 = -1 + 1·2^7 ◗, ◖ 2031 = -1 + 127·2^4 ◗]
 2033 /2/ [◖ 1 ◗, ◖ 127 = -1 + 1·2^7 ◗, ◖ 2033 =  1 + 127·2^4 ◗]
 2035 /3/ [◖ 1 ◗, ◖ 127 = -1 + 1·2^7 ◗, ◖ 509 =  1 + 127·2^2 ◗, ◖ 2035 = -1 + 509·2^2 ◗]
 2037 /3/ [◖ 1 ◗, ◖ 127 = -1 + 1·2^7 ◗, ◖ 509 =  1 + 127·2^2 ◗, ◖ 2037 =  1 + 509·2^2 ◗]
 2039 /2/ [◖ 1 ◗, ◖ 255 = -1 + 1·2^8 ◗, ◖ 2039 = -1 + 255·2^3 ◗]
 2041 /2/ [◖ 1 ◗, ◖ 255 = -1 + 1·2^8 ◗, ◖ 2041 =  1 + 255·2^3 ◗]
 2043 /2/ [◖ 1 ◗, ◖ 511 = -1 + 1·2^9 ◗, ◖ 2043 = -1 + 511·2^2 ◗]
 2045 /2/ [◖ 1 ◗, ◖ 511 = -1 + 1·2^9 ◗, ◖ 2045 =  1 + 511·2^2 ◗]
 2047 /1/ [◖ 1 ◗, ◖ 2047 = -1 + 1·2^11 ◗]
