    1 /0/ [◖ 1 ◗]
    3 /1/ [◖ 1 ◗, ◖ 3 =  1 + 1·2^1 ◗]
    5 /1/ [◖ 1 ◗, ◖ 5 =  1 + 1·2^2 ◗]
    7 /1/ [◖ 1 ◗, ◖ 7 = -1 + 1·2^3 ◗]
    9 /1/ [◖ 1 ◗, ◖ 9 =  1 + 1·2^3 ◗]
   11 /2/ [◖ 1 ◗, ◖ 3 =  1 + 1·2^1 ◗, ◖ 11 = -1 + 3·2^2 ◗]
   13 /2/ [◖ 1 ◗, ◖ 3 =  1 + 1·2^1 ◗, ◖ 13 =  1 + 3·2^2 ◗]
   15 /1/ [◖ 1 ◗, ◖ 15 = -1 + 1·2^4 ◗]
   17 /1/ [◖ 1 ◗, ◖ 17 =  1 + 1·2^4 ◗]
   19 /2/ [◖ 1 ◗, ◖ 5 =  1 + 1·2^2 ◗, ◖ 19 = -1 + 5·2^2 ◗]
   21 /2/ [◖ 1 ◗, ◖ 5 =  1 + 1·2^2 ◗, ◖ 21 =  1 + 5·2^2 ◗]
   23 /2/ [◖ 1 ◗, ◖ 3 =  1 + 1·2^1 ◗, ◖ 23 = -1 + 3·2^3 ◗]
   25 /2/ [◖ 1 ◗, ◖ 3 =  1 + 1·2^1 ◗, ◖ 25 =  1 + 3·2^3 ◗]
   27 /2/ [◖ 1 ◗, ◖ 7 = -1 + 1·2^3 ◗, ◖ 27 = -1 + 7·2^2 ◗]
   29 /2/ [◖ 1 ◗, ◖ 7 = -1 + 1·2^3 ◗, ◖ 29 =  1 + 7·2^2 ◗]
   31 /1/ [◖ 1 ◗, ◖ 31 = -1 + 1·2^5 ◗]
   33 /1/ [◖ 1 ◗, ◖ 33 =  1 + 1·2^5 ◗]
   35 /2/ [◖ 1 ◗, ◖ 9 =  1 + 1·2^3 ◗, ◖ 35 = -1 + 9·2^2 ◗]
   37 /2/ [◖ 1 ◗, ◖ 9 =  1 + 1·2^3 ◗, ◖ 37 =  1 + 9·2^2 ◗]
   39 /2/ [◖ 1 ◗, ◖ 5 =  1 + 1·2^2 ◗, ◖ 39 = -1 + 5·2^3 ◗]
   41 /2/ [◖ 1 ◗, ◖ 5 =  1 + 1·2^2 ◗, ◖ 41 =  1 + 5·2^3 ◗]
   43 /3/ [◖ 1 ◗, ◖ 3 =  1 + 1·2^1 ◗, ◖ 11 = -1 + 3·2^2 ◗, ◖ 43 = -1 + 11·2^2 ◗]
   45 /2/ [◖ 1 ◗, ◖ 3 =  1 + 1·2^1 ◗, ◖ 45 = -3 + 3·2^4 ◗]
   47 /2/ [◖ 1 ◗, ◖ 3 =  1 + 1·2^1 ◗, ◖ 47 = -1 + 3·2^4 ◗]
   49 /2/ [◖ 1 ◗, ◖ 3 =  1 + 1·2^1 ◗, ◖ 49 =  1 + 3·2^4 ◗]
   51 /2/ [◖ 1 ◗, ◖ 3 =  1 + 1·2^1 ◗, ◖ 51 =  3 + 3·2^4 ◗]
   53 /3/ [◖ 1 ◗, ◖ 3 =  1 + 1·2^1 ◗, ◖ 13 =  1 + 3·2^2 ◗, ◖ 53 =  1 + 13·2^2 ◗]
   55 /2/ [◖ 1 ◗, ◖ 7 = -1 + 1·2^3 ◗, ◖ 55 = -1 + 7·2^3 ◗]
   57 /2/ [◖ 1 ◗, ◖ 7 = -1 + 1·2^3 ◗, ◖ 57 =  1 + 7·2^3 ◗]
   59 /2/ [◖ 1 ◗, ◖ 15 = -1 + 1·2^4 ◗, ◖ 59 = -1 + 15·2^2 ◗]
   61 /2/ [◖ 1 ◗, ◖ 15 = -1 + 1·2^4 ◗, ◖ 61 =  1 + 15·2^2 ◗]
   63 /1/ [◖ 1 ◗, ◖ 63 = -1 + 1·2^6 ◗]
   65 /1/ [◖ 1 ◗, ◖ 65 =  1 + 1·2^6 ◗]
   67 /2/ [◖ 1 ◗, ◖ 17 =  1 + 1·2^4 ◗, ◖ 67 = -1 + 17·2^2 ◗]
   69 /2/ [◖ 1 ◗, ◖ 17 =  1 + 1·2^4 ◗, ◖ 69 =  1 + 17·2^2 ◗]
   71 /2/ [◖ 1 ◗, ◖ 9 =  1 + 1·2^3 ◗, ◖ 71 = -1 + 9·2^3 ◗]
   73 /2/ [◖ 1 ◗, ◖ 9 =  1 + 1·2^3 ◗, ◖ 73 =  1 + 9·2^3 ◗]
   75 /2/ [◖ 1 ◗, ◖ 5 =  1 + 1·2^2 ◗, ◖ 75 = -5 + 5·2^4 ◗]
   77 /3/ [◖ 1 ◗, ◖ 5 =  1 + 1·2^2 ◗, ◖ 19 = -1 + 5·2^2 ◗, ◖ 77 =  1 + 19·2^2 ◗]
   79 /2/ [◖ 1 ◗, ◖ 5 =  1 + 1·2^2 ◗, ◖ 79 = -1 + 5·2^4 ◗]
   81 /2/ [◖ 1 ◗, ◖ 5 =  1 + 1·2^2 ◗, ◖ 81 =  1 + 5·2^4 ◗]
   83 /3/ [◖ 1 ◗, ◖ 5 =  1 + 1·2^2 ◗, ◖ 21 =  1 + 5·2^2 ◗, ◖ 83 = -1 + 21·2^2 ◗]
   85 /2/ [◖ 1 ◗, ◖ 5 =  1 + 1·2^2 ◗, ◖ 85 =  5 + 5·2^4 ◗]
   87 /3/ [◖ 1 ◗, ◖ 3 =  1 + 1·2^1 ◗, ◖ 11 = -1 + 3·2^2 ◗, ◖ 87 = -1 + 11·2^3 ◗]
   89 /3/ [◖ 1 ◗, ◖ 3 =  1 + 1·2^1 ◗, ◖ 11 = -1 + 3·2^2 ◗, ◖ 89 =  1 + 11·2^3 ◗]
   91 /3/ [◖ 1 ◗, ◖ 3 =  1 + 1·2^1 ◗, ◖ 23 = -1 + 3·2^3 ◗, ◖ 91 = -1 + 23·2^2 ◗]
   93 /2/ [◖ 1 ◗, ◖ 3 =  1 + 1·2^1 ◗, ◖ 93 = -3 + 3·2^5 ◗]
   95 /2/ [◖ 1 ◗, ◖ 3 =  1 + 1·2^1 ◗, ◖ 95 = -1 + 3·2^5 ◗]
   97 /2/ [◖ 1 ◗, ◖ 3 =  1 + 1·2^1 ◗, ◖ 97 =  1 + 3·2^5 ◗]
   99 /2/ [◖ 1 ◗, ◖ 3 =  1 + 1·2^1 ◗, ◖ 99 =  3 + 3·2^5 ◗]
  101 /3/ [◖ 1 ◗, ◖ 3 =  1 + 1·2^1 ◗, ◖ 25 =  1 + 3·2^3 ◗, ◖ 101 =  1 + 25·2^2 ◗]
  103 /3/ [◖ 1 ◗, ◖ 3 =  1 + 1·2^1 ◗, ◖ 13 =  1 + 3·2^2 ◗, ◖ 103 = -1 + 13·2^3 ◗]
  105 /2/ [◖ 1 ◗, ◖ 7 = -1 + 1·2^3 ◗, ◖ 105 = -7 + 7·2^4 ◗]
  107 /3/ [◖ 1 ◗, ◖ 7 = -1 + 1·2^3 ◗, ◖ 27 = -1 + 7·2^2 ◗, ◖ 107 = -1 + 27·2^2 ◗]
  109 /3/ [◖ 1 ◗, ◖ 7 = -1 + 1·2^3 ◗, ◖ 27 = -1 + 7·2^2 ◗, ◖ 109 =  1 + 27·2^2 ◗]
  111 /2/ [◖ 1 ◗, ◖ 7 = -1 + 1·2^3 ◗, ◖ 111 = -1 + 7·2^4 ◗]
  113 /2/ [◖ 1 ◗, ◖ 7 = -1 + 1·2^3 ◗, ◖ 113 =  1 + 7·2^4 ◗]
  115 /3/ [◖ 1 ◗, ◖ 7 = -1 + 1·2^3 ◗, ◖ 29 =  1 + 7·2^2 ◗, ◖ 115 = -1 + 29·2^2 ◗]
  117 /3/ [◖ 1 ◗, ◖ 7 = -1 + 1·2^3 ◗, ◖ 29 =  1 + 7·2^2 ◗, ◖ 117 =  1 + 29·2^2 ◗]
  119 /2/ [◖ 1 ◗, ◖ 15 = -1 + 1·2^4 ◗, ◖ 119 = -1 + 15·2^3 ◗]
  121 /2/ [◖ 1 ◗, ◖ 15 = -1 + 1·2^4 ◗, ◖ 121 =  1 + 15·2^3 ◗]
  123 /2/ [◖ 1 ◗, ◖ 31 = -1 + 1·2^5 ◗, ◖ 123 = -1 + 31·2^2 ◗]
  125 /2/ [◖ 1 ◗, ◖ 31 = -1 + 1·2^5 ◗, ◖ 125 =  1 + 31·2^2 ◗]
  127 /1/ [◖ 1 ◗, ◖ 127 = -1 + 1·2^7 ◗]
  129 /1/ [◖ 1 ◗, ◖ 129 =  1 + 1·2^7 ◗]
  131 /2/ [◖ 1 ◗, ◖ 33 =  1 + 1·2^5 ◗, ◖ 131 = -1 + 33·2^2 ◗]
  133 /2/ [◖ 1 ◗, ◖ 33 =  1 + 1·2^5 ◗, ◖ 133 =  1 + 33·2^2 ◗]
  135 /2/ [◖ 1 ◗, ◖ 17 =  1 + 1·2^4 ◗, ◖ 135 = -1 + 17·2^3 ◗]
  137 /2/ [◖ 1 ◗, ◖ 17 =  1 + 1·2^4 ◗, ◖ 137 =  1 + 17·2^3 ◗]
  139 /3/ [◖ 1 ◗, ◖ 9 =  1 + 1·2^3 ◗, ◖ 35 = -1 + 9·2^2 ◗, ◖ 139 = -1 + 35·2^2 ◗]
  141 /3/ [◖ 1 ◗, ◖ 9 =  1 + 1·2^3 ◗, ◖ 35 = -1 + 9·2^2 ◗, ◖ 141 =  1 + 35·2^2 ◗]
  143 /2/ [◖ 1 ◗, ◖ 9 =  1 + 1·2^3 ◗, ◖ 143 = -1 + 9·2^4 ◗]
  145 /2/ [◖ 1 ◗, ◖ 9 =  1 + 1·2^3 ◗, ◖ 145 =  1 + 9·2^4 ◗]
  147 /3/ [◖ 1 ◗, ◖ 9 =  1 + 1·2^3 ◗, ◖ 37 =  1 + 9·2^2 ◗, ◖ 147 = -1 + 37·2^2 ◗]
  149 /3/ [◖ 1 ◗, ◖ 9 =  1 + 1·2^3 ◗, ◖ 37 =  1 + 9·2^2 ◗, ◖ 149 =  1 + 37·2^2 ◗]
  151 /3/ [◖ 1 ◗, ◖ 5 =  1 + 1·2^2 ◗, ◖ 19 = -1 + 5·2^2 ◗, ◖ 151 = -1 + 19·2^3 ◗]
  153 /2/ [◖ 1 ◗, ◖ 9 =  1 + 1·2^3 ◗, ◖ 153 =  9 + 9·2^4 ◗]
  155 /2/ [◖ 1 ◗, ◖ 5 =  1 + 1·2^2 ◗, ◖ 155 = -5 + 5·2^5 ◗]
  157 /3/ [◖ 1 ◗, ◖ 5 =  1 + 1·2^2 ◗, ◖ 39 = -1 + 5·2^3 ◗, ◖ 157 =  1 + 39·2^2 ◗]
  159 /2/ [◖ 1 ◗, ◖ 5 =  1 + 1·2^2 ◗, ◖ 159 = -1 + 5·2^5 ◗]
  161 /2/ [◖ 1 ◗, ◖ 5 =  1 + 1·2^2 ◗, ◖ 161 =  1 + 5·2^5 ◗]
  163 /3/ [◖ 1 ◗, ◖ 5 =  1 + 1·2^2 ◗, ◖ 41 =  1 + 5·2^3 ◗, ◖ 163 = -1 + 41·2^2 ◗]
  165 /2/ [◖ 1 ◗, ◖ 5 =  1 + 1·2^2 ◗, ◖ 165 =  5 + 5·2^5 ◗]
  167 /3/ [◖ 1 ◗, ◖ 5 =  1 + 1·2^2 ◗, ◖ 21 =  1 + 5·2^2 ◗, ◖ 167 = -1 + 21·2^3 ◗]
  169 /3/ [◖ 1 ◗, ◖ 5 =  1 + 1·2^2 ◗, ◖ 21 =  1 + 5·2^2 ◗, ◖ 169 =  1 + 21·2^3 ◗]
  171 /3/ [◖ 1 ◗, ◖ 5 =  1 + 1·2^2 ◗, ◖ 85 =  5 + 5·2^4 ◗, ◖ 171 =  1 + 85·2^1 ◗]
  173 /3/ [◖ 1 ◗, ◖ 3 =  1 + 1·2^1 ◗, ◖ 11 = -1 + 3·2^2 ◗, ◖ 173 = -3 + 11·2^4 ◗]
  175 /3/ [◖ 1 ◗, ◖ 3 =  1 + 1·2^1 ◗, ◖ 11 = -1 + 3·2^2 ◗, ◖ 175 = -1 + 11·2^4 ◗]
  177 /3/ [◖ 1 ◗, ◖ 3 =  1 + 1·2^1 ◗, ◖ 11 = -1 + 3·2^2 ◗, ◖ 177 =  1 + 11·2^4 ◗]
  179 /3/ [◖ 1 ◗, ◖ 3 =  1 + 1·2^1 ◗, ◖ 45 = -3 + 3·2^4 ◗, ◖ 179 = -1 + 45·2^2 ◗]
  181 /3/ [◖ 1 ◗, ◖ 3 =  1 + 1·2^1 ◗, ◖ 45 = -3 + 3·2^4 ◗, ◖ 181 =  1 + 45·2^2 ◗]
  183 /3/ [◖ 1 ◗, ◖ 3 =  1 + 1·2^1 ◗, ◖ 23 = -1 + 3·2^3 ◗, ◖ 183 = -1 + 23·2^3 ◗]
  185 /3/ [◖ 1 ◗, ◖ 3 =  1 + 1·2^1 ◗, ◖ 23 = -1 + 3·2^3 ◗, ◖ 185 =  1 + 23·2^3 ◗]
  187 /3/ [◖ 1 ◗, ◖ 3 =  1 + 1·2^1 ◗, ◖ 47 = -1 + 3·2^4 ◗, ◖ 187 = -1 + 47·2^2 ◗]
  189 /2/ [◖ 1 ◗, ◖ 3 =  1 + 1·2^1 ◗, ◖ 189 = -3 + 3·2^6 ◗]
  191 /2/ [◖ 1 ◗, ◖ 3 =  1 + 1·2^1 ◗, ◖ 191 = -1 + 3·2^6 ◗]
  193 /2/ [◖ 1 ◗, ◖ 3 =  1 + 1·2^1 ◗, ◖ 193 =  1 + 3·2^6 ◗]
  195 /2/ [◖ 1 ◗, ◖ 3 =  1 + 1·2^1 ◗, ◖ 195 =  3 + 3·2^6 ◗]
  197 /3/ [◖ 1 ◗, ◖ 3 =  1 + 1·2^1 ◗, ◖ 49 =  1 + 3·2^4 ◗, ◖ 197 =  1 + 49·2^2 ◗]
  199 /3/ [◖ 1 ◗, ◖ 3 =  1 + 1·2^1 ◗, ◖ 25 =  1 + 3·2^3 ◗, ◖ 199 = -1 + 25·2^3 ◗]
  201 /3/ [◖ 1 ◗, ◖ 3 =  1 + 1·2^1 ◗, ◖ 25 =  1 + 3·2^3 ◗, ◖ 201 =  1 + 25·2^3 ◗]
  203 /3/ [◖ 1 ◗, ◖ 3 =  1 + 1·2^1 ◗, ◖ 51 =  3 + 3·2^4 ◗, ◖ 203 = -1 + 51·2^2 ◗]
  205 /3/ [◖ 1 ◗, ◖ 3 =  1 + 1·2^1 ◗, ◖ 51 =  3 + 3·2^4 ◗, ◖ 205 =  1 + 51·2^2 ◗]
  207 /3/ [◖ 1 ◗, ◖ 3 =  1 + 1·2^1 ◗, ◖ 13 =  1 + 3·2^2 ◗, ◖ 207 = -1 + 13·2^4 ◗]
  209 /3/ [◖ 1 ◗, ◖ 3 =  1 + 1·2^1 ◗, ◖ 13 =  1 + 3·2^2 ◗, ◖ 209 =  1 + 13·2^4 ◗]
  211 /3/ [◖ 1 ◗, ◖ 7 = -1 + 1·2^3 ◗, ◖ 105 = -7 + 7·2^4 ◗, ◖ 211 =  1 + 105·2^1 ◗]
  213 /3/ [◖ 1 ◗, ◖ 7 = -1 + 1·2^3 ◗, ◖ 55 = -1 + 7·2^3 ◗, ◖ 213 = -7 + 55·2^2 ◗]
  215 /3/ [◖ 1 ◗, ◖ 7 = -1 + 1·2^3 ◗, ◖ 27 = -1 + 7·2^2 ◗, ◖ 215 = -1 + 27·2^3 ◗]
  217 /2/ [◖ 1 ◗, ◖ 7 = -1 + 1·2^3 ◗, ◖ 217 = -7 + 7·2^5 ◗]
  219 /3/ [◖ 1 ◗, ◖ 7 = -1 + 1·2^3 ◗, ◖ 55 = -1 + 7·2^3 ◗, ◖ 219 = -1 + 55·2^2 ◗]
  221 /3/ [◖ 1 ◗, ◖ 7 = -1 + 1·2^3 ◗, ◖ 55 = -1 + 7·2^3 ◗, ◖ 221 =  1 + 55·2^2 ◗]
  223 /2/ [◖ 1 ◗, ◖ 7 = -1 + 1·2^3 ◗, ◖ 223 = -1 + 7·2^5 ◗]
  225 /2/ [◖ 1 ◗, ◖ 7 = -1 + 1·2^3 ◗, ◖ 225 =  1 + 7·2^5 ◗]
  227 /3/ [◖ 1 ◗, ◖ 7 = -1 + 1·2^3 ◗, ◖ 57 =  1 + 7·2^3 ◗, ◖ 227 = -1 + 57·2^2 ◗]
  229 /3/ [◖ 1 ◗, ◖ 7 = -1 + 1·2^3 ◗, ◖ 57 =  1 + 7·2^3 ◗, ◖ 229 =  1 + 57·2^2 ◗]
  231 /2/ [◖ 1 ◗, ◖ 7 = -1 + 1·2^3 ◗, ◖ 231 =  7 + 7·2^5 ◗]
  233 /3/ [◖ 1 ◗, ◖ 7 = -1 + 1·2^3 ◗, ◖ 29 =  1 + 7·2^2 ◗, ◖ 233 =  1 + 29·2^3 ◗]
  235 /3/ [◖ 1 ◗, ◖ 15 = -1 + 1·2^4 ◗, ◖ 59 = -1 + 15·2^2 ◗, ◖ 235 = -1 + 59·2^2 ◗]
  237 /3/ [◖ 1 ◗, ◖ 15 = -1 + 1·2^4 ◗, ◖ 59 = -1 + 15·2^2 ◗, ◖ 237 =  1 + 59·2^2 ◗]
  239 /2/ [◖ 1 ◗, ◖ 15 = -1 + 1·2^4 ◗, ◖ 239 = -1 + 15·2^4 ◗]
  241 /2/ [◖ 1 ◗, ◖ 15 = -1 + 1·2^4 ◗, ◖ 241 =  1 + 15·2^4 ◗]
  243 /3/ [◖ 1 ◗, ◖ 15 = -1 + 1·2^4 ◗, ◖ 61 =  1 + 15·2^2 ◗, ◖ 243 = -1 + 61·2^2 ◗]
  245 /3/ [◖ 1 ◗, ◖ 15 = -1 + 1·2^4 ◗, ◖ 61 =  1 + 15·2^2 ◗, ◖ 245 =  1 + 61·2^2 ◗]
  247 /2/ [◖ 1 ◗, ◖ 31 = -1 + 1·2^5 ◗, ◖ 247 = -1 + 31·2^3 ◗]
  249 /2/ [◖ 1 ◗, ◖ 31 = -1 + 1·2^5 ◗, ◖ 249 =  1 + 31·2^3 ◗]
  251 /2/ [◖ 1 ◗, ◖ 63 = -1 + 1·2^6 ◗, ◖ 251 = -1 + 63·2^2 ◗]
  253 /2/ [◖ 1 ◗, ◖ 63 = -1 + 1·2^6 ◗, ◖ 253 =  1 + 63·2^2 ◗]
  255 /1/ [◖ 1 ◗, ◖ 255 = -1 + 1·2^8 ◗]
  257 /1/ [◖ 1 ◗, ◖ 257 =  1 + 1·2^8 ◗]
  259 /2/ [◖ 1 ◗, ◖ 65 =  1 + 1·2^6 ◗, ◖ 259 = -1 + 65·2^2 ◗]
  261 /2/ [◖ 1 ◗, ◖ 65 =  1 + 1·2^6 ◗, ◖ 261 =  1 + 65·2^2 ◗]
  263 /2/ [◖ 1 ◗, ◖ 33 =  1 + 1·2^5 ◗, ◖ 263 = -1 + 33·2^3 ◗]
  265 /2/ [◖ 1 ◗, ◖ 33 =  1 + 1·2^5 ◗, ◖ 265 =  1 + 33·2^3 ◗]
  267 /3/ [◖ 1 ◗, ◖ 17 =  1 + 1·2^4 ◗, ◖ 67 = -1 + 17·2^2 ◗, ◖ 267 = -1 + 67·2^2 ◗]
  269 /3/ [◖ 1 ◗, ◖ 17 =  1 + 1·2^4 ◗, ◖ 67 = -1 + 17·2^2 ◗, ◖ 269 =  1 + 67·2^2 ◗]
  271 /2/ [◖ 1 ◗, ◖ 17 =  1 + 1·2^4 ◗, ◖ 271 = -1 + 17·2^4 ◗]
  273 /2/ [◖ 1 ◗, ◖ 17 =  1 + 1·2^4 ◗, ◖ 273 =  1 + 17·2^4 ◗]
  275 /3/ [◖ 1 ◗, ◖ 17 =  1 + 1·2^4 ◗, ◖ 69 =  1 + 17·2^2 ◗, ◖ 275 = -1 + 69·2^2 ◗]
  277 /3/ [◖ 1 ◗, ◖ 17 =  1 + 1·2^4 ◗, ◖ 69 =  1 + 17·2^2 ◗, ◖ 277 =  1 + 69·2^2 ◗]
  279 /2/ [◖ 1 ◗, ◖ 9 =  1 + 1·2^3 ◗, ◖ 279 = -9 + 9·2^5 ◗]
  281 /3/ [◖ 1 ◗, ◖ 9 =  1 + 1·2^3 ◗, ◖ 35 = -1 + 9·2^2 ◗, ◖ 281 =  1 + 35·2^3 ◗]
  283 /3/ [◖ 1 ◗, ◖ 9 =  1 + 1·2^3 ◗, ◖ 71 = -1 + 9·2^3 ◗, ◖ 283 = -1 + 71·2^2 ◗]
  285 /3/ [◖ 1 ◗, ◖ 9 =  1 + 1·2^3 ◗, ◖ 71 = -1 + 9·2^3 ◗, ◖ 285 =  1 + 71·2^2 ◗]
  287 /2/ [◖ 1 ◗, ◖ 9 =  1 + 1·2^3 ◗, ◖ 287 = -1 + 9·2^5 ◗]
  289 /2/ [◖ 1 ◗, ◖ 9 =  1 + 1·2^3 ◗, ◖ 289 =  1 + 9·2^5 ◗]
  291 /3/ [◖ 1 ◗, ◖ 9 =  1 + 1·2^3 ◗, ◖ 73 =  1 + 9·2^3 ◗, ◖ 291 = -1 + 73·2^2 ◗]
  293 /3/ [◖ 1 ◗, ◖ 9 =  1 + 1·2^3 ◗, ◖ 73 =  1 + 9·2^3 ◗, ◖ 293 =  1 + 73·2^2 ◗]
  295 /3/ [◖ 1 ◗, ◖ 9 =  1 + 1·2^3 ◗, ◖ 37 =  1 + 9·2^2 ◗, ◖ 295 = -1 + 37·2^3 ◗]
  297 /2/ [◖ 1 ◗, ◖ 9 =  1 + 1·2^3 ◗, ◖ 297 =  9 + 9·2^5 ◗]
  299 /3/ [◖ 1 ◗, ◖ 5 =  1 + 1·2^2 ◗, ◖ 75 = -5 + 5·2^4 ◗, ◖ 299 = -1 + 75·2^2 ◗]
  301 /3/ [◖ 1 ◗, ◖ 5 =  1 + 1·2^2 ◗, ◖ 75 = -5 + 5·2^4 ◗, ◖ 301 =  1 + 75·2^2 ◗]
  303 /3/ [◖ 1 ◗, ◖ 5 =  1 + 1·2^2 ◗, ◖ 19 = -1 + 5·2^2 ◗, ◖ 303 = -1 + 19·2^4 ◗]
  305 /3/ [◖ 1 ◗, ◖ 5 =  1 + 1·2^2 ◗, ◖ 19 = -1 + 5·2^2 ◗, ◖ 305 =  1 + 19·2^4 ◗]
  307 /3/ [◖ 1 ◗, ◖ 9 =  1 + 1·2^3 ◗, ◖ 153 =  9 + 9·2^4 ◗, ◖ 307 =  1 + 153·2^1 ◗]
  309 /3/ [◖ 1 ◗, ◖ 5 =  1 + 1·2^2 ◗, ◖ 155 = -5 + 5·2^5 ◗, ◖ 309 = -1 + 155·2^1 ◗]
  311 /3/ [◖ 1 ◗, ◖ 5 =  1 + 1·2^2 ◗, ◖ 39 = -1 + 5·2^3 ◗, ◖ 311 = -1 + 39·2^3 ◗]
  313 /3/ [◖ 1 ◗, ◖ 5 =  1 + 1·2^2 ◗, ◖ 39 = -1 + 5·2^3 ◗, ◖ 313 =  1 + 39·2^3 ◗]
  315 /2/ [◖ 1 ◗, ◖ 5 =  1 + 1·2^2 ◗, ◖ 315 = -5 + 5·2^6 ◗]
  317 /3/ [◖ 1 ◗, ◖ 5 =  1 + 1·2^2 ◗, ◖ 79 = -1 + 5·2^4 ◗, ◖ 317 =  1 + 79·2^2 ◗]
  319 /2/ [◖ 1 ◗, ◖ 5 =  1 + 1·2^2 ◗, ◖ 319 = -1 + 5·2^6 ◗]
  321 /2/ [◖ 1 ◗, ◖ 5 =  1 + 1·2^2 ◗, ◖ 321 =  1 + 5·2^6 ◗]
  323 /3/ [◖ 1 ◗, ◖ 5 =  1 + 1·2^2 ◗, ◖ 81 =  1 + 5·2^4 ◗, ◖ 323 = -1 + 81·2^2 ◗]
  325 /2/ [◖ 1 ◗, ◖ 5 =  1 + 1·2^2 ◗, ◖ 325 =  5 + 5·2^6 ◗]
  327 /3/ [◖ 1 ◗, ◖ 5 =  1 + 1·2^2 ◗, ◖ 41 =  1 + 5·2^3 ◗, ◖ 327 = -1 + 41·2^3 ◗]
  329 /3/ [◖ 1 ◗, ◖ 5 =  1 + 1·2^2 ◗, ◖ 41 =  1 + 5·2^3 ◗, ◖ 329 =  1 + 41·2^3 ◗]
  331 /3/ [◖ 1 ◗, ◖ 5 =  1 + 1·2^2 ◗, ◖ 165 =  5 + 5·2^5 ◗, ◖ 331 =  1 + 165·2^1 ◗]
  333 /3/ [◖ 1 ◗, ◖ 5 =  1 + 1·2^2 ◗, ◖ 41 =  1 + 5·2^3 ◗, ◖ 333 =  5 + 41·2^3 ◗]
  335 /3/ [◖ 1 ◗, ◖ 5 =  1 + 1·2^2 ◗, ◖ 21 =  1 + 5·2^2 ◗, ◖ 335 = -1 + 21·2^4 ◗]
  337 /3/ [◖ 1 ◗, ◖ 5 =  1 + 1·2^2 ◗, ◖ 21 =  1 + 5·2^2 ◗, ◖ 337 =  1 + 21·2^4 ◗]
  339 /3/ [◖ 1 ◗, ◖ 5 =  1 + 1·2^2 ◗, ◖ 85 =  5 + 5·2^4 ◗, ◖ 339 = -1 + 85·2^2 ◗]
  341 /3/ [◖ 1 ◗, ◖ 5 =  1 + 1·2^2 ◗, ◖ 85 =  5 + 5·2^4 ◗, ◖ 341 =  1 + 85·2^2 ◗]
  343 /3/ [◖ 1 ◗, ◖ 3 =  1 + 1·2^1 ◗, ◖ 49 =  1 + 3·2^4 ◗, ◖ 343 = -49 + 49·2^3 ◗]
  345 /3/ [◖ 1 ◗, ◖ 7 = -1 + 1·2^3 ◗, ◖ 217 = -7 + 7·2^5 ◗, ◖ 345 =  217 + 1·2^7 ◗]
  347 /3/ [◖ 1 ◗, ◖ 5 =  1 + 1·2^2 ◗, ◖ 165 =  5 + 5·2^5 ◗, ◖ 347 = -165 + 1·2^9 ◗]
  349 /3/ [◖ 1 ◗, ◖ 3 =  1 + 1·2^1 ◗, ◖ 11 = -1 + 3·2^2 ◗, ◖ 349 = -3 + 11·2^5 ◗]
  351 /3/ [◖ 1 ◗, ◖ 3 =  1 + 1·2^1 ◗, ◖ 11 = -1 + 3·2^2 ◗, ◖ 351 = -1 + 11·2^5 ◗]
  353 /3/ [◖ 1 ◗, ◖ 3 =  1 + 1·2^1 ◗, ◖ 11 = -1 + 3·2^2 ◗, ◖ 353 =  1 + 11·2^5 ◗]
  355 /3/ [◖ 1 ◗, ◖ 3 =  1 + 1·2^1 ◗, ◖ 11 = -1 + 3·2^2 ◗, ◖ 355 =  3 + 11·2^5 ◗]
  357 /3/ [◖ 1 ◗, ◖ 3 =  1 + 1·2^1 ◗, ◖ 45 = -3 + 3·2^4 ◗, ◖ 357 = -3 + 45·2^3 ◗]
  359 /3/ [◖ 1 ◗, ◖ 3 =  1 + 1·2^1 ◗, ◖ 45 = -3 + 3·2^4 ◗, ◖ 359 = -1 + 45·2^3 ◗]
  361 /3/ [◖ 1 ◗, ◖ 3 =  1 + 1·2^1 ◗, ◖ 45 = -3 + 3·2^4 ◗, ◖ 361 =  1 + 45·2^3 ◗]
  363 /3/ [◖ 1 ◗, ◖ 3 =  1 + 1·2^1 ◗, ◖ 45 = -3 + 3·2^4 ◗, ◖ 363 =  3 + 45·2^3 ◗]
  365 /3/ [◖ 1 ◗, ◖ 3 =  1 + 1·2^1 ◗, ◖ 23 = -1 + 3·2^3 ◗, ◖ 365 = -3 + 23·2^4 ◗]
  367 /3/ [◖ 1 ◗, ◖ 3 =  1 + 1·2^1 ◗, ◖ 23 = -1 + 3·2^3 ◗, ◖ 367 = -1 + 23·2^4 ◗]
  369 /3/ [◖ 1 ◗, ◖ 3 =  1 + 1·2^1 ◗, ◖ 23 = -1 + 3·2^3 ◗, ◖ 369 =  1 + 23·2^4 ◗]
  371 /3/ [◖ 1 ◗, ◖ 3 =  1 + 1·2^1 ◗, ◖ 93 = -3 + 3·2^5 ◗, ◖ 371 = -1 + 93·2^2 ◗]
  373 /3/ [◖ 1 ◗, ◖ 3 =  1 + 1·2^1 ◗, ◖ 93 = -3 + 3·2^5 ◗, ◖ 373 =  1 + 93·2^2 ◗]
  375 /3/ [◖ 1 ◗, ◖ 3 =  1 + 1·2^1 ◗, ◖ 47 = -1 + 3·2^4 ◗, ◖ 375 = -1 + 47·2^3 ◗]
  377 /3/ [◖ 1 ◗, ◖ 3 =  1 + 1·2^1 ◗, ◖ 47 = -1 + 3·2^4 ◗, ◖ 377 =  1 + 47·2^3 ◗]
  379 /3/ [◖ 1 ◗, ◖ 3 =  1 + 1·2^1 ◗, ◖ 95 = -1 + 3·2^5 ◗, ◖ 379 = -1 + 95·2^2 ◗]
  381 /2/ [◖ 1 ◗, ◖ 3 =  1 + 1·2^1 ◗, ◖ 381 = -3 + 3·2^7 ◗]
  383 /2/ [◖ 1 ◗, ◖ 3 =  1 + 1·2^1 ◗, ◖ 383 = -1 + 3·2^7 ◗]
  385 /2/ [◖ 1 ◗, ◖ 3 =  1 + 1·2^1 ◗, ◖ 385 =  1 + 3·2^7 ◗]
  387 /2/ [◖ 1 ◗, ◖ 3 =  1 + 1·2^1 ◗, ◖ 387 =  3 + 3·2^7 ◗]
  389 /3/ [◖ 1 ◗, ◖ 3 =  1 + 1·2^1 ◗, ◖ 97 =  1 + 3·2^5 ◗, ◖ 389 =  1 + 97·2^2 ◗]
  391 /3/ [◖ 1 ◗, ◖ 3 =  1 + 1·2^1 ◗, ◖ 49 =  1 + 3·2^4 ◗, ◖ 391 = -1 + 49·2^3 ◗]
  393 /3/ [◖ 1 ◗, ◖ 3 =  1 + 1·2^1 ◗, ◖ 49 =  1 + 3·2^4 ◗, ◖ 393 =  1 + 49·2^3 ◗]
  395 /3/ [◖ 1 ◗, ◖ 3 =  1 + 1·2^1 ◗, ◖ 99 =  3 + 3·2^5 ◗, ◖ 395 = -1 + 99·2^2 ◗]
  397 /3/ [◖ 1 ◗, ◖ 3 =  1 + 1·2^1 ◗, ◖ 99 =  3 + 3·2^5 ◗, ◖ 397 =  1 + 99·2^2 ◗]
  399 /3/ [◖ 1 ◗, ◖ 3 =  1 + 1·2^1 ◗, ◖ 25 =  1 + 3·2^3 ◗, ◖ 399 = -1 + 25·2^4 ◗]
  401 /3/ [◖ 1 ◗, ◖ 3 =  1 + 1·2^1 ◗, ◖ 25 =  1 + 3·2^3 ◗, ◖ 401 =  1 + 25·2^4 ◗]
  403 /3/ [◖ 1 ◗, ◖ 3 =  1 + 1·2^1 ◗, ◖ 25 =  1 + 3·2^3 ◗, ◖ 403 =  3 + 25·2^4 ◗]
  405 /3/ [◖ 1 ◗, ◖ 3 =  1 + 1·2^1 ◗, ◖ 51 =  3 + 3·2^4 ◗, ◖ 405 = -3 + 51·2^3 ◗]
  407 /3/ [◖ 1 ◗, ◖ 3 =  1 + 1·2^1 ◗, ◖ 51 =  3 + 3·2^4 ◗, ◖ 407 = -1 + 51·2^3 ◗]
  409 /3/ [◖ 1 ◗, ◖ 3 =  1 + 1·2^1 ◗, ◖ 51 =  3 + 3·2^4 ◗, ◖ 409 =  1 + 51·2^3 ◗]
  411 /3/ [◖ 1 ◗, ◖ 3 =  1 + 1·2^1 ◗, ◖ 51 =  3 + 3·2^4 ◗, ◖ 411 =  3 + 51·2^3 ◗]
  413 /3/ [◖ 1 ◗, ◖ 3 =  1 + 1·2^1 ◗, ◖ 13 =  1 + 3·2^2 ◗, ◖ 413 = -3 + 13·2^5 ◗]
  415 /3/ [◖ 1 ◗, ◖ 3 =  1 + 1·2^1 ◗, ◖ 13 =  1 + 3·2^2 ◗, ◖ 415 = -1 + 13·2^5 ◗]
  417 /3/ [◖ 1 ◗, ◖ 3 =  1 + 1·2^1 ◗, ◖ 13 =  1 + 3·2^2 ◗, ◖ 417 =  1 + 13·2^5 ◗]
  419 /3/ [◖ 1 ◗, ◖ 7 = -1 + 1·2^3 ◗, ◖ 105 = -7 + 7·2^4 ◗, ◖ 419 = -1 + 105·2^2 ◗]
  421 /3/ [◖ 1 ◗, ◖ 7 = -1 + 1·2^3 ◗, ◖ 105 = -7 + 7·2^4 ◗, ◖ 421 =  1 + 105·2^2 ◗]
  423 /3/ [◖ 1 ◗, ◖ 3 =  1 + 1·2^1 ◗, ◖ 47 = -1 + 3·2^4 ◗, ◖ 423 =  47 + 47·2^3 ◗]
  425 /3/ [◖ 1 ◗, ◖ 7 = -1 + 1·2^3 ◗, ◖ 27 = -1 + 7·2^2 ◗, ◖ 425 = -7 + 27·2^4 ◗]
  427 /3/ [◖ 1 ◗, ◖ 7 = -1 + 1·2^3 ◗, ◖ 105 = -7 + 7·2^4 ◗, ◖ 427 =  7 + 105·2^2 ◗]
  429 /3/ [◖ 1 ◗, ◖ 3 =  1 + 1·2^1 ◗, ◖ 13 =  1 + 3·2^2 ◗, ◖ 429 =  13 + 13·2^5 ◗]
  431 /3/ [◖ 1 ◗, ◖ 7 = -1 + 1·2^3 ◗, ◖ 27 = -1 + 7·2^2 ◗, ◖ 431 = -1 + 27·2^4 ◗]
  433 /3/ [◖ 1 ◗, ◖ 7 = -1 + 1·2^3 ◗, ◖ 27 = -1 + 7·2^2 ◗, ◖ 433 =  1 + 27·2^4 ◗]
  435 /3/ [◖ 1 ◗, ◖ 7 = -1 + 1·2^3 ◗, ◖ 217 = -7 + 7·2^5 ◗, ◖ 435 =  1 + 217·2^1 ◗]
  437 /3/ [◖ 1 ◗, ◖ 7 = -1 + 1·2^3 ◗, ◖ 111 = -1 + 7·2^4 ◗, ◖ 437 = -7 + 111·2^2 ◗]
  439 /3/ [◖ 1 ◗, ◖ 7 = -1 + 1·2^3 ◗, ◖ 55 = -1 + 7·2^3 ◗, ◖ 439 = -1 + 55·2^3 ◗]
  441 /2/ [◖ 1 ◗, ◖ 7 = -1 + 1·2^3 ◗, ◖ 441 = -7 + 7·2^6 ◗]
  443 /3/ [◖ 1 ◗, ◖ 7 = -1 + 1·2^3 ◗, ◖ 111 = -1 + 7·2^4 ◗, ◖ 443 = -1 + 111·2^2 ◗]
  445 /3/ [◖ 1 ◗, ◖ 7 = -1 + 1·2^3 ◗, ◖ 111 = -1 + 7·2^4 ◗, ◖ 445 =  1 + 111·2^2 ◗]
  447 /2/ [◖ 1 ◗, ◖ 7 = -1 + 1·2^3 ◗, ◖ 447 = -1 + 7·2^6 ◗]
  449 /2/ [◖ 1 ◗, ◖ 7 = -1 + 1·2^3 ◗, ◖ 449 =  1 + 7·2^6 ◗]
  451 /3/ [◖ 1 ◗, ◖ 7 = -1 + 1·2^3 ◗, ◖ 113 =  1 + 7·2^4 ◗, ◖ 451 = -1 + 113·2^2 ◗]
  453 /3/ [◖ 1 ◗, ◖ 7 = -1 + 1·2^3 ◗, ◖ 113 =  1 + 7·2^4 ◗, ◖ 453 =  1 + 113·2^2 ◗]
  455 /2/ [◖ 1 ◗, ◖ 7 = -1 + 1·2^3 ◗, ◖ 455 =  7 + 7·2^6 ◗]
  457 /3/ [◖ 1 ◗, ◖ 7 = -1 + 1·2^3 ◗, ◖ 57 =  1 + 7·2^3 ◗, ◖ 457 =  1 + 57·2^3 ◗]
  459 /3/ [◖ 1 ◗, ◖ 7 = -1 + 1·2^3 ◗, ◖ 113 =  1 + 7·2^4 ◗, ◖ 459 =  7 + 113·2^2 ◗]
  461 /3/ [◖ 1 ◗, ◖ 7 = -1 + 1·2^3 ◗, ◖ 231 =  7 + 7·2^5 ◗, ◖ 461 = -1 + 231·2^1 ◗]
  463 /3/ [◖ 1 ◗, ◖ 7 = -1 + 1·2^3 ◗, ◖ 29 =  1 + 7·2^2 ◗, ◖ 463 = -1 + 29·2^4 ◗]
  465 /2/ [◖ 1 ◗, ◖ 15 = -1 + 1·2^4 ◗, ◖ 465 = -15 + 15·2^5 ◗]
  467 /3/ [◖ 1 ◗, ◖ 15 = -1 + 1·2^4 ◗, ◖ 241 =  1 + 15·2^4 ◗, ◖ 467 = -15 + 241·2^1 ◗]
  469 /3/ [◖ 1 ◗, ◖ 7 = -1 + 1·2^3 ◗, ◖ 231 =  7 + 7·2^5 ◗, ◖ 469 =  7 + 231·2^1 ◗]
  471 /3/ [◖ 1 ◗, ◖ 15 = -1 + 1·2^4 ◗, ◖ 59 = -1 + 15·2^2 ◗, ◖ 471 = -1 + 59·2^3 ◗]
  473 /3/ [◖ 1 ◗, ◖ 15 = -1 + 1·2^4 ◗, ◖ 59 = -1 + 15·2^2 ◗, ◖ 473 =  1 + 59·2^3 ◗]
  475 /3/ [◖ 1 ◗, ◖ 15 = -1 + 1·2^4 ◗, ◖ 119 = -1 + 15·2^3 ◗, ◖ 475 = -1 + 119·2^2 ◗]
  477 /3/ [◖ 1 ◗, ◖ 15 = -1 + 1·2^4 ◗, ◖ 119 = -1 + 15·2^3 ◗, ◖ 477 =  1 + 119·2^2 ◗]
  479 /2/ [◖ 1 ◗, ◖ 15 = -1 + 1·2^4 ◗, ◖ 479 = -1 + 15·2^5 ◗]
  481 /2/ [◖ 1 ◗, ◖ 15 = -1 + 1·2^4 ◗, ◖ 481 =  1 + 15·2^5 ◗]
  483 /3/ [◖ 1 ◗, ◖ 15 = -1 + 1·2^4 ◗, ◖ 121 =  1 + 15·2^3 ◗, ◖ 483 = -1 + 121·2^2 ◗]
  485 /3/ [◖ 1 ◗, ◖ 15 = -1 + 1·2^4 ◗, ◖ 121 =  1 + 15·2^3 ◗, ◖ 485 =  1 + 121·2^2 ◗]
  487 /3/ [◖ 1 ◗, ◖ 15 = -1 + 1·2^4 ◗, ◖ 61 =  1 + 15·2^2 ◗, ◖ 487 = -1 + 61·2^3 ◗]
  489 /3/ [◖ 1 ◗, ◖ 15 = -1 + 1·2^4 ◗, ◖ 61 =  1 + 15·2^2 ◗, ◖ 489 =  1 + 61·2^3 ◗]
  491 /3/ [◖ 1 ◗, ◖ 31 = -1 + 1·2^5 ◗, ◖ 123 = -1 + 31·2^2 ◗, ◖ 491 = -1 + 123·2^2 ◗]
  493 /3/ [◖ 1 ◗, ◖ 31 = -1 + 1·2^5 ◗, ◖ 123 = -1 + 31·2^2 ◗, ◖ 493 =  1 + 123·2^2 ◗]
  495 /2/ [◖ 1 ◗, ◖ 31 = -1 + 1·2^5 ◗, ◖ 495 = -1 + 31·2^4 ◗]
  497 /2/ [◖ 1 ◗, ◖ 31 = -1 + 1·2^5 ◗, ◖ 497 =  1 + 31·2^4 ◗]
  499 /3/ [◖ 1 ◗, ◖ 31 = -1 + 1·2^5 ◗, ◖ 125 =  1 + 31·2^2 ◗, ◖ 499 = -1 + 125·2^2 ◗]
  501 /3/ [◖ 1 ◗, ◖ 31 = -1 + 1·2^5 ◗, ◖ 125 =  1 + 31·2^2 ◗, ◖ 501 =  1 + 125·2^2 ◗]
  503 /2/ [◖ 1 ◗, ◖ 63 = -1 + 1·2^6 ◗, ◖ 503 = -1 + 63·2^3 ◗]
  505 /2/ [◖ 1 ◗, ◖ 63 = -1 + 1·2^6 ◗, ◖ 505 =  1 + 63·2^3 ◗]
  507 /2/ [◖ 1 ◗, ◖ 127 = -1 + 1·2^7 ◗, ◖ 507 = -1 + 127·2^2 ◗]
  509 /2/ [◖ 1 ◗, ◖ 127 = -1 + 1·2^7 ◗, ◖ 509 =  1 + 127·2^2 ◗]
  511 /1/ [◖ 1 ◗, ◖ 511 = -1 + 1·2^9 ◗]
