1: [◖ 1 ◗]
3: [◖ 1 ◗, ◖ 3 =  1 + 1·2^1 ◗]
5: [◖ 1 ◗, ◖ 5 =  1 + 1·2^2 ◗]
7: [◖ 1 ◗, ◖ 7 = -1 + 1·2^3 ◗]
9: [◖ 1 ◗, ◖ 9 =  1 + 1·2^3 ◗]
11: [◖ 1 ◗, ◖ 3 =  1 + 1·2^1 ◗, ◖ 11 = -1 + 3·2^2 ◗]
13: [◖ 1 ◗, ◖ 3 =  1 + 1·2^1 ◗, ◖ 13 =  1 + 3·2^2 ◗]
15: [◖ 1 ◗, ◖ 15 = -1 + 1·2^4 ◗]
17: [◖ 1 ◗, ◖ 17 =  1 + 1·2^4 ◗]
19: [◖ 1 ◗, ◖ 5 =  1 + 1·2^2 ◗, ◖ 19 = -1 + 5·2^2 ◗]
21: [◖ 1 ◗, ◖ 5 =  1 + 1·2^2 ◗, ◖ 21 =  1 + 5·2^2 ◗]
23: [◖ 1 ◗, ◖ 3 =  1 + 1·2^1 ◗, ◖ 23 = -1 + 3·2^3 ◗]
25: [◖ 1 ◗, ◖ 3 =  1 + 1·2^1 ◗, ◖ 25 =  1 + 3·2^3 ◗]
27: [◖ 1 ◗, ◖ 7 = -1 + 1·2^3 ◗, ◖ 27 = -1 + 7·2^2 ◗]
29: [◖ 1 ◗, ◖ 7 = -1 + 1·2^3 ◗, ◖ 29 =  1 + 7·2^2 ◗]
31: [◖ 1 ◗, ◖ 31 = -1 + 1·2^5 ◗]
33: [◖ 1 ◗, ◖ 33 =  1 + 1·2^5 ◗]
35: [◖ 1 ◗, ◖ 9 =  1 + 1·2^3 ◗, ◖ 35 = -1 + 9·2^2 ◗]
37: [◖ 1 ◗, ◖ 9 =  1 + 1·2^3 ◗, ◖ 37 =  1 + 9·2^2 ◗]
39: [◖ 1 ◗, ◖ 5 =  1 + 1·2^2 ◗, ◖ 39 = -1 + 5·2^3 ◗]
41: [◖ 1 ◗, ◖ 5 =  1 + 1·2^2 ◗, ◖ 41 =  1 + 5·2^3 ◗]
43: [◖ 1 ◗, ◖ 3 =  1 + 1·2^1 ◗, ◖ 11 = -1 + 3·2^2 ◗, ◖ 43 = -1 + 11·2^2 ◗]
45: [◖ 1 ◗, ◖ 3 =  1 + 1·2^1 ◗, ◖ 45 = -3 + 3·2^4 ◗]
47: [◖ 1 ◗, ◖ 3 =  1 + 1·2^1 ◗, ◖ 47 = -1 + 3·2^4 ◗]
49: [◖ 1 ◗, ◖ 3 =  1 + 1·2^1 ◗, ◖ 49 =  1 + 3·2^4 ◗]
51: [◖ 1 ◗, ◖ 3 =  1 + 1·2^1 ◗, ◖ 51 =  3 + 3·2^4 ◗]
53: [◖ 1 ◗, ◖ 3 =  1 + 1·2^1 ◗, ◖ 13 =  1 + 3·2^2 ◗, ◖ 53 =  1 + 13·2^2 ◗]
55: [◖ 1 ◗, ◖ 7 = -1 + 1·2^3 ◗, ◖ 55 = -1 + 7·2^3 ◗]
57: [◖ 1 ◗, ◖ 7 = -1 + 1·2^3 ◗, ◖ 57 =  1 + 7·2^3 ◗]
59: [◖ 1 ◗, ◖ 15 = -1 + 1·2^4 ◗, ◖ 59 = -1 + 15·2^2 ◗]
61: [◖ 1 ◗, ◖ 15 = -1 + 1·2^4 ◗, ◖ 61 =  1 + 15·2^2 ◗]
63: [◖ 1 ◗, ◖ 63 = -1 + 1·2^6 ◗]
65: [◖ 1 ◗, ◖ 65 =  1 + 1·2^6 ◗]
67: [◖ 1 ◗, ◖ 17 =  1 + 1·2^4 ◗, ◖ 67 = -1 + 17·2^2 ◗]
69: [◖ 1 ◗, ◖ 17 =  1 + 1·2^4 ◗, ◖ 69 =  1 + 17·2^2 ◗]
71: [◖ 1 ◗, ◖ 9 =  1 + 1·2^3 ◗, ◖ 71 = -1 + 9·2^3 ◗]
73: [◖ 1 ◗, ◖ 9 =  1 + 1·2^3 ◗, ◖ 73 =  1 + 9·2^3 ◗]
75: [◖ 1 ◗, ◖ 5 =  1 + 1·2^2 ◗, ◖ 75 = -5 + 5·2^4 ◗]
77: [◖ 1 ◗, ◖ 5 =  1 + 1·2^2 ◗, ◖ 19 = -1 + 5·2^2 ◗, ◖ 77 =  1 + 19·2^2 ◗]
79: [◖ 1 ◗, ◖ 5 =  1 + 1·2^2 ◗, ◖ 79 = -1 + 5·2^4 ◗]
81: [◖ 1 ◗, ◖ 5 =  1 + 1·2^2 ◗, ◖ 81 =  1 + 5·2^4 ◗]
83: [◖ 1 ◗, ◖ 5 =  1 + 1·2^2 ◗, ◖ 21 =  1 + 5·2^2 ◗, ◖ 83 = -1 + 21·2^2 ◗]
85: [◖ 1 ◗, ◖ 5 =  1 + 1·2^2 ◗, ◖ 85 =  5 + 5·2^4 ◗]
87: [◖ 1 ◗, ◖ 3 =  1 + 1·2^1 ◗, ◖ 11 = -1 + 3·2^2 ◗, ◖ 87 = -1 + 11·2^3 ◗]
89: [◖ 1 ◗, ◖ 3 =  1 + 1·2^1 ◗, ◖ 11 = -1 + 3·2^2 ◗, ◖ 89 =  1 + 11·2^3 ◗]
91: [◖ 1 ◗, ◖ 3 =  1 + 1·2^1 ◗, ◖ 23 = -1 + 3·2^3 ◗, ◖ 91 = -1 + 23·2^2 ◗]
93: [◖ 1 ◗, ◖ 3 =  1 + 1·2^1 ◗, ◖ 93 = -3 + 3·2^5 ◗]
95: [◖ 1 ◗, ◖ 3 =  1 + 1·2^1 ◗, ◖ 95 = -1 + 3·2^5 ◗]
97: [◖ 1 ◗, ◖ 3 =  1 + 1·2^1 ◗, ◖ 97 =  1 + 3·2^5 ◗]
99: [◖ 1 ◗, ◖ 3 =  1 + 1·2^1 ◗, ◖ 99 =  3 + 3·2^5 ◗]
101: [◖ 1 ◗, ◖ 3 =  1 + 1·2^1 ◗, ◖ 25 =  1 + 3·2^3 ◗, ◖ 101 =  1 + 25·2^2 ◗]
103: [◖ 1 ◗, ◖ 3 =  1 + 1·2^1 ◗, ◖ 13 =  1 + 3·2^2 ◗, ◖ 103 = -1 + 13·2^3 ◗]
105: [◖ 1 ◗, ◖ 7 = -1 + 1·2^3 ◗, ◖ 105 = -7 + 7·2^4 ◗]
107: [◖ 1 ◗, ◖ 7 = -1 + 1·2^3 ◗, ◖ 27 = -1 + 7·2^2 ◗, ◖ 107 = -1 + 27·2^2 ◗]
109: [◖ 1 ◗, ◖ 7 = -1 + 1·2^3 ◗, ◖ 27 = -1 + 7·2^2 ◗, ◖ 109 =  1 + 27·2^2 ◗]
111: [◖ 1 ◗, ◖ 7 = -1 + 1·2^3 ◗, ◖ 111 = -1 + 7·2^4 ◗]
113: [◖ 1 ◗, ◖ 7 = -1 + 1·2^3 ◗, ◖ 113 =  1 + 7·2^4 ◗]
115: [◖ 1 ◗, ◖ 7 = -1 + 1·2^3 ◗, ◖ 29 =  1 + 7·2^2 ◗, ◖ 115 = -1 + 29·2^2 ◗]
117: [◖ 1 ◗, ◖ 7 = -1 + 1·2^3 ◗, ◖ 29 =  1 + 7·2^2 ◗, ◖ 117 =  1 + 29·2^2 ◗]
119: [◖ 1 ◗, ◖ 15 = -1 + 1·2^4 ◗, ◖ 119 = -1 + 15·2^3 ◗]
121: [◖ 1 ◗, ◖ 15 = -1 + 1·2^4 ◗, ◖ 121 =  1 + 15·2^3 ◗]
123: [◖ 1 ◗, ◖ 31 = -1 + 1·2^5 ◗, ◖ 123 = -1 + 31·2^2 ◗]
125: [◖ 1 ◗, ◖ 31 = -1 + 1·2^5 ◗, ◖ 125 =  1 + 31·2^2 ◗]
127: [◖ 1 ◗, ◖ 127 = -1 + 1·2^7 ◗]
129: [◖ 1 ◗, ◖ 129 =  1 + 1·2^7 ◗]
131: [◖ 1 ◗, ◖ 33 =  1 + 1·2^5 ◗, ◖ 131 = -1 + 33·2^2 ◗]
133: [◖ 1 ◗, ◖ 33 =  1 + 1·2^5 ◗, ◖ 133 =  1 + 33·2^2 ◗]
135: [◖ 1 ◗, ◖ 17 =  1 + 1·2^4 ◗, ◖ 135 = -1 + 17·2^3 ◗]
137: [◖ 1 ◗, ◖ 17 =  1 + 1·2^4 ◗, ◖ 137 =  1 + 17·2^3 ◗]
139: [◖ 1 ◗, ◖ 9 =  1 + 1·2^3 ◗, ◖ 35 = -1 + 9·2^2 ◗, ◖ 139 = -1 + 35·2^2 ◗]
141: [◖ 1 ◗, ◖ 9 =  1 + 1·2^3 ◗, ◖ 35 = -1 + 9·2^2 ◗, ◖ 141 =  1 + 35·2^2 ◗]
143: [◖ 1 ◗, ◖ 9 =  1 + 1·2^3 ◗, ◖ 143 = -1 + 9·2^4 ◗]
145: [◖ 1 ◗, ◖ 9 =  1 + 1·2^3 ◗, ◖ 145 =  1 + 9·2^4 ◗]
147: [◖ 1 ◗, ◖ 9 =  1 + 1·2^3 ◗, ◖ 37 =  1 + 9·2^2 ◗, ◖ 147 = -1 + 37·2^2 ◗]
149: [◖ 1 ◗, ◖ 9 =  1 + 1·2^3 ◗, ◖ 37 =  1 + 9·2^2 ◗, ◖ 149 =  1 + 37·2^2 ◗]
151: [◖ 1 ◗, ◖ 5 =  1 + 1·2^2 ◗, ◖ 19 = -1 + 5·2^2 ◗, ◖ 151 = -1 + 19·2^3 ◗]
153: [◖ 1 ◗, ◖ 9 =  1 + 1·2^3 ◗, ◖ 153 =  9 + 9·2^4 ◗]
155: [◖ 1 ◗, ◖ 5 =  1 + 1·2^2 ◗, ◖ 155 = -5 + 5·2^5 ◗]
157: [◖ 1 ◗, ◖ 5 =  1 + 1·2^2 ◗, ◖ 39 = -1 + 5·2^3 ◗, ◖ 157 =  1 + 39·2^2 ◗]
159: [◖ 1 ◗, ◖ 5 =  1 + 1·2^2 ◗, ◖ 159 = -1 + 5·2^5 ◗]
161: [◖ 1 ◗, ◖ 5 =  1 + 1·2^2 ◗, ◖ 161 =  1 + 5·2^5 ◗]
163: [◖ 1 ◗, ◖ 5 =  1 + 1·2^2 ◗, ◖ 41 =  1 + 5·2^3 ◗, ◖ 163 = -1 + 41·2^2 ◗]
165: [◖ 1 ◗, ◖ 5 =  1 + 1·2^2 ◗, ◖ 165 =  5 + 5·2^5 ◗]
167: [◖ 1 ◗, ◖ 5 =  1 + 1·2^2 ◗, ◖ 21 =  1 + 5·2^2 ◗, ◖ 167 = -1 + 21·2^3 ◗]
169: [◖ 1 ◗, ◖ 5 =  1 + 1·2^2 ◗, ◖ 21 =  1 + 5·2^2 ◗, ◖ 169 =  1 + 21·2^3 ◗]
171: [◖ 1 ◗, ◖ 5 =  1 + 1·2^2 ◗, ◖ 85 =  5 + 5·2^4 ◗, ◖ 171 =  1 + 85·2^1 ◗]
173: [◖ 1 ◗, ◖ 3 =  1 + 1·2^1 ◗, ◖ 11 = -1 + 3·2^2 ◗, ◖ 173 = -3 + 11·2^4 ◗]
175: [◖ 1 ◗, ◖ 3 =  1 + 1·2^1 ◗, ◖ 11 = -1 + 3·2^2 ◗, ◖ 175 = -1 + 11·2^4 ◗]
177: [◖ 1 ◗, ◖ 3 =  1 + 1·2^1 ◗, ◖ 11 = -1 + 3·2^2 ◗, ◖ 177 =  1 + 11·2^4 ◗]
179: [◖ 1 ◗, ◖ 3 =  1 + 1·2^1 ◗, ◖ 45 = -3 + 3·2^4 ◗, ◖ 179 = -1 + 45·2^2 ◗]
181: [◖ 1 ◗, ◖ 3 =  1 + 1·2^1 ◗, ◖ 45 = -3 + 3·2^4 ◗, ◖ 181 =  1 + 45·2^2 ◗]
183: [◖ 1 ◗, ◖ 3 =  1 + 1·2^1 ◗, ◖ 23 = -1 + 3·2^3 ◗, ◖ 183 = -1 + 23·2^3 ◗]
185: [◖ 1 ◗, ◖ 3 =  1 + 1·2^1 ◗, ◖ 23 = -1 + 3·2^3 ◗, ◖ 185 =  1 + 23·2^3 ◗]
187: [◖ 1 ◗, ◖ 3 =  1 + 1·2^1 ◗, ◖ 47 = -1 + 3·2^4 ◗, ◖ 187 = -1 + 47·2^2 ◗]
189: [◖ 1 ◗, ◖ 3 =  1 + 1·2^1 ◗, ◖ 189 = -3 + 3·2^6 ◗]
191: [◖ 1 ◗, ◖ 3 =  1 + 1·2^1 ◗, ◖ 191 = -1 + 3·2^6 ◗]
193: [◖ 1 ◗, ◖ 3 =  1 + 1·2^1 ◗, ◖ 193 =  1 + 3·2^6 ◗]
195: [◖ 1 ◗, ◖ 3 =  1 + 1·2^1 ◗, ◖ 195 =  3 + 3·2^6 ◗]
197: [◖ 1 ◗, ◖ 3 =  1 + 1·2^1 ◗, ◖ 49 =  1 + 3·2^4 ◗, ◖ 197 =  1 + 49·2^2 ◗]
199: [◖ 1 ◗, ◖ 3 =  1 + 1·2^1 ◗, ◖ 25 =  1 + 3·2^3 ◗, ◖ 199 = -1 + 25·2^3 ◗]
201: [◖ 1 ◗, ◖ 3 =  1 + 1·2^1 ◗, ◖ 25 =  1 + 3·2^3 ◗, ◖ 201 =  1 + 25·2^3 ◗]
203: [◖ 1 ◗, ◖ 3 =  1 + 1·2^1 ◗, ◖ 51 =  3 + 3·2^4 ◗, ◖ 203 = -1 + 51·2^2 ◗]
205: [◖ 1 ◗, ◖ 3 =  1 + 1·2^1 ◗, ◖ 51 =  3 + 3·2^4 ◗, ◖ 205 =  1 + 51·2^2 ◗]
207: [◖ 1 ◗, ◖ 3 =  1 + 1·2^1 ◗, ◖ 13 =  1 + 3·2^2 ◗, ◖ 207 = -1 + 13·2^4 ◗]
209: [◖ 1 ◗, ◖ 3 =  1 + 1·2^1 ◗, ◖ 13 =  1 + 3·2^2 ◗, ◖ 209 =  1 + 13·2^4 ◗]
211: [◖ 1 ◗, ◖ 7 = -1 + 1·2^3 ◗, ◖ 105 = -7 + 7·2^4 ◗, ◖ 211 =  1 + 105·2^1 ◗]
213: [◖ 1 ◗, ◖ 7 = -1 + 1·2^3 ◗, ◖ 55 = -1 + 7·2^3 ◗, ◖ 213 = -7 + 55·2^2 ◗]
215: [◖ 1 ◗, ◖ 7 = -1 + 1·2^3 ◗, ◖ 27 = -1 + 7·2^2 ◗, ◖ 215 = -1 + 27·2^3 ◗]
217: [◖ 1 ◗, ◖ 7 = -1 + 1·2^3 ◗, ◖ 217 = -7 + 7·2^5 ◗]
219: [◖ 1 ◗, ◖ 7 = -1 + 1·2^3 ◗, ◖ 55 = -1 + 7·2^3 ◗, ◖ 219 = -1 + 55·2^2 ◗]
221: [◖ 1 ◗, ◖ 7 = -1 + 1·2^3 ◗, ◖ 55 = -1 + 7·2^3 ◗, ◖ 221 =  1 + 55·2^2 ◗]
223: [◖ 1 ◗, ◖ 7 = -1 + 1·2^3 ◗, ◖ 223 = -1 + 7·2^5 ◗]
225: [◖ 1 ◗, ◖ 7 = -1 + 1·2^3 ◗, ◖ 225 =  1 + 7·2^5 ◗]
227: [◖ 1 ◗, ◖ 7 = -1 + 1·2^3 ◗, ◖ 57 =  1 + 7·2^3 ◗, ◖ 227 = -1 + 57·2^2 ◗]
229: [◖ 1 ◗, ◖ 7 = -1 + 1·2^3 ◗, ◖ 57 =  1 + 7·2^3 ◗, ◖ 229 =  1 + 57·2^2 ◗]
231: [◖ 1 ◗, ◖ 7 = -1 + 1·2^3 ◗, ◖ 231 =  7 + 7·2^5 ◗]
233: [◖ 1 ◗, ◖ 7 = -1 + 1·2^3 ◗, ◖ 29 =  1 + 7·2^2 ◗, ◖ 233 =  1 + 29·2^3 ◗]
235: [◖ 1 ◗, ◖ 15 = -1 + 1·2^4 ◗, ◖ 59 = -1 + 15·2^2 ◗, ◖ 235 = -1 + 59·2^2 ◗]
237: [◖ 1 ◗, ◖ 15 = -1 + 1·2^4 ◗, ◖ 59 = -1 + 15·2^2 ◗, ◖ 237 =  1 + 59·2^2 ◗]
239: [◖ 1 ◗, ◖ 15 = -1 + 1·2^4 ◗, ◖ 239 = -1 + 15·2^4 ◗]
241: [◖ 1 ◗, ◖ 15 = -1 + 1·2^4 ◗, ◖ 241 =  1 + 15·2^4 ◗]
243: [◖ 1 ◗, ◖ 15 = -1 + 1·2^4 ◗, ◖ 61 =  1 + 15·2^2 ◗, ◖ 243 = -1 + 61·2^2 ◗]
245: [◖ 1 ◗, ◖ 15 = -1 + 1·2^4 ◗, ◖ 61 =  1 + 15·2^2 ◗, ◖ 245 =  1 + 61·2^2 ◗]
247: [◖ 1 ◗, ◖ 31 = -1 + 1·2^5 ◗, ◖ 247 = -1 + 31·2^3 ◗]
249: [◖ 1 ◗, ◖ 31 = -1 + 1·2^5 ◗, ◖ 249 =  1 + 31·2^3 ◗]
251: [◖ 1 ◗, ◖ 63 = -1 + 1·2^6 ◗, ◖ 251 = -1 + 63·2^2 ◗]
253: [◖ 1 ◗, ◖ 63 = -1 + 1·2^6 ◗, ◖ 253 =  1 + 63·2^2 ◗]
255: [◖ 1 ◗, ◖ 255 = -1 + 1·2^8 ◗]
257: [◖ 1 ◗, ◖ 257 =  1 + 1·2^8 ◗]
259: [◖ 1 ◗, ◖ 65 =  1 + 1·2^6 ◗, ◖ 259 = -1 + 65·2^2 ◗]
261: [◖ 1 ◗, ◖ 65 =  1 + 1·2^6 ◗, ◖ 261 =  1 + 65·2^2 ◗]
263: [◖ 1 ◗, ◖ 33 =  1 + 1·2^5 ◗, ◖ 263 = -1 + 33·2^3 ◗]
265: [◖ 1 ◗, ◖ 33 =  1 + 1·2^5 ◗, ◖ 265 =  1 + 33·2^3 ◗]
267: [◖ 1 ◗, ◖ 17 =  1 + 1·2^4 ◗, ◖ 67 = -1 + 17·2^2 ◗, ◖ 267 = -1 + 67·2^2 ◗]
269: [◖ 1 ◗, ◖ 17 =  1 + 1·2^4 ◗, ◖ 67 = -1 + 17·2^2 ◗, ◖ 269 =  1 + 67·2^2 ◗]
271: [◖ 1 ◗, ◖ 17 =  1 + 1·2^4 ◗, ◖ 271 = -1 + 17·2^4 ◗]
273: [◖ 1 ◗, ◖ 17 =  1 + 1·2^4 ◗, ◖ 273 =  1 + 17·2^4 ◗]
275: [◖ 1 ◗, ◖ 17 =  1 + 1·2^4 ◗, ◖ 69 =  1 + 17·2^2 ◗, ◖ 275 = -1 + 69·2^2 ◗]
277: [◖ 1 ◗, ◖ 17 =  1 + 1·2^4 ◗, ◖ 69 =  1 + 17·2^2 ◗, ◖ 277 =  1 + 69·2^2 ◗]
279: [◖ 1 ◗, ◖ 9 =  1 + 1·2^3 ◗, ◖ 279 = -9 + 9·2^5 ◗]
281: [◖ 1 ◗, ◖ 9 =  1 + 1·2^3 ◗, ◖ 35 = -1 + 9·2^2 ◗, ◖ 281 =  1 + 35·2^3 ◗]
283: [◖ 1 ◗, ◖ 9 =  1 + 1·2^3 ◗, ◖ 71 = -1 + 9·2^3 ◗, ◖ 283 = -1 + 71·2^2 ◗]
285: [◖ 1 ◗, ◖ 9 =  1 + 1·2^3 ◗, ◖ 71 = -1 + 9·2^3 ◗, ◖ 285 =  1 + 71·2^2 ◗]
287: [◖ 1 ◗, ◖ 9 =  1 + 1·2^3 ◗, ◖ 287 = -1 + 9·2^5 ◗]
289: [◖ 1 ◗, ◖ 9 =  1 + 1·2^3 ◗, ◖ 289 =  1 + 9·2^5 ◗]
291: [◖ 1 ◗, ◖ 9 =  1 + 1·2^3 ◗, ◖ 73 =  1 + 9·2^3 ◗, ◖ 291 = -1 + 73·2^2 ◗]
293: [◖ 1 ◗, ◖ 9 =  1 + 1·2^3 ◗, ◖ 73 =  1 + 9·2^3 ◗, ◖ 293 =  1 + 73·2^2 ◗]
295: [◖ 1 ◗, ◖ 9 =  1 + 1·2^3 ◗, ◖ 37 =  1 + 9·2^2 ◗, ◖ 295 = -1 + 37·2^3 ◗]
297: [◖ 1 ◗, ◖ 9 =  1 + 1·2^3 ◗, ◖ 297 =  9 + 9·2^5 ◗]
299: [◖ 1 ◗, ◖ 5 =  1 + 1·2^2 ◗, ◖ 75 = -5 + 5·2^4 ◗, ◖ 299 = -1 + 75·2^2 ◗]
301: [◖ 1 ◗, ◖ 5 =  1 + 1·2^2 ◗, ◖ 75 = -5 + 5·2^4 ◗, ◖ 301 =  1 + 75·2^2 ◗]
303: [◖ 1 ◗, ◖ 5 =  1 + 1·2^2 ◗, ◖ 19 = -1 + 5·2^2 ◗, ◖ 303 = -1 + 19·2^4 ◗]
305: [◖ 1 ◗, ◖ 5 =  1 + 1·2^2 ◗, ◖ 19 = -1 + 5·2^2 ◗, ◖ 305 =  1 + 19·2^4 ◗]
307: [◖ 1 ◗, ◖ 9 =  1 + 1·2^3 ◗, ◖ 153 =  9 + 9·2^4 ◗, ◖ 307 =  1 + 153·2^1 ◗]
309: [◖ 1 ◗, ◖ 5 =  1 + 1·2^2 ◗, ◖ 155 = -5 + 5·2^5 ◗, ◖ 309 = -1 + 155·2^1 ◗]
311: [◖ 1 ◗, ◖ 5 =  1 + 1·2^2 ◗, ◖ 39 = -1 + 5·2^3 ◗, ◖ 311 = -1 + 39·2^3 ◗]
313: [◖ 1 ◗, ◖ 5 =  1 + 1·2^2 ◗, ◖ 39 = -1 + 5·2^3 ◗, ◖ 313 =  1 + 39·2^3 ◗]
315: [◖ 1 ◗, ◖ 5 =  1 + 1·2^2 ◗, ◖ 315 = -5 + 5·2^6 ◗]
317: [◖ 1 ◗, ◖ 5 =  1 + 1·2^2 ◗, ◖ 79 = -1 + 5·2^4 ◗, ◖ 317 =  1 + 79·2^2 ◗]
319: [◖ 1 ◗, ◖ 5 =  1 + 1·2^2 ◗, ◖ 319 = -1 + 5·2^6 ◗]
321: [◖ 1 ◗, ◖ 5 =  1 + 1·2^2 ◗, ◖ 321 =  1 + 5·2^6 ◗]
323: [◖ 1 ◗, ◖ 5 =  1 + 1·2^2 ◗, ◖ 81 =  1 + 5·2^4 ◗, ◖ 323 = -1 + 81·2^2 ◗]
325: [◖ 1 ◗, ◖ 5 =  1 + 1·2^2 ◗, ◖ 325 =  5 + 5·2^6 ◗]
327: [◖ 1 ◗, ◖ 5 =  1 + 1·2^2 ◗, ◖ 41 =  1 + 5·2^3 ◗, ◖ 327 = -1 + 41·2^3 ◗]
329: [◖ 1 ◗, ◖ 5 =  1 + 1·2^2 ◗, ◖ 41 =  1 + 5·2^3 ◗, ◖ 329 =  1 + 41·2^3 ◗]
331: [◖ 1 ◗, ◖ 5 =  1 + 1·2^2 ◗, ◖ 165 =  5 + 5·2^5 ◗, ◖ 331 =  1 + 165·2^1 ◗]
333: [◖ 1 ◗, ◖ 5 =  1 + 1·2^2 ◗, ◖ 41 =  1 + 5·2^3 ◗, ◖ 333 =  5 + 41·2^3 ◗]
335: [◖ 1 ◗, ◖ 5 =  1 + 1·2^2 ◗, ◖ 21 =  1 + 5·2^2 ◗, ◖ 335 = -1 + 21·2^4 ◗]
337: [◖ 1 ◗, ◖ 5 =  1 + 1·2^2 ◗, ◖ 21 =  1 + 5·2^2 ◗, ◖ 337 =  1 + 21·2^4 ◗]
339: [◖ 1 ◗, ◖ 5 =  1 + 1·2^2 ◗, ◖ 85 =  5 + 5·2^4 ◗, ◖ 339 = -1 + 85·2^2 ◗]
341: [◖ 1 ◗, ◖ 5 =  1 + 1·2^2 ◗, ◖ 85 =  5 + 5·2^4 ◗, ◖ 341 =  1 + 85·2^2 ◗]
343: [◖ 1 ◗, ◖ 3 =  1 + 1·2^1 ◗, ◖ 49 =  1 + 3·2^4 ◗, ◖ 343 = -49 + 49·2^3 ◗]
345: [◖ 1 ◗, ◖ 7 = -1 + 1·2^3 ◗, ◖ 217 = -7 + 7·2^5 ◗, ◖ 345 =  217 + 1·2^7 ◗]
347: [◖ 1 ◗, ◖ 5 =  1 + 1·2^2 ◗, ◖ 165 =  5 + 5·2^5 ◗, ◖ 347 = -165 + 1·2^9 ◗]
349: [◖ 1 ◗, ◖ 3 =  1 + 1·2^1 ◗, ◖ 11 = -1 + 3·2^2 ◗, ◖ 349 = -3 + 11·2^5 ◗]
351: [◖ 1 ◗, ◖ 3 =  1 + 1·2^1 ◗, ◖ 11 = -1 + 3·2^2 ◗, ◖ 351 = -1 + 11·2^5 ◗]
353: [◖ 1 ◗, ◖ 3 =  1 + 1·2^1 ◗, ◖ 11 = -1 + 3·2^2 ◗, ◖ 353 =  1 + 11·2^5 ◗]
355: [◖ 1 ◗, ◖ 3 =  1 + 1·2^1 ◗, ◖ 11 = -1 + 3·2^2 ◗, ◖ 355 =  3 + 11·2^5 ◗]
357: [◖ 1 ◗, ◖ 3 =  1 + 1·2^1 ◗, ◖ 45 = -3 + 3·2^4 ◗, ◖ 357 = -3 + 45·2^3 ◗]
359: [◖ 1 ◗, ◖ 3 =  1 + 1·2^1 ◗, ◖ 45 = -3 + 3·2^4 ◗, ◖ 359 = -1 + 45·2^3 ◗]
361: [◖ 1 ◗, ◖ 3 =  1 + 1·2^1 ◗, ◖ 45 = -3 + 3·2^4 ◗, ◖ 361 =  1 + 45·2^3 ◗]
363: [◖ 1 ◗, ◖ 3 =  1 + 1·2^1 ◗, ◖ 45 = -3 + 3·2^4 ◗, ◖ 363 =  3 + 45·2^3 ◗]
365: [◖ 1 ◗, ◖ 3 =  1 + 1·2^1 ◗, ◖ 23 = -1 + 3·2^3 ◗, ◖ 365 = -3 + 23·2^4 ◗]
367: [◖ 1 ◗, ◖ 3 =  1 + 1·2^1 ◗, ◖ 23 = -1 + 3·2^3 ◗, ◖ 367 = -1 + 23·2^4 ◗]
369: [◖ 1 ◗, ◖ 3 =  1 + 1·2^1 ◗, ◖ 23 = -1 + 3·2^3 ◗, ◖ 369 =  1 + 23·2^4 ◗]
371: [◖ 1 ◗, ◖ 3 =  1 + 1·2^1 ◗, ◖ 93 = -3 + 3·2^5 ◗, ◖ 371 = -1 + 93·2^2 ◗]
373: [◖ 1 ◗, ◖ 3 =  1 + 1·2^1 ◗, ◖ 93 = -3 + 3·2^5 ◗, ◖ 373 =  1 + 93·2^2 ◗]
375: [◖ 1 ◗, ◖ 3 =  1 + 1·2^1 ◗, ◖ 47 = -1 + 3·2^4 ◗, ◖ 375 = -1 + 47·2^3 ◗]
377: [◖ 1 ◗, ◖ 3 =  1 + 1·2^1 ◗, ◖ 47 = -1 + 3·2^4 ◗, ◖ 377 =  1 + 47·2^3 ◗]
379: [◖ 1 ◗, ◖ 3 =  1 + 1·2^1 ◗, ◖ 95 = -1 + 3·2^5 ◗, ◖ 379 = -1 + 95·2^2 ◗]
381: [◖ 1 ◗, ◖ 3 =  1 + 1·2^1 ◗, ◖ 381 = -3 + 3·2^7 ◗]
383: [◖ 1 ◗, ◖ 3 =  1 + 1·2^1 ◗, ◖ 383 = -1 + 3·2^7 ◗]
385: [◖ 1 ◗, ◖ 3 =  1 + 1·2^1 ◗, ◖ 385 =  1 + 3·2^7 ◗]
387: [◖ 1 ◗, ◖ 3 =  1 + 1·2^1 ◗, ◖ 387 =  3 + 3·2^7 ◗]
389: [◖ 1 ◗, ◖ 3 =  1 + 1·2^1 ◗, ◖ 97 =  1 + 3·2^5 ◗, ◖ 389 =  1 + 97·2^2 ◗]
391: [◖ 1 ◗, ◖ 3 =  1 + 1·2^1 ◗, ◖ 49 =  1 + 3·2^4 ◗, ◖ 391 = -1 + 49·2^3 ◗]
393: [◖ 1 ◗, ◖ 3 =  1 + 1·2^1 ◗, ◖ 49 =  1 + 3·2^4 ◗, ◖ 393 =  1 + 49·2^3 ◗]
395: [◖ 1 ◗, ◖ 3 =  1 + 1·2^1 ◗, ◖ 99 =  3 + 3·2^5 ◗, ◖ 395 = -1 + 99·2^2 ◗]
397: [◖ 1 ◗, ◖ 3 =  1 + 1·2^1 ◗, ◖ 99 =  3 + 3·2^5 ◗, ◖ 397 =  1 + 99·2^2 ◗]
399: [◖ 1 ◗, ◖ 3 =  1 + 1·2^1 ◗, ◖ 25 =  1 + 3·2^3 ◗, ◖ 399 = -1 + 25·2^4 ◗]
401: [◖ 1 ◗, ◖ 3 =  1 + 1·2^1 ◗, ◖ 25 =  1 + 3·2^3 ◗, ◖ 401 =  1 + 25·2^4 ◗]
403: [◖ 1 ◗, ◖ 3 =  1 + 1·2^1 ◗, ◖ 25 =  1 + 3·2^3 ◗, ◖ 403 =  3 + 25·2^4 ◗]
405: [◖ 1 ◗, ◖ 3 =  1 + 1·2^1 ◗, ◖ 51 =  3 + 3·2^4 ◗, ◖ 405 = -3 + 51·2^3 ◗]
407: [◖ 1 ◗, ◖ 3 =  1 + 1·2^1 ◗, ◖ 51 =  3 + 3·2^4 ◗, ◖ 407 = -1 + 51·2^3 ◗]
409: [◖ 1 ◗, ◖ 3 =  1 + 1·2^1 ◗, ◖ 51 =  3 + 3·2^4 ◗, ◖ 409 =  1 + 51·2^3 ◗]
411: [◖ 1 ◗, ◖ 3 =  1 + 1·2^1 ◗, ◖ 51 =  3 + 3·2^4 ◗, ◖ 411 =  3 + 51·2^3 ◗]
413: [◖ 1 ◗, ◖ 3 =  1 + 1·2^1 ◗, ◖ 13 =  1 + 3·2^2 ◗, ◖ 413 = -3 + 13·2^5 ◗]
415: [◖ 1 ◗, ◖ 3 =  1 + 1·2^1 ◗, ◖ 13 =  1 + 3·2^2 ◗, ◖ 415 = -1 + 13·2^5 ◗]
417: [◖ 1 ◗, ◖ 3 =  1 + 1·2^1 ◗, ◖ 13 =  1 + 3·2^2 ◗, ◖ 417 =  1 + 13·2^5 ◗]
419: [◖ 1 ◗, ◖ 7 = -1 + 1·2^3 ◗, ◖ 105 = -7 + 7·2^4 ◗, ◖ 419 = -1 + 105·2^2 ◗]
421: [◖ 1 ◗, ◖ 7 = -1 + 1·2^3 ◗, ◖ 105 = -7 + 7·2^4 ◗, ◖ 421 =  1 + 105·2^2 ◗]
423: [◖ 1 ◗, ◖ 3 =  1 + 1·2^1 ◗, ◖ 47 = -1 + 3·2^4 ◗, ◖ 423 =  47 + 47·2^3 ◗]
425: [◖ 1 ◗, ◖ 7 = -1 + 1·2^3 ◗, ◖ 27 = -1 + 7·2^2 ◗, ◖ 425 = -7 + 27·2^4 ◗]
427: [◖ 1 ◗, ◖ 7 = -1 + 1·2^3 ◗, ◖ 105 = -7 + 7·2^4 ◗, ◖ 427 =  7 + 105·2^2 ◗]
429: [◖ 1 ◗, ◖ 3 =  1 + 1·2^1 ◗, ◖ 13 =  1 + 3·2^2 ◗, ◖ 429 =  13 + 13·2^5 ◗]
431: [◖ 1 ◗, ◖ 7 = -1 + 1·2^3 ◗, ◖ 27 = -1 + 7·2^2 ◗, ◖ 431 = -1 + 27·2^4 ◗]
433: [◖ 1 ◗, ◖ 7 = -1 + 1·2^3 ◗, ◖ 27 = -1 + 7·2^2 ◗, ◖ 433 =  1 + 27·2^4 ◗]
435: [◖ 1 ◗, ◖ 7 = -1 + 1·2^3 ◗, ◖ 217 = -7 + 7·2^5 ◗, ◖ 435 =  1 + 217·2^1 ◗]
437: [◖ 1 ◗, ◖ 7 = -1 + 1·2^3 ◗, ◖ 111 = -1 + 7·2^4 ◗, ◖ 437 = -7 + 111·2^2 ◗]
439: [◖ 1 ◗, ◖ 7 = -1 + 1·2^3 ◗, ◖ 55 = -1 + 7·2^3 ◗, ◖ 439 = -1 + 55·2^3 ◗]
441: [◖ 1 ◗, ◖ 7 = -1 + 1·2^3 ◗, ◖ 441 = -7 + 7·2^6 ◗]
443: [◖ 1 ◗, ◖ 7 = -1 + 1·2^3 ◗, ◖ 111 = -1 + 7·2^4 ◗, ◖ 443 = -1 + 111·2^2 ◗]
445: [◖ 1 ◗, ◖ 7 = -1 + 1·2^3 ◗, ◖ 111 = -1 + 7·2^4 ◗, ◖ 445 =  1 + 111·2^2 ◗]
447: [◖ 1 ◗, ◖ 7 = -1 + 1·2^3 ◗, ◖ 447 = -1 + 7·2^6 ◗]
449: [◖ 1 ◗, ◖ 7 = -1 + 1·2^3 ◗, ◖ 449 =  1 + 7·2^6 ◗]
451: [◖ 1 ◗, ◖ 7 = -1 + 1·2^3 ◗, ◖ 113 =  1 + 7·2^4 ◗, ◖ 451 = -1 + 113·2^2 ◗]
453: [◖ 1 ◗, ◖ 7 = -1 + 1·2^3 ◗, ◖ 113 =  1 + 7·2^4 ◗, ◖ 453 =  1 + 113·2^2 ◗]
455: [◖ 1 ◗, ◖ 7 = -1 + 1·2^3 ◗, ◖ 455 =  7 + 7·2^6 ◗]
457: [◖ 1 ◗, ◖ 7 = -1 + 1·2^3 ◗, ◖ 57 =  1 + 7·2^3 ◗, ◖ 457 =  1 + 57·2^3 ◗]
459: [◖ 1 ◗, ◖ 7 = -1 + 1·2^3 ◗, ◖ 113 =  1 + 7·2^4 ◗, ◖ 459 =  7 + 113·2^2 ◗]
461: [◖ 1 ◗, ◖ 7 = -1 + 1·2^3 ◗, ◖ 231 =  7 + 7·2^5 ◗, ◖ 461 = -1 + 231·2^1 ◗]
463: [◖ 1 ◗, ◖ 7 = -1 + 1·2^3 ◗, ◖ 29 =  1 + 7·2^2 ◗, ◖ 463 = -1 + 29·2^4 ◗]
465: [◖ 1 ◗, ◖ 15 = -1 + 1·2^4 ◗, ◖ 465 = -15 + 15·2^5 ◗]
467: [◖ 1 ◗, ◖ 15 = -1 + 1·2^4 ◗, ◖ 241 =  1 + 15·2^4 ◗, ◖ 467 = -15 + 241·2^1 ◗]
469: [◖ 1 ◗, ◖ 7 = -1 + 1·2^3 ◗, ◖ 231 =  7 + 7·2^5 ◗, ◖ 469 =  7 + 231·2^1 ◗]
471: [◖ 1 ◗, ◖ 15 = -1 + 1·2^4 ◗, ◖ 59 = -1 + 15·2^2 ◗, ◖ 471 = -1 + 59·2^3 ◗]
473: [◖ 1 ◗, ◖ 15 = -1 + 1·2^4 ◗, ◖ 59 = -1 + 15·2^2 ◗, ◖ 473 =  1 + 59·2^3 ◗]
475: [◖ 1 ◗, ◖ 15 = -1 + 1·2^4 ◗, ◖ 119 = -1 + 15·2^3 ◗, ◖ 475 = -1 + 119·2^2 ◗]
477: [◖ 1 ◗, ◖ 15 = -1 + 1·2^4 ◗, ◖ 119 = -1 + 15·2^3 ◗, ◖ 477 =  1 + 119·2^2 ◗]
479: [◖ 1 ◗, ◖ 15 = -1 + 1·2^4 ◗, ◖ 479 = -1 + 15·2^5 ◗]
481: [◖ 1 ◗, ◖ 15 = -1 + 1·2^4 ◗, ◖ 481 =  1 + 15·2^5 ◗]
483: [◖ 1 ◗, ◖ 15 = -1 + 1·2^4 ◗, ◖ 121 =  1 + 15·2^3 ◗, ◖ 483 = -1 + 121·2^2 ◗]
485: [◖ 1 ◗, ◖ 15 = -1 + 1·2^4 ◗, ◖ 121 =  1 + 15·2^3 ◗, ◖ 485 =  1 + 121·2^2 ◗]
487: [◖ 1 ◗, ◖ 15 = -1 + 1·2^4 ◗, ◖ 61 =  1 + 15·2^2 ◗, ◖ 487 = -1 + 61·2^3 ◗]
489: [◖ 1 ◗, ◖ 15 = -1 + 1·2^4 ◗, ◖ 61 =  1 + 15·2^2 ◗, ◖ 489 =  1 + 61·2^3 ◗]
491: [◖ 1 ◗, ◖ 31 = -1 + 1·2^5 ◗, ◖ 123 = -1 + 31·2^2 ◗, ◖ 491 = -1 + 123·2^2 ◗]
493: [◖ 1 ◗, ◖ 31 = -1 + 1·2^5 ◗, ◖ 123 = -1 + 31·2^2 ◗, ◖ 493 =  1 + 123·2^2 ◗]
495: [◖ 1 ◗, ◖ 31 = -1 + 1·2^5 ◗, ◖ 495 = -1 + 31·2^4 ◗]
497: [◖ 1 ◗, ◖ 31 = -1 + 1·2^5 ◗, ◖ 497 =  1 + 31·2^4 ◗]
499: [◖ 1 ◗, ◖ 31 = -1 + 1·2^5 ◗, ◖ 125 =  1 + 31·2^2 ◗, ◖ 499 = -1 + 125·2^2 ◗]
501: [◖ 1 ◗, ◖ 31 = -1 + 1·2^5 ◗, ◖ 125 =  1 + 31·2^2 ◗, ◖ 501 =  1 + 125·2^2 ◗]
503: [◖ 1 ◗, ◖ 63 = -1 + 1·2^6 ◗, ◖ 503 = -1 + 63·2^3 ◗]
505: [◖ 1 ◗, ◖ 63 = -1 + 1·2^6 ◗, ◖ 505 =  1 + 63·2^3 ◗]
507: [◖ 1 ◗, ◖ 127 = -1 + 1·2^7 ◗, ◖ 507 = -1 + 127·2^2 ◗]
509: [◖ 1 ◗, ◖ 127 = -1 + 1·2^7 ◗, ◖ 509 =  1 + 127·2^2 ◗]
511: [◖ 1 ◗, ◖ 511 = -1 + 1·2^9 ◗]
513: [◖ 1 ◗, ◖ 513 =  1 + 1·2^9 ◗]
515: [◖ 1 ◗, ◖ 129 =  1 + 1·2^7 ◗, ◖ 515 = -1 + 129·2^2 ◗]
517: [◖ 1 ◗, ◖ 129 =  1 + 1·2^7 ◗, ◖ 517 =  1 + 129·2^2 ◗]
519: [◖ 1 ◗, ◖ 65 =  1 + 1·2^6 ◗, ◖ 519 = -1 + 65·2^3 ◗]
521: [◖ 1 ◗, ◖ 65 =  1 + 1·2^6 ◗, ◖ 521 =  1 + 65·2^3 ◗]
523: [◖ 1 ◗, ◖ 33 =  1 + 1·2^5 ◗, ◖ 131 = -1 + 33·2^2 ◗, ◖ 523 = -1 + 131·2^2 ◗]
525: [◖ 1 ◗, ◖ 33 =  1 + 1·2^5 ◗, ◖ 131 = -1 + 33·2^2 ◗, ◖ 525 =  1 + 131·2^2 ◗]
527: [◖ 1 ◗, ◖ 33 =  1 + 1·2^5 ◗, ◖ 527 = -1 + 33·2^4 ◗]
529: [◖ 1 ◗, ◖ 33 =  1 + 1·2^5 ◗, ◖ 529 =  1 + 33·2^4 ◗]
531: [◖ 1 ◗, ◖ 33 =  1 + 1·2^5 ◗, ◖ 133 =  1 + 33·2^2 ◗, ◖ 531 = -1 + 133·2^2 ◗]
533: [◖ 1 ◗, ◖ 33 =  1 + 1·2^5 ◗, ◖ 133 =  1 + 33·2^2 ◗, ◖ 533 =  1 + 133·2^2 ◗]
535: [◖ 1 ◗, ◖ 17 =  1 + 1·2^4 ◗, ◖ 67 = -1 + 17·2^2 ◗, ◖ 535 = -1 + 67·2^3 ◗]
537: [◖ 1 ◗, ◖ 17 =  1 + 1·2^4 ◗, ◖ 67 = -1 + 17·2^2 ◗, ◖ 537 =  1 + 67·2^3 ◗]
539: [◖ 1 ◗, ◖ 17 =  1 + 1·2^4 ◗, ◖ 135 = -1 + 17·2^3 ◗, ◖ 539 = -1 + 135·2^2 ◗]
541: [◖ 1 ◗, ◖ 17 =  1 + 1·2^4 ◗, ◖ 135 = -1 + 17·2^3 ◗, ◖ 541 =  1 + 135·2^2 ◗]
543: [◖ 1 ◗, ◖ 17 =  1 + 1·2^4 ◗, ◖ 543 = -1 + 17·2^5 ◗]
545: [◖ 1 ◗, ◖ 17 =  1 + 1·2^4 ◗, ◖ 545 =  1 + 17·2^5 ◗]
547: [◖ 1 ◗, ◖ 17 =  1 + 1·2^4 ◗, ◖ 137 =  1 + 17·2^3 ◗, ◖ 547 = -1 + 137·2^2 ◗]
549: [◖ 1 ◗, ◖ 17 =  1 + 1·2^4 ◗, ◖ 137 =  1 + 17·2^3 ◗, ◖ 549 =  1 + 137·2^2 ◗]
551: [◖ 1 ◗, ◖ 17 =  1 + 1·2^4 ◗, ◖ 69 =  1 + 17·2^2 ◗, ◖ 551 = -1 + 69·2^3 ◗]
553: [◖ 1 ◗, ◖ 17 =  1 + 1·2^4 ◗, ◖ 69 =  1 + 17·2^2 ◗, ◖ 553 =  1 + 69·2^3 ◗]
555: [◖ 1 ◗, ◖ 9 =  1 + 1·2^3 ◗, ◖ 37 =  1 + 9·2^2 ◗, ◖ 555 = -37 + 37·2^4 ◗]
557: [◖ 1 ◗, ◖ 9 =  1 + 1·2^3 ◗, ◖ 279 = -9 + 9·2^5 ◗, ◖ 557 = -1 + 279·2^1 ◗]
559: [◖ 1 ◗, ◖ 9 =  1 + 1·2^3 ◗, ◖ 35 = -1 + 9·2^2 ◗, ◖ 559 = -1 + 35·2^4 ◗]
561: [◖ 1 ◗, ◖ 17 =  1 + 1·2^4 ◗, ◖ 561 =  17 + 17·2^5 ◗]
563: [◖ 1 ◗, ◖ 9 =  1 + 1·2^3 ◗, ◖ 143 = -1 + 9·2^4 ◗, ◖ 563 = -9 + 143·2^2 ◗]
565: [◖ 1 ◗, ◖ 9 =  1 + 1·2^3 ◗, ◖ 287 = -1 + 9·2^5 ◗, ◖ 565 = -9 + 287·2^1 ◗]
567: [◖ 1 ◗, ◖ 9 =  1 + 1·2^3 ◗, ◖ 567 = -9 + 9·2^6 ◗]
569: [◖ 1 ◗, ◖ 9 =  1 + 1·2^3 ◗, ◖ 71 = -1 + 9·2^3 ◗, ◖ 569 =  1 + 71·2^3 ◗]
571: [◖ 1 ◗, ◖ 9 =  1 + 1·2^3 ◗, ◖ 143 = -1 + 9·2^4 ◗, ◖ 571 = -1 + 143·2^2 ◗]
573: [◖ 1 ◗, ◖ 9 =  1 + 1·2^3 ◗, ◖ 143 = -1 + 9·2^4 ◗, ◖ 573 =  1 + 143·2^2 ◗]
575: [◖ 1 ◗, ◖ 9 =  1 + 1·2^3 ◗, ◖ 575 = -1 + 9·2^6 ◗]
577: [◖ 1 ◗, ◖ 9 =  1 + 1·2^3 ◗, ◖ 577 =  1 + 9·2^6 ◗]
579: [◖ 1 ◗, ◖ 9 =  1 + 1·2^3 ◗, ◖ 145 =  1 + 9·2^4 ◗, ◖ 579 = -1 + 145·2^2 ◗]
581: [◖ 1 ◗, ◖ 9 =  1 + 1·2^3 ◗, ◖ 145 =  1 + 9·2^4 ◗, ◖ 581 =  1 + 145·2^2 ◗]
583: [◖ 1 ◗, ◖ 9 =  1 + 1·2^3 ◗, ◖ 73 =  1 + 9·2^3 ◗, ◖ 583 = -1 + 73·2^3 ◗]
585: [◖ 1 ◗, ◖ 9 =  1 + 1·2^3 ◗, ◖ 585 =  9 + 9·2^6 ◗]
587: [◖ 1 ◗, ◖ 9 =  1 + 1·2^3 ◗, ◖ 289 =  1 + 9·2^5 ◗, ◖ 587 =  9 + 289·2^1 ◗]
589: [◖ 1 ◗, ◖ 9 =  1 + 1·2^3 ◗, ◖ 145 =  1 + 9·2^4 ◗, ◖ 589 =  9 + 145·2^2 ◗]
591: [◖ 1 ◗, ◖ 9 =  1 + 1·2^3 ◗, ◖ 37 =  1 + 9·2^2 ◗, ◖ 591 = -1 + 37·2^4 ◗]
593: [◖ 1 ◗, ◖ 9 =  1 + 1·2^3 ◗, ◖ 37 =  1 + 9·2^2 ◗, ◖ 593 =  1 + 37·2^4 ◗]
595: [◖ 1 ◗, ◖ 9 =  1 + 1·2^3 ◗, ◖ 297 =  9 + 9·2^5 ◗, ◖ 595 =  1 + 297·2^1 ◗]
597: [◖ 1 ◗, ◖ 5 =  1 + 1·2^2 ◗, ◖ 85 =  5 + 5·2^4 ◗, ◖ 597 =  85 + 1·2^9 ◗]
599: [◖ 1 ◗, ◖ 5 =  1 + 1·2^2 ◗, ◖ 75 = -5 + 5·2^4 ◗, ◖ 599 = -1 + 75·2^3 ◗]
601: [◖ 1 ◗, ◖ 5 =  1 + 1·2^2 ◗, ◖ 75 = -5 + 5·2^4 ◗, ◖ 601 =  1 + 75·2^3 ◗]
603: [◖ 1 ◗, ◖ 5 =  1 + 1·2^2 ◗, ◖ 19 = -1 + 5·2^2 ◗, ◖ 603 = -5 + 19·2^5 ◗]
605: [◖ 1 ◗, ◖ 5 =  1 + 1·2^2 ◗, ◖ 75 = -5 + 5·2^4 ◗, ◖ 605 =  5 + 75·2^3 ◗]
607: [◖ 1 ◗, ◖ 5 =  1 + 1·2^2 ◗, ◖ 19 = -1 + 5·2^2 ◗, ◖ 607 = -1 + 19·2^5 ◗]
609: [◖ 1 ◗, ◖ 5 =  1 + 1·2^2 ◗, ◖ 19 = -1 + 5·2^2 ◗, ◖ 609 =  1 + 19·2^5 ◗]
611: [◖ 1 ◗, ◖ 9 =  1 + 1·2^3 ◗, ◖ 153 =  9 + 9·2^4 ◗, ◖ 611 = -1 + 153·2^2 ◗]
613: [◖ 1 ◗, ◖ 9 =  1 + 1·2^3 ◗, ◖ 153 =  9 + 9·2^4 ◗, ◖ 613 =  1 + 153·2^2 ◗]
615: [◖ 1 ◗, ◖ 5 =  1 + 1·2^2 ◗, ◖ 41 =  1 + 5·2^3 ◗, ◖ 615 = -41 + 41·2^4 ◗]
617: [◖ 1 ◗, ◖ 9 =  1 + 1·2^3 ◗, ◖ 585 =  9 + 9·2^6 ◗, ◖ 617 =  585 + 1·2^5 ◗]
619: [◖ 1 ◗, ◖ 5 =  1 + 1·2^2 ◗, ◖ 155 = -5 + 5·2^5 ◗, ◖ 619 = -1 + 155·2^2 ◗]
621: [◖ 1 ◗, ◖ 5 =  1 + 1·2^2 ◗, ◖ 155 = -5 + 5·2^5 ◗, ◖ 621 =  1 + 155·2^2 ◗]
623: [◖ 1 ◗, ◖ 5 =  1 + 1·2^2 ◗, ◖ 39 = -1 + 5·2^3 ◗, ◖ 623 = -1 + 39·2^4 ◗]
625: [◖ 1 ◗, ◖ 5 =  1 + 1·2^2 ◗, ◖ 39 = -1 + 5·2^3 ◗, ◖ 625 =  1 + 39·2^4 ◗]
627: [◖ 1 ◗, ◖ 5 =  1 + 1·2^2 ◗, ◖ 79 = -1 + 5·2^4 ◗, ◖ 627 = -5 + 79·2^3 ◗]
629: [◖ 1 ◗, ◖ 5 =  1 + 1·2^2 ◗, ◖ 315 = -5 + 5·2^6 ◗, ◖ 629 = -1 + 315·2^1 ◗]
631: [◖ 1 ◗, ◖ 5 =  1 + 1·2^2 ◗, ◖ 79 = -1 + 5·2^4 ◗, ◖ 631 = -1 + 79·2^3 ◗]
633: [◖ 1 ◗, ◖ 5 =  1 + 1·2^2 ◗, ◖ 79 = -1 + 5·2^4 ◗, ◖ 633 =  1 + 79·2^3 ◗]
635: [◖ 1 ◗, ◖ 5 =  1 + 1·2^2 ◗, ◖ 635 = -5 + 5·2^7 ◗]
637: [◖ 1 ◗, ◖ 5 =  1 + 1·2^2 ◗, ◖ 159 = -1 + 5·2^5 ◗, ◖ 637 =  1 + 159·2^2 ◗]
639: [◖ 1 ◗, ◖ 5 =  1 + 1·2^2 ◗, ◖ 639 = -1 + 5·2^7 ◗]
641: [◖ 1 ◗, ◖ 5 =  1 + 1·2^2 ◗, ◖ 641 =  1 + 5·2^7 ◗]
643: [◖ 1 ◗, ◖ 5 =  1 + 1·2^2 ◗, ◖ 161 =  1 + 5·2^5 ◗, ◖ 643 = -1 + 161·2^2 ◗]
645: [◖ 1 ◗, ◖ 5 =  1 + 1·2^2 ◗, ◖ 645 =  5 + 5·2^7 ◗]
647: [◖ 1 ◗, ◖ 5 =  1 + 1·2^2 ◗, ◖ 81 =  1 + 5·2^4 ◗, ◖ 647 = -1 + 81·2^3 ◗]
649: [◖ 1 ◗, ◖ 5 =  1 + 1·2^2 ◗, ◖ 81 =  1 + 5·2^4 ◗, ◖ 649 =  1 + 81·2^3 ◗]
651: [◖ 1 ◗, ◖ 5 =  1 + 1·2^2 ◗, ◖ 325 =  5 + 5·2^6 ◗, ◖ 651 =  1 + 325·2^1 ◗]
653: [◖ 1 ◗, ◖ 5 =  1 + 1·2^2 ◗, ◖ 81 =  1 + 5·2^4 ◗, ◖ 653 =  5 + 81·2^3 ◗]
655: [◖ 1 ◗, ◖ 5 =  1 + 1·2^2 ◗, ◖ 41 =  1 + 5·2^3 ◗, ◖ 655 = -1 + 41·2^4 ◗]
657: [◖ 1 ◗, ◖ 5 =  1 + 1·2^2 ◗, ◖ 41 =  1 + 5·2^3 ◗, ◖ 657 =  1 + 41·2^4 ◗]
659: [◖ 1 ◗, ◖ 5 =  1 + 1·2^2 ◗, ◖ 165 =  5 + 5·2^5 ◗, ◖ 659 = -1 + 165·2^2 ◗]
661: [◖ 1 ◗, ◖ 5 =  1 + 1·2^2 ◗, ◖ 165 =  5 + 5·2^5 ◗, ◖ 661 =  1 + 165·2^2 ◗]
663: [◖ 1 ◗, ◖ 5 =  1 + 1·2^2 ◗, ◖ 39 = -1 + 5·2^3 ◗, ◖ 663 =  39 + 39·2^4 ◗]
665: [◖ 1 ◗, ◖ 3 =  1 + 1·2^1 ◗, ◖ 95 = -1 + 3·2^5 ◗, ◖ 665 = -95 + 95·2^3 ◗]
667: [◖ 1 ◗, ◖ 5 =  1 + 1·2^2 ◗, ◖ 21 =  1 + 5·2^2 ◗, ◖ 667 = -5 + 21·2^5 ◗]
669: [◖ 1 ◗, ◖ 7 = -1 + 1·2^3 ◗, ◖ 223 = -1 + 7·2^5 ◗, ◖ 669 =  223 + 223·2^1 ◗]
671: [◖ 1 ◗, ◖ 5 =  1 + 1·2^2 ◗, ◖ 21 =  1 + 5·2^2 ◗, ◖ 671 = -1 + 21·2^5 ◗]
673: [◖ 1 ◗, ◖ 5 =  1 + 1·2^2 ◗, ◖ 21 =  1 + 5·2^2 ◗, ◖ 673 =  1 + 21·2^5 ◗]
675: [◖ 1 ◗, ◖ 5 =  1 + 1·2^2 ◗, ◖ 85 =  5 + 5·2^4 ◗, ◖ 675 = -5 + 85·2^3 ◗]
677: [◖ 1 ◗, ◖ 5 =  1 + 1·2^2 ◗, ◖ 21 =  1 + 5·2^2 ◗, ◖ 677 =  5 + 21·2^5 ◗]
679: [◖ 1 ◗, ◖ 5 =  1 + 1·2^2 ◗, ◖ 85 =  5 + 5·2^4 ◗, ◖ 679 = -1 + 85·2^3 ◗]
681: [◖ 1 ◗, ◖ 5 =  1 + 1·2^2 ◗, ◖ 85 =  5 + 5·2^4 ◗, ◖ 681 =  1 + 85·2^3 ◗]
683: [◖ 1 ◗, ◖ 5 =  1 + 1·2^2 ◗, ◖ 85 =  5 + 5·2^4 ◗, ◖ 171 =  1 + 85·2^1 ◗, ◖ 683 = -1 + 171·2^2 ◗]
685: [◖ 1 ◗, ◖ 5 =  1 + 1·2^2 ◗, ◖ 85 =  5 + 5·2^4 ◗, ◖ 685 =  5 + 85·2^3 ◗]
687: [◖ 1 ◗, ◖ 3 =  1 + 1·2^1 ◗, ◖ 11 = -1 + 3·2^2 ◗, ◖ 43 = -1 + 11·2^2 ◗, ◖ 687 = -1 + 43·2^4 ◗]
689: [◖ 1 ◗, ◖ 17 =  1 + 1·2^4 ◗, ◖ 561 =  17 + 17·2^5 ◗, ◖ 689 =  561 + 1·2^7 ◗]
691: [◖ 1 ◗, ◖ 3 =  1 + 1·2^1 ◗, ◖ 11 = -1 + 3·2^2 ◗, ◖ 173 = -3 + 11·2^4 ◗, ◖ 691 = -1 + 173·2^2 ◗]
693: [◖ 1 ◗, ◖ 3 =  1 + 1·2^1 ◗, ◖ 11 = -1 + 3·2^2 ◗, ◖ 693 = -11 + 11·2^6 ◗]
695: [◖ 1 ◗, ◖ 9 =  1 + 1·2^3 ◗, ◖ 567 = -9 + 9·2^6 ◗, ◖ 695 =  567 + 1·2^7 ◗]
697: [◖ 1 ◗, ◖ 5 =  1 + 1·2^2 ◗, ◖ 41 =  1 + 5·2^3 ◗, ◖ 697 =  41 + 41·2^4 ◗]
699: [◖ 1 ◗, ◖ 5 =  1 + 1·2^2 ◗, ◖ 325 =  5 + 5·2^6 ◗, ◖ 699 = -325 + 1·2^10 ◗]
701: [◖ 1 ◗, ◖ 3 =  1 + 1·2^1 ◗, ◖ 11 = -1 + 3·2^2 ◗, ◖ 701 = -3 + 11·2^6 ◗]
703: [◖ 1 ◗, ◖ 3 =  1 + 1·2^1 ◗, ◖ 11 = -1 + 3·2^2 ◗, ◖ 703 = -1 + 11·2^6 ◗]
705: [◖ 1 ◗, ◖ 3 =  1 + 1·2^1 ◗, ◖ 11 = -1 + 3·2^2 ◗, ◖ 705 =  1 + 11·2^6 ◗]
707: [◖ 1 ◗, ◖ 3 =  1 + 1·2^1 ◗, ◖ 11 = -1 + 3·2^2 ◗, ◖ 707 =  3 + 11·2^6 ◗]
709: [◖ 1 ◗, ◖ 5 =  1 + 1·2^2 ◗, ◖ 315 = -5 + 5·2^6 ◗, ◖ 709 = -315 + 1·2^10 ◗]
711: [◖ 1 ◗, ◖ 5 =  1 + 1·2^2 ◗, ◖ 79 = -1 + 5·2^4 ◗, ◖ 711 =  79 + 79·2^3 ◗]
713: [◖ 1 ◗, ◖ 3 =  1 + 1·2^1 ◗, ◖ 23 = -1 + 3·2^3 ◗, ◖ 713 = -23 + 23·2^5 ◗]
715: [◖ 1 ◗, ◖ 3 =  1 + 1·2^1 ◗, ◖ 11 = -1 + 3·2^2 ◗, ◖ 715 =  11 + 11·2^6 ◗]
717: [◖ 1 ◗, ◖ 3 =  1 + 1·2^1 ◗, ◖ 45 = -3 + 3·2^4 ◗, ◖ 717 = -3 + 45·2^4 ◗]
719: [◖ 1 ◗, ◖ 3 =  1 + 1·2^1 ◗, ◖ 45 = -3 + 3·2^4 ◗, ◖ 719 = -1 + 45·2^4 ◗]
721: [◖ 1 ◗, ◖ 3 =  1 + 1·2^1 ◗, ◖ 45 = -3 + 3·2^4 ◗, ◖ 721 =  1 + 45·2^4 ◗]
723: [◖ 1 ◗, ◖ 3 =  1 + 1·2^1 ◗, ◖ 45 = -3 + 3·2^4 ◗, ◖ 723 =  3 + 45·2^4 ◗]
725: [◖ 1 ◗, ◖ 9 =  1 + 1·2^3 ◗, ◖ 145 =  1 + 9·2^4 ◗, ◖ 725 =  145 + 145·2^2 ◗]
727: [◖ 1 ◗, ◖ 9 =  1 + 1·2^3 ◗, ◖ 297 =  9 + 9·2^5 ◗, ◖ 727 = -297 + 1·2^10 ◗]
729: [◖ 1 ◗, ◖ 5 =  1 + 1·2^2 ◗, ◖ 81 =  1 + 5·2^4 ◗, ◖ 729 =  81 + 81·2^3 ◗]
731: [◖ 1 ◗, ◖ 3 =  1 + 1·2^1 ◗, ◖ 23 = -1 + 3·2^3 ◗, ◖ 183 = -1 + 23·2^3 ◗, ◖ 731 = -1 + 183·2^2 ◗]
733: [◖ 1 ◗, ◖ 3 =  1 + 1·2^1 ◗, ◖ 23 = -1 + 3·2^3 ◗, ◖ 733 = -3 + 23·2^5 ◗]
735: [◖ 1 ◗, ◖ 3 =  1 + 1·2^1 ◗, ◖ 23 = -1 + 3·2^3 ◗, ◖ 735 = -1 + 23·2^5 ◗]
737: [◖ 1 ◗, ◖ 3 =  1 + 1·2^1 ◗, ◖ 23 = -1 + 3·2^3 ◗, ◖ 737 =  1 + 23·2^5 ◗]
739: [◖ 1 ◗, ◖ 3 =  1 + 1·2^1 ◗, ◖ 23 = -1 + 3·2^3 ◗, ◖ 739 =  3 + 23·2^5 ◗]
741: [◖ 1 ◗, ◖ 3 =  1 + 1·2^1 ◗, ◖ 93 = -3 + 3·2^5 ◗, ◖ 741 = -3 + 93·2^3 ◗]
743: [◖ 1 ◗, ◖ 3 =  1 + 1·2^1 ◗, ◖ 93 = -3 + 3·2^5 ◗, ◖ 743 = -1 + 93·2^3 ◗]
745: [◖ 1 ◗, ◖ 3 =  1 + 1·2^1 ◗, ◖ 93 = -3 + 3·2^5 ◗, ◖ 745 =  1 + 93·2^3 ◗]
747: [◖ 1 ◗, ◖ 3 =  1 + 1·2^1 ◗, ◖ 93 = -3 + 3·2^5 ◗, ◖ 747 =  3 + 93·2^3 ◗]
749: [◖ 1 ◗, ◖ 3 =  1 + 1·2^1 ◗, ◖ 47 = -1 + 3·2^4 ◗, ◖ 749 = -3 + 47·2^4 ◗]
751: [◖ 1 ◗, ◖ 3 =  1 + 1·2^1 ◗, ◖ 47 = -1 + 3·2^4 ◗, ◖ 751 = -1 + 47·2^4 ◗]
753: [◖ 1 ◗, ◖ 3 =  1 + 1·2^1 ◗, ◖ 47 = -1 + 3·2^4 ◗, ◖ 753 =  1 + 47·2^4 ◗]
755: [◖ 1 ◗, ◖ 3 =  1 + 1·2^1 ◗, ◖ 189 = -3 + 3·2^6 ◗, ◖ 755 = -1 + 189·2^2 ◗]
757: [◖ 1 ◗, ◖ 3 =  1 + 1·2^1 ◗, ◖ 189 = -3 + 3·2^6 ◗, ◖ 757 =  1 + 189·2^2 ◗]
759: [◖ 1 ◗, ◖ 3 =  1 + 1·2^1 ◗, ◖ 95 = -1 + 3·2^5 ◗, ◖ 759 = -1 + 95·2^3 ◗]
761: [◖ 1 ◗, ◖ 3 =  1 + 1·2^1 ◗, ◖ 95 = -1 + 3·2^5 ◗, ◖ 761 =  1 + 95·2^3 ◗]
763: [◖ 1 ◗, ◖ 3 =  1 + 1·2^1 ◗, ◖ 191 = -1 + 3·2^6 ◗, ◖ 763 = -1 + 191·2^2 ◗]
765: [◖ 1 ◗, ◖ 3 =  1 + 1·2^1 ◗, ◖ 765 = -3 + 3·2^8 ◗]
767: [◖ 1 ◗, ◖ 3 =  1 + 1·2^1 ◗, ◖ 767 = -1 + 3·2^8 ◗]
769: [◖ 1 ◗, ◖ 3 =  1 + 1·2^1 ◗, ◖ 769 =  1 + 3·2^8 ◗]
771: [◖ 1 ◗, ◖ 3 =  1 + 1·2^1 ◗, ◖ 771 =  3 + 3·2^8 ◗]
773: [◖ 1 ◗, ◖ 3 =  1 + 1·2^1 ◗, ◖ 193 =  1 + 3·2^6 ◗, ◖ 773 =  1 + 193·2^2 ◗]
775: [◖ 1 ◗, ◖ 3 =  1 + 1·2^1 ◗, ◖ 97 =  1 + 3·2^5 ◗, ◖ 775 = -1 + 97·2^3 ◗]
777: [◖ 1 ◗, ◖ 3 =  1 + 1·2^1 ◗, ◖ 97 =  1 + 3·2^5 ◗, ◖ 777 =  1 + 97·2^3 ◗]
779: [◖ 1 ◗, ◖ 3 =  1 + 1·2^1 ◗, ◖ 195 =  3 + 3·2^6 ◗, ◖ 779 = -1 + 195·2^2 ◗]
781: [◖ 1 ◗, ◖ 3 =  1 + 1·2^1 ◗, ◖ 195 =  3 + 3·2^6 ◗, ◖ 781 =  1 + 195·2^2 ◗]
783: [◖ 1 ◗, ◖ 3 =  1 + 1·2^1 ◗, ◖ 49 =  1 + 3·2^4 ◗, ◖ 783 = -1 + 49·2^4 ◗]
785: [◖ 1 ◗, ◖ 3 =  1 + 1·2^1 ◗, ◖ 49 =  1 + 3·2^4 ◗, ◖ 785 =  1 + 49·2^4 ◗]
787: [◖ 1 ◗, ◖ 3 =  1 + 1·2^1 ◗, ◖ 49 =  1 + 3·2^4 ◗, ◖ 787 =  3 + 49·2^4 ◗]
789: [◖ 1 ◗, ◖ 3 =  1 + 1·2^1 ◗, ◖ 99 =  3 + 3·2^5 ◗, ◖ 789 = -3 + 99·2^3 ◗]
791: [◖ 1 ◗, ◖ 3 =  1 + 1·2^1 ◗, ◖ 99 =  3 + 3·2^5 ◗, ◖ 791 = -1 + 99·2^3 ◗]
793: [◖ 1 ◗, ◖ 3 =  1 + 1·2^1 ◗, ◖ 99 =  3 + 3·2^5 ◗, ◖ 793 =  1 + 99·2^3 ◗]
795: [◖ 1 ◗, ◖ 3 =  1 + 1·2^1 ◗, ◖ 99 =  3 + 3·2^5 ◗, ◖ 795 =  3 + 99·2^3 ◗]
797: [◖ 1 ◗, ◖ 3 =  1 + 1·2^1 ◗, ◖ 25 =  1 + 3·2^3 ◗, ◖ 797 = -3 + 25·2^5 ◗]
799: [◖ 1 ◗, ◖ 3 =  1 + 1·2^1 ◗, ◖ 25 =  1 + 3·2^3 ◗, ◖ 799 = -1 + 25·2^5 ◗]
801: [◖ 1 ◗, ◖ 3 =  1 + 1·2^1 ◗, ◖ 25 =  1 + 3·2^3 ◗, ◖ 801 =  1 + 25·2^5 ◗]
803: [◖ 1 ◗, ◖ 3 =  1 + 1·2^1 ◗, ◖ 25 =  1 + 3·2^3 ◗, ◖ 803 =  3 + 25·2^5 ◗]
805: [◖ 1 ◗, ◖ 3 =  1 + 1·2^1 ◗, ◖ 25 =  1 + 3·2^3 ◗, ◖ 201 =  1 + 25·2^3 ◗, ◖ 805 =  1 + 201·2^2 ◗]
807: [◖ 1 ◗, ◖ 7 = -1 + 1·2^3 ◗, ◖ 217 = -7 + 7·2^5 ◗, ◖ 807 = -217 + 1·2^10 ◗]
809: [◖ 1 ◗, ◖ 9 =  1 + 1·2^3 ◗, ◖ 297 =  9 + 9·2^5 ◗, ◖ 809 =  297 + 1·2^9 ◗]
811: [◖ 1 ◗, ◖ 3 =  1 + 1·2^1 ◗, ◖ 51 =  3 + 3·2^4 ◗, ◖ 203 = -1 + 51·2^2 ◗, ◖ 811 = -1 + 203·2^2 ◗]
813: [◖ 1 ◗, ◖ 3 =  1 + 1·2^1 ◗, ◖ 51 =  3 + 3·2^4 ◗, ◖ 813 = -3 + 51·2^4 ◗]
815: [◖ 1 ◗, ◖ 3 =  1 + 1·2^1 ◗, ◖ 51 =  3 + 3·2^4 ◗, ◖ 815 = -1 + 51·2^4 ◗]
817: [◖ 1 ◗, ◖ 3 =  1 + 1·2^1 ◗, ◖ 51 =  3 + 3·2^4 ◗, ◖ 817 =  1 + 51·2^4 ◗]
819: [◖ 1 ◗, ◖ 3 =  1 + 1·2^1 ◗, ◖ 51 =  3 + 3·2^4 ◗, ◖ 819 =  3 + 51·2^4 ◗]
821: [◖ 1 ◗, ◖ 3 =  1 + 1·2^1 ◗, ◖ 51 =  3 + 3·2^4 ◗, ◖ 205 =  1 + 51·2^2 ◗, ◖ 821 =  1 + 205·2^2 ◗]
823: [◖ 1 ◗, ◖ 9 =  1 + 1·2^3 ◗, ◖ 567 = -9 + 9·2^6 ◗, ◖ 823 =  567 + 1·2^8 ◗]
825: [◖ 1 ◗, ◖ 3 =  1 + 1·2^1 ◗, ◖ 25 =  1 + 3·2^3 ◗, ◖ 825 =  25 + 25·2^5 ◗]
827: [◖ 1 ◗, ◖ 5 =  1 + 1·2^2 ◗, ◖ 315 = -5 + 5·2^6 ◗, ◖ 827 =  315 + 1·2^9 ◗]
829: [◖ 1 ◗, ◖ 3 =  1 + 1·2^1 ◗, ◖ 13 =  1 + 3·2^2 ◗, ◖ 829 = -3 + 13·2^6 ◗]
831: [◖ 1 ◗, ◖ 3 =  1 + 1·2^1 ◗, ◖ 13 =  1 + 3·2^2 ◗, ◖ 831 = -1 + 13·2^6 ◗]
833: [◖ 1 ◗, ◖ 3 =  1 + 1·2^1 ◗, ◖ 13 =  1 + 3·2^2 ◗, ◖ 833 =  1 + 13·2^6 ◗]
835: [◖ 1 ◗, ◖ 3 =  1 + 1·2^1 ◗, ◖ 13 =  1 + 3·2^2 ◗, ◖ 835 =  3 + 13·2^6 ◗]
837: [◖ 1 ◗, ◖ 3 =  1 + 1·2^1 ◗, ◖ 93 = -3 + 3·2^5 ◗, ◖ 837 =  93 + 93·2^3 ◗]
839: [◖ 1 ◗, ◖ 7 = -1 + 1·2^3 ◗, ◖ 105 = -7 + 7·2^4 ◗, ◖ 839 = -1 + 105·2^3 ◗]
841: [◖ 1 ◗, ◖ 7 = -1 + 1·2^3 ◗, ◖ 105 = -7 + 7·2^4 ◗, ◖ 841 =  1 + 105·2^3 ◗]
843: [◖ 1 ◗, ◖ 7 = -1 + 1·2^3 ◗, ◖ 105 = -7 + 7·2^4 ◗, ◖ 211 =  1 + 105·2^1 ◗, ◖ 843 = -1 + 211·2^2 ◗]
845: [◖ 1 ◗, ◖ 3 =  1 + 1·2^1 ◗, ◖ 13 =  1 + 3·2^2 ◗, ◖ 845 =  13 + 13·2^6 ◗]
847: [◖ 1 ◗, ◖ 15 = -1 + 1·2^4 ◗, ◖ 975 =  15 + 15·2^6 ◗, ◖ 847 =  975 - 1·2^7 ◗]
849: [◖ 1 ◗, ◖ 17 =  1 + 1·2^4 ◗, ◖ 1105 =  17 + 17·2^6 ◗, ◖ 849 =  1105 - 1·2^8 ◗]
851: [◖ 1 ◗, ◖ 7 = -1 + 1·2^3 ◗, ◖ 27 = -1 + 7·2^2 ◗, ◖ 425 = -7 + 27·2^4 ◗, ◖ 851 =  1 + 425·2^1 ◗]
853: [◖ 1 ◗, ◖ 7 = -1 + 1·2^3 ◗, ◖ 55 = -1 + 7·2^3 ◗, ◖ 213 = -7 + 55·2^2 ◗, ◖ 853 =  1 + 213·2^2 ◗]
855: [◖ 1 ◗, ◖ 3 =  1 + 1·2^1 ◗, ◖ 95 = -1 + 3·2^5 ◗, ◖ 855 =  95 + 95·2^3 ◗]
857: [◖ 1 ◗, ◖ 7 = -1 + 1·2^3 ◗, ◖ 27 = -1 + 7·2^2 ◗, ◖ 857 = -7 + 27·2^5 ◗]
859: [◖ 1 ◗, ◖ 5 =  1 + 1·2^2 ◗, ◖ 165 =  5 + 5·2^5 ◗, ◖ 859 = -165 + 1·2^10 ◗]
861: [◖ 1 ◗, ◖ 7 = -1 + 1·2^3 ◗, ◖ 217 = -7 + 7·2^5 ◗, ◖ 861 = -7 + 217·2^2 ◗]
863: [◖ 1 ◗, ◖ 7 = -1 + 1·2^3 ◗, ◖ 27 = -1 + 7·2^2 ◗, ◖ 863 = -1 + 27·2^5 ◗]
865: [◖ 1 ◗, ◖ 7 = -1 + 1·2^3 ◗, ◖ 27 = -1 + 7·2^2 ◗, ◖ 865 =  1 + 27·2^5 ◗]
867: [◖ 1 ◗, ◖ 7 = -1 + 1·2^3 ◗, ◖ 217 = -7 + 7·2^5 ◗, ◖ 867 = -1 + 217·2^2 ◗]
869: [◖ 1 ◗, ◖ 7 = -1 + 1·2^3 ◗, ◖ 217 = -7 + 7·2^5 ◗, ◖ 869 =  1 + 217·2^2 ◗]
871: [◖ 1 ◗, ◖ 7 = -1 + 1·2^3 ◗, ◖ 27 = -1 + 7·2^2 ◗, ◖ 871 =  7 + 27·2^5 ◗]
873: [◖ 1 ◗, ◖ 7 = -1 + 1·2^3 ◗, ◖ 55 = -1 + 7·2^3 ◗, ◖ 873 = -7 + 55·2^4 ◗]
875: [◖ 1 ◗, ◖ 7 = -1 + 1·2^3 ◗, ◖ 217 = -7 + 7·2^5 ◗, ◖ 875 =  7 + 217·2^2 ◗]
877: [◖ 1 ◗, ◖ 7 = -1 + 1·2^3 ◗, ◖ 55 = -1 + 7·2^3 ◗, ◖ 219 = -1 + 55·2^2 ◗, ◖ 877 =  1 + 219·2^2 ◗]
879: [◖ 1 ◗, ◖ 7 = -1 + 1·2^3 ◗, ◖ 55 = -1 + 7·2^3 ◗, ◖ 879 = -1 + 55·2^4 ◗]
881: [◖ 1 ◗, ◖ 7 = -1 + 1·2^3 ◗, ◖ 55 = -1 + 7·2^3 ◗, ◖ 881 =  1 + 55·2^4 ◗]
883: [◖ 1 ◗, ◖ 7 = -1 + 1·2^3 ◗, ◖ 441 = -7 + 7·2^6 ◗, ◖ 883 =  1 + 441·2^1 ◗]
885: [◖ 1 ◗, ◖ 7 = -1 + 1·2^3 ◗, ◖ 223 = -1 + 7·2^5 ◗, ◖ 885 = -7 + 223·2^2 ◗]
887: [◖ 1 ◗, ◖ 7 = -1 + 1·2^3 ◗, ◖ 111 = -1 + 7·2^4 ◗, ◖ 887 = -1 + 111·2^3 ◗]
889: [◖ 1 ◗, ◖ 7 = -1 + 1·2^3 ◗, ◖ 889 = -7 + 7·2^7 ◗]
891: [◖ 1 ◗, ◖ 7 = -1 + 1·2^3 ◗, ◖ 223 = -1 + 7·2^5 ◗, ◖ 891 = -1 + 223·2^2 ◗]
893: [◖ 1 ◗, ◖ 7 = -1 + 1·2^3 ◗, ◖ 223 = -1 + 7·2^5 ◗, ◖ 893 =  1 + 223·2^2 ◗]
895: [◖ 1 ◗, ◖ 7 = -1 + 1·2^3 ◗, ◖ 895 = -1 + 7·2^7 ◗]
897: [◖ 1 ◗, ◖ 7 = -1 + 1·2^3 ◗, ◖ 897 =  1 + 7·2^7 ◗]
899: [◖ 1 ◗, ◖ 7 = -1 + 1·2^3 ◗, ◖ 225 =  1 + 7·2^5 ◗, ◖ 899 = -1 + 225·2^2 ◗]
901: [◖ 1 ◗, ◖ 7 = -1 + 1·2^3 ◗, ◖ 225 =  1 + 7·2^5 ◗, ◖ 901 =  1 + 225·2^2 ◗]
903: [◖ 1 ◗, ◖ 7 = -1 + 1·2^3 ◗, ◖ 903 =  7 + 7·2^7 ◗]
905: [◖ 1 ◗, ◖ 7 = -1 + 1·2^3 ◗, ◖ 113 =  1 + 7·2^4 ◗, ◖ 905 =  1 + 113·2^3 ◗]
907: [◖ 1 ◗, ◖ 7 = -1 + 1·2^3 ◗, ◖ 225 =  1 + 7·2^5 ◗, ◖ 907 =  7 + 225·2^2 ◗]
909: [◖ 1 ◗, ◖ 7 = -1 + 1·2^3 ◗, ◖ 455 =  7 + 7·2^6 ◗, ◖ 909 = -1 + 455·2^1 ◗]
911: [◖ 1 ◗, ◖ 7 = -1 + 1·2^3 ◗, ◖ 57 =  1 + 7·2^3 ◗, ◖ 911 = -1 + 57·2^4 ◗]
913: [◖ 1 ◗, ◖ 7 = -1 + 1·2^3 ◗, ◖ 57 =  1 + 7·2^3 ◗, ◖ 913 =  1 + 57·2^4 ◗]
915: [◖ 1 ◗, ◖ 15 = -1 + 1·2^4 ◗, ◖ 465 = -15 + 15·2^5 ◗, ◖ 915 = -15 + 465·2^1 ◗]
917: [◖ 1 ◗, ◖ 7 = -1 + 1·2^3 ◗, ◖ 231 =  7 + 7·2^5 ◗, ◖ 917 = -7 + 231·2^2 ◗]
919: [◖ 1 ◗, ◖ 7 = -1 + 1·2^3 ◗, ◖ 57 =  1 + 7·2^3 ◗, ◖ 919 =  7 + 57·2^4 ◗]
921: [◖ 1 ◗, ◖ 7 = -1 + 1·2^3 ◗, ◖ 29 =  1 + 7·2^2 ◗, ◖ 921 = -7 + 29·2^5 ◗]
923: [◖ 1 ◗, ◖ 7 = -1 + 1·2^3 ◗, ◖ 231 =  7 + 7·2^5 ◗, ◖ 923 = -1 + 231·2^2 ◗]
925: [◖ 1 ◗, ◖ 7 = -1 + 1·2^3 ◗, ◖ 231 =  7 + 7·2^5 ◗, ◖ 925 =  1 + 231·2^2 ◗]
927: [◖ 1 ◗, ◖ 7 = -1 + 1·2^3 ◗, ◖ 29 =  1 + 7·2^2 ◗, ◖ 927 = -1 + 29·2^5 ◗]
929: [◖ 1 ◗, ◖ 7 = -1 + 1·2^3 ◗, ◖ 29 =  1 + 7·2^2 ◗, ◖ 929 =  1 + 29·2^5 ◗]
931: [◖ 1 ◗, ◖ 15 = -1 + 1·2^4 ◗, ◖ 465 = -15 + 15·2^5 ◗, ◖ 931 =  1 + 465·2^1 ◗]
933: [◖ 1 ◗, ◖ 7 = -1 + 1·2^3 ◗, ◖ 29 =  1 + 7·2^2 ◗, ◖ 233 =  1 + 29·2^3 ◗, ◖ 933 =  1 + 233·2^2 ◗]
935: [◖ 1 ◗, ◖ 7 = -1 + 1·2^3 ◗, ◖ 29 =  1 + 7·2^2 ◗, ◖ 935 =  7 + 29·2^5 ◗]
937: [◖ 1 ◗, ◖ 15 = -1 + 1·2^4 ◗, ◖ 119 = -1 + 15·2^3 ◗, ◖ 937 = -15 + 119·2^3 ◗]
939: [◖ 1 ◗, ◖ 5 =  1 + 1·2^2 ◗, ◖ 85 =  5 + 5·2^4 ◗, ◖ 939 = -85 + 1·2^10 ◗]
941: [◖ 1 ◗, ◖ 15 = -1 + 1·2^4 ◗, ◖ 239 = -1 + 15·2^4 ◗, ◖ 941 = -15 + 239·2^2 ◗]
943: [◖ 1 ◗, ◖ 15 = -1 + 1·2^4 ◗, ◖ 59 = -1 + 15·2^2 ◗, ◖ 943 = -1 + 59·2^4 ◗]
945: [◖ 1 ◗, ◖ 15 = -1 + 1·2^4 ◗, ◖ 945 = -15 + 15·2^6 ◗]
947: [◖ 1 ◗, ◖ 15 = -1 + 1·2^4 ◗, ◖ 481 =  1 + 15·2^5 ◗, ◖ 947 = -15 + 481·2^1 ◗]
949: [◖ 1 ◗, ◖ 15 = -1 + 1·2^4 ◗, ◖ 241 =  1 + 15·2^4 ◗, ◖ 949 = -15 + 241·2^2 ◗]
951: [◖ 1 ◗, ◖ 15 = -1 + 1·2^4 ◗, ◖ 119 = -1 + 15·2^3 ◗, ◖ 951 = -1 + 119·2^3 ◗]
953: [◖ 1 ◗, ◖ 15 = -1 + 1·2^4 ◗, ◖ 119 = -1 + 15·2^3 ◗, ◖ 953 =  1 + 119·2^3 ◗]
955: [◖ 1 ◗, ◖ 15 = -1 + 1·2^4 ◗, ◖ 239 = -1 + 15·2^4 ◗, ◖ 955 = -1 + 239·2^2 ◗]
957: [◖ 1 ◗, ◖ 15 = -1 + 1·2^4 ◗, ◖ 239 = -1 + 15·2^4 ◗, ◖ 957 =  1 + 239·2^2 ◗]
959: [◖ 1 ◗, ◖ 15 = -1 + 1·2^4 ◗, ◖ 959 = -1 + 15·2^6 ◗]
961: [◖ 1 ◗, ◖ 15 = -1 + 1·2^4 ◗, ◖ 961 =  1 + 15·2^6 ◗]
963: [◖ 1 ◗, ◖ 15 = -1 + 1·2^4 ◗, ◖ 241 =  1 + 15·2^4 ◗, ◖ 963 = -1 + 241·2^2 ◗]
965: [◖ 1 ◗, ◖ 15 = -1 + 1·2^4 ◗, ◖ 241 =  1 + 15·2^4 ◗, ◖ 965 =  1 + 241·2^2 ◗]
967: [◖ 1 ◗, ◖ 15 = -1 + 1·2^4 ◗, ◖ 121 =  1 + 15·2^3 ◗, ◖ 967 = -1 + 121·2^3 ◗]
969: [◖ 1 ◗, ◖ 15 = -1 + 1·2^4 ◗, ◖ 121 =  1 + 15·2^3 ◗, ◖ 969 =  1 + 121·2^3 ◗]
971: [◖ 1 ◗, ◖ 15 = -1 + 1·2^4 ◗, ◖ 239 = -1 + 15·2^4 ◗, ◖ 971 =  15 + 239·2^2 ◗]
973: [◖ 1 ◗, ◖ 15 = -1 + 1·2^4 ◗, ◖ 479 = -1 + 15·2^5 ◗, ◖ 973 =  15 + 479·2^1 ◗]
975: [◖ 1 ◗, ◖ 15 = -1 + 1·2^4 ◗, ◖ 975 =  15 + 15·2^6 ◗]
977: [◖ 1 ◗, ◖ 15 = -1 + 1·2^4 ◗, ◖ 61 =  1 + 15·2^2 ◗, ◖ 977 =  1 + 61·2^4 ◗]
979: [◖ 1 ◗, ◖ 15 = -1 + 1·2^4 ◗, ◖ 241 =  1 + 15·2^4 ◗, ◖ 979 =  15 + 241·2^2 ◗]
981: [◖ 1 ◗, ◖ 15 = -1 + 1·2^4 ◗, ◖ 61 =  1 + 15·2^2 ◗, ◖ 245 =  1 + 61·2^2 ◗, ◖ 981 =  1 + 245·2^2 ◗]
983: [◖ 1 ◗, ◖ 31 = -1 + 1·2^5 ◗, ◖ 123 = -1 + 31·2^2 ◗, ◖ 983 = -1 + 123·2^3 ◗]
985: [◖ 1 ◗, ◖ 31 = -1 + 1·2^5 ◗, ◖ 123 = -1 + 31·2^2 ◗, ◖ 985 =  1 + 123·2^3 ◗]
987: [◖ 1 ◗, ◖ 31 = -1 + 1·2^5 ◗, ◖ 247 = -1 + 31·2^3 ◗, ◖ 987 = -1 + 247·2^2 ◗]
989: [◖ 1 ◗, ◖ 31 = -1 + 1·2^5 ◗, ◖ 247 = -1 + 31·2^3 ◗, ◖ 989 =  1 + 247·2^2 ◗]
991: [◖ 1 ◗, ◖ 31 = -1 + 1·2^5 ◗, ◖ 991 = -1 + 31·2^5 ◗]
993: [◖ 1 ◗, ◖ 31 = -1 + 1·2^5 ◗, ◖ 993 =  1 + 31·2^5 ◗]
995: [◖ 1 ◗, ◖ 31 = -1 + 1·2^5 ◗, ◖ 249 =  1 + 31·2^3 ◗, ◖ 995 = -1 + 249·2^2 ◗]
997: [◖ 1 ◗, ◖ 31 = -1 + 1·2^5 ◗, ◖ 249 =  1 + 31·2^3 ◗, ◖ 997 =  1 + 249·2^2 ◗]
999: [◖ 1 ◗, ◖ 31 = -1 + 1·2^5 ◗, ◖ 125 =  1 + 31·2^2 ◗, ◖ 999 = -1 + 125·2^3 ◗]
1001: [◖ 1 ◗, ◖ 31 = -1 + 1·2^5 ◗, ◖ 125 =  1 + 31·2^2 ◗, ◖ 1001 =  1 + 125·2^3 ◗]
1003: [◖ 1 ◗, ◖ 63 = -1 + 1·2^6 ◗, ◖ 251 = -1 + 63·2^2 ◗, ◖ 1003 = -1 + 251·2^2 ◗]
1005: [◖ 1 ◗, ◖ 63 = -1 + 1·2^6 ◗, ◖ 251 = -1 + 63·2^2 ◗, ◖ 1005 =  1 + 251·2^2 ◗]
1007: [◖ 1 ◗, ◖ 63 = -1 + 1·2^6 ◗, ◖ 1007 = -1 + 63·2^4 ◗]
1009: [◖ 1 ◗, ◖ 63 = -1 + 1·2^6 ◗, ◖ 1009 =  1 + 63·2^4 ◗]
1011: [◖ 1 ◗, ◖ 63 = -1 + 1·2^6 ◗, ◖ 253 =  1 + 63·2^2 ◗, ◖ 1011 = -1 + 253·2^2 ◗]
1013: [◖ 1 ◗, ◖ 63 = -1 + 1·2^6 ◗, ◖ 253 =  1 + 63·2^2 ◗, ◖ 1013 =  1 + 253·2^2 ◗]
1015: [◖ 1 ◗, ◖ 127 = -1 + 1·2^7 ◗, ◖ 1015 = -1 + 127·2^3 ◗]
1017: [◖ 1 ◗, ◖ 127 = -1 + 1·2^7 ◗, ◖ 1017 =  1 + 127·2^3 ◗]
1019: [◖ 1 ◗, ◖ 255 = -1 + 1·2^8 ◗, ◖ 1019 = -1 + 255·2^2 ◗]
1021: [◖ 1 ◗, ◖ 255 = -1 + 1·2^8 ◗, ◖ 1021 =  1 + 255·2^2 ◗]
1023: [◖ 1 ◗, ◖ 1023 = -1 + 1·2^10 ◗]
1025: [◖ 1 ◗, ◖ 1025 =  1 + 1·2^10 ◗]
1027: [◖ 1 ◗, ◖ 257 =  1 + 1·2^8 ◗, ◖ 1027 = -1 + 257·2^2 ◗]
1029: [◖ 1 ◗, ◖ 257 =  1 + 1·2^8 ◗, ◖ 1029 =  1 + 257·2^2 ◗]
1031: [◖ 1 ◗, ◖ 129 =  1 + 1·2^7 ◗, ◖ 1031 = -1 + 129·2^3 ◗]
1033: [◖ 1 ◗, ◖ 129 =  1 + 1·2^7 ◗, ◖ 1033 =  1 + 129·2^3 ◗]
1035: [◖ 1 ◗, ◖ 65 =  1 + 1·2^6 ◗, ◖ 259 = -1 + 65·2^2 ◗, ◖ 1035 = -1 + 259·2^2 ◗]
1037: [◖ 1 ◗, ◖ 65 =  1 + 1·2^6 ◗, ◖ 259 = -1 + 65·2^2 ◗, ◖ 1037 =  1 + 259·2^2 ◗]
1039: [◖ 1 ◗, ◖ 65 =  1 + 1·2^6 ◗, ◖ 1039 = -1 + 65·2^4 ◗]
1041: [◖ 1 ◗, ◖ 65 =  1 + 1·2^6 ◗, ◖ 1041 =  1 + 65·2^4 ◗]
1043: [◖ 1 ◗, ◖ 65 =  1 + 1·2^6 ◗, ◖ 261 =  1 + 65·2^2 ◗, ◖ 1043 = -1 + 261·2^2 ◗]
1045: [◖ 1 ◗, ◖ 65 =  1 + 1·2^6 ◗, ◖ 261 =  1 + 65·2^2 ◗, ◖ 1045 =  1 + 261·2^2 ◗]
1047: [◖ 1 ◗, ◖ 33 =  1 + 1·2^5 ◗, ◖ 131 = -1 + 33·2^2 ◗, ◖ 1047 = -1 + 131·2^3 ◗]
1049: [◖ 1 ◗, ◖ 33 =  1 + 1·2^5 ◗, ◖ 131 = -1 + 33·2^2 ◗, ◖ 1049 =  1 + 131·2^3 ◗]
1051: [◖ 1 ◗, ◖ 33 =  1 + 1·2^5 ◗, ◖ 263 = -1 + 33·2^3 ◗, ◖ 1051 = -1 + 263·2^2 ◗]
1053: [◖ 1 ◗, ◖ 33 =  1 + 1·2^5 ◗, ◖ 263 = -1 + 33·2^3 ◗, ◖ 1053 =  1 + 263·2^2 ◗]
1055: [◖ 1 ◗, ◖ 33 =  1 + 1·2^5 ◗, ◖ 1055 = -1 + 33·2^5 ◗]
1057: [◖ 1 ◗, ◖ 33 =  1 + 1·2^5 ◗, ◖ 1057 =  1 + 33·2^5 ◗]
1059: [◖ 1 ◗, ◖ 33 =  1 + 1·2^5 ◗, ◖ 265 =  1 + 33·2^3 ◗, ◖ 1059 = -1 + 265·2^2 ◗]
1061: [◖ 1 ◗, ◖ 33 =  1 + 1·2^5 ◗, ◖ 265 =  1 + 33·2^3 ◗, ◖ 1061 =  1 + 265·2^2 ◗]
1063: [◖ 1 ◗, ◖ 33 =  1 + 1·2^5 ◗, ◖ 133 =  1 + 33·2^2 ◗, ◖ 1063 = -1 + 133·2^3 ◗]
1065: [◖ 1 ◗, ◖ 33 =  1 + 1·2^5 ◗, ◖ 133 =  1 + 33·2^2 ◗, ◖ 1065 =  1 + 133·2^3 ◗]
1067: [◖ 1 ◗, ◖ 17 =  1 + 1·2^4 ◗, ◖ 271 = -1 + 17·2^4 ◗, ◖ 1067 = -17 + 271·2^2 ◗]
1069: [◖ 1 ◗, ◖ 17 =  1 + 1·2^4 ◗, ◖ 543 = -1 + 17·2^5 ◗, ◖ 1069 = -17 + 543·2^1 ◗]
1071: [◖ 1 ◗, ◖ 17 =  1 + 1·2^4 ◗, ◖ 1071 = -17 + 17·2^6 ◗]
1073: [◖ 1 ◗, ◖ 17 =  1 + 1·2^4 ◗, ◖ 67 = -1 + 17·2^2 ◗, ◖ 1073 =  1 + 67·2^4 ◗]
1075: [◖ 1 ◗, ◖ 17 =  1 + 1·2^4 ◗, ◖ 273 =  1 + 17·2^4 ◗, ◖ 1075 = -17 + 273·2^2 ◗]
1077: [◖ 1 ◗, ◖ 17 =  1 + 1·2^4 ◗, ◖ 67 = -1 + 17·2^2 ◗, ◖ 269 =  1 + 67·2^2 ◗, ◖ 1077 =  1 + 269·2^2 ◗]
1079: [◖ 1 ◗, ◖ 17 =  1 + 1·2^4 ◗, ◖ 135 = -1 + 17·2^3 ◗, ◖ 1079 = -1 + 135·2^3 ◗]
1081: [◖ 1 ◗, ◖ 17 =  1 + 1·2^4 ◗, ◖ 135 = -1 + 17·2^3 ◗, ◖ 1081 =  1 + 135·2^3 ◗]
1083: [◖ 1 ◗, ◖ 17 =  1 + 1·2^4 ◗, ◖ 271 = -1 + 17·2^4 ◗, ◖ 1083 = -1 + 271·2^2 ◗]
1085: [◖ 1 ◗, ◖ 17 =  1 + 1·2^4 ◗, ◖ 271 = -1 + 17·2^4 ◗, ◖ 1085 =  1 + 271·2^2 ◗]
1087: [◖ 1 ◗, ◖ 17 =  1 + 1·2^4 ◗, ◖ 1087 = -1 + 17·2^6 ◗]
1089: [◖ 1 ◗, ◖ 17 =  1 + 1·2^4 ◗, ◖ 1089 =  1 + 17·2^6 ◗]
1091: [◖ 1 ◗, ◖ 17 =  1 + 1·2^4 ◗, ◖ 273 =  1 + 17·2^4 ◗, ◖ 1091 = -1 + 273·2^2 ◗]
1093: [◖ 1 ◗, ◖ 17 =  1 + 1·2^4 ◗, ◖ 273 =  1 + 17·2^4 ◗, ◖ 1093 =  1 + 273·2^2 ◗]
1095: [◖ 1 ◗, ◖ 17 =  1 + 1·2^4 ◗, ◖ 137 =  1 + 17·2^3 ◗, ◖ 1095 = -1 + 137·2^3 ◗]
1097: [◖ 1 ◗, ◖ 17 =  1 + 1·2^4 ◗, ◖ 137 =  1 + 17·2^3 ◗, ◖ 1097 =  1 + 137·2^3 ◗]
1099: [◖ 1 ◗, ◖ 5 =  1 + 1·2^2 ◗, ◖ 75 = -5 + 5·2^4 ◗, ◖ 1099 =  75 + 1·2^10 ◗]
1101: [◖ 1 ◗, ◖ 17 =  1 + 1·2^4 ◗, ◖ 271 = -1 + 17·2^4 ◗, ◖ 1101 =  17 + 271·2^2 ◗]
1103: [◖ 1 ◗, ◖ 17 =  1 + 1·2^4 ◗, ◖ 69 =  1 + 17·2^2 ◗, ◖ 1103 = -1 + 69·2^4 ◗]
1105: [◖ 1 ◗, ◖ 17 =  1 + 1·2^4 ◗, ◖ 1105 =  17 + 17·2^6 ◗]
1107: [◖ 1 ◗, ◖ 9 =  1 + 1·2^3 ◗, ◖ 279 = -9 + 9·2^5 ◗, ◖ 1107 = -9 + 279·2^2 ◗]
1109: [◖ 1 ◗, ◖ 17 =  1 + 1·2^4 ◗, ◖ 273 =  1 + 17·2^4 ◗, ◖ 1109 =  17 + 273·2^2 ◗]
1111: [◖ 1 ◗, ◖ 9 =  1 + 1·2^3 ◗, ◖ 35 = -1 + 9·2^2 ◗, ◖ 1111 = -9 + 35·2^5 ◗]
1113: [◖ 1 ◗, ◖ 17 =  1 + 1·2^4 ◗, ◖ 137 =  1 + 17·2^3 ◗, ◖ 1113 =  17 + 137·2^3 ◗]
1115: [◖ 1 ◗, ◖ 9 =  1 + 1·2^3 ◗, ◖ 279 = -9 + 9·2^5 ◗, ◖ 1115 = -1 + 279·2^2 ◗]
1117: [◖ 1 ◗, ◖ 9 =  1 + 1·2^3 ◗, ◖ 279 = -9 + 9·2^5 ◗, ◖ 1117 =  1 + 279·2^2 ◗]
1119: [◖ 1 ◗, ◖ 9 =  1 + 1·2^3 ◗, ◖ 35 = -1 + 9·2^2 ◗, ◖ 1119 = -1 + 35·2^5 ◗]
1121: [◖ 1 ◗, ◖ 9 =  1 + 1·2^3 ◗, ◖ 35 = -1 + 9·2^2 ◗, ◖ 1121 =  1 + 35·2^5 ◗]
1123: [◖ 1 ◗, ◖ 17 =  1 + 1·2^4 ◗, ◖ 561 =  17 + 17·2^5 ◗, ◖ 1123 =  1 + 561·2^1 ◗]
1125: [◖ 1 ◗, ◖ 9 =  1 + 1·2^3 ◗, ◖ 279 = -9 + 9·2^5 ◗, ◖ 1125 =  9 + 279·2^2 ◗]
1127: [◖ 1 ◗, ◖ 9 =  1 + 1·2^3 ◗, ◖ 71 = -1 + 9·2^3 ◗, ◖ 1127 = -9 + 71·2^4 ◗]
1129: [◖ 1 ◗, ◖ 9 =  1 + 1·2^3 ◗, ◖ 35 = -1 + 9·2^2 ◗, ◖ 1129 =  9 + 35·2^5 ◗]
1131: [◖ 1 ◗, ◖ 9 =  1 + 1·2^3 ◗, ◖ 71 = -1 + 9·2^3 ◗, ◖ 283 = -1 + 71·2^2 ◗, ◖ 1131 = -1 + 283·2^2 ◗]
1133: [◖ 1 ◗, ◖ 9 =  1 + 1·2^3 ◗, ◖ 567 = -9 + 9·2^6 ◗, ◖ 1133 = -1 + 567·2^1 ◗]
1135: [◖ 1 ◗, ◖ 9 =  1 + 1·2^3 ◗, ◖ 71 = -1 + 9·2^3 ◗, ◖ 1135 = -1 + 71·2^4 ◗]
1137: [◖ 1 ◗, ◖ 9 =  1 + 1·2^3 ◗, ◖ 71 = -1 + 9·2^3 ◗, ◖ 1137 =  1 + 71·2^4 ◗]
1139: [◖ 1 ◗, ◖ 9 =  1 + 1·2^3 ◗, ◖ 287 = -1 + 9·2^5 ◗, ◖ 1139 = -9 + 287·2^2 ◗]
1141: [◖ 1 ◗, ◖ 9 =  1 + 1·2^3 ◗, ◖ 575 = -1 + 9·2^6 ◗, ◖ 1141 = -9 + 575·2^1 ◗]
1143: [◖ 1 ◗, ◖ 9 =  1 + 1·2^3 ◗, ◖ 1143 = -9 + 9·2^7 ◗]
1145: [◖ 1 ◗, ◖ 9 =  1 + 1·2^3 ◗, ◖ 143 = -1 + 9·2^4 ◗, ◖ 1145 =  1 + 143·2^3 ◗]
1147: [◖ 1 ◗, ◖ 9 =  1 + 1·2^3 ◗, ◖ 287 = -1 + 9·2^5 ◗, ◖ 1147 = -1 + 287·2^2 ◗]
1149: [◖ 1 ◗, ◖ 9 =  1 + 1·2^3 ◗, ◖ 287 = -1 + 9·2^5 ◗, ◖ 1149 =  1 + 287·2^2 ◗]
1151: [◖ 1 ◗, ◖ 9 =  1 + 1·2^3 ◗, ◖ 1151 = -1 + 9·2^7 ◗]
1153: [◖ 1 ◗, ◖ 9 =  1 + 1·2^3 ◗, ◖ 1153 =  1 + 9·2^7 ◗]
1155: [◖ 1 ◗, ◖ 9 =  1 + 1·2^3 ◗, ◖ 289 =  1 + 9·2^5 ◗, ◖ 1155 = -1 + 289·2^2 ◗]
1157: [◖ 1 ◗, ◖ 9 =  1 + 1·2^3 ◗, ◖ 289 =  1 + 9·2^5 ◗, ◖ 1157 =  1 + 289·2^2 ◗]
1159: [◖ 1 ◗, ◖ 9 =  1 + 1·2^3 ◗, ◖ 145 =  1 + 9·2^4 ◗, ◖ 1159 = -1 + 145·2^3 ◗]
1161: [◖ 1 ◗, ◖ 9 =  1 + 1·2^3 ◗, ◖ 1161 =  9 + 9·2^7 ◗]
1163: [◖ 1 ◗, ◖ 9 =  1 + 1·2^3 ◗, ◖ 577 =  1 + 9·2^6 ◗, ◖ 1163 =  9 + 577·2^1 ◗]
1165: [◖ 1 ◗, ◖ 9 =  1 + 1·2^3 ◗, ◖ 289 =  1 + 9·2^5 ◗, ◖ 1165 =  9 + 289·2^2 ◗]
1167: [◖ 1 ◗, ◖ 9 =  1 + 1·2^3 ◗, ◖ 73 =  1 + 9·2^3 ◗, ◖ 1167 = -1 + 73·2^4 ◗]
1169: [◖ 1 ◗, ◖ 9 =  1 + 1·2^3 ◗, ◖ 73 =  1 + 9·2^3 ◗, ◖ 1169 =  1 + 73·2^4 ◗]
1171: [◖ 1 ◗, ◖ 9 =  1 + 1·2^3 ◗, ◖ 585 =  9 + 9·2^6 ◗, ◖ 1171 =  1 + 585·2^1 ◗]
1173: [◖ 1 ◗, ◖ 9 =  1 + 1·2^3 ◗, ◖ 73 =  1 + 9·2^3 ◗, ◖ 293 =  1 + 73·2^2 ◗, ◖ 1173 =  1 + 293·2^2 ◗]
1175: [◖ 1 ◗, ◖ 9 =  1 + 1·2^3 ◗, ◖ 37 =  1 + 9·2^2 ◗, ◖ 1175 = -9 + 37·2^5 ◗]
1177: [◖ 1 ◗, ◖ 9 =  1 + 1·2^3 ◗, ◖ 73 =  1 + 9·2^3 ◗, ◖ 1177 =  9 + 73·2^4 ◗]
1179: [◖ 1 ◗, ◖ 9 =  1 + 1·2^3 ◗, ◖ 297 =  9 + 9·2^5 ◗, ◖ 1179 = -9 + 297·2^2 ◗]
1181: [◖ 1 ◗, ◖ 9 =  1 + 1·2^3 ◗, ◖ 37 =  1 + 9·2^2 ◗, ◖ 295 = -1 + 37·2^3 ◗, ◖ 1181 =  1 + 295·2^2 ◗]
1183: [◖ 1 ◗, ◖ 9 =  1 + 1·2^3 ◗, ◖ 37 =  1 + 9·2^2 ◗, ◖ 1183 = -1 + 37·2^5 ◗]
1185: [◖ 1 ◗, ◖ 9 =  1 + 1·2^3 ◗, ◖ 37 =  1 + 9·2^2 ◗, ◖ 1185 =  1 + 37·2^5 ◗]
1187: [◖ 1 ◗, ◖ 9 =  1 + 1·2^3 ◗, ◖ 297 =  9 + 9·2^5 ◗, ◖ 1187 = -1 + 297·2^2 ◗]
1189: [◖ 1 ◗, ◖ 9 =  1 + 1·2^3 ◗, ◖ 297 =  9 + 9·2^5 ◗, ◖ 1189 =  1 + 297·2^2 ◗]
1191: [◖ 1 ◗, ◖ 9 =  1 + 1·2^3 ◗, ◖ 37 =  1 + 9·2^2 ◗, ◖ 149 =  1 + 37·2^2 ◗, ◖ 1191 = -1 + 149·2^3 ◗]
1193: [◖ 1 ◗, ◖ 9 =  1 + 1·2^3 ◗, ◖ 37 =  1 + 9·2^2 ◗, ◖ 1193 =  9 + 37·2^5 ◗]
1195: [◖ 1 ◗, ◖ 5 =  1 + 1·2^2 ◗, ◖ 75 = -5 + 5·2^4 ◗, ◖ 1195 = -5 + 75·2^4 ◗]
1197: [◖ 1 ◗, ◖ 9 =  1 + 1·2^3 ◗, ◖ 297 =  9 + 9·2^5 ◗, ◖ 1197 =  9 + 297·2^2 ◗]
1199: [◖ 1 ◗, ◖ 5 =  1 + 1·2^2 ◗, ◖ 75 = -5 + 5·2^4 ◗, ◖ 1199 = -1 + 75·2^4 ◗]
1201: [◖ 1 ◗, ◖ 5 =  1 + 1·2^2 ◗, ◖ 75 = -5 + 5·2^4 ◗, ◖ 1201 =  1 + 75·2^4 ◗]
1203: [◖ 1 ◗, ◖ 5 =  1 + 1·2^2 ◗, ◖ 75 = -5 + 5·2^4 ◗, ◖ 301 =  1 + 75·2^2 ◗, ◖ 1203 = -1 + 301·2^2 ◗]
1205: [◖ 1 ◗, ◖ 5 =  1 + 1·2^2 ◗, ◖ 75 = -5 + 5·2^4 ◗, ◖ 1205 =  5 + 75·2^4 ◗]
1207: [◖ 1 ◗, ◖ 9 =  1 + 1·2^3 ◗, ◖ 71 = -1 + 9·2^3 ◗, ◖ 1207 =  71 + 71·2^4 ◗]
1209: [◖ 1 ◗, ◖ 5 =  1 + 1·2^2 ◗, ◖ 19 = -1 + 5·2^2 ◗, ◖ 151 = -1 + 19·2^3 ◗, ◖ 1209 =  1 + 151·2^3 ◗]
1211: [◖ 1 ◗, ◖ 5 =  1 + 1·2^2 ◗, ◖ 19 = -1 + 5·2^2 ◗, ◖ 1211 = -5 + 19·2^6 ◗]
1213: [◖ 1 ◗, ◖ 3 =  1 + 1·2^1 ◗, ◖ 189 = -3 + 3·2^6 ◗, ◖ 1213 =  189 + 1·2^10 ◗]
1215: [◖ 1 ◗, ◖ 5 =  1 + 1·2^2 ◗, ◖ 19 = -1 + 5·2^2 ◗, ◖ 1215 = -1 + 19·2^6 ◗]
1217: [◖ 1 ◗, ◖ 5 =  1 + 1·2^2 ◗, ◖ 19 = -1 + 5·2^2 ◗, ◖ 1217 =  1 + 19·2^6 ◗]
1219: [◖ 1 ◗, ◖ 3 =  1 + 1·2^1 ◗, ◖ 195 =  3 + 3·2^6 ◗, ◖ 1219 =  195 + 1·2^10 ◗]
1221: [◖ 1 ◗, ◖ 5 =  1 + 1·2^2 ◗, ◖ 19 = -1 + 5·2^2 ◗, ◖ 1221 =  5 + 19·2^6 ◗]
1223: [◖ 1 ◗, ◖ 9 =  1 + 1·2^3 ◗, ◖ 153 =  9 + 9·2^4 ◗, ◖ 1223 = -1 + 153·2^3 ◗]
1225: [◖ 1 ◗, ◖ 9 =  1 + 1·2^3 ◗, ◖ 153 =  9 + 9·2^4 ◗, ◖ 1225 =  1 + 153·2^3 ◗]
1227: [◖ 1 ◗, ◖ 9 =  1 + 1·2^3 ◗, ◖ 153 =  9 + 9·2^4 ◗, ◖ 307 =  1 + 153·2^1 ◗, ◖ 1227 = -1 + 307·2^2 ◗]
1229: [◖ 1 ◗, ◖ 9 =  1 + 1·2^3 ◗, ◖ 153 =  9 + 9·2^4 ◗, ◖ 307 =  1 + 153·2^1 ◗, ◖ 1229 =  1 + 307·2^2 ◗]
1231: [◖ 1 ◗, ◖ 15 = -1 + 1·2^4 ◗, ◖ 975 =  15 + 15·2^6 ◗, ◖ 1231 =  975 + 1·2^8 ◗]
1233: [◖ 1 ◗, ◖ 17 =  1 + 1·2^4 ◗, ◖ 1105 =  17 + 17·2^6 ◗, ◖ 1233 =  1105 + 1·2^7 ◗]
1235: [◖ 1 ◗, ◖ 5 =  1 + 1·2^2 ◗, ◖ 155 = -5 + 5·2^5 ◗, ◖ 1235 = -5 + 155·2^3 ◗]
1237: [◖ 1 ◗, ◖ 5 =  1 + 1·2^2 ◗, ◖ 155 = -5 + 5·2^5 ◗, ◖ 309 = -1 + 155·2^1 ◗, ◖ 1237 =  1 + 309·2^2 ◗]
1239: [◖ 1 ◗, ◖ 5 =  1 + 1·2^2 ◗, ◖ 155 = -5 + 5·2^5 ◗, ◖ 1239 = -1 + 155·2^3 ◗]
1241: [◖ 1 ◗, ◖ 5 =  1 + 1·2^2 ◗, ◖ 155 = -5 + 5·2^5 ◗, ◖ 1241 =  1 + 155·2^3 ◗]
1243: [◖ 1 ◗, ◖ 5 =  1 + 1·2^2 ◗, ◖ 39 = -1 + 5·2^3 ◗, ◖ 1243 = -5 + 39·2^5 ◗]
1245: [◖ 1 ◗, ◖ 5 =  1 + 1·2^2 ◗, ◖ 155 = -5 + 5·2^5 ◗, ◖ 1245 =  5 + 155·2^3 ◗]
1247: [◖ 1 ◗, ◖ 5 =  1 + 1·2^2 ◗, ◖ 39 = -1 + 5·2^3 ◗, ◖ 1247 = -1 + 39·2^5 ◗]
1249: [◖ 1 ◗, ◖ 5 =  1 + 1·2^2 ◗, ◖ 39 = -1 + 5·2^3 ◗, ◖ 1249 =  1 + 39·2^5 ◗]
1251: [◖ 1 ◗, ◖ 5 =  1 + 1·2^2 ◗, ◖ 39 = -1 + 5·2^3 ◗, ◖ 313 =  1 + 39·2^3 ◗, ◖ 1251 = -1 + 313·2^2 ◗]
1253: [◖ 1 ◗, ◖ 5 =  1 + 1·2^2 ◗, ◖ 39 = -1 + 5·2^3 ◗, ◖ 1253 =  5 + 39·2^5 ◗]
1255: [◖ 1 ◗, ◖ 7 = -1 + 1·2^3 ◗, ◖ 231 =  7 + 7·2^5 ◗, ◖ 1255 =  231 + 1·2^10 ◗]
1257: [◖ 1 ◗, ◖ 5 =  1 + 1·2^2 ◗, ◖ 39 = -1 + 5·2^3 ◗, ◖ 157 =  1 + 39·2^2 ◗, ◖ 1257 =  1 + 157·2^3 ◗]
1259: [◖ 1 ◗, ◖ 5 =  1 + 1·2^2 ◗, ◖ 315 = -5 + 5·2^6 ◗, ◖ 1259 = -1 + 315·2^2 ◗]
1261: [◖ 1 ◗, ◖ 5 =  1 + 1·2^2 ◗, ◖ 315 = -5 + 5·2^6 ◗, ◖ 1261 =  1 + 315·2^2 ◗]
1263: [◖ 1 ◗, ◖ 5 =  1 + 1·2^2 ◗, ◖ 79 = -1 + 5·2^4 ◗, ◖ 1263 = -1 + 79·2^4 ◗]
1265: [◖ 1 ◗, ◖ 5 =  1 + 1·2^2 ◗, ◖ 79 = -1 + 5·2^4 ◗, ◖ 1265 =  1 + 79·2^4 ◗]
1267: [◖ 1 ◗, ◖ 5 =  1 + 1·2^2 ◗, ◖ 159 = -1 + 5·2^5 ◗, ◖ 1267 = -5 + 159·2^3 ◗]
1269: [◖ 1 ◗, ◖ 5 =  1 + 1·2^2 ◗, ◖ 635 = -5 + 5·2^7 ◗, ◖ 1269 = -1 + 635·2^1 ◗]
1271: [◖ 1 ◗, ◖ 5 =  1 + 1·2^2 ◗, ◖ 159 = -1 + 5·2^5 ◗, ◖ 1271 = -1 + 159·2^3 ◗]
1273: [◖ 1 ◗, ◖ 5 =  1 + 1·2^2 ◗, ◖ 159 = -1 + 5·2^5 ◗, ◖ 1273 =  1 + 159·2^3 ◗]
1275: [◖ 1 ◗, ◖ 5 =  1 + 1·2^2 ◗, ◖ 1275 = -5 + 5·2^8 ◗]
1277: [◖ 1 ◗, ◖ 5 =  1 + 1·2^2 ◗, ◖ 319 = -1 + 5·2^6 ◗, ◖ 1277 =  1 + 319·2^2 ◗]
1279: [◖ 1 ◗, ◖ 5 =  1 + 1·2^2 ◗, ◖ 1279 = -1 + 5·2^8 ◗]
1281: [◖ 1 ◗, ◖ 5 =  1 + 1·2^2 ◗, ◖ 1281 =  1 + 5·2^8 ◗]
1283: [◖ 1 ◗, ◖ 5 =  1 + 1·2^2 ◗, ◖ 321 =  1 + 5·2^6 ◗, ◖ 1283 = -1 + 321·2^2 ◗]
1285: [◖ 1 ◗, ◖ 5 =  1 + 1·2^2 ◗, ◖ 1285 =  5 + 5·2^8 ◗]
1287: [◖ 1 ◗, ◖ 5 =  1 + 1·2^2 ◗, ◖ 161 =  1 + 5·2^5 ◗, ◖ 1287 = -1 + 161·2^3 ◗]
1289: [◖ 1 ◗, ◖ 5 =  1 + 1·2^2 ◗, ◖ 161 =  1 + 5·2^5 ◗, ◖ 1289 =  1 + 161·2^3 ◗]
1291: [◖ 1 ◗, ◖ 5 =  1 + 1·2^2 ◗, ◖ 645 =  5 + 5·2^7 ◗, ◖ 1291 =  1 + 645·2^1 ◗]
1293: [◖ 1 ◗, ◖ 5 =  1 + 1·2^2 ◗, ◖ 161 =  1 + 5·2^5 ◗, ◖ 1293 =  5 + 161·2^3 ◗]
1295: [◖ 1 ◗, ◖ 5 =  1 + 1·2^2 ◗, ◖ 81 =  1 + 5·2^4 ◗, ◖ 1295 = -1 + 81·2^4 ◗]
1297: [◖ 1 ◗, ◖ 5 =  1 + 1·2^2 ◗, ◖ 81 =  1 + 5·2^4 ◗, ◖ 1297 =  1 + 81·2^4 ◗]
1299: [◖ 1 ◗, ◖ 5 =  1 + 1·2^2 ◗, ◖ 325 =  5 + 5·2^6 ◗, ◖ 1299 = -1 + 325·2^2 ◗]
1301: [◖ 1 ◗, ◖ 5 =  1 + 1·2^2 ◗, ◖ 325 =  5 + 5·2^6 ◗, ◖ 1301 =  1 + 325·2^2 ◗]
1303: [◖ 1 ◗, ◖ 9 =  1 + 1·2^3 ◗, ◖ 279 = -9 + 9·2^5 ◗, ◖ 1303 =  279 + 1·2^10 ◗]
1305: [◖ 1 ◗, ◖ 5 =  1 + 1·2^2 ◗, ◖ 41 =  1 + 5·2^3 ◗, ◖ 163 = -1 + 41·2^2 ◗, ◖ 1305 =  1 + 163·2^3 ◗]
1307: [◖ 1 ◗, ◖ 5 =  1 + 1·2^2 ◗, ◖ 41 =  1 + 5·2^3 ◗, ◖ 1307 = -5 + 41·2^5 ◗]
1309: [◖ 1 ◗, ◖ 5 =  1 + 1·2^2 ◗, ◖ 41 =  1 + 5·2^3 ◗, ◖ 327 = -1 + 41·2^3 ◗, ◖ 1309 =  1 + 327·2^2 ◗]
1311: [◖ 1 ◗, ◖ 5 =  1 + 1·2^2 ◗, ◖ 41 =  1 + 5·2^3 ◗, ◖ 1311 = -1 + 41·2^5 ◗]
1313: [◖ 1 ◗, ◖ 5 =  1 + 1·2^2 ◗, ◖ 41 =  1 + 5·2^3 ◗, ◖ 1313 =  1 + 41·2^5 ◗]
1315: [◖ 1 ◗, ◖ 5 =  1 + 1·2^2 ◗, ◖ 165 =  5 + 5·2^5 ◗, ◖ 1315 = -5 + 165·2^3 ◗]
1317: [◖ 1 ◗, ◖ 5 =  1 + 1·2^2 ◗, ◖ 41 =  1 + 5·2^3 ◗, ◖ 1317 =  5 + 41·2^5 ◗]
1319: [◖ 1 ◗, ◖ 5 =  1 + 1·2^2 ◗, ◖ 165 =  5 + 5·2^5 ◗, ◖ 1319 = -1 + 165·2^3 ◗]
1321: [◖ 1 ◗, ◖ 5 =  1 + 1·2^2 ◗, ◖ 165 =  5 + 5·2^5 ◗, ◖ 1321 =  1 + 165·2^3 ◗]
1323: [◖ 1 ◗, ◖ 5 =  1 + 1·2^2 ◗, ◖ 21 =  1 + 5·2^2 ◗, ◖ 1323 = -21 + 21·2^6 ◗]
1325: [◖ 1 ◗, ◖ 5 =  1 + 1·2^2 ◗, ◖ 165 =  5 + 5·2^5 ◗, ◖ 1325 =  5 + 165·2^3 ◗]
1327: [◖ 1 ◗, ◖ 17 =  1 + 1·2^4 ◗, ◖ 1071 = -17 + 17·2^6 ◗, ◖ 1327 =  1071 + 1·2^8 ◗]
1329: [◖ 1 ◗, ◖ 5 =  1 + 1·2^2 ◗, ◖ 21 =  1 + 5·2^2 ◗, ◖ 83 = -1 + 21·2^2 ◗, ◖ 1329 =  1 + 83·2^4 ◗]
1331: [◖ 1 ◗, ◖ 5 =  1 + 1·2^2 ◗, ◖ 41 =  1 + 5·2^3 ◗, ◖ 333 =  5 + 41·2^3 ◗, ◖ 1331 = -1 + 333·2^2 ◗]
1333: [◖ 1 ◗, ◖ 5 =  1 + 1·2^2 ◗, ◖ 21 =  1 + 5·2^2 ◗, ◖ 667 = -5 + 21·2^5 ◗, ◖ 1333 = -1 + 667·2^1 ◗]
1335: [◖ 1 ◗, ◖ 5 =  1 + 1·2^2 ◗, ◖ 21 =  1 + 5·2^2 ◗, ◖ 167 = -1 + 21·2^3 ◗, ◖ 1335 = -1 + 167·2^3 ◗]
1337: [◖ 1 ◗, ◖ 3 =  1 + 1·2^1 ◗, ◖ 191 = -1 + 3·2^6 ◗, ◖ 1337 = -191 + 191·2^3 ◗]
1339: [◖ 1 ◗, ◖ 5 =  1 + 1·2^2 ◗, ◖ 21 =  1 + 5·2^2 ◗, ◖ 1339 = -5 + 21·2^6 ◗]
1341: [◖ 1 ◗, ◖ 7 = -1 + 1·2^3 ◗, ◖ 447 = -1 + 7·2^6 ◗, ◖ 1341 =  447 + 447·2^1 ◗]
1343: [◖ 1 ◗, ◖ 5 =  1 + 1·2^2 ◗, ◖ 21 =  1 + 5·2^2 ◗, ◖ 1343 = -1 + 21·2^6 ◗]
1345: [◖ 1 ◗, ◖ 5 =  1 + 1·2^2 ◗, ◖ 21 =  1 + 5·2^2 ◗, ◖ 1345 =  1 + 21·2^6 ◗]
1347: [◖ 1 ◗, ◖ 7 = -1 + 1·2^3 ◗, ◖ 449 =  1 + 7·2^6 ◗, ◖ 1347 =  449 + 449·2^1 ◗]
1349: [◖ 1 ◗, ◖ 5 =  1 + 1·2^2 ◗, ◖ 21 =  1 + 5·2^2 ◗, ◖ 1349 =  5 + 21·2^6 ◗]
1351: [◖ 1 ◗, ◖ 3 =  1 + 1·2^1 ◗, ◖ 193 =  1 + 3·2^6 ◗, ◖ 1351 = -193 + 193·2^3 ◗]
1353: [◖ 1 ◗, ◖ 5 =  1 + 1·2^2 ◗, ◖ 21 =  1 + 5·2^2 ◗, ◖ 169 =  1 + 21·2^3 ◗, ◖ 1353 =  1 + 169·2^3 ◗]
1355: [◖ 1 ◗, ◖ 5 =  1 + 1·2^2 ◗, ◖ 85 =  5 + 5·2^4 ◗, ◖ 1355 = -5 + 85·2^4 ◗]
1357: [◖ 1 ◗, ◖ 5 =  1 + 1·2^2 ◗, ◖ 85 =  5 + 5·2^4 ◗, ◖ 339 = -1 + 85·2^2 ◗, ◖ 1357 =  1 + 339·2^2 ◗]
1359: [◖ 1 ◗, ◖ 5 =  1 + 1·2^2 ◗, ◖ 85 =  5 + 5·2^4 ◗, ◖ 1359 = -1 + 85·2^4 ◗]
1361: [◖ 1 ◗, ◖ 5 =  1 + 1·2^2 ◗, ◖ 85 =  5 + 5·2^4 ◗, ◖ 1361 =  1 + 85·2^4 ◗]
1363: [◖ 1 ◗, ◖ 5 =  1 + 1·2^2 ◗, ◖ 85 =  5 + 5·2^4 ◗, ◖ 341 =  1 + 85·2^2 ◗, ◖ 1363 = -1 + 341·2^2 ◗]
1365: [◖ 1 ◗, ◖ 5 =  1 + 1·2^2 ◗, ◖ 85 =  5 + 5·2^4 ◗, ◖ 1365 =  5 + 85·2^4 ◗]
1367: [◖ 1 ◗, ◖ 5 =  1 + 1·2^2 ◗, ◖ 85 =  5 + 5·2^4 ◗, ◖ 171 =  1 + 85·2^1 ◗, ◖ 1367 = -1 + 171·2^3 ◗]
1369: [◖ 1 ◗, ◖ 5 =  1 + 1·2^2 ◗, ◖ 85 =  5 + 5·2^4 ◗, ◖ 171 =  1 + 85·2^1 ◗, ◖ 1369 =  1 + 171·2^3 ◗]
1371: [◖ 1 ◗, ◖ 5 =  1 + 1·2^2 ◗, ◖ 85 =  5 + 5·2^4 ◗, ◖ 685 =  5 + 85·2^3 ◗, ◖ 1371 =  1 + 685·2^1 ◗]
1373: [◖ 1 ◗, ◖ 3 =  1 + 1·2^1 ◗, ◖ 49 =  1 + 3·2^4 ◗, ◖ 343 = -49 + 49·2^3 ◗, ◖ 1373 =  1 + 343·2^2 ◗]
1375: [◖ 1 ◗, ◖ 3 =  1 + 1·2^1 ◗, ◖ 11 = -1 + 3·2^2 ◗, ◖ 43 = -1 + 11·2^2 ◗, ◖ 1375 = -1 + 43·2^5 ◗]
1377: [◖ 1 ◗, ◖ 3 =  1 + 1·2^1 ◗, ◖ 11 = -1 + 3·2^2 ◗, ◖ 43 = -1 + 11·2^2 ◗, ◖ 1377 =  1 + 43·2^5 ◗]
1379: [◖ 1 ◗, ◖ 7 = -1 + 1·2^3 ◗, ◖ 217 = -7 + 7·2^5 ◗, ◖ 345 =  217 + 1·2^7 ◗, ◖ 1379 = -1 + 345·2^2 ◗]
1381: [◖ 1 ◗, ◖ 7 = -1 + 1·2^3 ◗, ◖ 217 = -7 + 7·2^5 ◗, ◖ 345 =  217 + 1·2^7 ◗, ◖ 1381 =  1 + 345·2^2 ◗]
1383: [◖ 1 ◗, ◖ 3 =  1 + 1·2^1 ◗, ◖ 11 = -1 + 3·2^2 ◗, ◖ 173 = -3 + 11·2^4 ◗, ◖ 1383 = -1 + 173·2^3 ◗]
1385: [◖ 1 ◗, ◖ 3 =  1 + 1·2^1 ◗, ◖ 11 = -1 + 3·2^2 ◗, ◖ 173 = -3 + 11·2^4 ◗, ◖ 1385 =  1 + 173·2^3 ◗]
1387: [◖ 1 ◗, ◖ 3 =  1 + 1·2^1 ◗, ◖ 11 = -1 + 3·2^2 ◗, ◖ 693 = -11 + 11·2^6 ◗, ◖ 1387 =  1 + 693·2^1 ◗]
1389: [◖ 1 ◗, ◖ 5 =  1 + 1·2^2 ◗, ◖ 165 =  5 + 5·2^5 ◗, ◖ 347 = -165 + 1·2^9 ◗, ◖ 1389 =  1 + 347·2^2 ◗]
1391: [◖ 1 ◗, ◖ 3 =  1 + 1·2^1 ◗, ◖ 11 = -1 + 3·2^2 ◗, ◖ 87 = -1 + 11·2^3 ◗, ◖ 1391 = -1 + 87·2^4 ◗]
1393: [◖ 1 ◗, ◖ 15 = -1 + 1·2^4 ◗, ◖ 1905 = -15 + 15·2^7 ◗, ◖ 1393 =  1905 - 1·2^9 ◗]
1395: [◖ 1 ◗, ◖ 15 = -1 + 1·2^4 ◗, ◖ 465 = -15 + 15·2^5 ◗, ◖ 1395 = -465 + 465·2^2 ◗]
1397: [◖ 1 ◗, ◖ 3 =  1 + 1·2^1 ◗, ◖ 11 = -1 + 3·2^2 ◗, ◖ 1397 = -11 + 11·2^7 ◗]
1399: [◖ 1 ◗, ◖ 9 =  1 + 1·2^3 ◗, ◖ 1143 = -9 + 9·2^7 ◗, ◖ 1399 =  1143 + 1·2^8 ◗]
1401: [◖ 1 ◗, ◖ 7 = -1 + 1·2^3 ◗, ◖ 889 = -7 + 7·2^7 ◗, ◖ 1401 =  889 + 1·2^9 ◗]
1403: [◖ 1 ◗, ◖ 5 =  1 + 1·2^2 ◗, ◖ 645 =  5 + 5·2^7 ◗, ◖ 1403 = -645 + 1·2^11 ◗]
1405: [◖ 1 ◗, ◖ 3 =  1 + 1·2^1 ◗, ◖ 11 = -1 + 3·2^2 ◗, ◖ 1405 = -3 + 11·2^7 ◗]
1407: [◖ 1 ◗, ◖ 3 =  1 + 1·2^1 ◗, ◖ 11 = -1 + 3·2^2 ◗, ◖ 1407 = -1 + 11·2^7 ◗]
1409: [◖ 1 ◗, ◖ 3 =  1 + 1·2^1 ◗, ◖ 11 = -1 + 3·2^2 ◗, ◖ 1409 =  1 + 11·2^7 ◗]
1411: [◖ 1 ◗, ◖ 3 =  1 + 1·2^1 ◗, ◖ 11 = -1 + 3·2^2 ◗, ◖ 1411 =  3 + 11·2^7 ◗]
1413: [◖ 1 ◗, ◖ 5 =  1 + 1·2^2 ◗, ◖ 635 = -5 + 5·2^7 ◗, ◖ 1413 = -635 + 1·2^11 ◗]
1415: [◖ 1 ◗, ◖ 7 = -1 + 1·2^3 ◗, ◖ 903 =  7 + 7·2^7 ◗, ◖ 1415 =  903 + 1·2^9 ◗]
1417: [◖ 1 ◗, ◖ 9 =  1 + 1·2^3 ◗, ◖ 1161 =  9 + 9·2^7 ◗, ◖ 1417 =  1161 + 1·2^8 ◗]
1419: [◖ 1 ◗, ◖ 3 =  1 + 1·2^1 ◗, ◖ 11 = -1 + 3·2^2 ◗, ◖ 1419 =  11 + 11·2^7 ◗]
1421: [◖ 1 ◗, ◖ 3 =  1 + 1·2^1 ◗, ◖ 11 = -1 + 3·2^2 ◗, ◖ 355 =  3 + 11·2^5 ◗, ◖ 1421 =  1 + 355·2^2 ◗]
1423: [◖ 1 ◗, ◖ 15 = -1 + 1·2^4 ◗, ◖ 1935 =  15 + 15·2^7 ◗, ◖ 1423 =  1935 - 1·2^9 ◗]
1425: [◖ 1 ◗, ◖ 3 =  1 + 1·2^1 ◗, ◖ 95 = -1 + 3·2^5 ◗, ◖ 1425 = -95 + 95·2^4 ◗]
1427: [◖ 1 ◗, ◖ 3 =  1 + 1·2^1 ◗, ◖ 45 = -3 + 3·2^4 ◗, ◖ 357 = -3 + 45·2^3 ◗, ◖ 1427 = -1 + 357·2^2 ◗]
1429: [◖ 1 ◗, ◖ 3 =  1 + 1·2^1 ◗, ◖ 45 = -3 + 3·2^4 ◗, ◖ 357 = -3 + 45·2^3 ◗, ◖ 1429 =  1 + 357·2^2 ◗]
1431: [◖ 1 ◗, ◖ 5 =  1 + 1·2^2 ◗, ◖ 159 = -1 + 5·2^5 ◗, ◖ 1431 =  159 + 159·2^3 ◗]
1433: [◖ 1 ◗, ◖ 3 =  1 + 1·2^1 ◗, ◖ 45 = -3 + 3·2^4 ◗, ◖ 179 = -1 + 45·2^2 ◗, ◖ 1433 =  1 + 179·2^3 ◗]
1435: [◖ 1 ◗, ◖ 9 =  1 + 1·2^3 ◗, ◖ 287 = -1 + 9·2^5 ◗, ◖ 1435 =  287 + 287·2^2 ◗]
1437: [◖ 1 ◗, ◖ 3 =  1 + 1·2^1 ◗, ◖ 45 = -3 + 3·2^4 ◗, ◖ 1437 = -3 + 45·2^5 ◗]
1439: [◖ 1 ◗, ◖ 3 =  1 + 1·2^1 ◗, ◖ 45 = -3 + 3·2^4 ◗, ◖ 1439 = -1 + 45·2^5 ◗]
1441: [◖ 1 ◗, ◖ 3 =  1 + 1·2^1 ◗, ◖ 45 = -3 + 3·2^4 ◗, ◖ 1441 =  1 + 45·2^5 ◗]
1443: [◖ 1 ◗, ◖ 3 =  1 + 1·2^1 ◗, ◖ 45 = -3 + 3·2^4 ◗, ◖ 1443 =  3 + 45·2^5 ◗]
1445: [◖ 1 ◗, ◖ 9 =  1 + 1·2^3 ◗, ◖ 289 =  1 + 9·2^5 ◗, ◖ 1445 =  289 + 289·2^2 ◗]
1447: [◖ 1 ◗, ◖ 3 =  1 + 1·2^1 ◗, ◖ 45 = -3 + 3·2^4 ◗, ◖ 181 =  1 + 45·2^2 ◗, ◖ 1447 = -1 + 181·2^3 ◗]
1449: [◖ 1 ◗, ◖ 3 =  1 + 1·2^1 ◗, ◖ 23 = -1 + 3·2^3 ◗, ◖ 1449 = -23 + 23·2^6 ◗]
1451: [◖ 1 ◗, ◖ 3 =  1 + 1·2^1 ◗, ◖ 45 = -3 + 3·2^4 ◗, ◖ 363 =  3 + 45·2^3 ◗, ◖ 1451 = -1 + 363·2^2 ◗]
1453: [◖ 1 ◗, ◖ 3 =  1 + 1·2^1 ◗, ◖ 45 = -3 + 3·2^4 ◗, ◖ 363 =  3 + 45·2^3 ◗, ◖ 1453 =  1 + 363·2^2 ◗]
1455: [◖ 1 ◗, ◖ 3 =  1 + 1·2^1 ◗, ◖ 97 =  1 + 3·2^5 ◗, ◖ 1455 = -97 + 97·2^4 ◗]
1457: [◖ 1 ◗, ◖ 15 = -1 + 1·2^4 ◗, ◖ 945 = -15 + 15·2^6 ◗, ◖ 1457 =  945 + 1·2^9 ◗]
1459: [◖ 1 ◗, ◖ 3 =  1 + 1·2^1 ◗, ◖ 23 = -1 + 3·2^3 ◗, ◖ 365 = -3 + 23·2^4 ◗, ◖ 1459 = -1 + 365·2^2 ◗]
1461: [◖ 1 ◗, ◖ 3 =  1 + 1·2^1 ◗, ◖ 23 = -1 + 3·2^3 ◗, ◖ 365 = -3 + 23·2^4 ◗, ◖ 1461 =  1 + 365·2^2 ◗]
1463: [◖ 1 ◗, ◖ 9 =  1 + 1·2^3 ◗, ◖ 585 =  9 + 9·2^6 ◗, ◖ 1463 = -585 + 1·2^11 ◗]
1465: [◖ 1 ◗, ◖ 7 = -1 + 1·2^3 ◗, ◖ 441 = -7 + 7·2^6 ◗, ◖ 1465 =  441 + 1·2^10 ◗]
1467: [◖ 1 ◗, ◖ 3 =  1 + 1·2^1 ◗, ◖ 23 = -1 + 3·2^3 ◗, ◖ 367 = -1 + 23·2^4 ◗, ◖ 1467 = -1 + 367·2^2 ◗]
1469: [◖ 1 ◗, ◖ 3 =  1 + 1·2^1 ◗, ◖ 23 = -1 + 3·2^3 ◗, ◖ 1469 = -3 + 23·2^6 ◗]
1471: [◖ 1 ◗, ◖ 3 =  1 + 1·2^1 ◗, ◖ 23 = -1 + 3·2^3 ◗, ◖ 1471 = -1 + 23·2^6 ◗]
1473: [◖ 1 ◗, ◖ 3 =  1 + 1·2^1 ◗, ◖ 23 = -1 + 3·2^3 ◗, ◖ 1473 =  1 + 23·2^6 ◗]
1475: [◖ 1 ◗, ◖ 3 =  1 + 1·2^1 ◗, ◖ 23 = -1 + 3·2^3 ◗, ◖ 1475 =  3 + 23·2^6 ◗]
1477: [◖ 1 ◗, ◖ 3 =  1 + 1·2^1 ◗, ◖ 23 = -1 + 3·2^3 ◗, ◖ 369 =  1 + 23·2^4 ◗, ◖ 1477 =  1 + 369·2^2 ◗]
1479: [◖ 1 ◗, ◖ 7 = -1 + 1·2^3 ◗, ◖ 455 =  7 + 7·2^6 ◗, ◖ 1479 =  455 + 1·2^10 ◗]
1481: [◖ 1 ◗, ◖ 9 =  1 + 1·2^3 ◗, ◖ 567 = -9 + 9·2^6 ◗, ◖ 1481 = -567 + 1·2^11 ◗]
1483: [◖ 1 ◗, ◖ 3 =  1 + 1·2^1 ◗, ◖ 93 = -3 + 3·2^5 ◗, ◖ 371 = -1 + 93·2^2 ◗, ◖ 1483 = -1 + 371·2^2 ◗]
1485: [◖ 1 ◗, ◖ 3 =  1 + 1·2^1 ◗, ◖ 93 = -3 + 3·2^5 ◗, ◖ 1485 = -3 + 93·2^4 ◗]
1487: [◖ 1 ◗, ◖ 3 =  1 + 1·2^1 ◗, ◖ 93 = -3 + 3·2^5 ◗, ◖ 1487 = -1 + 93·2^4 ◗]
1489: [◖ 1 ◗, ◖ 3 =  1 + 1·2^1 ◗, ◖ 93 = -3 + 3·2^5 ◗, ◖ 1489 =  1 + 93·2^4 ◗]
1491: [◖ 1 ◗, ◖ 3 =  1 + 1·2^1 ◗, ◖ 93 = -3 + 3·2^5 ◗, ◖ 1491 =  3 + 93·2^4 ◗]
1493: [◖ 1 ◗, ◖ 3 =  1 + 1·2^1 ◗, ◖ 93 = -3 + 3·2^5 ◗, ◖ 373 =  1 + 93·2^2 ◗, ◖ 1493 =  1 + 373·2^2 ◗]
1495: [◖ 1 ◗, ◖ 3 =  1 + 1·2^1 ◗, ◖ 23 = -1 + 3·2^3 ◗, ◖ 1495 =  23 + 23·2^6 ◗]
1497: [◖ 1 ◗, ◖ 3 =  1 + 1·2^1 ◗, ◖ 47 = -1 + 3·2^4 ◗, ◖ 187 = -1 + 47·2^2 ◗, ◖ 1497 =  1 + 187·2^3 ◗]
1499: [◖ 1 ◗, ◖ 3 =  1 + 1·2^1 ◗, ◖ 47 = -1 + 3·2^4 ◗, ◖ 375 = -1 + 47·2^3 ◗, ◖ 1499 = -1 + 375·2^2 ◗]
1501: [◖ 1 ◗, ◖ 3 =  1 + 1·2^1 ◗, ◖ 47 = -1 + 3·2^4 ◗, ◖ 1501 = -3 + 47·2^5 ◗]
1503: [◖ 1 ◗, ◖ 3 =  1 + 1·2^1 ◗, ◖ 47 = -1 + 3·2^4 ◗, ◖ 1503 = -1 + 47·2^5 ◗]
1505: [◖ 1 ◗, ◖ 3 =  1 + 1·2^1 ◗, ◖ 47 = -1 + 3·2^4 ◗, ◖ 1505 =  1 + 47·2^5 ◗]
1507: [◖ 1 ◗, ◖ 3 =  1 + 1·2^1 ◗, ◖ 47 = -1 + 3·2^4 ◗, ◖ 1507 =  3 + 47·2^5 ◗]
1509: [◖ 1 ◗, ◖ 3 =  1 + 1·2^1 ◗, ◖ 189 = -3 + 3·2^6 ◗, ◖ 1509 = -3 + 189·2^3 ◗]
1511: [◖ 1 ◗, ◖ 3 =  1 + 1·2^1 ◗, ◖ 189 = -3 + 3·2^6 ◗, ◖ 1511 = -1 + 189·2^3 ◗]
1513: [◖ 1 ◗, ◖ 3 =  1 + 1·2^1 ◗, ◖ 189 = -3 + 3·2^6 ◗, ◖ 1513 =  1 + 189·2^3 ◗]
1515: [◖ 1 ◗, ◖ 3 =  1 + 1·2^1 ◗, ◖ 189 = -3 + 3·2^6 ◗, ◖ 1515 =  3 + 189·2^3 ◗]
1517: [◖ 1 ◗, ◖ 3 =  1 + 1·2^1 ◗, ◖ 95 = -1 + 3·2^5 ◗, ◖ 1517 = -3 + 95·2^4 ◗]
1519: [◖ 1 ◗, ◖ 3 =  1 + 1·2^1 ◗, ◖ 95 = -1 + 3·2^5 ◗, ◖ 1519 = -1 + 95·2^4 ◗]
1521: [◖ 1 ◗, ◖ 3 =  1 + 1·2^1 ◗, ◖ 95 = -1 + 3·2^5 ◗, ◖ 1521 =  1 + 95·2^4 ◗]
1523: [◖ 1 ◗, ◖ 3 =  1 + 1·2^1 ◗, ◖ 381 = -3 + 3·2^7 ◗, ◖ 1523 = -1 + 381·2^2 ◗]
1525: [◖ 1 ◗, ◖ 3 =  1 + 1·2^1 ◗, ◖ 381 = -3 + 3·2^7 ◗, ◖ 1525 =  1 + 381·2^2 ◗]
1527: [◖ 1 ◗, ◖ 3 =  1 + 1·2^1 ◗, ◖ 191 = -1 + 3·2^6 ◗, ◖ 1527 = -1 + 191·2^3 ◗]
1529: [◖ 1 ◗, ◖ 3 =  1 + 1·2^1 ◗, ◖ 191 = -1 + 3·2^6 ◗, ◖ 1529 =  1 + 191·2^3 ◗]
1531: [◖ 1 ◗, ◖ 3 =  1 + 1·2^1 ◗, ◖ 383 = -1 + 3·2^7 ◗, ◖ 1531 = -1 + 383·2^2 ◗]
1533: [◖ 1 ◗, ◖ 3 =  1 + 1·2^1 ◗, ◖ 1533 = -3 + 3·2^9 ◗]
1535: [◖ 1 ◗, ◖ 3 =  1 + 1·2^1 ◗, ◖ 1535 = -1 + 3·2^9 ◗]
1537: [◖ 1 ◗, ◖ 3 =  1 + 1·2^1 ◗, ◖ 1537 =  1 + 3·2^9 ◗]
1539: [◖ 1 ◗, ◖ 3 =  1 + 1·2^1 ◗, ◖ 1539 =  3 + 3·2^9 ◗]
1541: [◖ 1 ◗, ◖ 3 =  1 + 1·2^1 ◗, ◖ 385 =  1 + 3·2^7 ◗, ◖ 1541 =  1 + 385·2^2 ◗]
1543: [◖ 1 ◗, ◖ 3 =  1 + 1·2^1 ◗, ◖ 193 =  1 + 3·2^6 ◗, ◖ 1543 = -1 + 193·2^3 ◗]
1545: [◖ 1 ◗, ◖ 3 =  1 + 1·2^1 ◗, ◖ 193 =  1 + 3·2^6 ◗, ◖ 1545 =  1 + 193·2^3 ◗]
1547: [◖ 1 ◗, ◖ 3 =  1 + 1·2^1 ◗, ◖ 387 =  3 + 3·2^7 ◗, ◖ 1547 = -1 + 387·2^2 ◗]
1549: [◖ 1 ◗, ◖ 3 =  1 + 1·2^1 ◗, ◖ 387 =  3 + 3·2^7 ◗, ◖ 1549 =  1 + 387·2^2 ◗]
1551: [◖ 1 ◗, ◖ 3 =  1 + 1·2^1 ◗, ◖ 97 =  1 + 3·2^5 ◗, ◖ 1551 = -1 + 97·2^4 ◗]
1553: [◖ 1 ◗, ◖ 3 =  1 + 1·2^1 ◗, ◖ 97 =  1 + 3·2^5 ◗, ◖ 1553 =  1 + 97·2^4 ◗]
1555: [◖ 1 ◗, ◖ 3 =  1 + 1·2^1 ◗, ◖ 97 =  1 + 3·2^5 ◗, ◖ 1555 =  3 + 97·2^4 ◗]
1557: [◖ 1 ◗, ◖ 3 =  1 + 1·2^1 ◗, ◖ 195 =  3 + 3·2^6 ◗, ◖ 1557 = -3 + 195·2^3 ◗]
1559: [◖ 1 ◗, ◖ 3 =  1 + 1·2^1 ◗, ◖ 195 =  3 + 3·2^6 ◗, ◖ 1559 = -1 + 195·2^3 ◗]
1561: [◖ 1 ◗, ◖ 3 =  1 + 1·2^1 ◗, ◖ 195 =  3 + 3·2^6 ◗, ◖ 1561 =  1 + 195·2^3 ◗]
1563: [◖ 1 ◗, ◖ 3 =  1 + 1·2^1 ◗, ◖ 195 =  3 + 3·2^6 ◗, ◖ 1563 =  3 + 195·2^3 ◗]
1565: [◖ 1 ◗, ◖ 3 =  1 + 1·2^1 ◗, ◖ 49 =  1 + 3·2^4 ◗, ◖ 1565 = -3 + 49·2^5 ◗]
1567: [◖ 1 ◗, ◖ 3 =  1 + 1·2^1 ◗, ◖ 49 =  1 + 3·2^4 ◗, ◖ 1567 = -1 + 49·2^5 ◗]
1569: [◖ 1 ◗, ◖ 3 =  1 + 1·2^1 ◗, ◖ 49 =  1 + 3·2^4 ◗, ◖ 1569 =  1 + 49·2^5 ◗]
1571: [◖ 1 ◗, ◖ 3 =  1 + 1·2^1 ◗, ◖ 49 =  1 + 3·2^4 ◗, ◖ 1571 =  3 + 49·2^5 ◗]
1573: [◖ 1 ◗, ◖ 3 =  1 + 1·2^1 ◗, ◖ 49 =  1 + 3·2^4 ◗, ◖ 393 =  1 + 49·2^3 ◗, ◖ 1573 =  1 + 393·2^2 ◗]
1575: [◖ 1 ◗, ◖ 3 =  1 + 1·2^1 ◗, ◖ 25 =  1 + 3·2^3 ◗, ◖ 1575 = -25 + 25·2^6 ◗]
1577: [◖ 1 ◗, ◖ 3 =  1 + 1·2^1 ◗, ◖ 49 =  1 + 3·2^4 ◗, ◖ 197 =  1 + 49·2^2 ◗, ◖ 1577 =  1 + 197·2^3 ◗]
1579: [◖ 1 ◗, ◖ 3 =  1 + 1·2^1 ◗, ◖ 99 =  3 + 3·2^5 ◗, ◖ 395 = -1 + 99·2^2 ◗, ◖ 1579 = -1 + 395·2^2 ◗]
1581: [◖ 1 ◗, ◖ 3 =  1 + 1·2^1 ◗, ◖ 99 =  3 + 3·2^5 ◗, ◖ 1581 = -3 + 99·2^4 ◗]
1583: [◖ 1 ◗, ◖ 3 =  1 + 1·2^1 ◗, ◖ 99 =  3 + 3·2^5 ◗, ◖ 1583 = -1 + 99·2^4 ◗]
1585: [◖ 1 ◗, ◖ 3 =  1 + 1·2^1 ◗, ◖ 99 =  3 + 3·2^5 ◗, ◖ 1585 =  1 + 99·2^4 ◗]
1587: [◖ 1 ◗, ◖ 3 =  1 + 1·2^1 ◗, ◖ 99 =  3 + 3·2^5 ◗, ◖ 1587 =  3 + 99·2^4 ◗]
1589: [◖ 1 ◗, ◖ 3 =  1 + 1·2^1 ◗, ◖ 99 =  3 + 3·2^5 ◗, ◖ 397 =  1 + 99·2^2 ◗, ◖ 1589 =  1 + 397·2^2 ◗]
1591: [◖ 1 ◗, ◖ 9 =  1 + 1·2^3 ◗, ◖ 567 = -9 + 9·2^6 ◗, ◖ 1591 =  567 + 1·2^10 ◗]
1593: [◖ 1 ◗, ◖ 7 = -1 + 1·2^3 ◗, ◖ 455 =  7 + 7·2^6 ◗, ◖ 1593 = -455 + 1·2^11 ◗]
1595: [◖ 1 ◗, ◖ 3 =  1 + 1·2^1 ◗, ◖ 25 =  1 + 3·2^3 ◗, ◖ 399 = -1 + 25·2^4 ◗, ◖ 1595 = -1 + 399·2^2 ◗]
1597: [◖ 1 ◗, ◖ 3 =  1 + 1·2^1 ◗, ◖ 25 =  1 + 3·2^3 ◗, ◖ 1597 = -3 + 25·2^6 ◗]
1599: [◖ 1 ◗, ◖ 3 =  1 + 1·2^1 ◗, ◖ 25 =  1 + 3·2^3 ◗, ◖ 1599 = -1 + 25·2^6 ◗]
1601: [◖ 1 ◗, ◖ 3 =  1 + 1·2^1 ◗, ◖ 25 =  1 + 3·2^3 ◗, ◖ 1601 =  1 + 25·2^6 ◗]
1603: [◖ 1 ◗, ◖ 3 =  1 + 1·2^1 ◗, ◖ 25 =  1 + 3·2^3 ◗, ◖ 1603 =  3 + 25·2^6 ◗]
1605: [◖ 1 ◗, ◖ 3 =  1 + 1·2^1 ◗, ◖ 25 =  1 + 3·2^3 ◗, ◖ 401 =  1 + 25·2^4 ◗, ◖ 1605 =  1 + 401·2^2 ◗]
1607: [◖ 1 ◗, ◖ 7 = -1 + 1·2^3 ◗, ◖ 441 = -7 + 7·2^6 ◗, ◖ 1607 = -441 + 1·2^11 ◗]
1609: [◖ 1 ◗, ◖ 9 =  1 + 1·2^3 ◗, ◖ 585 =  9 + 9·2^6 ◗, ◖ 1609 =  585 + 1·2^10 ◗]
1611: [◖ 1 ◗, ◖ 3 =  1 + 1·2^1 ◗, ◖ 25 =  1 + 3·2^3 ◗, ◖ 403 =  3 + 25·2^4 ◗, ◖ 1611 = -1 + 403·2^2 ◗]
1613: [◖ 1 ◗, ◖ 3 =  1 + 1·2^1 ◗, ◖ 25 =  1 + 3·2^3 ◗, ◖ 403 =  3 + 25·2^4 ◗, ◖ 1613 =  1 + 403·2^2 ◗]
1615: [◖ 1 ◗, ◖ 3 =  1 + 1·2^1 ◗, ◖ 95 = -1 + 3·2^5 ◗, ◖ 1615 =  95 + 95·2^4 ◗]
1617: [◖ 1 ◗, ◖ 17 =  1 + 1·2^4 ◗, ◖ 1105 =  17 + 17·2^6 ◗, ◖ 1617 =  1105 + 1·2^9 ◗]
1619: [◖ 1 ◗, ◖ 3 =  1 + 1·2^1 ◗, ◖ 51 =  3 + 3·2^4 ◗, ◖ 405 = -3 + 51·2^3 ◗, ◖ 1619 = -1 + 405·2^2 ◗]
1621: [◖ 1 ◗, ◖ 3 =  1 + 1·2^1 ◗, ◖ 51 =  3 + 3·2^4 ◗, ◖ 405 = -3 + 51·2^3 ◗, ◖ 1621 =  1 + 405·2^2 ◗]
1623: [◖ 1 ◗, ◖ 3 =  1 + 1·2^1 ◗, ◖ 51 =  3 + 3·2^4 ◗, ◖ 203 = -1 + 51·2^2 ◗, ◖ 1623 = -1 + 203·2^3 ◗]
1625: [◖ 1 ◗, ◖ 3 =  1 + 1·2^1 ◗, ◖ 25 =  1 + 3·2^3 ◗, ◖ 1625 =  25 + 25·2^6 ◗]
1627: [◖ 1 ◗, ◖ 3 =  1 + 1·2^1 ◗, ◖ 51 =  3 + 3·2^4 ◗, ◖ 407 = -1 + 51·2^3 ◗, ◖ 1627 = -1 + 407·2^2 ◗]
1629: [◖ 1 ◗, ◖ 3 =  1 + 1·2^1 ◗, ◖ 51 =  3 + 3·2^4 ◗, ◖ 1629 = -3 + 51·2^5 ◗]
1631: [◖ 1 ◗, ◖ 3 =  1 + 1·2^1 ◗, ◖ 51 =  3 + 3·2^4 ◗, ◖ 1631 = -1 + 51·2^5 ◗]
1633: [◖ 1 ◗, ◖ 3 =  1 + 1·2^1 ◗, ◖ 51 =  3 + 3·2^4 ◗, ◖ 1633 =  1 + 51·2^5 ◗]
1635: [◖ 1 ◗, ◖ 3 =  1 + 1·2^1 ◗, ◖ 51 =  3 + 3·2^4 ◗, ◖ 1635 =  3 + 51·2^5 ◗]
1637: [◖ 1 ◗, ◖ 3 =  1 + 1·2^1 ◗, ◖ 51 =  3 + 3·2^4 ◗, ◖ 409 =  1 + 51·2^3 ◗, ◖ 1637 =  1 + 409·2^2 ◗]
1639: [◖ 1 ◗, ◖ 3 =  1 + 1·2^1 ◗, ◖ 51 =  3 + 3·2^4 ◗, ◖ 205 =  1 + 51·2^2 ◗, ◖ 1639 = -1 + 205·2^3 ◗]
1641: [◖ 1 ◗, ◖ 3 =  1 + 1·2^1 ◗, ◖ 51 =  3 + 3·2^4 ◗, ◖ 205 =  1 + 51·2^2 ◗, ◖ 1641 =  1 + 205·2^3 ◗]
1643: [◖ 1 ◗, ◖ 3 =  1 + 1·2^1 ◗, ◖ 51 =  3 + 3·2^4 ◗, ◖ 411 =  3 + 51·2^3 ◗, ◖ 1643 = -1 + 411·2^2 ◗]
1645: [◖ 1 ◗, ◖ 3 =  1 + 1·2^1 ◗, ◖ 51 =  3 + 3·2^4 ◗, ◖ 411 =  3 + 51·2^3 ◗, ◖ 1645 =  1 + 411·2^2 ◗]
1647: [◖ 1 ◗, ◖ 17 =  1 + 1·2^4 ◗, ◖ 2159 = -17 + 17·2^7 ◗, ◖ 1647 =  2159 - 1·2^9 ◗]
1649: [◖ 1 ◗, ◖ 3 =  1 + 1·2^1 ◗, ◖ 97 =  1 + 3·2^5 ◗, ◖ 1649 =  97 + 97·2^4 ◗]
1651: [◖ 1 ◗, ◖ 3 =  1 + 1·2^1 ◗, ◖ 13 =  1 + 3·2^2 ◗, ◖ 1651 = -13 + 13·2^7 ◗]
1653: [◖ 1 ◗, ◖ 3 =  1 + 1·2^1 ◗, ◖ 13 =  1 + 3·2^2 ◗, ◖ 413 = -3 + 13·2^5 ◗, ◖ 1653 =  1 + 413·2^2 ◗]
1655: [◖ 1 ◗, ◖ 9 =  1 + 1·2^3 ◗, ◖ 1143 = -9 + 9·2^7 ◗, ◖ 1655 =  1143 + 1·2^9 ◗]
1657: [◖ 1 ◗, ◖ 7 = -1 + 1·2^3 ◗, ◖ 1785 = -7 + 7·2^8 ◗, ◖ 1657 =  1785 - 1·2^7 ◗]
1659: [◖ 1 ◗, ◖ 5 =  1 + 1·2^2 ◗, ◖ 635 = -5 + 5·2^7 ◗, ◖ 1659 =  635 + 1·2^10 ◗]
1661: [◖ 1 ◗, ◖ 3 =  1 + 1·2^1 ◗, ◖ 13 =  1 + 3·2^2 ◗, ◖ 1661 = -3 + 13·2^7 ◗]
1663: [◖ 1 ◗, ◖ 3 =  1 + 1·2^1 ◗, ◖ 13 =  1 + 3·2^2 ◗, ◖ 1663 = -1 + 13·2^7 ◗]
1665: [◖ 1 ◗, ◖ 3 =  1 + 1·2^1 ◗, ◖ 13 =  1 + 3·2^2 ◗, ◖ 1665 =  1 + 13·2^7 ◗]
1667: [◖ 1 ◗, ◖ 3 =  1 + 1·2^1 ◗, ◖ 13 =  1 + 3·2^2 ◗, ◖ 1667 =  3 + 13·2^7 ◗]
1669: [◖ 1 ◗, ◖ 5 =  1 + 1·2^2 ◗, ◖ 645 =  5 + 5·2^7 ◗, ◖ 1669 =  645 + 1·2^10 ◗]
1671: [◖ 1 ◗, ◖ 7 = -1 + 1·2^3 ◗, ◖ 1799 =  7 + 7·2^8 ◗, ◖ 1671 =  1799 - 1·2^7 ◗]
1673: [◖ 1 ◗, ◖ 7 = -1 + 1·2^3 ◗, ◖ 105 = -7 + 7·2^4 ◗, ◖ 1673 = -7 + 105·2^4 ◗]
1675: [◖ 1 ◗, ◖ 7 = -1 + 1·2^3 ◗, ◖ 105 = -7 + 7·2^4 ◗, ◖ 419 = -1 + 105·2^2 ◗, ◖ 1675 = -1 + 419·2^2 ◗]
1677: [◖ 1 ◗, ◖ 3 =  1 + 1·2^1 ◗, ◖ 13 =  1 + 3·2^2 ◗, ◖ 1677 =  13 + 13·2^7 ◗]
1679: [◖ 1 ◗, ◖ 7 = -1 + 1·2^3 ◗, ◖ 105 = -7 + 7·2^4 ◗, ◖ 1679 = -1 + 105·2^4 ◗]
1681: [◖ 1 ◗, ◖ 7 = -1 + 1·2^3 ◗, ◖ 105 = -7 + 7·2^4 ◗, ◖ 1681 =  1 + 105·2^4 ◗]
1683: [◖ 1 ◗, ◖ 17 =  1 + 1·2^4 ◗, ◖ 561 =  17 + 17·2^5 ◗, ◖ 1683 = -561 + 561·2^2 ◗]
1685: [◖ 1 ◗, ◖ 7 = -1 + 1·2^3 ◗, ◖ 105 = -7 + 7·2^4 ◗, ◖ 421 =  1 + 105·2^2 ◗, ◖ 1685 =  1 + 421·2^2 ◗]
1687: [◖ 1 ◗, ◖ 7 = -1 + 1·2^3 ◗, ◖ 105 = -7 + 7·2^4 ◗, ◖ 1687 =  7 + 105·2^4 ◗]
1689: [◖ 1 ◗, ◖ 7 = -1 + 1·2^3 ◗, ◖ 105 = -7 + 7·2^4 ◗, ◖ 211 =  1 + 105·2^1 ◗, ◖ 1689 =  1 + 211·2^3 ◗]
1691: [◖ 1 ◗, ◖ 3 =  1 + 1·2^1 ◗, ◖ 13 =  1 + 3·2^2 ◗, ◖ 845 =  13 + 13·2^6 ◗, ◖ 1691 =  1 + 845·2^1 ◗]
1693: [◖ 1 ◗, ◖ 3 =  1 + 1·2^1 ◗, ◖ 47 = -1 + 3·2^4 ◗, ◖ 423 =  47 + 47·2^3 ◗, ◖ 1693 =  1 + 423·2^2 ◗]
1695: [◖ 1 ◗, ◖ 3 =  1 + 1·2^1 ◗, ◖ 13 =  1 + 3·2^2 ◗, ◖ 53 =  1 + 13·2^2 ◗, ◖ 1695 = -1 + 53·2^5 ◗]
1697: [◖ 1 ◗, ◖ 31 = -1 + 1·2^5 ◗, ◖ 1953 = -31 + 31·2^6 ◗, ◖ 1697 =  1953 - 1·2^8 ◗]
1699: [◖ 1 ◗, ◖ 7 = -1 + 1·2^3 ◗, ◖ 27 = -1 + 7·2^2 ◗, ◖ 425 = -7 + 27·2^4 ◗, ◖ 1699 = -1 + 425·2^2 ◗]
1701: [◖ 1 ◗, ◖ 7 = -1 + 1·2^3 ◗, ◖ 27 = -1 + 7·2^2 ◗, ◖ 1701 = -27 + 27·2^6 ◗]
1703: [◖ 1 ◗, ◖ 7 = -1 + 1·2^3 ◗, ◖ 55 = -1 + 7·2^3 ◗, ◖ 213 = -7 + 55·2^2 ◗, ◖ 1703 = -1 + 213·2^3 ◗]
1705: [◖ 1 ◗, ◖ 7 = -1 + 1·2^3 ◗, ◖ 55 = -1 + 7·2^3 ◗, ◖ 1705 = -55 + 55·2^5 ◗]
1707: [◖ 1 ◗, ◖ 7 = -1 + 1·2^3 ◗, ◖ 105 = -7 + 7·2^4 ◗, ◖ 427 =  7 + 105·2^2 ◗, ◖ 1707 = -1 + 427·2^2 ◗]
1709: [◖ 1 ◗, ◖ 7 = -1 + 1·2^3 ◗, ◖ 105 = -7 + 7·2^4 ◗, ◖ 427 =  7 + 105·2^2 ◗, ◖ 1709 =  1 + 427·2^2 ◗]
1711: [◖ 1 ◗, ◖ 7 = -1 + 1·2^3 ◗, ◖ 27 = -1 + 7·2^2 ◗, ◖ 107 = -1 + 27·2^2 ◗, ◖ 1711 = -1 + 107·2^4 ◗]
1713: [◖ 1 ◗, ◖ 7 = -1 + 1·2^3 ◗, ◖ 27 = -1 + 7·2^2 ◗, ◖ 107 = -1 + 27·2^2 ◗, ◖ 1713 =  1 + 107·2^4 ◗]
1715: [◖ 1 ◗, ◖ 7 = -1 + 1·2^3 ◗, ◖ 27 = -1 + 7·2^2 ◗, ◖ 857 = -7 + 27·2^5 ◗, ◖ 1715 =  1 + 857·2^1 ◗]
1717: [◖ 1 ◗, ◖ 3 =  1 + 1·2^1 ◗, ◖ 13 =  1 + 3·2^2 ◗, ◖ 429 =  13 + 13·2^5 ◗, ◖ 1717 =  1 + 429·2^2 ◗]
1719: [◖ 1 ◗, ◖ 3 =  1 + 1·2^1 ◗, ◖ 191 = -1 + 3·2^6 ◗, ◖ 1719 =  191 + 191·2^3 ◗]
1721: [◖ 1 ◗, ◖ 7 = -1 + 1·2^3 ◗, ◖ 27 = -1 + 7·2^2 ◗, ◖ 1721 = -7 + 27·2^6 ◗]
1723: [◖ 1 ◗, ◖ 5 =  1 + 1·2^2 ◗, ◖ 325 =  5 + 5·2^6 ◗, ◖ 1723 = -325 + 1·2^11 ◗]
1725: [◖ 1 ◗, ◖ 9 =  1 + 1·2^3 ◗, ◖ 575 = -1 + 9·2^6 ◗, ◖ 1725 =  575 + 575·2^1 ◗]
1727: [◖ 1 ◗, ◖ 7 = -1 + 1·2^3 ◗, ◖ 27 = -1 + 7·2^2 ◗, ◖ 1727 = -1 + 27·2^6 ◗]
1729: [◖ 1 ◗, ◖ 7 = -1 + 1·2^3 ◗, ◖ 27 = -1 + 7·2^2 ◗, ◖ 1729 =  1 + 27·2^6 ◗]
1731: [◖ 1 ◗, ◖ 9 =  1 + 1·2^3 ◗, ◖ 577 =  1 + 9·2^6 ◗, ◖ 1731 =  577 + 577·2^1 ◗]
1733: [◖ 1 ◗, ◖ 5 =  1 + 1·2^2 ◗, ◖ 315 = -5 + 5·2^6 ◗, ◖ 1733 = -315 + 1·2^11 ◗]
1735: [◖ 1 ◗, ◖ 7 = -1 + 1·2^3 ◗, ◖ 217 = -7 + 7·2^5 ◗, ◖ 1735 = -1 + 217·2^3 ◗]
1737: [◖ 1 ◗, ◖ 7 = -1 + 1·2^3 ◗, ◖ 217 = -7 + 7·2^5 ◗, ◖ 1737 =  1 + 217·2^3 ◗]
1739: [◖ 1 ◗, ◖ 7 = -1 + 1·2^3 ◗, ◖ 217 = -7 + 7·2^5 ◗, ◖ 435 =  1 + 217·2^1 ◗, ◖ 1739 = -1 + 435·2^2 ◗]
1741: [◖ 1 ◗, ◖ 7 = -1 + 1·2^3 ◗, ◖ 217 = -7 + 7·2^5 ◗, ◖ 435 =  1 + 217·2^1 ◗, ◖ 1741 =  1 + 435·2^2 ◗]
1743: [◖ 1 ◗, ◖ 7 = -1 + 1·2^3 ◗, ◖ 27 = -1 + 7·2^2 ◗, ◖ 109 =  1 + 27·2^2 ◗, ◖ 1743 = -1 + 109·2^4 ◗]
1745: [◖ 1 ◗, ◖ 7 = -1 + 1·2^3 ◗, ◖ 27 = -1 + 7·2^2 ◗, ◖ 109 =  1 + 27·2^2 ◗, ◖ 1745 =  1 + 109·2^4 ◗]
1747: [◖ 1 ◗, ◖ 7 = -1 + 1·2^3 ◗, ◖ 55 = -1 + 7·2^3 ◗, ◖ 873 = -7 + 55·2^4 ◗, ◖ 1747 =  1 + 873·2^1 ◗]
1749: [◖ 1 ◗, ◖ 7 = -1 + 1·2^3 ◗, ◖ 111 = -1 + 7·2^4 ◗, ◖ 437 = -7 + 111·2^2 ◗, ◖ 1749 =  1 + 437·2^2 ◗]
1751: [◖ 1 ◗, ◖ 9 =  1 + 1·2^3 ◗, ◖ 297 =  9 + 9·2^5 ◗, ◖ 1751 = -297 + 1·2^11 ◗]
1753: [◖ 1 ◗, ◖ 7 = -1 + 1·2^3 ◗, ◖ 55 = -1 + 7·2^3 ◗, ◖ 1753 = -7 + 55·2^5 ◗]
1755: [◖ 1 ◗, ◖ 7 = -1 + 1·2^3 ◗, ◖ 27 = -1 + 7·2^2 ◗, ◖ 1755 =  27 + 27·2^6 ◗]
1757: [◖ 1 ◗, ◖ 7 = -1 + 1·2^3 ◗, ◖ 441 = -7 + 7·2^6 ◗, ◖ 1757 = -7 + 441·2^2 ◗]
1759: [◖ 1 ◗, ◖ 7 = -1 + 1·2^3 ◗, ◖ 55 = -1 + 7·2^3 ◗, ◖ 1759 = -1 + 55·2^5 ◗]
1761: [◖ 1 ◗, ◖ 7 = -1 + 1·2^3 ◗, ◖ 55 = -1 + 7·2^3 ◗, ◖ 1761 =  1 + 55·2^5 ◗]
1763: [◖ 1 ◗, ◖ 7 = -1 + 1·2^3 ◗, ◖ 441 = -7 + 7·2^6 ◗, ◖ 1763 = -1 + 441·2^2 ◗]
1765: [◖ 1 ◗, ◖ 7 = -1 + 1·2^3 ◗, ◖ 441 = -7 + 7·2^6 ◗, ◖ 1765 =  1 + 441·2^2 ◗]
1767: [◖ 1 ◗, ◖ 7 = -1 + 1·2^3 ◗, ◖ 55 = -1 + 7·2^3 ◗, ◖ 1767 =  7 + 55·2^5 ◗]
1769: [◖ 1 ◗, ◖ 7 = -1 + 1·2^3 ◗, ◖ 111 = -1 + 7·2^4 ◗, ◖ 1769 = -7 + 111·2^4 ◗]
1771: [◖ 1 ◗, ◖ 7 = -1 + 1·2^3 ◗, ◖ 441 = -7 + 7·2^6 ◗, ◖ 1771 =  7 + 441·2^2 ◗]
1773: [◖ 1 ◗, ◖ 7 = -1 + 1·2^3 ◗, ◖ 111 = -1 + 7·2^4 ◗, ◖ 443 = -1 + 111·2^2 ◗, ◖ 1773 =  1 + 443·2^2 ◗]
1775: [◖ 1 ◗, ◖ 7 = -1 + 1·2^3 ◗, ◖ 111 = -1 + 7·2^4 ◗, ◖ 1775 = -1 + 111·2^4 ◗]
1777: [◖ 1 ◗, ◖ 7 = -1 + 1·2^3 ◗, ◖ 111 = -1 + 7·2^4 ◗, ◖ 1777 =  1 + 111·2^4 ◗]
1779: [◖ 1 ◗, ◖ 7 = -1 + 1·2^3 ◗, ◖ 889 = -7 + 7·2^7 ◗, ◖ 1779 =  1 + 889·2^1 ◗]
1781: [◖ 1 ◗, ◖ 7 = -1 + 1·2^3 ◗, ◖ 447 = -1 + 7·2^6 ◗, ◖ 1781 = -7 + 447·2^2 ◗]
1783: [◖ 1 ◗, ◖ 7 = -1 + 1·2^3 ◗, ◖ 223 = -1 + 7·2^5 ◗, ◖ 1783 = -1 + 223·2^3 ◗]
1785: [◖ 1 ◗, ◖ 7 = -1 + 1·2^3 ◗, ◖ 1785 = -7 + 7·2^8 ◗]
1787: [◖ 1 ◗, ◖ 7 = -1 + 1·2^3 ◗, ◖ 447 = -1 + 7·2^6 ◗, ◖ 1787 = -1 + 447·2^2 ◗]
1789: [◖ 1 ◗, ◖ 7 = -1 + 1·2^3 ◗, ◖ 447 = -1 + 7·2^6 ◗, ◖ 1789 =  1 + 447·2^2 ◗]
1791: [◖ 1 ◗, ◖ 7 = -1 + 1·2^3 ◗, ◖ 1791 = -1 + 7·2^8 ◗]
1793: [◖ 1 ◗, ◖ 7 = -1 + 1·2^3 ◗, ◖ 1793 =  1 + 7·2^8 ◗]
1795: [◖ 1 ◗, ◖ 7 = -1 + 1·2^3 ◗, ◖ 449 =  1 + 7·2^6 ◗, ◖ 1795 = -1 + 449·2^2 ◗]
1797: [◖ 1 ◗, ◖ 7 = -1 + 1·2^3 ◗, ◖ 449 =  1 + 7·2^6 ◗, ◖ 1797 =  1 + 449·2^2 ◗]
1799: [◖ 1 ◗, ◖ 7 = -1 + 1·2^3 ◗, ◖ 1799 =  7 + 7·2^8 ◗]
1801: [◖ 1 ◗, ◖ 7 = -1 + 1·2^3 ◗, ◖ 225 =  1 + 7·2^5 ◗, ◖ 1801 =  1 + 225·2^3 ◗]
1803: [◖ 1 ◗, ◖ 7 = -1 + 1·2^3 ◗, ◖ 449 =  1 + 7·2^6 ◗, ◖ 1803 =  7 + 449·2^2 ◗]
1805: [◖ 1 ◗, ◖ 7 = -1 + 1·2^3 ◗, ◖ 903 =  7 + 7·2^7 ◗, ◖ 1805 = -1 + 903·2^1 ◗]
1807: [◖ 1 ◗, ◖ 7 = -1 + 1·2^3 ◗, ◖ 113 =  1 + 7·2^4 ◗, ◖ 1807 = -1 + 113·2^4 ◗]
1809: [◖ 1 ◗, ◖ 7 = -1 + 1·2^3 ◗, ◖ 113 =  1 + 7·2^4 ◗, ◖ 1809 =  1 + 113·2^4 ◗]
1811: [◖ 1 ◗, ◖ 7 = -1 + 1·2^3 ◗, ◖ 113 =  1 + 7·2^4 ◗, ◖ 453 =  1 + 113·2^2 ◗, ◖ 1811 = -1 + 453·2^2 ◗]
1813: [◖ 1 ◗, ◖ 7 = -1 + 1·2^3 ◗, ◖ 455 =  7 + 7·2^6 ◗, ◖ 1813 = -7 + 455·2^2 ◗]
1815: [◖ 1 ◗, ◖ 7 = -1 + 1·2^3 ◗, ◖ 113 =  1 + 7·2^4 ◗, ◖ 1815 =  7 + 113·2^4 ◗]
1817: [◖ 1 ◗, ◖ 7 = -1 + 1·2^3 ◗, ◖ 57 =  1 + 7·2^3 ◗, ◖ 1817 = -7 + 57·2^5 ◗]
1819: [◖ 1 ◗, ◖ 7 = -1 + 1·2^3 ◗, ◖ 455 =  7 + 7·2^6 ◗, ◖ 1819 = -1 + 455·2^2 ◗]
1821: [◖ 1 ◗, ◖ 7 = -1 + 1·2^3 ◗, ◖ 455 =  7 + 7·2^6 ◗, ◖ 1821 =  1 + 455·2^2 ◗]
1823: [◖ 1 ◗, ◖ 7 = -1 + 1·2^3 ◗, ◖ 57 =  1 + 7·2^3 ◗, ◖ 1823 = -1 + 57·2^5 ◗]
1825: [◖ 1 ◗, ◖ 7 = -1 + 1·2^3 ◗, ◖ 57 =  1 + 7·2^3 ◗, ◖ 1825 =  1 + 57·2^5 ◗]
1827: [◖ 1 ◗, ◖ 7 = -1 + 1·2^3 ◗, ◖ 455 =  7 + 7·2^6 ◗, ◖ 1827 =  7 + 455·2^2 ◗]
1829: [◖ 1 ◗, ◖ 15 = -1 + 1·2^4 ◗, ◖ 59 = -1 + 15·2^2 ◗, ◖ 1829 = -59 + 59·2^5 ◗]
1831: [◖ 1 ◗, ◖ 7 = -1 + 1·2^3 ◗, ◖ 57 =  1 + 7·2^3 ◗, ◖ 1831 =  7 + 57·2^5 ◗]
1833: [◖ 1 ◗, ◖ 7 = -1 + 1·2^3 ◗, ◖ 57 =  1 + 7·2^3 ◗, ◖ 229 =  1 + 57·2^2 ◗, ◖ 1833 =  1 + 229·2^3 ◗]
1835: [◖ 1 ◗, ◖ 7 = -1 + 1·2^3 ◗, ◖ 113 =  1 + 7·2^4 ◗, ◖ 459 =  7 + 113·2^2 ◗, ◖ 1835 = -1 + 459·2^2 ◗]
1837: [◖ 1 ◗, ◖ 7 = -1 + 1·2^3 ◗, ◖ 57 =  1 + 7·2^3 ◗, ◖ 919 =  7 + 57·2^4 ◗, ◖ 1837 = -1 + 919·2^1 ◗]
1839: [◖ 1 ◗, ◖ 7 = -1 + 1·2^3 ◗, ◖ 29 =  1 + 7·2^2 ◗, ◖ 115 = -1 + 29·2^2 ◗, ◖ 1839 = -1 + 115·2^4 ◗]
1841: [◖ 1 ◗, ◖ 15 = -1 + 1·2^4 ◗, ◖ 1905 = -15 + 15·2^7 ◗, ◖ 1841 =  1905 - 1·2^6 ◗]
1843: [◖ 1 ◗, ◖ 7 = -1 + 1·2^3 ◗, ◖ 231 =  7 + 7·2^5 ◗, ◖ 461 = -1 + 231·2^1 ◗, ◖ 1843 = -1 + 461·2^2 ◗]
1845: [◖ 1 ◗, ◖ 15 = -1 + 1·2^4 ◗, ◖ 465 = -15 + 15·2^5 ◗, ◖ 1845 = -15 + 465·2^2 ◗]
1847: [◖ 1 ◗, ◖ 7 = -1 + 1·2^3 ◗, ◖ 231 =  7 + 7·2^5 ◗, ◖ 1847 = -1 + 231·2^3 ◗]
1849: [◖ 1 ◗, ◖ 7 = -1 + 1·2^3 ◗, ◖ 231 =  7 + 7·2^5 ◗, ◖ 1849 =  1 + 231·2^3 ◗]
1851: [◖ 1 ◗, ◖ 7 = -1 + 1·2^3 ◗, ◖ 29 =  1 + 7·2^2 ◗, ◖ 463 = -1 + 29·2^4 ◗, ◖ 1851 = -1 + 463·2^2 ◗]
1853: [◖ 1 ◗, ◖ 3 =  1 + 1·2^1 ◗, ◖ 195 =  3 + 3·2^6 ◗, ◖ 1853 = -195 + 1·2^11 ◗]
1855: [◖ 1 ◗, ◖ 7 = -1 + 1·2^3 ◗, ◖ 29 =  1 + 7·2^2 ◗, ◖ 1855 = -1 + 29·2^6 ◗]
1857: [◖ 1 ◗, ◖ 7 = -1 + 1·2^3 ◗, ◖ 29 =  1 + 7·2^2 ◗, ◖ 1857 =  1 + 29·2^6 ◗]
1859: [◖ 1 ◗, ◖ 15 = -1 + 1·2^4 ◗, ◖ 465 = -15 + 15·2^5 ◗, ◖ 1859 = -1 + 465·2^2 ◗]
1861: [◖ 1 ◗, ◖ 15 = -1 + 1·2^4 ◗, ◖ 465 = -15 + 15·2^5 ◗, ◖ 1861 =  1 + 465·2^2 ◗]
1863: [◖ 1 ◗, ◖ 7 = -1 + 1·2^3 ◗, ◖ 29 =  1 + 7·2^2 ◗, ◖ 1863 =  7 + 29·2^6 ◗]
1865: [◖ 1 ◗, ◖ 7 = -1 + 1·2^3 ◗, ◖ 29 =  1 + 7·2^2 ◗, ◖ 233 =  1 + 29·2^3 ◗, ◖ 1865 =  1 + 233·2^3 ◗]
1867: [◖ 1 ◗, ◖ 15 = -1 + 1·2^4 ◗, ◖ 241 =  1 + 15·2^4 ◗, ◖ 467 = -15 + 241·2^1 ◗, ◖ 1867 = -1 + 467·2^2 ◗]
1869: [◖ 1 ◗, ◖ 7 = -1 + 1·2^3 ◗, ◖ 29 =  1 + 7·2^2 ◗, ◖ 935 =  7 + 29·2^5 ◗, ◖ 1869 = -1 + 935·2^1 ◗]
1871: [◖ 1 ◗, ◖ 15 = -1 + 1·2^4 ◗, ◖ 1935 =  15 + 15·2^7 ◗, ◖ 1871 =  1935 - 1·2^6 ◗]
1873: [◖ 1 ◗, ◖ 15 = -1 + 1·2^4 ◗, ◖ 59 = -1 + 15·2^2 ◗, ◖ 1873 = -15 + 59·2^5 ◗]
1875: [◖ 1 ◗, ◖ 15 = -1 + 1·2^4 ◗, ◖ 465 = -15 + 15·2^5 ◗, ◖ 1875 =  15 + 465·2^2 ◗]
1877: [◖ 1 ◗, ◖ 7 = -1 + 1·2^3 ◗, ◖ 231 =  7 + 7·2^5 ◗, ◖ 469 =  7 + 231·2^1 ◗, ◖ 1877 =  1 + 469·2^2 ◗]
1879: [◖ 1 ◗, ◖ 15 = -1 + 1·2^4 ◗, ◖ 59 = -1 + 15·2^2 ◗, ◖ 235 = -1 + 59·2^2 ◗, ◖ 1879 = -1 + 235·2^3 ◗]
1881: [◖ 1 ◗, ◖ 7 = -1 + 1·2^3 ◗, ◖ 57 =  1 + 7·2^3 ◗, ◖ 1881 =  57 + 57·2^5 ◗]
1883: [◖ 1 ◗, ◖ 5 =  1 + 1·2^2 ◗, ◖ 165 =  5 + 5·2^5 ◗, ◖ 1883 = -165 + 1·2^11 ◗]
1885: [◖ 1 ◗, ◖ 7 = -1 + 1·2^3 ◗, ◖ 29 =  1 + 7·2^2 ◗, ◖ 1885 =  29 + 29·2^6 ◗]
1887: [◖ 1 ◗, ◖ 15 = -1 + 1·2^4 ◗, ◖ 59 = -1 + 15·2^2 ◗, ◖ 1887 = -1 + 59·2^5 ◗]
1889: [◖ 1 ◗, ◖ 15 = -1 + 1·2^4 ◗, ◖ 59 = -1 + 15·2^2 ◗, ◖ 1889 =  1 + 59·2^5 ◗]
1891: [◖ 1 ◗, ◖ 15 = -1 + 1·2^4 ◗, ◖ 945 = -15 + 15·2^6 ◗, ◖ 1891 =  1 + 945·2^1 ◗]
1893: [◖ 1 ◗, ◖ 5 =  1 + 1·2^2 ◗, ◖ 155 = -5 + 5·2^5 ◗, ◖ 1893 = -155 + 1·2^11 ◗]
1895: [◖ 1 ◗, ◖ 9 =  1 + 1·2^3 ◗, ◖ 153 =  9 + 9·2^4 ◗, ◖ 1895 = -153 + 1·2^11 ◗]
1897: [◖ 1 ◗, ◖ 15 = -1 + 1·2^4 ◗, ◖ 239 = -1 + 15·2^4 ◗, ◖ 1897 = -15 + 239·2^3 ◗]
1899: [◖ 1 ◗, ◖ 15 = -1 + 1·2^4 ◗, ◖ 119 = -1 + 15·2^3 ◗, ◖ 475 = -1 + 119·2^2 ◗, ◖ 1899 = -1 + 475·2^2 ◗]
1901: [◖ 1 ◗, ◖ 15 = -1 + 1·2^4 ◗, ◖ 479 = -1 + 15·2^5 ◗, ◖ 1901 = -15 + 479·2^2 ◗]
1903: [◖ 1 ◗, ◖ 15 = -1 + 1·2^4 ◗, ◖ 119 = -1 + 15·2^3 ◗, ◖ 1903 = -1 + 119·2^4 ◗]
1905: [◖ 1 ◗, ◖ 15 = -1 + 1·2^4 ◗, ◖ 1905 = -15 + 15·2^7 ◗]
1907: [◖ 1 ◗, ◖ 15 = -1 + 1·2^4 ◗, ◖ 961 =  1 + 15·2^6 ◗, ◖ 1907 = -15 + 961·2^1 ◗]
1909: [◖ 1 ◗, ◖ 15 = -1 + 1·2^4 ◗, ◖ 481 =  1 + 15·2^5 ◗, ◖ 1909 = -15 + 481·2^2 ◗]
1911: [◖ 1 ◗, ◖ 15 = -1 + 1·2^4 ◗, ◖ 239 = -1 + 15·2^4 ◗, ◖ 1911 = -1 + 239·2^3 ◗]
1913: [◖ 1 ◗, ◖ 15 = -1 + 1·2^4 ◗, ◖ 239 = -1 + 15·2^4 ◗, ◖ 1913 =  1 + 239·2^3 ◗]
1915: [◖ 1 ◗, ◖ 15 = -1 + 1·2^4 ◗, ◖ 479 = -1 + 15·2^5 ◗, ◖ 1915 = -1 + 479·2^2 ◗]
1917: [◖ 1 ◗, ◖ 15 = -1 + 1·2^4 ◗, ◖ 479 = -1 + 15·2^5 ◗, ◖ 1917 =  1 + 479·2^2 ◗]
1919: [◖ 1 ◗, ◖ 15 = -1 + 1·2^4 ◗, ◖ 1919 = -1 + 15·2^7 ◗]
1921: [◖ 1 ◗, ◖ 15 = -1 + 1·2^4 ◗, ◖ 1921 =  1 + 15·2^7 ◗]
1923: [◖ 1 ◗, ◖ 15 = -1 + 1·2^4 ◗, ◖ 481 =  1 + 15·2^5 ◗, ◖ 1923 = -1 + 481·2^2 ◗]
1925: [◖ 1 ◗, ◖ 15 = -1 + 1·2^4 ◗, ◖ 481 =  1 + 15·2^5 ◗, ◖ 1925 =  1 + 481·2^2 ◗]
1927: [◖ 1 ◗, ◖ 15 = -1 + 1·2^4 ◗, ◖ 241 =  1 + 15·2^4 ◗, ◖ 1927 = -1 + 241·2^3 ◗]
1929: [◖ 1 ◗, ◖ 15 = -1 + 1·2^4 ◗, ◖ 241 =  1 + 15·2^4 ◗, ◖ 1929 =  1 + 241·2^3 ◗]
1931: [◖ 1 ◗, ◖ 15 = -1 + 1·2^4 ◗, ◖ 479 = -1 + 15·2^5 ◗, ◖ 1931 =  15 + 479·2^2 ◗]
1933: [◖ 1 ◗, ◖ 15 = -1 + 1·2^4 ◗, ◖ 959 = -1 + 15·2^6 ◗, ◖ 1933 =  15 + 959·2^1 ◗]
1935: [◖ 1 ◗, ◖ 15 = -1 + 1·2^4 ◗, ◖ 1935 =  15 + 15·2^7 ◗]
1937: [◖ 1 ◗, ◖ 15 = -1 + 1·2^4 ◗, ◖ 121 =  1 + 15·2^3 ◗, ◖ 1937 =  1 + 121·2^4 ◗]
1939: [◖ 1 ◗, ◖ 15 = -1 + 1·2^4 ◗, ◖ 481 =  1 + 15·2^5 ◗, ◖ 1939 =  15 + 481·2^2 ◗]
1941: [◖ 1 ◗, ◖ 15 = -1 + 1·2^4 ◗, ◖ 121 =  1 + 15·2^3 ◗, ◖ 485 =  1 + 121·2^2 ◗, ◖ 1941 =  1 + 485·2^2 ◗]
1943: [◖ 1 ◗, ◖ 15 = -1 + 1·2^4 ◗, ◖ 241 =  1 + 15·2^4 ◗, ◖ 1943 =  15 + 241·2^3 ◗]
1945: [◖ 1 ◗, ◖ 31 = -1 + 1·2^5 ◗, ◖ 247 = -1 + 31·2^3 ◗, ◖ 1945 = -31 + 247·2^3 ◗]
1947: [◖ 1 ◗, ◖ 15 = -1 + 1·2^4 ◗, ◖ 59 = -1 + 15·2^2 ◗, ◖ 1947 =  59 + 59·2^5 ◗]
1949: [◖ 1 ◗, ◖ 15 = -1 + 1·2^4 ◗, ◖ 975 =  15 + 15·2^6 ◗, ◖ 1949 = -1 + 975·2^1 ◗]
1951: [◖ 1 ◗, ◖ 15 = -1 + 1·2^4 ◗, ◖ 61 =  1 + 15·2^2 ◗, ◖ 1951 = -1 + 61·2^5 ◗]
1953: [◖ 1 ◗, ◖ 31 = -1 + 1·2^5 ◗, ◖ 1953 = -31 + 31·2^6 ◗]
1955: [◖ 1 ◗, ◖ 31 = -1 + 1·2^5 ◗, ◖ 993 =  1 + 31·2^5 ◗, ◖ 1955 = -31 + 993·2^1 ◗]
1957: [◖ 1 ◗, ◖ 31 = -1 + 1·2^5 ◗, ◖ 497 =  1 + 31·2^4 ◗, ◖ 1957 = -31 + 497·2^2 ◗]
1959: [◖ 1 ◗, ◖ 15 = -1 + 1·2^4 ◗, ◖ 61 =  1 + 15·2^2 ◗, ◖ 245 =  1 + 61·2^2 ◗, ◖ 1959 = -1 + 245·2^3 ◗]
1961: [◖ 1 ◗, ◖ 31 = -1 + 1·2^5 ◗, ◖ 249 =  1 + 31·2^3 ◗, ◖ 1961 = -31 + 249·2^3 ◗]
1963: [◖ 1 ◗, ◖ 5 =  1 + 1·2^2 ◗, ◖ 85 =  5 + 5·2^4 ◗, ◖ 1963 = -85 + 1·2^11 ◗]
1965: [◖ 1 ◗, ◖ 15 = -1 + 1·2^4 ◗, ◖ 975 =  15 + 15·2^6 ◗, ◖ 1965 =  15 + 975·2^1 ◗]
1967: [◖ 1 ◗, ◖ 31 = -1 + 1·2^5 ◗, ◖ 123 = -1 + 31·2^2 ◗, ◖ 1967 = -1 + 123·2^4 ◗]
1969: [◖ 1 ◗, ◖ 31 = -1 + 1·2^5 ◗, ◖ 123 = -1 + 31·2^2 ◗, ◖ 1969 =  1 + 123·2^4 ◗]
1971: [◖ 1 ◗, ◖ 31 = -1 + 1·2^5 ◗, ◖ 123 = -1 + 31·2^2 ◗, ◖ 493 =  1 + 123·2^2 ◗, ◖ 1971 = -1 + 493·2^2 ◗]
1973: [◖ 1 ◗, ◖ 5 =  1 + 1·2^2 ◗, ◖ 75 = -5 + 5·2^4 ◗, ◖ 1973 = -75 + 1·2^11 ◗]
1975: [◖ 1 ◗, ◖ 31 = -1 + 1·2^5 ◗, ◖ 247 = -1 + 31·2^3 ◗, ◖ 1975 = -1 + 247·2^3 ◗]
1977: [◖ 1 ◗, ◖ 31 = -1 + 1·2^5 ◗, ◖ 247 = -1 + 31·2^3 ◗, ◖ 1977 =  1 + 247·2^3 ◗]
1979: [◖ 1 ◗, ◖ 31 = -1 + 1·2^5 ◗, ◖ 495 = -1 + 31·2^4 ◗, ◖ 1979 = -1 + 495·2^2 ◗]
1981: [◖ 1 ◗, ◖ 31 = -1 + 1·2^5 ◗, ◖ 495 = -1 + 31·2^4 ◗, ◖ 1981 =  1 + 495·2^2 ◗]
1983: [◖ 1 ◗, ◖ 31 = -1 + 1·2^5 ◗, ◖ 1983 = -1 + 31·2^6 ◗]
1985: [◖ 1 ◗, ◖ 31 = -1 + 1·2^5 ◗, ◖ 1985 =  1 + 31·2^6 ◗]
1987: [◖ 1 ◗, ◖ 31 = -1 + 1·2^5 ◗, ◖ 497 =  1 + 31·2^4 ◗, ◖ 1987 = -1 + 497·2^2 ◗]
1989: [◖ 1 ◗, ◖ 31 = -1 + 1·2^5 ◗, ◖ 497 =  1 + 31·2^4 ◗, ◖ 1989 =  1 + 497·2^2 ◗]
1991: [◖ 1 ◗, ◖ 31 = -1 + 1·2^5 ◗, ◖ 249 =  1 + 31·2^3 ◗, ◖ 1991 = -1 + 249·2^3 ◗]
1993: [◖ 1 ◗, ◖ 31 = -1 + 1·2^5 ◗, ◖ 249 =  1 + 31·2^3 ◗, ◖ 1993 =  1 + 249·2^3 ◗]
1995: [◖ 1 ◗, ◖ 33 =  1 + 1·2^5 ◗, ◖ 133 =  1 + 33·2^2 ◗, ◖ 1995 = -133 + 133·2^4 ◗]
1997: [◖ 1 ◗, ◖ 3 =  1 + 1·2^1 ◗, ◖ 51 =  3 + 3·2^4 ◗, ◖ 1997 = -51 + 1·2^11 ◗]
1999: [◖ 1 ◗, ◖ 31 = -1 + 1·2^5 ◗, ◖ 125 =  1 + 31·2^2 ◗, ◖ 1999 = -1 + 125·2^4 ◗]
2001: [◖ 1 ◗, ◖ 31 = -1 + 1·2^5 ◗, ◖ 125 =  1 + 31·2^2 ◗, ◖ 2001 =  1 + 125·2^4 ◗]
2003: [◖ 1 ◗, ◖ 3 =  1 + 1·2^1 ◗, ◖ 45 = -3 + 3·2^4 ◗, ◖ 2003 = -45 + 1·2^11 ◗]
2005: [◖ 1 ◗, ◖ 31 = -1 + 1·2^5 ◗, ◖ 125 =  1 + 31·2^2 ◗, ◖ 501 =  1 + 125·2^2 ◗, ◖ 2005 =  1 + 501·2^2 ◗]
2007: [◖ 1 ◗, ◖ 63 = -1 + 1·2^6 ◗, ◖ 251 = -1 + 63·2^2 ◗, ◖ 2007 = -1 + 251·2^3 ◗]
2009: [◖ 1 ◗, ◖ 63 = -1 + 1·2^6 ◗, ◖ 251 = -1 + 63·2^2 ◗, ◖ 2009 =  1 + 251·2^3 ◗]
2011: [◖ 1 ◗, ◖ 63 = -1 + 1·2^6 ◗, ◖ 503 = -1 + 63·2^3 ◗, ◖ 2011 = -1 + 503·2^2 ◗]
2013: [◖ 1 ◗, ◖ 63 = -1 + 1·2^6 ◗, ◖ 503 = -1 + 63·2^3 ◗, ◖ 2013 =  1 + 503·2^2 ◗]
2015: [◖ 1 ◗, ◖ 63 = -1 + 1·2^6 ◗, ◖ 2015 = -1 + 63·2^5 ◗]
2017: [◖ 1 ◗, ◖ 63 = -1 + 1·2^6 ◗, ◖ 2017 =  1 + 63·2^5 ◗]
2019: [◖ 1 ◗, ◖ 63 = -1 + 1·2^6 ◗, ◖ 505 =  1 + 63·2^3 ◗, ◖ 2019 = -1 + 505·2^2 ◗]
2021: [◖ 1 ◗, ◖ 63 = -1 + 1·2^6 ◗, ◖ 505 =  1 + 63·2^3 ◗, ◖ 2021 =  1 + 505·2^2 ◗]
2023: [◖ 1 ◗, ◖ 63 = -1 + 1·2^6 ◗, ◖ 253 =  1 + 63·2^2 ◗, ◖ 2023 = -1 + 253·2^3 ◗]
2025: [◖ 1 ◗, ◖ 63 = -1 + 1·2^6 ◗, ◖ 253 =  1 + 63·2^2 ◗, ◖ 2025 =  1 + 253·2^3 ◗]
2027: [◖ 1 ◗, ◖ 127 = -1 + 1·2^7 ◗, ◖ 507 = -1 + 127·2^2 ◗, ◖ 2027 = -1 + 507·2^2 ◗]
2029: [◖ 1 ◗, ◖ 127 = -1 + 1·2^7 ◗, ◖ 507 = -1 + 127·2^2 ◗, ◖ 2029 =  1 + 507·2^2 ◗]
2031: [◖ 1 ◗, ◖ 127 = -1 + 1·2^7 ◗, ◖ 2031 = -1 + 127·2^4 ◗]
2033: [◖ 1 ◗, ◖ 127 = -1 + 1·2^7 ◗, ◖ 2033 =  1 + 127·2^4 ◗]
2035: [◖ 1 ◗, ◖ 127 = -1 + 1·2^7 ◗, ◖ 509 =  1 + 127·2^2 ◗, ◖ 2035 = -1 + 509·2^2 ◗]
2037: [◖ 1 ◗, ◖ 127 = -1 + 1·2^7 ◗, ◖ 509 =  1 + 127·2^2 ◗, ◖ 2037 =  1 + 509·2^2 ◗]
2039: [◖ 1 ◗, ◖ 255 = -1 + 1·2^8 ◗, ◖ 2039 = -1 + 255·2^3 ◗]
2041: [◖ 1 ◗, ◖ 255 = -1 + 1·2^8 ◗, ◖ 2041 =  1 + 255·2^3 ◗]
2043: [◖ 1 ◗, ◖ 511 = -1 + 1·2^9 ◗, ◖ 2043 = -1 + 511·2^2 ◗]
2045: [◖ 1 ◗, ◖ 511 = -1 + 1·2^9 ◗, ◖ 2045 =  1 + 511·2^2 ◗]
2047: [◖ 1 ◗, ◖ 2047 = -1 + 1·2^11 ◗]
====    no guarantee    ====
  ? 2049