1: [◖ 1 ◗]
3: [◖ 1 ◗, ◖ 3 =  1 + 1·2^1 ◗]
5: [◖ 1 ◗, ◖ 5 =  1 + 1·2^2 ◗]
7: [◖ 1 ◗, ◖ 7 = -1 + 1·2^3 ◗]
9: [◖ 1 ◗, ◖ 9 =  1 + 1·2^3 ◗]
11: [◖ 1 ◗, ◖ 3 =  1 + 1·2^1 ◗, ◖ 11 = -1 + 3·2^2 ◗]
13: [◖ 1 ◗, ◖ 3 =  1 + 1·2^1 ◗, ◖ 13 =  1 + 3·2^2 ◗]
15: [◖ 1 ◗, ◖ 15 = -1 + 1·2^4 ◗]
17: [◖ 1 ◗, ◖ 17 =  1 + 1·2^4 ◗]
19: [◖ 1 ◗, ◖ 5 =  1 + 1·2^2 ◗, ◖ 19 = -1 + 5·2^2 ◗]
21: [◖ 1 ◗, ◖ 5 =  1 + 1·2^2 ◗, ◖ 21 =  1 + 5·2^2 ◗]
23: [◖ 1 ◗, ◖ 3 =  1 + 1·2^1 ◗, ◖ 23 = -1 + 3·2^3 ◗]
25: [◖ 1 ◗, ◖ 3 =  1 + 1·2^1 ◗, ◖ 25 =  1 + 3·2^3 ◗]
27: [◖ 1 ◗, ◖ 7 = -1 + 1·2^3 ◗, ◖ 27 = -1 + 7·2^2 ◗]
29: [◖ 1 ◗, ◖ 7 = -1 + 1·2^3 ◗, ◖ 29 =  1 + 7·2^2 ◗]
31: [◖ 1 ◗, ◖ 31 = -1 + 1·2^5 ◗]
33: [◖ 1 ◗, ◖ 33 =  1 + 1·2^5 ◗]
35: [◖ 1 ◗, ◖ 9 =  1 + 1·2^3 ◗, ◖ 35 = -1 + 9·2^2 ◗]
37: [◖ 1 ◗, ◖ 9 =  1 + 1·2^3 ◗, ◖ 37 =  1 + 9·2^2 ◗]
39: [◖ 1 ◗, ◖ 5 =  1 + 1·2^2 ◗, ◖ 39 = -1 + 5·2^3 ◗]
41: [◖ 1 ◗, ◖ 5 =  1 + 1·2^2 ◗, ◖ 41 =  1 + 5·2^3 ◗]
43: [◖ 1 ◗, ◖ 3 =  1 + 1·2^1 ◗, ◖ 11 = -1 + 3·2^2 ◗, ◖ 43 = -1 + 11·2^2 ◗]
45: [◖ 1 ◗, ◖ 3 =  1 + 1·2^1 ◗, ◖ 45 = -3 + 3·2^4 ◗]
47: [◖ 1 ◗, ◖ 3 =  1 + 1·2^1 ◗, ◖ 47 = -1 + 3·2^4 ◗]
49: [◖ 1 ◗, ◖ 3 =  1 + 1·2^1 ◗, ◖ 49 =  1 + 3·2^4 ◗]
51: [◖ 1 ◗, ◖ 3 =  1 + 1·2^1 ◗, ◖ 51 =  3 + 3·2^4 ◗]
53: [◖ 1 ◗, ◖ 3 =  1 + 1·2^1 ◗, ◖ 13 =  1 + 3·2^2 ◗, ◖ 53 =  1 + 13·2^2 ◗]
55: [◖ 1 ◗, ◖ 7 = -1 + 1·2^3 ◗, ◖ 55 = -1 + 7·2^3 ◗]
57: [◖ 1 ◗, ◖ 7 = -1 + 1·2^3 ◗, ◖ 57 =  1 + 7·2^3 ◗]
59: [◖ 1 ◗, ◖ 15 = -1 + 1·2^4 ◗, ◖ 59 = -1 + 15·2^2 ◗]
61: [◖ 1 ◗, ◖ 15 = -1 + 1·2^4 ◗, ◖ 61 =  1 + 15·2^2 ◗]
63: [◖ 1 ◗, ◖ 63 = -1 + 1·2^6 ◗]
65: [◖ 1 ◗, ◖ 65 =  1 + 1·2^6 ◗]
67: [◖ 1 ◗, ◖ 17 =  1 + 1·2^4 ◗, ◖ 67 = -1 + 17·2^2 ◗]
69: [◖ 1 ◗, ◖ 17 =  1 + 1·2^4 ◗, ◖ 69 =  1 + 17·2^2 ◗]
71: [◖ 1 ◗, ◖ 9 =  1 + 1·2^3 ◗, ◖ 71 = -1 + 9·2^3 ◗]
73: [◖ 1 ◗, ◖ 9 =  1 + 1·2^3 ◗, ◖ 73 =  1 + 9·2^3 ◗]
75: [◖ 1 ◗, ◖ 5 =  1 + 1·2^2 ◗, ◖ 75 = -5 + 5·2^4 ◗]
77: [◖ 1 ◗, ◖ 5 =  1 + 1·2^2 ◗, ◖ 19 = -1 + 5·2^2 ◗, ◖ 77 =  1 + 19·2^2 ◗]
79: [◖ 1 ◗, ◖ 5 =  1 + 1·2^2 ◗, ◖ 79 = -1 + 5·2^4 ◗]
81: [◖ 1 ◗, ◖ 5 =  1 + 1·2^2 ◗, ◖ 81 =  1 + 5·2^4 ◗]
83: [◖ 1 ◗, ◖ 5 =  1 + 1·2^2 ◗, ◖ 21 =  1 + 5·2^2 ◗, ◖ 83 = -1 + 21·2^2 ◗]
85: [◖ 1 ◗, ◖ 5 =  1 + 1·2^2 ◗, ◖ 85 =  5 + 5·2^4 ◗]
87: [◖ 1 ◗, ◖ 3 =  1 + 1·2^1 ◗, ◖ 11 = -1 + 3·2^2 ◗, ◖ 87 = -1 + 11·2^3 ◗]
89: [◖ 1 ◗, ◖ 3 =  1 + 1·2^1 ◗, ◖ 11 = -1 + 3·2^2 ◗, ◖ 89 =  1 + 11·2^3 ◗]
91: [◖ 1 ◗, ◖ 3 =  1 + 1·2^1 ◗, ◖ 23 = -1 + 3·2^3 ◗, ◖ 91 = -1 + 23·2^2 ◗]
93: [◖ 1 ◗, ◖ 3 =  1 + 1·2^1 ◗, ◖ 93 = -3 + 3·2^5 ◗]
95: [◖ 1 ◗, ◖ 3 =  1 + 1·2^1 ◗, ◖ 95 = -1 + 3·2^5 ◗]
97: [◖ 1 ◗, ◖ 3 =  1 + 1·2^1 ◗, ◖ 97 =  1 + 3·2^5 ◗]
99: [◖ 1 ◗, ◖ 3 =  1 + 1·2^1 ◗, ◖ 99 =  3 + 3·2^5 ◗]
101: [◖ 1 ◗, ◖ 3 =  1 + 1·2^1 ◗, ◖ 25 =  1 + 3·2^3 ◗, ◖ 101 =  1 + 25·2^2 ◗]
103: [◖ 1 ◗, ◖ 3 =  1 + 1·2^1 ◗, ◖ 13 =  1 + 3·2^2 ◗, ◖ 103 = -1 + 13·2^3 ◗]
105: [◖ 1 ◗, ◖ 7 = -1 + 1·2^3 ◗, ◖ 105 = -7 + 7·2^4 ◗]
107: [◖ 1 ◗, ◖ 7 = -1 + 1·2^3 ◗, ◖ 27 = -1 + 7·2^2 ◗, ◖ 107 = -1 + 27·2^2 ◗]
109: [◖ 1 ◗, ◖ 7 = -1 + 1·2^3 ◗, ◖ 27 = -1 + 7·2^2 ◗, ◖ 109 =  1 + 27·2^2 ◗]
111: [◖ 1 ◗, ◖ 7 = -1 + 1·2^3 ◗, ◖ 111 = -1 + 7·2^4 ◗]
113: [◖ 1 ◗, ◖ 7 = -1 + 1·2^3 ◗, ◖ 113 =  1 + 7·2^4 ◗]
115: [◖ 1 ◗, ◖ 7 = -1 + 1·2^3 ◗, ◖ 29 =  1 + 7·2^2 ◗, ◖ 115 = -1 + 29·2^2 ◗]
117: [◖ 1 ◗, ◖ 7 = -1 + 1·2^3 ◗, ◖ 29 =  1 + 7·2^2 ◗, ◖ 117 =  1 + 29·2^2 ◗]
119: [◖ 1 ◗, ◖ 15 = -1 + 1·2^4 ◗, ◖ 119 = -1 + 15·2^3 ◗]
121: [◖ 1 ◗, ◖ 15 = -1 + 1·2^4 ◗, ◖ 121 =  1 + 15·2^3 ◗]
123: [◖ 1 ◗, ◖ 31 = -1 + 1·2^5 ◗, ◖ 123 = -1 + 31·2^2 ◗]
125: [◖ 1 ◗, ◖ 31 = -1 + 1·2^5 ◗, ◖ 125 =  1 + 31·2^2 ◗]
127: [◖ 1 ◗, ◖ 127 = -1 + 1·2^7 ◗]
129: [◖ 1 ◗, ◖ 129 =  1 + 1·2^7 ◗]
131: [◖ 1 ◗, ◖ 33 =  1 + 1·2^5 ◗, ◖ 131 = -1 + 33·2^2 ◗]
133: [◖ 1 ◗, ◖ 33 =  1 + 1·2^5 ◗, ◖ 133 =  1 + 33·2^2 ◗]
135: [◖ 1 ◗, ◖ 17 =  1 + 1·2^4 ◗, ◖ 135 = -1 + 17·2^3 ◗]
137: [◖ 1 ◗, ◖ 17 =  1 + 1·2^4 ◗, ◖ 137 =  1 + 17·2^3 ◗]
139: [◖ 1 ◗, ◖ 9 =  1 + 1·2^3 ◗, ◖ 35 = -1 + 9·2^2 ◗, ◖ 139 = -1 + 35·2^2 ◗]
141: [◖ 1 ◗, ◖ 9 =  1 + 1·2^3 ◗, ◖ 35 = -1 + 9·2^2 ◗, ◖ 141 =  1 + 35·2^2 ◗]
143: [◖ 1 ◗, ◖ 9 =  1 + 1·2^3 ◗, ◖ 143 = -1 + 9·2^4 ◗]
145: [◖ 1 ◗, ◖ 9 =  1 + 1·2^3 ◗, ◖ 145 =  1 + 9·2^4 ◗]
147: [◖ 1 ◗, ◖ 9 =  1 + 1·2^3 ◗, ◖ 37 =  1 + 9·2^2 ◗, ◖ 147 = -1 + 37·2^2 ◗]
149: [◖ 1 ◗, ◖ 9 =  1 + 1·2^3 ◗, ◖ 37 =  1 + 9·2^2 ◗, ◖ 149 =  1 + 37·2^2 ◗]
151: [◖ 1 ◗, ◖ 5 =  1 + 1·2^2 ◗, ◖ 19 = -1 + 5·2^2 ◗, ◖ 151 = -1 + 19·2^3 ◗]
153: [◖ 1 ◗, ◖ 9 =  1 + 1·2^3 ◗, ◖ 153 =  9 + 9·2^4 ◗]
155: [◖ 1 ◗, ◖ 5 =  1 + 1·2^2 ◗, ◖ 155 = -5 + 5·2^5 ◗]
157: [◖ 1 ◗, ◖ 5 =  1 + 1·2^2 ◗, ◖ 39 = -1 + 5·2^3 ◗, ◖ 157 =  1 + 39·2^2 ◗]
159: [◖ 1 ◗, ◖ 5 =  1 + 1·2^2 ◗, ◖ 159 = -1 + 5·2^5 ◗]
161: [◖ 1 ◗, ◖ 5 =  1 + 1·2^2 ◗, ◖ 161 =  1 + 5·2^5 ◗]
163: [◖ 1 ◗, ◖ 5 =  1 + 1·2^2 ◗, ◖ 41 =  1 + 5·2^3 ◗, ◖ 163 = -1 + 41·2^2 ◗]
165: [◖ 1 ◗, ◖ 5 =  1 + 1·2^2 ◗, ◖ 165 =  5 + 5·2^5 ◗]
167: [◖ 1 ◗, ◖ 5 =  1 + 1·2^2 ◗, ◖ 21 =  1 + 5·2^2 ◗, ◖ 167 = -1 + 21·2^3 ◗]
169: [◖ 1 ◗, ◖ 5 =  1 + 1·2^2 ◗, ◖ 21 =  1 + 5·2^2 ◗, ◖ 169 =  1 + 21·2^3 ◗]
171: [◖ 1 ◗, ◖ 5 =  1 + 1·2^2 ◗, ◖ 85 =  5 + 5·2^4 ◗, ◖ 171 =  1 + 85·2^1 ◗]
173: [◖ 1 ◗, ◖ 3 =  1 + 1·2^1 ◗, ◖ 11 = -1 + 3·2^2 ◗, ◖ 173 = -3 + 11·2^4 ◗]
175: [◖ 1 ◗, ◖ 3 =  1 + 1·2^1 ◗, ◖ 11 = -1 + 3·2^2 ◗, ◖ 175 = -1 + 11·2^4 ◗]
177: [◖ 1 ◗, ◖ 3 =  1 + 1·2^1 ◗, ◖ 11 = -1 + 3·2^2 ◗, ◖ 177 =  1 + 11·2^4 ◗]
179: [◖ 1 ◗, ◖ 3 =  1 + 1·2^1 ◗, ◖ 45 = -3 + 3·2^4 ◗, ◖ 179 = -1 + 45·2^2 ◗]
181: [◖ 1 ◗, ◖ 3 =  1 + 1·2^1 ◗, ◖ 45 = -3 + 3·2^4 ◗, ◖ 181 =  1 + 45·2^2 ◗]
183: [◖ 1 ◗, ◖ 3 =  1 + 1·2^1 ◗, ◖ 23 = -1 + 3·2^3 ◗, ◖ 183 = -1 + 23·2^3 ◗]
185: [◖ 1 ◗, ◖ 3 =  1 + 1·2^1 ◗, ◖ 23 = -1 + 3·2^3 ◗, ◖ 185 =  1 + 23·2^3 ◗]
187: [◖ 1 ◗, ◖ 3 =  1 + 1·2^1 ◗, ◖ 47 = -1 + 3·2^4 ◗, ◖ 187 = -1 + 47·2^2 ◗]
189: [◖ 1 ◗, ◖ 3 =  1 + 1·2^1 ◗, ◖ 189 = -3 + 3·2^6 ◗]
191: [◖ 1 ◗, ◖ 3 =  1 + 1·2^1 ◗, ◖ 191 = -1 + 3·2^6 ◗]
193: [◖ 1 ◗, ◖ 3 =  1 + 1·2^1 ◗, ◖ 193 =  1 + 3·2^6 ◗]
195: [◖ 1 ◗, ◖ 3 =  1 + 1·2^1 ◗, ◖ 195 =  3 + 3·2^6 ◗]
197: [◖ 1 ◗, ◖ 3 =  1 + 1·2^1 ◗, ◖ 49 =  1 + 3·2^4 ◗, ◖ 197 =  1 + 49·2^2 ◗]
199: [◖ 1 ◗, ◖ 3 =  1 + 1·2^1 ◗, ◖ 25 =  1 + 3·2^3 ◗, ◖ 199 = -1 + 25·2^3 ◗]
201: [◖ 1 ◗, ◖ 3 =  1 + 1·2^1 ◗, ◖ 25 =  1 + 3·2^3 ◗, ◖ 201 =  1 + 25·2^3 ◗]
203: [◖ 1 ◗, ◖ 3 =  1 + 1·2^1 ◗, ◖ 51 =  3 + 3·2^4 ◗, ◖ 203 = -1 + 51·2^2 ◗]
205: [◖ 1 ◗, ◖ 3 =  1 + 1·2^1 ◗, ◖ 51 =  3 + 3·2^4 ◗, ◖ 205 =  1 + 51·2^2 ◗]
207: [◖ 1 ◗, ◖ 3 =  1 + 1·2^1 ◗, ◖ 13 =  1 + 3·2^2 ◗, ◖ 207 = -1 + 13·2^4 ◗]
209: [◖ 1 ◗, ◖ 3 =  1 + 1·2^1 ◗, ◖ 13 =  1 + 3·2^2 ◗, ◖ 209 =  1 + 13·2^4 ◗]
211: [◖ 1 ◗, ◖ 7 = -1 + 1·2^3 ◗, ◖ 105 = -7 + 7·2^4 ◗, ◖ 211 =  1 + 105·2^1 ◗]
213: [◖ 1 ◗, ◖ 7 = -1 + 1·2^3 ◗, ◖ 55 = -1 + 7·2^3 ◗, ◖ 213 = -7 + 55·2^2 ◗]
215: [◖ 1 ◗, ◖ 7 = -1 + 1·2^3 ◗, ◖ 27 = -1 + 7·2^2 ◗, ◖ 215 = -1 + 27·2^3 ◗]
217: [◖ 1 ◗, ◖ 7 = -1 + 1·2^3 ◗, ◖ 217 = -7 + 7·2^5 ◗]
219: [◖ 1 ◗, ◖ 7 = -1 + 1·2^3 ◗, ◖ 55 = -1 + 7·2^3 ◗, ◖ 219 = -1 + 55·2^2 ◗]
221: [◖ 1 ◗, ◖ 7 = -1 + 1·2^3 ◗, ◖ 55 = -1 + 7·2^3 ◗, ◖ 221 =  1 + 55·2^2 ◗]
223: [◖ 1 ◗, ◖ 7 = -1 + 1·2^3 ◗, ◖ 223 = -1 + 7·2^5 ◗]
225: [◖ 1 ◗, ◖ 7 = -1 + 1·2^3 ◗, ◖ 225 =  1 + 7·2^5 ◗]
227: [◖ 1 ◗, ◖ 7 = -1 + 1·2^3 ◗, ◖ 57 =  1 + 7·2^3 ◗, ◖ 227 = -1 + 57·2^2 ◗]
229: [◖ 1 ◗, ◖ 7 = -1 + 1·2^3 ◗, ◖ 57 =  1 + 7·2^3 ◗, ◖ 229 =  1 + 57·2^2 ◗]
231: [◖ 1 ◗, ◖ 7 = -1 + 1·2^3 ◗, ◖ 231 =  7 + 7·2^5 ◗]
233: [◖ 1 ◗, ◖ 7 = -1 + 1·2^3 ◗, ◖ 29 =  1 + 7·2^2 ◗, ◖ 233 =  1 + 29·2^3 ◗]
235: [◖ 1 ◗, ◖ 15 = -1 + 1·2^4 ◗, ◖ 59 = -1 + 15·2^2 ◗, ◖ 235 = -1 + 59·2^2 ◗]
237: [◖ 1 ◗, ◖ 15 = -1 + 1·2^4 ◗, ◖ 59 = -1 + 15·2^2 ◗, ◖ 237 =  1 + 59·2^2 ◗]
239: [◖ 1 ◗, ◖ 15 = -1 + 1·2^4 ◗, ◖ 239 = -1 + 15·2^4 ◗]
241: [◖ 1 ◗, ◖ 15 = -1 + 1·2^4 ◗, ◖ 241 =  1 + 15·2^4 ◗]
243: [◖ 1 ◗, ◖ 15 = -1 + 1·2^4 ◗, ◖ 61 =  1 + 15·2^2 ◗, ◖ 243 = -1 + 61·2^2 ◗]
245: [◖ 1 ◗, ◖ 15 = -1 + 1·2^4 ◗, ◖ 61 =  1 + 15·2^2 ◗, ◖ 245 =  1 + 61·2^2 ◗]
247: [◖ 1 ◗, ◖ 31 = -1 + 1·2^5 ◗, ◖ 247 = -1 + 31·2^3 ◗]
249: [◖ 1 ◗, ◖ 31 = -1 + 1·2^5 ◗, ◖ 249 =  1 + 31·2^3 ◗]
251: [◖ 1 ◗, ◖ 63 = -1 + 1·2^6 ◗, ◖ 251 = -1 + 63·2^2 ◗]
253: [◖ 1 ◗, ◖ 63 = -1 + 1·2^6 ◗, ◖ 253 =  1 + 63·2^2 ◗]
255: [◖ 1 ◗, ◖ 255 = -1 + 1·2^8 ◗]
257: [◖ 1 ◗, ◖ 257 =  1 + 1·2^8 ◗]
259: [◖ 1 ◗, ◖ 65 =  1 + 1·2^6 ◗, ◖ 259 = -1 + 65·2^2 ◗]
261: [◖ 1 ◗, ◖ 65 =  1 + 1·2^6 ◗, ◖ 261 =  1 + 65·2^2 ◗]
263: [◖ 1 ◗, ◖ 33 =  1 + 1·2^5 ◗, ◖ 263 = -1 + 33·2^3 ◗]
265: [◖ 1 ◗, ◖ 33 =  1 + 1·2^5 ◗, ◖ 265 =  1 + 33·2^3 ◗]
267: [◖ 1 ◗, ◖ 17 =  1 + 1·2^4 ◗, ◖ 67 = -1 + 17·2^2 ◗, ◖ 267 = -1 + 67·2^2 ◗]
269: [◖ 1 ◗, ◖ 17 =  1 + 1·2^4 ◗, ◖ 67 = -1 + 17·2^2 ◗, ◖ 269 =  1 + 67·2^2 ◗]
271: [◖ 1 ◗, ◖ 17 =  1 + 1·2^4 ◗, ◖ 271 = -1 + 17·2^4 ◗]
273: [◖ 1 ◗, ◖ 17 =  1 + 1·2^4 ◗, ◖ 273 =  1 + 17·2^4 ◗]
275: [◖ 1 ◗, ◖ 17 =  1 + 1·2^4 ◗, ◖ 69 =  1 + 17·2^2 ◗, ◖ 275 = -1 + 69·2^2 ◗]
277: [◖ 1 ◗, ◖ 17 =  1 + 1·2^4 ◗, ◖ 69 =  1 + 17·2^2 ◗, ◖ 277 =  1 + 69·2^2 ◗]
279: [◖ 1 ◗, ◖ 9 =  1 + 1·2^3 ◗, ◖ 279 = -9 + 9·2^5 ◗]
281: [◖ 1 ◗, ◖ 9 =  1 + 1·2^3 ◗, ◖ 35 = -1 + 9·2^2 ◗, ◖ 281 =  1 + 35·2^3 ◗]
283: [◖ 1 ◗, ◖ 9 =  1 + 1·2^3 ◗, ◖ 71 = -1 + 9·2^3 ◗, ◖ 283 = -1 + 71·2^2 ◗]
285: [◖ 1 ◗, ◖ 9 =  1 + 1·2^3 ◗, ◖ 71 = -1 + 9·2^3 ◗, ◖ 285 =  1 + 71·2^2 ◗]
287: [◖ 1 ◗, ◖ 9 =  1 + 1·2^3 ◗, ◖ 287 = -1 + 9·2^5 ◗]
289: [◖ 1 ◗, ◖ 9 =  1 + 1·2^3 ◗, ◖ 289 =  1 + 9·2^5 ◗]
291: [◖ 1 ◗, ◖ 9 =  1 + 1·2^3 ◗, ◖ 73 =  1 + 9·2^3 ◗, ◖ 291 = -1 + 73·2^2 ◗]
293: [◖ 1 ◗, ◖ 9 =  1 + 1·2^3 ◗, ◖ 73 =  1 + 9·2^3 ◗, ◖ 293 =  1 + 73·2^2 ◗]
295: [◖ 1 ◗, ◖ 9 =  1 + 1·2^3 ◗, ◖ 37 =  1 + 9·2^2 ◗, ◖ 295 = -1 + 37·2^3 ◗]
297: [◖ 1 ◗, ◖ 9 =  1 + 1·2^3 ◗, ◖ 297 =  9 + 9·2^5 ◗]
299: [◖ 1 ◗, ◖ 5 =  1 + 1·2^2 ◗, ◖ 75 = -5 + 5·2^4 ◗, ◖ 299 = -1 + 75·2^2 ◗]
301: [◖ 1 ◗, ◖ 5 =  1 + 1·2^2 ◗, ◖ 75 = -5 + 5·2^4 ◗, ◖ 301 =  1 + 75·2^2 ◗]
303: [◖ 1 ◗, ◖ 5 =  1 + 1·2^2 ◗, ◖ 19 = -1 + 5·2^2 ◗, ◖ 303 = -1 + 19·2^4 ◗]
305: [◖ 1 ◗, ◖ 5 =  1 + 1·2^2 ◗, ◖ 19 = -1 + 5·2^2 ◗, ◖ 305 =  1 + 19·2^4 ◗]
307: [◖ 1 ◗, ◖ 9 =  1 + 1·2^3 ◗, ◖ 153 =  9 + 9·2^4 ◗, ◖ 307 =  1 + 153·2^1 ◗]
309: [◖ 1 ◗, ◖ 5 =  1 + 1·2^2 ◗, ◖ 155 = -5 + 5·2^5 ◗, ◖ 309 = -1 + 155·2^1 ◗]
311: [◖ 1 ◗, ◖ 5 =  1 + 1·2^2 ◗, ◖ 39 = -1 + 5·2^3 ◗, ◖ 311 = -1 + 39·2^3 ◗]
313: [◖ 1 ◗, ◖ 5 =  1 + 1·2^2 ◗, ◖ 39 = -1 + 5·2^3 ◗, ◖ 313 =  1 + 39·2^3 ◗]
315: [◖ 1 ◗, ◖ 5 =  1 + 1·2^2 ◗, ◖ 315 = -5 + 5·2^6 ◗]
317: [◖ 1 ◗, ◖ 5 =  1 + 1·2^2 ◗, ◖ 79 = -1 + 5·2^4 ◗, ◖ 317 =  1 + 79·2^2 ◗]
319: [◖ 1 ◗, ◖ 5 =  1 + 1·2^2 ◗, ◖ 319 = -1 + 5·2^6 ◗]
321: [◖ 1 ◗, ◖ 5 =  1 + 1·2^2 ◗, ◖ 321 =  1 + 5·2^6 ◗]
323: [◖ 1 ◗, ◖ 5 =  1 + 1·2^2 ◗, ◖ 81 =  1 + 5·2^4 ◗, ◖ 323 = -1 + 81·2^2 ◗]
325: [◖ 1 ◗, ◖ 5 =  1 + 1·2^2 ◗, ◖ 325 =  5 + 5·2^6 ◗]
327: [◖ 1 ◗, ◖ 5 =  1 + 1·2^2 ◗, ◖ 41 =  1 + 5·2^3 ◗, ◖ 327 = -1 + 41·2^3 ◗]
329: [◖ 1 ◗, ◖ 5 =  1 + 1·2^2 ◗, ◖ 41 =  1 + 5·2^3 ◗, ◖ 329 =  1 + 41·2^3 ◗]
331: [◖ 1 ◗, ◖ 5 =  1 + 1·2^2 ◗, ◖ 165 =  5 + 5·2^5 ◗, ◖ 331 =  1 + 165·2^1 ◗]
333: [◖ 1 ◗, ◖ 5 =  1 + 1·2^2 ◗, ◖ 41 =  1 + 5·2^3 ◗, ◖ 333 =  5 + 41·2^3 ◗]
335: [◖ 1 ◗, ◖ 5 =  1 + 1·2^2 ◗, ◖ 21 =  1 + 5·2^2 ◗, ◖ 335 = -1 + 21·2^4 ◗]
337: [◖ 1 ◗, ◖ 5 =  1 + 1·2^2 ◗, ◖ 21 =  1 + 5·2^2 ◗, ◖ 337 =  1 + 21·2^4 ◗]
339: [◖ 1 ◗, ◖ 5 =  1 + 1·2^2 ◗, ◖ 85 =  5 + 5·2^4 ◗, ◖ 339 = -1 + 85·2^2 ◗]
341: [◖ 1 ◗, ◖ 5 =  1 + 1·2^2 ◗, ◖ 85 =  5 + 5·2^4 ◗, ◖ 341 =  1 + 85·2^2 ◗]
343: [◖ 1 ◗, ◖ 3 =  1 + 1·2^1 ◗, ◖ 49 =  1 + 3·2^4 ◗, ◖ 343 = -49 + 49·2^3 ◗]
345: [◖ 1 ◗, ◖ 7 = -1 + 1·2^3 ◗, ◖ 217 = -7 + 7·2^5 ◗, ◖ 345 =  217 + 1·2^7 ◗]
347: [◖ 1 ◗, ◖ 5 =  1 + 1·2^2 ◗, ◖ 165 =  5 + 5·2^5 ◗, ◖ 347 = -165 + 1·2^9 ◗]
349: [◖ 1 ◗, ◖ 3 =  1 + 1·2^1 ◗, ◖ 11 = -1 + 3·2^2 ◗, ◖ 349 = -3 + 11·2^5 ◗]
351: [◖ 1 ◗, ◖ 3 =  1 + 1·2^1 ◗, ◖ 11 = -1 + 3·2^2 ◗, ◖ 351 = -1 + 11·2^5 ◗]
353: [◖ 1 ◗, ◖ 3 =  1 + 1·2^1 ◗, ◖ 11 = -1 + 3·2^2 ◗, ◖ 353 =  1 + 11·2^5 ◗]
355: [◖ 1 ◗, ◖ 3 =  1 + 1·2^1 ◗, ◖ 11 = -1 + 3·2^2 ◗, ◖ 355 =  3 + 11·2^5 ◗]
357: [◖ 1 ◗, ◖ 3 =  1 + 1·2^1 ◗, ◖ 45 = -3 + 3·2^4 ◗, ◖ 357 = -3 + 45·2^3 ◗]
359: [◖ 1 ◗, ◖ 3 =  1 + 1·2^1 ◗, ◖ 45 = -3 + 3·2^4 ◗, ◖ 359 = -1 + 45·2^3 ◗]
361: [◖ 1 ◗, ◖ 3 =  1 + 1·2^1 ◗, ◖ 45 = -3 + 3·2^4 ◗, ◖ 361 =  1 + 45·2^3 ◗]
363: [◖ 1 ◗, ◖ 3 =  1 + 1·2^1 ◗, ◖ 45 = -3 + 3·2^4 ◗, ◖ 363 =  3 + 45·2^3 ◗]
365: [◖ 1 ◗, ◖ 3 =  1 + 1·2^1 ◗, ◖ 23 = -1 + 3·2^3 ◗, ◖ 365 = -3 + 23·2^4 ◗]
367: [◖ 1 ◗, ◖ 3 =  1 + 1·2^1 ◗, ◖ 23 = -1 + 3·2^3 ◗, ◖ 367 = -1 + 23·2^4 ◗]
369: [◖ 1 ◗, ◖ 3 =  1 + 1·2^1 ◗, ◖ 23 = -1 + 3·2^3 ◗, ◖ 369 =  1 + 23·2^4 ◗]
371: [◖ 1 ◗, ◖ 3 =  1 + 1·2^1 ◗, ◖ 93 = -3 + 3·2^5 ◗, ◖ 371 = -1 + 93·2^2 ◗]
373: [◖ 1 ◗, ◖ 3 =  1 + 1·2^1 ◗, ◖ 93 = -3 + 3·2^5 ◗, ◖ 373 =  1 + 93·2^2 ◗]
375: [◖ 1 ◗, ◖ 3 =  1 + 1·2^1 ◗, ◖ 47 = -1 + 3·2^4 ◗, ◖ 375 = -1 + 47·2^3 ◗]
377: [◖ 1 ◗, ◖ 3 =  1 + 1·2^1 ◗, ◖ 47 = -1 + 3·2^4 ◗, ◖ 377 =  1 + 47·2^3 ◗]
379: [◖ 1 ◗, ◖ 3 =  1 + 1·2^1 ◗, ◖ 95 = -1 + 3·2^5 ◗, ◖ 379 = -1 + 95·2^2 ◗]
381: [◖ 1 ◗, ◖ 3 =  1 + 1·2^1 ◗, ◖ 381 = -3 + 3·2^7 ◗]
383: [◖ 1 ◗, ◖ 3 =  1 + 1·2^1 ◗, ◖ 383 = -1 + 3·2^7 ◗]
385: [◖ 1 ◗, ◖ 3 =  1 + 1·2^1 ◗, ◖ 385 =  1 + 3·2^7 ◗]
387: [◖ 1 ◗, ◖ 3 =  1 + 1·2^1 ◗, ◖ 387 =  3 + 3·2^7 ◗]
389: [◖ 1 ◗, ◖ 3 =  1 + 1·2^1 ◗, ◖ 97 =  1 + 3·2^5 ◗, ◖ 389 =  1 + 97·2^2 ◗]
391: [◖ 1 ◗, ◖ 3 =  1 + 1·2^1 ◗, ◖ 49 =  1 + 3·2^4 ◗, ◖ 391 = -1 + 49·2^3 ◗]
393: [◖ 1 ◗, ◖ 3 =  1 + 1·2^1 ◗, ◖ 49 =  1 + 3·2^4 ◗, ◖ 393 =  1 + 49·2^3 ◗]
395: [◖ 1 ◗, ◖ 3 =  1 + 1·2^1 ◗, ◖ 99 =  3 + 3·2^5 ◗, ◖ 395 = -1 + 99·2^2 ◗]
397: [◖ 1 ◗, ◖ 3 =  1 + 1·2^1 ◗, ◖ 99 =  3 + 3·2^5 ◗, ◖ 397 =  1 + 99·2^2 ◗]
399: [◖ 1 ◗, ◖ 3 =  1 + 1·2^1 ◗, ◖ 25 =  1 + 3·2^3 ◗, ◖ 399 = -1 + 25·2^4 ◗]
401: [◖ 1 ◗, ◖ 3 =  1 + 1·2^1 ◗, ◖ 25 =  1 + 3·2^3 ◗, ◖ 401 =  1 + 25·2^4 ◗]
403: [◖ 1 ◗, ◖ 3 =  1 + 1·2^1 ◗, ◖ 25 =  1 + 3·2^3 ◗, ◖ 403 =  3 + 25·2^4 ◗]
405: [◖ 1 ◗, ◖ 3 =  1 + 1·2^1 ◗, ◖ 51 =  3 + 3·2^4 ◗, ◖ 405 = -3 + 51·2^3 ◗]
407: [◖ 1 ◗, ◖ 3 =  1 + 1·2^1 ◗, ◖ 51 =  3 + 3·2^4 ◗, ◖ 407 = -1 + 51·2^3 ◗]
409: [◖ 1 ◗, ◖ 3 =  1 + 1·2^1 ◗, ◖ 51 =  3 + 3·2^4 ◗, ◖ 409 =  1 + 51·2^3 ◗]
411: [◖ 1 ◗, ◖ 3 =  1 + 1·2^1 ◗, ◖ 51 =  3 + 3·2^4 ◗, ◖ 411 =  3 + 51·2^3 ◗]
413: [◖ 1 ◗, ◖ 3 =  1 + 1·2^1 ◗, ◖ 13 =  1 + 3·2^2 ◗, ◖ 413 = -3 + 13·2^5 ◗]
415: [◖ 1 ◗, ◖ 3 =  1 + 1·2^1 ◗, ◖ 13 =  1 + 3·2^2 ◗, ◖ 415 = -1 + 13·2^5 ◗]
417: [◖ 1 ◗, ◖ 3 =  1 + 1·2^1 ◗, ◖ 13 =  1 + 3·2^2 ◗, ◖ 417 =  1 + 13·2^5 ◗]
419: [◖ 1 ◗, ◖ 7 = -1 + 1·2^3 ◗, ◖ 105 = -7 + 7·2^4 ◗, ◖ 419 = -1 + 105·2^2 ◗]
421: [◖ 1 ◗, ◖ 7 = -1 + 1·2^3 ◗, ◖ 105 = -7 + 7·2^4 ◗, ◖ 421 =  1 + 105·2^2 ◗]
423: [◖ 1 ◗, ◖ 3 =  1 + 1·2^1 ◗, ◖ 47 = -1 + 3·2^4 ◗, ◖ 423 =  47 + 47·2^3 ◗]
425: [◖ 1 ◗, ◖ 7 = -1 + 1·2^3 ◗, ◖ 27 = -1 + 7·2^2 ◗, ◖ 425 = -7 + 27·2^4 ◗]
427: [◖ 1 ◗, ◖ 7 = -1 + 1·2^3 ◗, ◖ 105 = -7 + 7·2^4 ◗, ◖ 427 =  7 + 105·2^2 ◗]
429: [◖ 1 ◗, ◖ 3 =  1 + 1·2^1 ◗, ◖ 13 =  1 + 3·2^2 ◗, ◖ 429 =  13 + 13·2^5 ◗]
431: [◖ 1 ◗, ◖ 7 = -1 + 1·2^3 ◗, ◖ 27 = -1 + 7·2^2 ◗, ◖ 431 = -1 + 27·2^4 ◗]
433: [◖ 1 ◗, ◖ 7 = -1 + 1·2^3 ◗, ◖ 27 = -1 + 7·2^2 ◗, ◖ 433 =  1 + 27·2^4 ◗]
435: [◖ 1 ◗, ◖ 7 = -1 + 1·2^3 ◗, ◖ 217 = -7 + 7·2^5 ◗, ◖ 435 =  1 + 217·2^1 ◗]
437: [◖ 1 ◗, ◖ 7 = -1 + 1·2^3 ◗, ◖ 111 = -1 + 7·2^4 ◗, ◖ 437 = -7 + 111·2^2 ◗]
439: [◖ 1 ◗, ◖ 7 = -1 + 1·2^3 ◗, ◖ 55 = -1 + 7·2^3 ◗, ◖ 439 = -1 + 55·2^3 ◗]
441: [◖ 1 ◗, ◖ 7 = -1 + 1·2^3 ◗, ◖ 441 = -7 + 7·2^6 ◗]
443: [◖ 1 ◗, ◖ 7 = -1 + 1·2^3 ◗, ◖ 111 = -1 + 7·2^4 ◗, ◖ 443 = -1 + 111·2^2 ◗]
445: [◖ 1 ◗, ◖ 7 = -1 + 1·2^3 ◗, ◖ 111 = -1 + 7·2^4 ◗, ◖ 445 =  1 + 111·2^2 ◗]
447: [◖ 1 ◗, ◖ 7 = -1 + 1·2^3 ◗, ◖ 447 = -1 + 7·2^6 ◗]
449: [◖ 1 ◗, ◖ 7 = -1 + 1·2^3 ◗, ◖ 449 =  1 + 7·2^6 ◗]
451: [◖ 1 ◗, ◖ 7 = -1 + 1·2^3 ◗, ◖ 113 =  1 + 7·2^4 ◗, ◖ 451 = -1 + 113·2^2 ◗]
453: [◖ 1 ◗, ◖ 7 = -1 + 1·2^3 ◗, ◖ 113 =  1 + 7·2^4 ◗, ◖ 453 =  1 + 113·2^2 ◗]
455: [◖ 1 ◗, ◖ 7 = -1 + 1·2^3 ◗, ◖ 455 =  7 + 7·2^6 ◗]
457: [◖ 1 ◗, ◖ 7 = -1 + 1·2^3 ◗, ◖ 57 =  1 + 7·2^3 ◗, ◖ 457 =  1 + 57·2^3 ◗]
459: [◖ 1 ◗, ◖ 7 = -1 + 1·2^3 ◗, ◖ 113 =  1 + 7·2^4 ◗, ◖ 459 =  7 + 113·2^2 ◗]
461: [◖ 1 ◗, ◖ 7 = -1 + 1·2^3 ◗, ◖ 231 =  7 + 7·2^5 ◗, ◖ 461 = -1 + 231·2^1 ◗]
463: [◖ 1 ◗, ◖ 7 = -1 + 1·2^3 ◗, ◖ 29 =  1 + 7·2^2 ◗, ◖ 463 = -1 + 29·2^4 ◗]
465: [◖ 1 ◗, ◖ 15 = -1 + 1·2^4 ◗, ◖ 465 = -15 + 15·2^5 ◗]
467: [◖ 1 ◗, ◖ 15 = -1 + 1·2^4 ◗, ◖ 241 =  1 + 15·2^4 ◗, ◖ 467 = -15 + 241·2^1 ◗]
469: [◖ 1 ◗, ◖ 7 = -1 + 1·2^3 ◗, ◖ 231 =  7 + 7·2^5 ◗, ◖ 469 =  7 + 231·2^1 ◗]
471: [◖ 1 ◗, ◖ 15 = -1 + 1·2^4 ◗, ◖ 59 = -1 + 15·2^2 ◗, ◖ 471 = -1 + 59·2^3 ◗]
473: [◖ 1 ◗, ◖ 15 = -1 + 1·2^4 ◗, ◖ 59 = -1 + 15·2^2 ◗, ◖ 473 =  1 + 59·2^3 ◗]
475: [◖ 1 ◗, ◖ 15 = -1 + 1·2^4 ◗, ◖ 119 = -1 + 15·2^3 ◗, ◖ 475 = -1 + 119·2^2 ◗]
477: [◖ 1 ◗, ◖ 15 = -1 + 1·2^4 ◗, ◖ 119 = -1 + 15·2^3 ◗, ◖ 477 =  1 + 119·2^2 ◗]
479: [◖ 1 ◗, ◖ 15 = -1 + 1·2^4 ◗, ◖ 479 = -1 + 15·2^5 ◗]
481: [◖ 1 ◗, ◖ 15 = -1 + 1·2^4 ◗, ◖ 481 =  1 + 15·2^5 ◗]
483: [◖ 1 ◗, ◖ 15 = -1 + 1·2^4 ◗, ◖ 121 =  1 + 15·2^3 ◗, ◖ 483 = -1 + 121·2^2 ◗]
485: [◖ 1 ◗, ◖ 15 = -1 + 1·2^4 ◗, ◖ 121 =  1 + 15·2^3 ◗, ◖ 485 =  1 + 121·2^2 ◗]
487: [◖ 1 ◗, ◖ 15 = -1 + 1·2^4 ◗, ◖ 61 =  1 + 15·2^2 ◗, ◖ 487 = -1 + 61·2^3 ◗]
489: [◖ 1 ◗, ◖ 15 = -1 + 1·2^4 ◗, ◖ 61 =  1 + 15·2^2 ◗, ◖ 489 =  1 + 61·2^3 ◗]
491: [◖ 1 ◗, ◖ 31 = -1 + 1·2^5 ◗, ◖ 123 = -1 + 31·2^2 ◗, ◖ 491 = -1 + 123·2^2 ◗]
493: [◖ 1 ◗, ◖ 31 = -1 + 1·2^5 ◗, ◖ 123 = -1 + 31·2^2 ◗, ◖ 493 =  1 + 123·2^2 ◗]
495: [◖ 1 ◗, ◖ 31 = -1 + 1·2^5 ◗, ◖ 495 = -1 + 31·2^4 ◗]
497: [◖ 1 ◗, ◖ 31 = -1 + 1·2^5 ◗, ◖ 497 =  1 + 31·2^4 ◗]
499: [◖ 1 ◗, ◖ 31 = -1 + 1·2^5 ◗, ◖ 125 =  1 + 31·2^2 ◗, ◖ 499 = -1 + 125·2^2 ◗]
501: [◖ 1 ◗, ◖ 31 = -1 + 1·2^5 ◗, ◖ 125 =  1 + 31·2^2 ◗, ◖ 501 =  1 + 125·2^2 ◗]
503: [◖ 1 ◗, ◖ 63 = -1 + 1·2^6 ◗, ◖ 503 = -1 + 63·2^3 ◗]
505: [◖ 1 ◗, ◖ 63 = -1 + 1·2^6 ◗, ◖ 505 =  1 + 63·2^3 ◗]
507: [◖ 1 ◗, ◖ 127 = -1 + 1·2^7 ◗, ◖ 507 = -1 + 127·2^2 ◗]
509: [◖ 1 ◗, ◖ 127 = -1 + 1·2^7 ◗, ◖ 509 =  1 + 127·2^2 ◗]
511: [◖ 1 ◗, ◖ 511 = -1 + 1·2^9 ◗]
513: [◖ 1 ◗, ◖ 513 =  1 + 1·2^9 ◗]
515: [◖ 1 ◗, ◖ 129 =  1 + 1·2^7 ◗, ◖ 515 = -1 + 129·2^2 ◗]
517: [◖ 1 ◗, ◖ 129 =  1 + 1·2^7 ◗, ◖ 517 =  1 + 129·2^2 ◗]
519: [◖ 1 ◗, ◖ 65 =  1 + 1·2^6 ◗, ◖ 519 = -1 + 65·2^3 ◗]
521: [◖ 1 ◗, ◖ 65 =  1 + 1·2^6 ◗, ◖ 521 =  1 + 65·2^3 ◗]
523: [◖ 1 ◗, ◖ 33 =  1 + 1·2^5 ◗, ◖ 131 = -1 + 33·2^2 ◗, ◖ 523 = -1 + 131·2^2 ◗]
525: [◖ 1 ◗, ◖ 33 =  1 + 1·2^5 ◗, ◖ 131 = -1 + 33·2^2 ◗, ◖ 525 =  1 + 131·2^2 ◗]
527: [◖ 1 ◗, ◖ 33 =  1 + 1·2^5 ◗, ◖ 527 = -1 + 33·2^4 ◗]
529: [◖ 1 ◗, ◖ 33 =  1 + 1·2^5 ◗, ◖ 529 =  1 + 33·2^4 ◗]
531: [◖ 1 ◗, ◖ 33 =  1 + 1·2^5 ◗, ◖ 133 =  1 + 33·2^2 ◗, ◖ 531 = -1 + 133·2^2 ◗]
533: [◖ 1 ◗, ◖ 33 =  1 + 1·2^5 ◗, ◖ 133 =  1 + 33·2^2 ◗, ◖ 533 =  1 + 133·2^2 ◗]
535: [◖ 1 ◗, ◖ 17 =  1 + 1·2^4 ◗, ◖ 67 = -1 + 17·2^2 ◗, ◖ 535 = -1 + 67·2^3 ◗]
537: [◖ 1 ◗, ◖ 17 =  1 + 1·2^4 ◗, ◖ 67 = -1 + 17·2^2 ◗, ◖ 537 =  1 + 67·2^3 ◗]
539: [◖ 1 ◗, ◖ 17 =  1 + 1·2^4 ◗, ◖ 135 = -1 + 17·2^3 ◗, ◖ 539 = -1 + 135·2^2 ◗]
541: [◖ 1 ◗, ◖ 17 =  1 + 1·2^4 ◗, ◖ 135 = -1 + 17·2^3 ◗, ◖ 541 =  1 + 135·2^2 ◗]
543: [◖ 1 ◗, ◖ 17 =  1 + 1·2^4 ◗, ◖ 543 = -1 + 17·2^5 ◗]
545: [◖ 1 ◗, ◖ 17 =  1 + 1·2^4 ◗, ◖ 545 =  1 + 17·2^5 ◗]
547: [◖ 1 ◗, ◖ 17 =  1 + 1·2^4 ◗, ◖ 137 =  1 + 17·2^3 ◗, ◖ 547 = -1 + 137·2^2 ◗]
549: [◖ 1 ◗, ◖ 17 =  1 + 1·2^4 ◗, ◖ 137 =  1 + 17·2^3 ◗, ◖ 549 =  1 + 137·2^2 ◗]
551: [◖ 1 ◗, ◖ 17 =  1 + 1·2^4 ◗, ◖ 69 =  1 + 17·2^2 ◗, ◖ 551 = -1 + 69·2^3 ◗]
553: [◖ 1 ◗, ◖ 17 =  1 + 1·2^4 ◗, ◖ 69 =  1 + 17·2^2 ◗, ◖ 553 =  1 + 69·2^3 ◗]
555: [◖ 1 ◗, ◖ 9 =  1 + 1·2^3 ◗, ◖ 37 =  1 + 9·2^2 ◗, ◖ 555 = -37 + 37·2^4 ◗]
557: [◖ 1 ◗, ◖ 9 =  1 + 1·2^3 ◗, ◖ 279 = -9 + 9·2^5 ◗, ◖ 557 = -1 + 279·2^1 ◗]
559: [◖ 1 ◗, ◖ 9 =  1 + 1·2^3 ◗, ◖ 35 = -1 + 9·2^2 ◗, ◖ 559 = -1 + 35·2^4 ◗]
561: [◖ 1 ◗, ◖ 17 =  1 + 1·2^4 ◗, ◖ 561 =  17 + 17·2^5 ◗]
563: [◖ 1 ◗, ◖ 9 =  1 + 1·2^3 ◗, ◖ 143 = -1 + 9·2^4 ◗, ◖ 563 = -9 + 143·2^2 ◗]
565: [◖ 1 ◗, ◖ 9 =  1 + 1·2^3 ◗, ◖ 287 = -1 + 9·2^5 ◗, ◖ 565 = -9 + 287·2^1 ◗]
567: [◖ 1 ◗, ◖ 9 =  1 + 1·2^3 ◗, ◖ 567 = -9 + 9·2^6 ◗]
569: [◖ 1 ◗, ◖ 9 =  1 + 1·2^3 ◗, ◖ 71 = -1 + 9·2^3 ◗, ◖ 569 =  1 + 71·2^3 ◗]
571: [◖ 1 ◗, ◖ 9 =  1 + 1·2^3 ◗, ◖ 143 = -1 + 9·2^4 ◗, ◖ 571 = -1 + 143·2^2 ◗]
573: [◖ 1 ◗, ◖ 9 =  1 + 1·2^3 ◗, ◖ 143 = -1 + 9·2^4 ◗, ◖ 573 =  1 + 143·2^2 ◗]
575: [◖ 1 ◗, ◖ 9 =  1 + 1·2^3 ◗, ◖ 575 = -1 + 9·2^6 ◗]
577: [◖ 1 ◗, ◖ 9 =  1 + 1·2^3 ◗, ◖ 577 =  1 + 9·2^6 ◗]
579: [◖ 1 ◗, ◖ 9 =  1 + 1·2^3 ◗, ◖ 145 =  1 + 9·2^4 ◗, ◖ 579 = -1 + 145·2^2 ◗]
581: [◖ 1 ◗, ◖ 9 =  1 + 1·2^3 ◗, ◖ 145 =  1 + 9·2^4 ◗, ◖ 581 =  1 + 145·2^2 ◗]
583: [◖ 1 ◗, ◖ 9 =  1 + 1·2^3 ◗, ◖ 73 =  1 + 9·2^3 ◗, ◖ 583 = -1 + 73·2^3 ◗]
585: [◖ 1 ◗, ◖ 9 =  1 + 1·2^3 ◗, ◖ 585 =  9 + 9·2^6 ◗]
587: [◖ 1 ◗, ◖ 9 =  1 + 1·2^3 ◗, ◖ 289 =  1 + 9·2^5 ◗, ◖ 587 =  9 + 289·2^1 ◗]
589: [◖ 1 ◗, ◖ 9 =  1 + 1·2^3 ◗, ◖ 145 =  1 + 9·2^4 ◗, ◖ 589 =  9 + 145·2^2 ◗]
591: [◖ 1 ◗, ◖ 9 =  1 + 1·2^3 ◗, ◖ 37 =  1 + 9·2^2 ◗, ◖ 591 = -1 + 37·2^4 ◗]
593: [◖ 1 ◗, ◖ 9 =  1 + 1·2^3 ◗, ◖ 37 =  1 + 9·2^2 ◗, ◖ 593 =  1 + 37·2^4 ◗]
595: [◖ 1 ◗, ◖ 9 =  1 + 1·2^3 ◗, ◖ 297 =  9 + 9·2^5 ◗, ◖ 595 =  1 + 297·2^1 ◗]
597: [◖ 1 ◗, ◖ 5 =  1 + 1·2^2 ◗, ◖ 85 =  5 + 5·2^4 ◗, ◖ 597 =  85 + 1·2^9 ◗]
599: [◖ 1 ◗, ◖ 5 =  1 + 1·2^2 ◗, ◖ 75 = -5 + 5·2^4 ◗, ◖ 599 = -1 + 75·2^3 ◗]
601: [◖ 1 ◗, ◖ 5 =  1 + 1·2^2 ◗, ◖ 75 = -5 + 5·2^4 ◗, ◖ 601 =  1 + 75·2^3 ◗]
603: [◖ 1 ◗, ◖ 5 =  1 + 1·2^2 ◗, ◖ 19 = -1 + 5·2^2 ◗, ◖ 603 = -5 + 19·2^5 ◗]
605: [◖ 1 ◗, ◖ 5 =  1 + 1·2^2 ◗, ◖ 75 = -5 + 5·2^4 ◗, ◖ 605 =  5 + 75·2^3 ◗]
607: [◖ 1 ◗, ◖ 5 =  1 + 1·2^2 ◗, ◖ 19 = -1 + 5·2^2 ◗, ◖ 607 = -1 + 19·2^5 ◗]
609: [◖ 1 ◗, ◖ 5 =  1 + 1·2^2 ◗, ◖ 19 = -1 + 5·2^2 ◗, ◖ 609 =  1 + 19·2^5 ◗]
611: [◖ 1 ◗, ◖ 9 =  1 + 1·2^3 ◗, ◖ 153 =  9 + 9·2^4 ◗, ◖ 611 = -1 + 153·2^2 ◗]
613: [◖ 1 ◗, ◖ 9 =  1 + 1·2^3 ◗, ◖ 153 =  9 + 9·2^4 ◗, ◖ 613 =  1 + 153·2^2 ◗]
615: [◖ 1 ◗, ◖ 5 =  1 + 1·2^2 ◗, ◖ 41 =  1 + 5·2^3 ◗, ◖ 615 = -41 + 41·2^4 ◗]
617: [◖ 1 ◗, ◖ 9 =  1 + 1·2^3 ◗, ◖ 585 =  9 + 9·2^6 ◗, ◖ 617 =  585 + 1·2^5 ◗]
619: [◖ 1 ◗, ◖ 5 =  1 + 1·2^2 ◗, ◖ 155 = -5 + 5·2^5 ◗, ◖ 619 = -1 + 155·2^2 ◗]
621: [◖ 1 ◗, ◖ 5 =  1 + 1·2^2 ◗, ◖ 155 = -5 + 5·2^5 ◗, ◖ 621 =  1 + 155·2^2 ◗]
623: [◖ 1 ◗, ◖ 5 =  1 + 1·2^2 ◗, ◖ 39 = -1 + 5·2^3 ◗, ◖ 623 = -1 + 39·2^4 ◗]
625: [◖ 1 ◗, ◖ 5 =  1 + 1·2^2 ◗, ◖ 39 = -1 + 5·2^3 ◗, ◖ 625 =  1 + 39·2^4 ◗]
627: [◖ 1 ◗, ◖ 5 =  1 + 1·2^2 ◗, ◖ 79 = -1 + 5·2^4 ◗, ◖ 627 = -5 + 79·2^3 ◗]
629: [◖ 1 ◗, ◖ 5 =  1 + 1·2^2 ◗, ◖ 315 = -5 + 5·2^6 ◗, ◖ 629 = -1 + 315·2^1 ◗]
631: [◖ 1 ◗, ◖ 5 =  1 + 1·2^2 ◗, ◖ 79 = -1 + 5·2^4 ◗, ◖ 631 = -1 + 79·2^3 ◗]
633: [◖ 1 ◗, ◖ 5 =  1 + 1·2^2 ◗, ◖ 79 = -1 + 5·2^4 ◗, ◖ 633 =  1 + 79·2^3 ◗]
635: [◖ 1 ◗, ◖ 5 =  1 + 1·2^2 ◗, ◖ 635 = -5 + 5·2^7 ◗]
637: [◖ 1 ◗, ◖ 5 =  1 + 1·2^2 ◗, ◖ 159 = -1 + 5·2^5 ◗, ◖ 637 =  1 + 159·2^2 ◗]
639: [◖ 1 ◗, ◖ 5 =  1 + 1·2^2 ◗, ◖ 639 = -1 + 5·2^7 ◗]
641: [◖ 1 ◗, ◖ 5 =  1 + 1·2^2 ◗, ◖ 641 =  1 + 5·2^7 ◗]
643: [◖ 1 ◗, ◖ 5 =  1 + 1·2^2 ◗, ◖ 161 =  1 + 5·2^5 ◗, ◖ 643 = -1 + 161·2^2 ◗]
645: [◖ 1 ◗, ◖ 5 =  1 + 1·2^2 ◗, ◖ 645 =  5 + 5·2^7 ◗]
647: [◖ 1 ◗, ◖ 5 =  1 + 1·2^2 ◗, ◖ 81 =  1 + 5·2^4 ◗, ◖ 647 = -1 + 81·2^3 ◗]
649: [◖ 1 ◗, ◖ 5 =  1 + 1·2^2 ◗, ◖ 81 =  1 + 5·2^4 ◗, ◖ 649 =  1 + 81·2^3 ◗]
651: [◖ 1 ◗, ◖ 5 =  1 + 1·2^2 ◗, ◖ 325 =  5 + 5·2^6 ◗, ◖ 651 =  1 + 325·2^1 ◗]
653: [◖ 1 ◗, ◖ 5 =  1 + 1·2^2 ◗, ◖ 81 =  1 + 5·2^4 ◗, ◖ 653 =  5 + 81·2^3 ◗]
655: [◖ 1 ◗, ◖ 5 =  1 + 1·2^2 ◗, ◖ 41 =  1 + 5·2^3 ◗, ◖ 655 = -1 + 41·2^4 ◗]
657: [◖ 1 ◗, ◖ 5 =  1 + 1·2^2 ◗, ◖ 41 =  1 + 5·2^3 ◗, ◖ 657 =  1 + 41·2^4 ◗]
659: [◖ 1 ◗, ◖ 5 =  1 + 1·2^2 ◗, ◖ 165 =  5 + 5·2^5 ◗, ◖ 659 = -1 + 165·2^2 ◗]
661: [◖ 1 ◗, ◖ 5 =  1 + 1·2^2 ◗, ◖ 165 =  5 + 5·2^5 ◗, ◖ 661 =  1 + 165·2^2 ◗]
663: [◖ 1 ◗, ◖ 5 =  1 + 1·2^2 ◗, ◖ 39 = -1 + 5·2^3 ◗, ◖ 663 =  39 + 39·2^4 ◗]
665: [◖ 1 ◗, ◖ 3 =  1 + 1·2^1 ◗, ◖ 95 = -1 + 3·2^5 ◗, ◖ 665 = -95 + 95·2^3 ◗]
667: [◖ 1 ◗, ◖ 5 =  1 + 1·2^2 ◗, ◖ 21 =  1 + 5·2^2 ◗, ◖ 667 = -5 + 21·2^5 ◗]
669: [◖ 1 ◗, ◖ 7 = -1 + 1·2^3 ◗, ◖ 223 = -1 + 7·2^5 ◗, ◖ 669 =  223 + 223·2^1 ◗]
671: [◖ 1 ◗, ◖ 5 =  1 + 1·2^2 ◗, ◖ 21 =  1 + 5·2^2 ◗, ◖ 671 = -1 + 21·2^5 ◗]
673: [◖ 1 ◗, ◖ 5 =  1 + 1·2^2 ◗, ◖ 21 =  1 + 5·2^2 ◗, ◖ 673 =  1 + 21·2^5 ◗]
675: [◖ 1 ◗, ◖ 5 =  1 + 1·2^2 ◗, ◖ 85 =  5 + 5·2^4 ◗, ◖ 675 = -5 + 85·2^3 ◗]
677: [◖ 1 ◗, ◖ 5 =  1 + 1·2^2 ◗, ◖ 21 =  1 + 5·2^2 ◗, ◖ 677 =  5 + 21·2^5 ◗]
679: [◖ 1 ◗, ◖ 5 =  1 + 1·2^2 ◗, ◖ 85 =  5 + 5·2^4 ◗, ◖ 679 = -1 + 85·2^3 ◗]
681: [◖ 1 ◗, ◖ 5 =  1 + 1·2^2 ◗, ◖ 85 =  5 + 5·2^4 ◗, ◖ 681 =  1 + 85·2^3 ◗]
----
685: [◖ 1 ◗, ◖ 5 =  1 + 1·2^2 ◗, ◖ 85 =  5 + 5·2^4 ◗, ◖ 685 =  5 + 85·2^3 ◗]
----
689: [◖ 1 ◗, ◖ 17 =  1 + 1·2^4 ◗, ◖ 561 =  17 + 17·2^5 ◗, ◖ 689 =  561 + 1·2^7 ◗]
----
693: [◖ 1 ◗, ◖ 3 =  1 + 1·2^1 ◗, ◖ 11 = -1 + 3·2^2 ◗, ◖ 693 = -11 + 11·2^6 ◗]
695: [◖ 1 ◗, ◖ 9 =  1 + 1·2^3 ◗, ◖ 567 = -9 + 9·2^6 ◗, ◖ 695 =  567 + 1·2^7 ◗]
697: [◖ 1 ◗, ◖ 5 =  1 + 1·2^2 ◗, ◖ 41 =  1 + 5·2^3 ◗, ◖ 697 =  41 + 41·2^4 ◗]
699: [◖ 1 ◗, ◖ 5 =  1 + 1·2^2 ◗, ◖ 325 =  5 + 5·2^6 ◗, ◖ 699 = -325 + 1·2^10 ◗]
701: [◖ 1 ◗, ◖ 3 =  1 + 1·2^1 ◗, ◖ 11 = -1 + 3·2^2 ◗, ◖ 701 = -3 + 11·2^6 ◗]
703: [◖ 1 ◗, ◖ 3 =  1 + 1·2^1 ◗, ◖ 11 = -1 + 3·2^2 ◗, ◖ 703 = -1 + 11·2^6 ◗]
705: [◖ 1 ◗, ◖ 3 =  1 + 1·2^1 ◗, ◖ 11 = -1 + 3·2^2 ◗, ◖ 705 =  1 + 11·2^6 ◗]
707: [◖ 1 ◗, ◖ 3 =  1 + 1·2^1 ◗, ◖ 11 = -1 + 3·2^2 ◗, ◖ 707 =  3 + 11·2^6 ◗]
709: [◖ 1 ◗, ◖ 5 =  1 + 1·2^2 ◗, ◖ 315 = -5 + 5·2^6 ◗, ◖ 709 = -315 + 1·2^10 ◗]
711: [◖ 1 ◗, ◖ 5 =  1 + 1·2^2 ◗, ◖ 79 = -1 + 5·2^4 ◗, ◖ 711 =  79 + 79·2^3 ◗]
713: [◖ 1 ◗, ◖ 3 =  1 + 1·2^1 ◗, ◖ 23 = -1 + 3·2^3 ◗, ◖ 713 = -23 + 23·2^5 ◗]
715: [◖ 1 ◗, ◖ 3 =  1 + 1·2^1 ◗, ◖ 11 = -1 + 3·2^2 ◗, ◖ 715 =  11 + 11·2^6 ◗]
717: [◖ 1 ◗, ◖ 3 =  1 + 1·2^1 ◗, ◖ 45 = -3 + 3·2^4 ◗, ◖ 717 = -3 + 45·2^4 ◗]
719: [◖ 1 ◗, ◖ 3 =  1 + 1·2^1 ◗, ◖ 45 = -3 + 3·2^4 ◗, ◖ 719 = -1 + 45·2^4 ◗]
721: [◖ 1 ◗, ◖ 3 =  1 + 1·2^1 ◗, ◖ 45 = -3 + 3·2^4 ◗, ◖ 721 =  1 + 45·2^4 ◗]
723: [◖ 1 ◗, ◖ 3 =  1 + 1·2^1 ◗, ◖ 45 = -3 + 3·2^4 ◗, ◖ 723 =  3 + 45·2^4 ◗]
725: [◖ 1 ◗, ◖ 9 =  1 + 1·2^3 ◗, ◖ 145 =  1 + 9·2^4 ◗, ◖ 725 =  145 + 145·2^2 ◗]
727: [◖ 1 ◗, ◖ 9 =  1 + 1·2^3 ◗, ◖ 297 =  9 + 9·2^5 ◗, ◖ 727 = -297 + 1·2^10 ◗]
729: [◖ 1 ◗, ◖ 5 =  1 + 1·2^2 ◗, ◖ 81 =  1 + 5·2^4 ◗, ◖ 729 =  81 + 81·2^3 ◗]
----
733: [◖ 1 ◗, ◖ 3 =  1 + 1·2^1 ◗, ◖ 23 = -1 + 3·2^3 ◗, ◖ 733 = -3 + 23·2^5 ◗]
735: [◖ 1 ◗, ◖ 3 =  1 + 1·2^1 ◗, ◖ 23 = -1 + 3·2^3 ◗, ◖ 735 = -1 + 23·2^5 ◗]
737: [◖ 1 ◗, ◖ 3 =  1 + 1·2^1 ◗, ◖ 23 = -1 + 3·2^3 ◗, ◖ 737 =  1 + 23·2^5 ◗]
739: [◖ 1 ◗, ◖ 3 =  1 + 1·2^1 ◗, ◖ 23 = -1 + 3·2^3 ◗, ◖ 739 =  3 + 23·2^5 ◗]
741: [◖ 1 ◗, ◖ 3 =  1 + 1·2^1 ◗, ◖ 93 = -3 + 3·2^5 ◗, ◖ 741 = -3 + 93·2^3 ◗]
743: [◖ 1 ◗, ◖ 3 =  1 + 1·2^1 ◗, ◖ 93 = -3 + 3·2^5 ◗, ◖ 743 = -1 + 93·2^3 ◗]
745: [◖ 1 ◗, ◖ 3 =  1 + 1·2^1 ◗, ◖ 93 = -3 + 3·2^5 ◗, ◖ 745 =  1 + 93·2^3 ◗]
747: [◖ 1 ◗, ◖ 3 =  1 + 1·2^1 ◗, ◖ 93 = -3 + 3·2^5 ◗, ◖ 747 =  3 + 93·2^3 ◗]
749: [◖ 1 ◗, ◖ 3 =  1 + 1·2^1 ◗, ◖ 47 = -1 + 3·2^4 ◗, ◖ 749 = -3 + 47·2^4 ◗]
751: [◖ 1 ◗, ◖ 3 =  1 + 1·2^1 ◗, ◖ 47 = -1 + 3·2^4 ◗, ◖ 751 = -1 + 47·2^4 ◗]
753: [◖ 1 ◗, ◖ 3 =  1 + 1·2^1 ◗, ◖ 47 = -1 + 3·2^4 ◗, ◖ 753 =  1 + 47·2^4 ◗]
755: [◖ 1 ◗, ◖ 3 =  1 + 1·2^1 ◗, ◖ 189 = -3 + 3·2^6 ◗, ◖ 755 = -1 + 189·2^2 ◗]
757: [◖ 1 ◗, ◖ 3 =  1 + 1·2^1 ◗, ◖ 189 = -3 + 3·2^6 ◗, ◖ 757 =  1 + 189·2^2 ◗]
759: [◖ 1 ◗, ◖ 3 =  1 + 1·2^1 ◗, ◖ 95 = -1 + 3·2^5 ◗, ◖ 759 = -1 + 95·2^3 ◗]
761: [◖ 1 ◗, ◖ 3 =  1 + 1·2^1 ◗, ◖ 95 = -1 + 3·2^5 ◗, ◖ 761 =  1 + 95·2^3 ◗]
763: [◖ 1 ◗, ◖ 3 =  1 + 1·2^1 ◗, ◖ 191 = -1 + 3·2^6 ◗, ◖ 763 = -1 + 191·2^2 ◗]
765: [◖ 1 ◗, ◖ 3 =  1 + 1·2^1 ◗, ◖ 765 = -3 + 3·2^8 ◗]
767: [◖ 1 ◗, ◖ 3 =  1 + 1·2^1 ◗, ◖ 767 = -1 + 3·2^8 ◗]
769: [◖ 1 ◗, ◖ 3 =  1 + 1·2^1 ◗, ◖ 769 =  1 + 3·2^8 ◗]
771: [◖ 1 ◗, ◖ 3 =  1 + 1·2^1 ◗, ◖ 771 =  3 + 3·2^8 ◗]
773: [◖ 1 ◗, ◖ 3 =  1 + 1·2^1 ◗, ◖ 193 =  1 + 3·2^6 ◗, ◖ 773 =  1 + 193·2^2 ◗]
775: [◖ 1 ◗, ◖ 3 =  1 + 1·2^1 ◗, ◖ 97 =  1 + 3·2^5 ◗, ◖ 775 = -1 + 97·2^3 ◗]
777: [◖ 1 ◗, ◖ 3 =  1 + 1·2^1 ◗, ◖ 97 =  1 + 3·2^5 ◗, ◖ 777 =  1 + 97·2^3 ◗]
779: [◖ 1 ◗, ◖ 3 =  1 + 1·2^1 ◗, ◖ 195 =  3 + 3·2^6 ◗, ◖ 779 = -1 + 195·2^2 ◗]
781: [◖ 1 ◗, ◖ 3 =  1 + 1·2^1 ◗, ◖ 195 =  3 + 3·2^6 ◗, ◖ 781 =  1 + 195·2^2 ◗]
783: [◖ 1 ◗, ◖ 3 =  1 + 1·2^1 ◗, ◖ 49 =  1 + 3·2^4 ◗, ◖ 783 = -1 + 49·2^4 ◗]
785: [◖ 1 ◗, ◖ 3 =  1 + 1·2^1 ◗, ◖ 49 =  1 + 3·2^4 ◗, ◖ 785 =  1 + 49·2^4 ◗]
787: [◖ 1 ◗, ◖ 3 =  1 + 1·2^1 ◗, ◖ 49 =  1 + 3·2^4 ◗, ◖ 787 =  3 + 49·2^4 ◗]
789: [◖ 1 ◗, ◖ 3 =  1 + 1·2^1 ◗, ◖ 99 =  3 + 3·2^5 ◗, ◖ 789 = -3 + 99·2^3 ◗]
791: [◖ 1 ◗, ◖ 3 =  1 + 1·2^1 ◗, ◖ 99 =  3 + 3·2^5 ◗, ◖ 791 = -1 + 99·2^3 ◗]
793: [◖ 1 ◗, ◖ 3 =  1 + 1·2^1 ◗, ◖ 99 =  3 + 3·2^5 ◗, ◖ 793 =  1 + 99·2^3 ◗]
795: [◖ 1 ◗, ◖ 3 =  1 + 1·2^1 ◗, ◖ 99 =  3 + 3·2^5 ◗, ◖ 795 =  3 + 99·2^3 ◗]
797: [◖ 1 ◗, ◖ 3 =  1 + 1·2^1 ◗, ◖ 25 =  1 + 3·2^3 ◗, ◖ 797 = -3 + 25·2^5 ◗]
799: [◖ 1 ◗, ◖ 3 =  1 + 1·2^1 ◗, ◖ 25 =  1 + 3·2^3 ◗, ◖ 799 = -1 + 25·2^5 ◗]
801: [◖ 1 ◗, ◖ 3 =  1 + 1·2^1 ◗, ◖ 25 =  1 + 3·2^3 ◗, ◖ 801 =  1 + 25·2^5 ◗]
803: [◖ 1 ◗, ◖ 3 =  1 + 1·2^1 ◗, ◖ 25 =  1 + 3·2^3 ◗, ◖ 803 =  3 + 25·2^5 ◗]
----
807: [◖ 1 ◗, ◖ 7 = -1 + 1·2^3 ◗, ◖ 217 = -7 + 7·2^5 ◗, ◖ 807 = -217 + 1·2^10 ◗]
809: [◖ 1 ◗, ◖ 9 =  1 + 1·2^3 ◗, ◖ 297 =  9 + 9·2^5 ◗, ◖ 809 =  297 + 1·2^9 ◗]
----
813: [◖ 1 ◗, ◖ 3 =  1 + 1·2^1 ◗, ◖ 51 =  3 + 3·2^4 ◗, ◖ 813 = -3 + 51·2^4 ◗]
815: [◖ 1 ◗, ◖ 3 =  1 + 1·2^1 ◗, ◖ 51 =  3 + 3·2^4 ◗, ◖ 815 = -1 + 51·2^4 ◗]
817: [◖ 1 ◗, ◖ 3 =  1 + 1·2^1 ◗, ◖ 51 =  3 + 3·2^4 ◗, ◖ 817 =  1 + 51·2^4 ◗]
819: [◖ 1 ◗, ◖ 3 =  1 + 1·2^1 ◗, ◖ 51 =  3 + 3·2^4 ◗, ◖ 819 =  3 + 51·2^4 ◗]
----
823: [◖ 1 ◗, ◖ 9 =  1 + 1·2^3 ◗, ◖ 567 = -9 + 9·2^6 ◗, ◖ 823 =  567 + 1·2^8 ◗]
825: [◖ 1 ◗, ◖ 3 =  1 + 1·2^1 ◗, ◖ 25 =  1 + 3·2^3 ◗, ◖ 825 =  25 + 25·2^5 ◗]
827: [◖ 1 ◗, ◖ 5 =  1 + 1·2^2 ◗, ◖ 315 = -5 + 5·2^6 ◗, ◖ 827 =  315 + 1·2^9 ◗]
829: [◖ 1 ◗, ◖ 3 =  1 + 1·2^1 ◗, ◖ 13 =  1 + 3·2^2 ◗, ◖ 829 = -3 + 13·2^6 ◗]
831: [◖ 1 ◗, ◖ 3 =  1 + 1·2^1 ◗, ◖ 13 =  1 + 3·2^2 ◗, ◖ 831 = -1 + 13·2^6 ◗]
833: [◖ 1 ◗, ◖ 3 =  1 + 1·2^1 ◗, ◖ 13 =  1 + 3·2^2 ◗, ◖ 833 =  1 + 13·2^6 ◗]
835: [◖ 1 ◗, ◖ 3 =  1 + 1·2^1 ◗, ◖ 13 =  1 + 3·2^2 ◗, ◖ 835 =  3 + 13·2^6 ◗]
837: [◖ 1 ◗, ◖ 3 =  1 + 1·2^1 ◗, ◖ 93 = -3 + 3·2^5 ◗, ◖ 837 =  93 + 93·2^3 ◗]
839: [◖ 1 ◗, ◖ 7 = -1 + 1·2^3 ◗, ◖ 105 = -7 + 7·2^4 ◗, ◖ 839 = -1 + 105·2^3 ◗]
841: [◖ 1 ◗, ◖ 7 = -1 + 1·2^3 ◗, ◖ 105 = -7 + 7·2^4 ◗, ◖ 841 =  1 + 105·2^3 ◗]
----
845: [◖ 1 ◗, ◖ 3 =  1 + 1·2^1 ◗, ◖ 13 =  1 + 3·2^2 ◗, ◖ 845 =  13 + 13·2^6 ◗]
847: [◖ 1 ◗, ◖ 15 = -1 + 1·2^4 ◗, ◖ 975 =  15 + 15·2^6 ◗, ◖ 847 =  975 - 1·2^7 ◗]
849: [◖ 1 ◗, ◖ 17 =  1 + 1·2^4 ◗, ◖ 1105 =  17 + 17·2^6 ◗, ◖ 849 =  1105 - 1·2^8 ◗]
----
855: [◖ 1 ◗, ◖ 3 =  1 + 1·2^1 ◗, ◖ 95 = -1 + 3·2^5 ◗, ◖ 855 =  95 + 95·2^3 ◗]
857: [◖ 1 ◗, ◖ 7 = -1 + 1·2^3 ◗, ◖ 27 = -1 + 7·2^2 ◗, ◖ 857 = -7 + 27·2^5 ◗]
859: [◖ 1 ◗, ◖ 5 =  1 + 1·2^2 ◗, ◖ 165 =  5 + 5·2^5 ◗, ◖ 859 = -165 + 1·2^10 ◗]
861: [◖ 1 ◗, ◖ 7 = -1 + 1·2^3 ◗, ◖ 217 = -7 + 7·2^5 ◗, ◖ 861 = -7 + 217·2^2 ◗]
863: [◖ 1 ◗, ◖ 7 = -1 + 1·2^3 ◗, ◖ 27 = -1 + 7·2^2 ◗, ◖ 863 = -1 + 27·2^5 ◗]
865: [◖ 1 ◗, ◖ 7 = -1 + 1·2^3 ◗, ◖ 27 = -1 + 7·2^2 ◗, ◖ 865 =  1 + 27·2^5 ◗]
867: [◖ 1 ◗, ◖ 7 = -1 + 1·2^3 ◗, ◖ 217 = -7 + 7·2^5 ◗, ◖ 867 = -1 + 217·2^2 ◗]
869: [◖ 1 ◗, ◖ 7 = -1 + 1·2^3 ◗, ◖ 217 = -7 + 7·2^5 ◗, ◖ 869 =  1 + 217·2^2 ◗]
871: [◖ 1 ◗, ◖ 7 = -1 + 1·2^3 ◗, ◖ 27 = -1 + 7·2^2 ◗, ◖ 871 =  7 + 27·2^5 ◗]
873: [◖ 1 ◗, ◖ 7 = -1 + 1·2^3 ◗, ◖ 55 = -1 + 7·2^3 ◗, ◖ 873 = -7 + 55·2^4 ◗]
875: [◖ 1 ◗, ◖ 7 = -1 + 1·2^3 ◗, ◖ 217 = -7 + 7·2^5 ◗, ◖ 875 =  7 + 217·2^2 ◗]
----
879: [◖ 1 ◗, ◖ 7 = -1 + 1·2^3 ◗, ◖ 55 = -1 + 7·2^3 ◗, ◖ 879 = -1 + 55·2^4 ◗]
881: [◖ 1 ◗, ◖ 7 = -1 + 1·2^3 ◗, ◖ 55 = -1 + 7·2^3 ◗, ◖ 881 =  1 + 55·2^4 ◗]
883: [◖ 1 ◗, ◖ 7 = -1 + 1·2^3 ◗, ◖ 441 = -7 + 7·2^6 ◗, ◖ 883 =  1 + 441·2^1 ◗]
885: [◖ 1 ◗, ◖ 7 = -1 + 1·2^3 ◗, ◖ 223 = -1 + 7·2^5 ◗, ◖ 885 = -7 + 223·2^2 ◗]
887: [◖ 1 ◗, ◖ 7 = -1 + 1·2^3 ◗, ◖ 111 = -1 + 7·2^4 ◗, ◖ 887 = -1 + 111·2^3 ◗]
889: [◖ 1 ◗, ◖ 7 = -1 + 1·2^3 ◗, ◖ 889 = -7 + 7·2^7 ◗]
891: [◖ 1 ◗, ◖ 7 = -1 + 1·2^3 ◗, ◖ 223 = -1 + 7·2^5 ◗, ◖ 891 = -1 + 223·2^2 ◗]
893: [◖ 1 ◗, ◖ 7 = -1 + 1·2^3 ◗, ◖ 223 = -1 + 7·2^5 ◗, ◖ 893 =  1 + 223·2^2 ◗]
895: [◖ 1 ◗, ◖ 7 = -1 + 1·2^3 ◗, ◖ 895 = -1 + 7·2^7 ◗]
897: [◖ 1 ◗, ◖ 7 = -1 + 1·2^3 ◗, ◖ 897 =  1 + 7·2^7 ◗]
899: [◖ 1 ◗, ◖ 7 = -1 + 1·2^3 ◗, ◖ 225 =  1 + 7·2^5 ◗, ◖ 899 = -1 + 225·2^2 ◗]
901: [◖ 1 ◗, ◖ 7 = -1 + 1·2^3 ◗, ◖ 225 =  1 + 7·2^5 ◗, ◖ 901 =  1 + 225·2^2 ◗]
903: [◖ 1 ◗, ◖ 7 = -1 + 1·2^3 ◗, ◖ 903 =  7 + 7·2^7 ◗]
905: [◖ 1 ◗, ◖ 7 = -1 + 1·2^3 ◗, ◖ 113 =  1 + 7·2^4 ◗, ◖ 905 =  1 + 113·2^3 ◗]
907: [◖ 1 ◗, ◖ 7 = -1 + 1·2^3 ◗, ◖ 225 =  1 + 7·2^5 ◗, ◖ 907 =  7 + 225·2^2 ◗]
909: [◖ 1 ◗, ◖ 7 = -1 + 1·2^3 ◗, ◖ 455 =  7 + 7·2^6 ◗, ◖ 909 = -1 + 455·2^1 ◗]
911: [◖ 1 ◗, ◖ 7 = -1 + 1·2^3 ◗, ◖ 57 =  1 + 7·2^3 ◗, ◖ 911 = -1 + 57·2^4 ◗]
913: [◖ 1 ◗, ◖ 7 = -1 + 1·2^3 ◗, ◖ 57 =  1 + 7·2^3 ◗, ◖ 913 =  1 + 57·2^4 ◗]
915: [◖ 1 ◗, ◖ 15 = -1 + 1·2^4 ◗, ◖ 465 = -15 + 15·2^5 ◗, ◖ 915 = -15 + 465·2^1 ◗]
917: [◖ 1 ◗, ◖ 7 = -1 + 1·2^3 ◗, ◖ 231 =  7 + 7·2^5 ◗, ◖ 917 = -7 + 231·2^2 ◗]
919: [◖ 1 ◗, ◖ 7 = -1 + 1·2^3 ◗, ◖ 57 =  1 + 7·2^3 ◗, ◖ 919 =  7 + 57·2^4 ◗]
921: [◖ 1 ◗, ◖ 7 = -1 + 1·2^3 ◗, ◖ 29 =  1 + 7·2^2 ◗, ◖ 921 = -7 + 29·2^5 ◗]
923: [◖ 1 ◗, ◖ 7 = -1 + 1·2^3 ◗, ◖ 231 =  7 + 7·2^5 ◗, ◖ 923 = -1 + 231·2^2 ◗]
925: [◖ 1 ◗, ◖ 7 = -1 + 1·2^3 ◗, ◖ 231 =  7 + 7·2^5 ◗, ◖ 925 =  1 + 231·2^2 ◗]
927: [◖ 1 ◗, ◖ 7 = -1 + 1·2^3 ◗, ◖ 29 =  1 + 7·2^2 ◗, ◖ 927 = -1 + 29·2^5 ◗]
929: [◖ 1 ◗, ◖ 7 = -1 + 1·2^3 ◗, ◖ 29 =  1 + 7·2^2 ◗, ◖ 929 =  1 + 29·2^5 ◗]
931: [◖ 1 ◗, ◖ 15 = -1 + 1·2^4 ◗, ◖ 465 = -15 + 15·2^5 ◗, ◖ 931 =  1 + 465·2^1 ◗]
----
935: [◖ 1 ◗, ◖ 7 = -1 + 1·2^3 ◗, ◖ 29 =  1 + 7·2^2 ◗, ◖ 935 =  7 + 29·2^5 ◗]
937: [◖ 1 ◗, ◖ 15 = -1 + 1·2^4 ◗, ◖ 119 = -1 + 15·2^3 ◗, ◖ 937 = -15 + 119·2^3 ◗]
939: [◖ 1 ◗, ◖ 5 =  1 + 1·2^2 ◗, ◖ 85 =  5 + 5·2^4 ◗, ◖ 939 = -85 + 1·2^10 ◗]
941: [◖ 1 ◗, ◖ 15 = -1 + 1·2^4 ◗, ◖ 239 = -1 + 15·2^4 ◗, ◖ 941 = -15 + 239·2^2 ◗]
943: [◖ 1 ◗, ◖ 15 = -1 + 1·2^4 ◗, ◖ 59 = -1 + 15·2^2 ◗, ◖ 943 = -1 + 59·2^4 ◗]
945: [◖ 1 ◗, ◖ 15 = -1 + 1·2^4 ◗, ◖ 945 = -15 + 15·2^6 ◗]
947: [◖ 1 ◗, ◖ 15 = -1 + 1·2^4 ◗, ◖ 481 =  1 + 15·2^5 ◗, ◖ 947 = -15 + 481·2^1 ◗]
949: [◖ 1 ◗, ◖ 15 = -1 + 1·2^4 ◗, ◖ 241 =  1 + 15·2^4 ◗, ◖ 949 = -15 + 241·2^2 ◗]
951: [◖ 1 ◗, ◖ 15 = -1 + 1·2^4 ◗, ◖ 119 = -1 + 15·2^3 ◗, ◖ 951 = -1 + 119·2^3 ◗]
953: [◖ 1 ◗, ◖ 15 = -1 + 1·2^4 ◗, ◖ 119 = -1 + 15·2^3 ◗, ◖ 953 =  1 + 119·2^3 ◗]
955: [◖ 1 ◗, ◖ 15 = -1 + 1·2^4 ◗, ◖ 239 = -1 + 15·2^4 ◗, ◖ 955 = -1 + 239·2^2 ◗]
957: [◖ 1 ◗, ◖ 15 = -1 + 1·2^4 ◗, ◖ 239 = -1 + 15·2^4 ◗, ◖ 957 =  1 + 239·2^2 ◗]
959: [◖ 1 ◗, ◖ 15 = -1 + 1·2^4 ◗, ◖ 959 = -1 + 15·2^6 ◗]
961: [◖ 1 ◗, ◖ 15 = -1 + 1·2^4 ◗, ◖ 961 =  1 + 15·2^6 ◗]
963: [◖ 1 ◗, ◖ 15 = -1 + 1·2^4 ◗, ◖ 241 =  1 + 15·2^4 ◗, ◖ 963 = -1 + 241·2^2 ◗]
965: [◖ 1 ◗, ◖ 15 = -1 + 1·2^4 ◗, ◖ 241 =  1 + 15·2^4 ◗, ◖ 965 =  1 + 241·2^2 ◗]
967: [◖ 1 ◗, ◖ 15 = -1 + 1·2^4 ◗, ◖ 121 =  1 + 15·2^3 ◗, ◖ 967 = -1 + 121·2^3 ◗]
969: [◖ 1 ◗, ◖ 15 = -1 + 1·2^4 ◗, ◖ 121 =  1 + 15·2^3 ◗, ◖ 969 =  1 + 121·2^3 ◗]
971: [◖ 1 ◗, ◖ 15 = -1 + 1·2^4 ◗, ◖ 239 = -1 + 15·2^4 ◗, ◖ 971 =  15 + 239·2^2 ◗]
973: [◖ 1 ◗, ◖ 15 = -1 + 1·2^4 ◗, ◖ 479 = -1 + 15·2^5 ◗, ◖ 973 =  15 + 479·2^1 ◗]
975: [◖ 1 ◗, ◖ 15 = -1 + 1·2^4 ◗, ◖ 975 =  15 + 15·2^6 ◗]
977: [◖ 1 ◗, ◖ 15 = -1 + 1·2^4 ◗, ◖ 61 =  1 + 15·2^2 ◗, ◖ 977 =  1 + 61·2^4 ◗]
979: [◖ 1 ◗, ◖ 15 = -1 + 1·2^4 ◗, ◖ 241 =  1 + 15·2^4 ◗, ◖ 979 =  15 + 241·2^2 ◗]
----
983: [◖ 1 ◗, ◖ 31 = -1 + 1·2^5 ◗, ◖ 123 = -1 + 31·2^2 ◗, ◖ 983 = -1 + 123·2^3 ◗]
985: [◖ 1 ◗, ◖ 31 = -1 + 1·2^5 ◗, ◖ 123 = -1 + 31·2^2 ◗, ◖ 985 =  1 + 123·2^3 ◗]
987: [◖ 1 ◗, ◖ 31 = -1 + 1·2^5 ◗, ◖ 247 = -1 + 31·2^3 ◗, ◖ 987 = -1 + 247·2^2 ◗]
989: [◖ 1 ◗, ◖ 31 = -1 + 1·2^5 ◗, ◖ 247 = -1 + 31·2^3 ◗, ◖ 989 =  1 + 247·2^2 ◗]
991: [◖ 1 ◗, ◖ 31 = -1 + 1·2^5 ◗, ◖ 991 = -1 + 31·2^5 ◗]
993: [◖ 1 ◗, ◖ 31 = -1 + 1·2^5 ◗, ◖ 993 =  1 + 31·2^5 ◗]
995: [◖ 1 ◗, ◖ 31 = -1 + 1·2^5 ◗, ◖ 249 =  1 + 31·2^3 ◗, ◖ 995 = -1 + 249·2^2 ◗]
997: [◖ 1 ◗, ◖ 31 = -1 + 1·2^5 ◗, ◖ 249 =  1 + 31·2^3 ◗, ◖ 997 =  1 + 249·2^2 ◗]
999: [◖ 1 ◗, ◖ 31 = -1 + 1·2^5 ◗, ◖ 125 =  1 + 31·2^2 ◗, ◖ 999 = -1 + 125·2^3 ◗]
1001: [◖ 1 ◗, ◖ 31 = -1 + 1·2^5 ◗, ◖ 125 =  1 + 31·2^2 ◗, ◖ 1001 =  1 + 125·2^3 ◗]
1003: [◖ 1 ◗, ◖ 63 = -1 + 1·2^6 ◗, ◖ 251 = -1 + 63·2^2 ◗, ◖ 1003 = -1 + 251·2^2 ◗]
1005: [◖ 1 ◗, ◖ 63 = -1 + 1·2^6 ◗, ◖ 251 = -1 + 63·2^2 ◗, ◖ 1005 =  1 + 251·2^2 ◗]
1007: [◖ 1 ◗, ◖ 63 = -1 + 1·2^6 ◗, ◖ 1007 = -1 + 63·2^4 ◗]
1009: [◖ 1 ◗, ◖ 63 = -1 + 1·2^6 ◗, ◖ 1009 =  1 + 63·2^4 ◗]
1011: [◖ 1 ◗, ◖ 63 = -1 + 1·2^6 ◗, ◖ 253 =  1 + 63·2^2 ◗, ◖ 1011 = -1 + 253·2^2 ◗]
1013: [◖ 1 ◗, ◖ 63 = -1 + 1·2^6 ◗, ◖ 253 =  1 + 63·2^2 ◗, ◖ 1013 =  1 + 253·2^2 ◗]
1015: [◖ 1 ◗, ◖ 127 = -1 + 1·2^7 ◗, ◖ 1015 = -1 + 127·2^3 ◗]
1017: [◖ 1 ◗, ◖ 127 = -1 + 1·2^7 ◗, ◖ 1017 =  1 + 127·2^3 ◗]
1019: [◖ 1 ◗, ◖ 255 = -1 + 1·2^8 ◗, ◖ 1019 = -1 + 255·2^2 ◗]
1021: [◖ 1 ◗, ◖ 255 = -1 + 1·2^8 ◗, ◖ 1021 =  1 + 255·2^2 ◗]
1023: [◖ 1 ◗, ◖ 1023 = -1 + 1·2^10 ◗]
====    no guarantee    ====
  ? 1025:
