1: [◖ 1 ◗]
3: [◖ 1 ◗, ◖ 3 =  1 + 1·2^1 ◗]
5: [◖ 1 ◗, ◖ 5 =  1 + 1·2^2 ◗]
7: [◖ 1 ◗, ◖ 7 = -1 + 1·2^3 ◗]
9: [◖ 1 ◗, ◖ 9 =  1 + 1·2^3 ◗]
11: [◖ 1 ◗, ◖ 3 =  1 + 1·2^1 ◗, ◖ 11 = -1 + 3·2^2 ◗]
13: [◖ 1 ◗, ◖ 3 =  1 + 1·2^1 ◗, ◖ 13 =  1 + 3·2^2 ◗]
15: [◖ 1 ◗, ◖ 15 = -1 + 1·2^4 ◗]
17: [◖ 1 ◗, ◖ 17 =  1 + 1·2^4 ◗]
19: [◖ 1 ◗, ◖ 3 =  1 + 1·2^1 ◗, ◖ 19 =  3 + 1·2^4 ◗]
21: [◖ 1 ◗, ◖ 3 =  1 + 1·2^1 ◗, ◖ 21 = -3 + 3·2^3 ◗]
23: [◖ 1 ◗, ◖ 3 =  1 + 1·2^1 ◗, ◖ 23 = -1 + 3·2^3 ◗]
25: [◖ 1 ◗, ◖ 3 =  1 + 1·2^1 ◗, ◖ 25 =  1 + 3·2^3 ◗]
27: [◖ 1 ◗, ◖ 3 =  1 + 1·2^1 ◗, ◖ 27 =  3 + 3·2^3 ◗]
29: [◖ 1 ◗, ◖ 3 =  1 + 1·2^1 ◗, ◖ 29 = -3 + 1·2^5 ◗]
31: [◖ 1 ◗, ◖ 31 = -1 + 1·2^5 ◗]
33: [◖ 1 ◗, ◖ 33 =  1 + 1·2^5 ◗]
35: [◖ 1 ◗, ◖ 3 =  1 + 1·2^1 ◗, ◖ 35 =  3 + 1·2^5 ◗]
37: [◖ 1 ◗, ◖ 5 =  1 + 1·2^2 ◗, ◖ 37 =  5 + 1·2^5 ◗]
39: [◖ 1 ◗, ◖ 5 =  1 + 1·2^2 ◗, ◖ 39 = -1 + 5·2^3 ◗]
41: [◖ 1 ◗, ◖ 5 =  1 + 1·2^2 ◗, ◖ 41 =  1 + 5·2^3 ◗]
43: [◖ 1 ◗, ◖ 3 =  1 + 1·2^1 ◗, ◖ 5 =  1 + 1·2^2 ◗, ◖ 43 =  3 + 5·2^3 ◗]
45: [◖ 1 ◗, ◖ 3 =  1 + 1·2^1 ◗, ◖ 45 = -3 + 3·2^4 ◗]
47: [◖ 1 ◗, ◖ 3 =  1 + 1·2^1 ◗, ◖ 47 = -1 + 3·2^4 ◗]
49: [◖ 1 ◗, ◖ 3 =  1 + 1·2^1 ◗, ◖ 49 =  1 + 3·2^4 ◗]
51: [◖ 1 ◗, ◖ 3 =  1 + 1·2^1 ◗, ◖ 51 =  3 + 3·2^4 ◗]
53: [◖ 1 ◗, ◖ 3 =  1 + 1·2^1 ◗, ◖ 5 =  1 + 1·2^2 ◗, ◖ 53 =  5 + 3·2^4 ◗]
55: [◖ 1 ◗, ◖ 9 =  1 + 1·2^3 ◗, ◖ 55 = -9 + 1·2^6 ◗]
57: [◖ 1 ◗, ◖ 7 = -1 + 1·2^3 ◗, ◖ 57 =  1 + 7·2^3 ◗]
59: [◖ 1 ◗, ◖ 5 =  1 + 1·2^2 ◗, ◖ 59 = -5 + 1·2^6 ◗]
61: [◖ 1 ◗, ◖ 3 =  1 + 1·2^1 ◗, ◖ 61 = -3 + 1·2^6 ◗]
63: [◖ 1 ◗, ◖ 63 = -1 + 1·2^6 ◗]
65: [◖ 1 ◗, ◖ 65 =  1 + 1·2^6 ◗]
67: [◖ 1 ◗, ◖ 3 =  1 + 1·2^1 ◗, ◖ 67 =  3 + 1·2^6 ◗]
69: [◖ 1 ◗, ◖ 5 =  1 + 1·2^2 ◗, ◖ 69 =  5 + 1·2^6 ◗]
71: [◖ 1 ◗, ◖ 9 =  1 + 1·2^3 ◗, ◖ 71 = -1 + 9·2^3 ◗]
73: [◖ 1 ◗, ◖ 9 =  1 + 1·2^3 ◗, ◖ 73 =  1 + 9·2^3 ◗]
75: [◖ 1 ◗, ◖ 5 =  1 + 1·2^2 ◗, ◖ 75 = -5 + 5·2^4 ◗]
77: [◖ 1 ◗, ◖ 3 =  1 + 1·2^1 ◗, ◖ 5 =  1 + 1·2^2 ◗, ◖ 77 = -3 + 5·2^4 ◗]
79: [◖ 1 ◗, ◖ 5 =  1 + 1·2^2 ◗, ◖ 79 = -1 + 5·2^4 ◗]
81: [◖ 1 ◗, ◖ 5 =  1 + 1·2^2 ◗, ◖ 81 =  1 + 5·2^4 ◗]
83: [◖ 1 ◗, ◖ 3 =  1 + 1·2^1 ◗, ◖ 5 =  1 + 1·2^2 ◗, ◖ 83 =  3 + 5·2^4 ◗]
85: [◖ 1 ◗, ◖ 5 =  1 + 1·2^2 ◗, ◖ 85 =  5 + 5·2^4 ◗]
87: [◖ 1 ◗, ◖ 3 =  1 + 1·2^1 ◗, ◖ 9 =  1 + 1·2^3 ◗, ◖ 87 = -9 + 3·2^5 ◗]
89: [◖ 1 ◗, ◖ 3 =  1 + 1·2^1 ◗, ◖ 7 = -1 + 1·2^3 ◗, ◖ 89 = -7 + 3·2^5 ◗]
91: [◖ 1 ◗, ◖ 3 =  1 + 1·2^1 ◗, ◖ 5 =  1 + 1·2^2 ◗, ◖ 91 = -5 + 3·2^5 ◗]
93: [◖ 1 ◗, ◖ 3 =  1 + 1·2^1 ◗, ◖ 93 = -3 + 3·2^5 ◗]
95: [◖ 1 ◗, ◖ 3 =  1 + 1·2^1 ◗, ◖ 95 = -1 + 3·2^5 ◗]
97: [◖ 1 ◗, ◖ 3 =  1 + 1·2^1 ◗, ◖ 97 =  1 + 3·2^5 ◗]
99: [◖ 1 ◗, ◖ 3 =  1 + 1·2^1 ◗, ◖ 99 =  3 + 3·2^5 ◗]
101: [◖ 1 ◗, ◖ 3 =  1 + 1·2^1 ◗, ◖ 5 =  1 + 1·2^2 ◗, ◖ 101 =  5 + 3·2^5 ◗]
103: [◖ 1 ◗, ◖ 3 =  1 + 1·2^1 ◗, ◖ 7 = -1 + 1·2^3 ◗, ◖ 103 =  7 + 3·2^5 ◗]
105: [◖ 1 ◗, ◖ 7 = -1 + 1·2^3 ◗, ◖ 105 = -7 + 7·2^4 ◗]
107: [◖ 1 ◗, ◖ 3 =  1 + 1·2^1 ◗, ◖ 13 =  1 + 3·2^2 ◗, ◖ 107 =  3 + 13·2^3 ◗]
109: [◖ 1 ◗, ◖ 3 =  1 + 1·2^1 ◗, ◖ 7 = -1 + 1·2^3 ◗, ◖ 109 = -3 + 7·2^4 ◗]
111: [◖ 1 ◗, ◖ 7 = -1 + 1·2^3 ◗, ◖ 111 = -1 + 7·2^4 ◗]
113: [◖ 1 ◗, ◖ 7 = -1 + 1·2^3 ◗, ◖ 113 =  1 + 7·2^4 ◗]
115: [◖ 1 ◗, ◖ 3 =  1 + 1·2^1 ◗, ◖ 7 = -1 + 1·2^3 ◗, ◖ 115 =  3 + 7·2^4 ◗]
117: [◖ 1 ◗, ◖ 3 =  1 + 1·2^1 ◗, ◖ 15 = -1 + 1·2^4 ◗, ◖ 117 = -3 + 15·2^3 ◗]
119: [◖ 1 ◗, ◖ 9 =  1 + 1·2^3 ◗, ◖ 119 = -9 + 1·2^7 ◗]
121: [◖ 1 ◗, ◖ 7 = -1 + 1·2^3 ◗, ◖ 121 = -7 + 1·2^7 ◗]
123: [◖ 1 ◗, ◖ 5 =  1 + 1·2^2 ◗, ◖ 123 = -5 + 1·2^7 ◗]
125: [◖ 1 ◗, ◖ 3 =  1 + 1·2^1 ◗, ◖ 125 = -3 + 1·2^7 ◗]
127: [◖ 1 ◗, ◖ 127 = -1 + 1·2^7 ◗]
129: [◖ 1 ◗, ◖ 129 =  1 + 1·2^7 ◗]
131: [◖ 1 ◗, ◖ 3 =  1 + 1·2^1 ◗, ◖ 131 =  3 + 1·2^7 ◗]
133: [◖ 1 ◗, ◖ 5 =  1 + 1·2^2 ◗, ◖ 133 =  5 + 1·2^7 ◗]
135: [◖ 1 ◗, ◖ 9 =  1 + 1·2^3 ◗, ◖ 135 = -9 + 9·2^4 ◗]
137: [◖ 1 ◗, ◖ 9 =  1 + 1·2^3 ◗, ◖ 137 =  9 + 1·2^7 ◗]
139: [◖ 1 ◗, ◖ 3 =  1 + 1·2^1 ◗, ◖ 17 =  1 + 1·2^4 ◗, ◖ 139 =  3 + 17·2^3 ◗]
141: [◖ 1 ◗, ◖ 3 =  1 + 1·2^1 ◗, ◖ 9 =  1 + 1·2^3 ◗, ◖ 141 = -3 + 9·2^4 ◗]
143: [◖ 1 ◗, ◖ 9 =  1 + 1·2^3 ◗, ◖ 143 = -1 + 9·2^4 ◗]
145: [◖ 1 ◗, ◖ 9 =  1 + 1·2^3 ◗, ◖ 145 =  1 + 9·2^4 ◗]
147: [◖ 1 ◗, ◖ 3 =  1 + 1·2^1 ◗, ◖ 9 =  1 + 1·2^3 ◗, ◖ 147 =  3 + 9·2^4 ◗]
149: [◖ 1 ◗, ◖ 3 =  1 + 1·2^1 ◗, ◖ 19 =  3 + 1·2^4 ◗, ◖ 149 = -3 + 19·2^3 ◗]
151: [◖ 1 ◗, ◖ 3 =  1 + 1·2^1 ◗, ◖ 127 = -1 + 1·2^7 ◗, ◖ 151 =  127 + 3·2^3 ◗]
153: [◖ 1 ◗, ◖ 9 =  1 + 1·2^3 ◗, ◖ 153 =  9 + 9·2^4 ◗]
155: [◖ 1 ◗, ◖ 5 =  1 + 1·2^2 ◗, ◖ 155 = -5 + 5·2^5 ◗]
157: [◖ 1 ◗, ◖ 3 =  1 + 1·2^1 ◗, ◖ 5 =  1 + 1·2^2 ◗, ◖ 157 = -3 + 5·2^5 ◗]
159: [◖ 1 ◗, ◖ 5 =  1 + 1·2^2 ◗, ◖ 159 = -1 + 5·2^5 ◗]
161: [◖ 1 ◗, ◖ 5 =  1 + 1·2^2 ◗, ◖ 161 =  1 + 5·2^5 ◗]
163: [◖ 1 ◗, ◖ 3 =  1 + 1·2^1 ◗, ◖ 5 =  1 + 1·2^2 ◗, ◖ 163 =  3 + 5·2^5 ◗]
165: [◖ 1 ◗, ◖ 5 =  1 + 1·2^2 ◗, ◖ 165 =  5 + 5·2^5 ◗]
167: [◖ 1 ◗, ◖ 3 =  1 + 1·2^1 ◗, ◖ 25 =  1 + 3·2^3 ◗, ◖ 167 = -25 + 3·2^6 ◗]
169: [◖ 1 ◗, ◖ 3 =  1 + 1·2^1 ◗, ◖ 23 = -1 + 3·2^3 ◗, ◖ 169 = -23 + 3·2^6 ◗]
171: [◖ 1 ◗, ◖ 3 =  1 + 1·2^1 ◗, ◖ 21 = -3 + 3·2^3 ◗, ◖ 171 =  3 + 21·2^3 ◗]
173: [◖ 1 ◗, ◖ 3 =  1 + 1·2^1 ◗, ◖ 11 = -1 + 3·2^2 ◗, ◖ 173 = -3 + 11·2^4 ◗]
175: [◖ 1 ◗, ◖ 3 =  1 + 1·2^1 ◗, ◖ 17 =  1 + 1·2^4 ◗, ◖ 175 = -17 + 3·2^6 ◗]
177: [◖ 1 ◗, ◖ 3 =  1 + 1·2^1 ◗, ◖ 15 = -1 + 1·2^4 ◗, ◖ 177 = -15 + 3·2^6 ◗]
179: [◖ 1 ◗, ◖ 3 =  1 + 1·2^1 ◗, ◖ 13 =  1 + 3·2^2 ◗, ◖ 179 = -13 + 3·2^6 ◗]
181: [◖ 1 ◗, ◖ 3 =  1 + 1·2^1 ◗, ◖ 11 = -1 + 3·2^2 ◗, ◖ 181 = -11 + 3·2^6 ◗]
183: [◖ 1 ◗, ◖ 3 =  1 + 1·2^1 ◗, ◖ 9 =  1 + 1·2^3 ◗, ◖ 183 = -9 + 3·2^6 ◗]
185: [◖ 1 ◗, ◖ 3 =  1 + 1·2^1 ◗, ◖ 7 = -1 + 1·2^3 ◗, ◖ 185 = -7 + 3·2^6 ◗]
187: [◖ 1 ◗, ◖ 3 =  1 + 1·2^1 ◗, ◖ 5 =  1 + 1·2^2 ◗, ◖ 187 = -5 + 3·2^6 ◗]
189: [◖ 1 ◗, ◖ 3 =  1 + 1·2^1 ◗, ◖ 189 = -3 + 3·2^6 ◗]
191: [◖ 1 ◗, ◖ 3 =  1 + 1·2^1 ◗, ◖ 191 = -1 + 3·2^6 ◗]
193: [◖ 1 ◗, ◖ 3 =  1 + 1·2^1 ◗, ◖ 193 =  1 + 3·2^6 ◗]
195: [◖ 1 ◗, ◖ 3 =  1 + 1·2^1 ◗, ◖ 195 =  3 + 3·2^6 ◗]
197: [◖ 1 ◗, ◖ 3 =  1 + 1·2^1 ◗, ◖ 5 =  1 + 1·2^2 ◗, ◖ 197 =  5 + 3·2^6 ◗]
199: [◖ 1 ◗, ◖ 3 =  1 + 1·2^1 ◗, ◖ 7 = -1 + 1·2^3 ◗, ◖ 199 =  7 + 3·2^6 ◗]
201: [◖ 1 ◗, ◖ 3 =  1 + 1·2^1 ◗, ◖ 9 =  1 + 1·2^3 ◗, ◖ 201 =  9 + 3·2^6 ◗]
203: [◖ 1 ◗, ◖ 3 =  1 + 1·2^1 ◗, ◖ 11 = -1 + 3·2^2 ◗, ◖ 203 =  11 + 3·2^6 ◗]
205: [◖ 1 ◗, ◖ 3 =  1 + 1·2^1 ◗, ◖ 13 =  1 + 3·2^2 ◗, ◖ 205 = -3 + 13·2^4 ◗]
207: [◖ 1 ◗, ◖ 3 =  1 + 1·2^1 ◗, ◖ 15 = -1 + 1·2^4 ◗, ◖ 207 =  15 + 3·2^6 ◗]
209: [◖ 1 ◗, ◖ 3 =  1 + 1·2^1 ◗, ◖ 17 =  1 + 1·2^4 ◗, ◖ 209 =  17 + 3·2^6 ◗]
211: [◖ 1 ◗, ◖ 3 =  1 + 1·2^1 ◗, ◖ 13 =  1 + 3·2^2 ◗, ◖ 211 =  3 + 13·2^4 ◗]
213: [◖ 1 ◗, ◖ 3 =  1 + 1·2^1 ◗, ◖ 27 =  3 + 3·2^3 ◗, ◖ 213 = -3 + 27·2^3 ◗]
215: [◖ 1 ◗, ◖ 3 =  1 + 1·2^1 ◗, ◖ 23 = -1 + 3·2^3 ◗, ◖ 215 =  23 + 3·2^6 ◗]
217: [◖ 1 ◗, ◖ 7 = -1 + 1·2^3 ◗, ◖ 217 = -7 + 7·2^5 ◗]
219: [◖ 1 ◗, ◖ 3 =  1 + 1·2^1 ◗, ◖ 27 =  3 + 3·2^3 ◗, ◖ 219 =  3 + 27·2^3 ◗]
221: [◖ 1 ◗, ◖ 3 =  1 + 1·2^1 ◗, ◖ 7 = -1 + 1·2^3 ◗, ◖ 221 = -3 + 7·2^5 ◗]
223: [◖ 1 ◗, ◖ 7 = -1 + 1·2^3 ◗, ◖ 223 = -1 + 7·2^5 ◗]
225: [◖ 1 ◗, ◖ 7 = -1 + 1·2^3 ◗, ◖ 225 =  1 + 7·2^5 ◗]
227: [◖ 1 ◗, ◖ 3 =  1 + 1·2^1 ◗, ◖ 7 = -1 + 1·2^3 ◗, ◖ 227 =  3 + 7·2^5 ◗]
229: [◖ 1 ◗, ◖ 3 =  1 + 1·2^1 ◗, ◖ 29 = -3 + 1·2^5 ◗, ◖ 229 = -3 + 29·2^3 ◗]
231: [◖ 1 ◗, ◖ 7 = -1 + 1·2^3 ◗, ◖ 231 =  7 + 7·2^5 ◗]
233: [◖ 1 ◗, ◖ 3 =  1 + 1·2^1 ◗, ◖ 257 =  1 + 1·2^8 ◗, ◖ 233 =  257 - 3·2^3 ◗]
235: [◖ 1 ◗, ◖ 3 =  1 + 1·2^1 ◗, ◖ 47 = -1 + 3·2^4 ◗, ◖ 235 =  47 + 47·2^2 ◗]
237: [◖ 1 ◗, ◖ 3 =  1 + 1·2^1 ◗, ◖ 15 = -1 + 1·2^4 ◗, ◖ 237 = -3 + 15·2^4 ◗]
239: [◖ 1 ◗, ◖ 17 =  1 + 1·2^4 ◗, ◖ 239 = -17 + 1·2^8 ◗]
241: [◖ 1 ◗, ◖ 15 = -1 + 1·2^4 ◗, ◖ 241 =  1 + 15·2^4 ◗]
243: [◖ 1 ◗, ◖ 3 =  1 + 1·2^1 ◗, ◖ 15 = -1 + 1·2^4 ◗, ◖ 243 =  3 + 15·2^4 ◗]
245: [◖ 1 ◗, ◖ 3 =  1 + 1·2^1 ◗, ◖ 31 = -1 + 1·2^5 ◗, ◖ 245 = -3 + 31·2^3 ◗]
247: [◖ 1 ◗, ◖ 9 =  1 + 1·2^3 ◗, ◖ 247 = -9 + 1·2^8 ◗]
249: [◖ 1 ◗, ◖ 7 = -1 + 1·2^3 ◗, ◖ 249 = -7 + 1·2^8 ◗]
251: [◖ 1 ◗, ◖ 5 =  1 + 1·2^2 ◗, ◖ 251 = -5 + 1·2^8 ◗]
253: [◖ 1 ◗, ◖ 3 =  1 + 1·2^1 ◗, ◖ 253 = -3 + 1·2^8 ◗]
255: [◖ 1 ◗, ◖ 255 = -1 + 1·2^8 ◗]
257: [◖ 1 ◗, ◖ 257 =  1 + 1·2^8 ◗]
259: [◖ 1 ◗, ◖ 3 =  1 + 1·2^1 ◗, ◖ 259 =  3 + 1·2^8 ◗]
261: [◖ 1 ◗, ◖ 5 =  1 + 1·2^2 ◗, ◖ 261 =  5 + 1·2^8 ◗]
263: [◖ 1 ◗, ◖ 7 = -1 + 1·2^3 ◗, ◖ 263 =  7 + 1·2^8 ◗]
265: [◖ 1 ◗, ◖ 9 =  1 + 1·2^3 ◗, ◖ 265 =  9 + 1·2^8 ◗]
267: [◖ 1 ◗, ◖ 3 =  1 + 1·2^1 ◗, ◖ 33 =  1 + 1·2^5 ◗, ◖ 267 =  3 + 33·2^3 ◗]
269: [◖ 1 ◗, ◖ 3 =  1 + 1·2^1 ◗, ◖ 17 =  1 + 1·2^4 ◗, ◖ 269 = -3 + 17·2^4 ◗]
271: [◖ 1 ◗, ◖ 17 =  1 + 1·2^4 ◗, ◖ 271 = -1 + 17·2^4 ◗]
273: [◖ 1 ◗, ◖ 17 =  1 + 1·2^4 ◗, ◖ 273 =  1 + 17·2^4 ◗]
275: [◖ 1 ◗, ◖ 3 =  1 + 1·2^1 ◗, ◖ 17 =  1 + 1·2^4 ◗, ◖ 275 =  3 + 17·2^4 ◗]
277: [◖ 1 ◗, ◖ 3 =  1 + 1·2^1 ◗, ◖ 35 =  3 + 1·2^5 ◗, ◖ 277 = -3 + 35·2^3 ◗]
279: [◖ 1 ◗, ◖ 9 =  1 + 1·2^3 ◗, ◖ 279 = -9 + 9·2^5 ◗]
281: [◖ 1 ◗, ◖ 3 =  1 + 1·2^1 ◗, ◖ 257 =  1 + 1·2^8 ◗, ◖ 281 =  257 + 3·2^3 ◗]
283: [◖ 1 ◗, ◖ 3 =  1 + 1·2^1 ◗, ◖ 35 =  3 + 1·2^5 ◗, ◖ 283 =  3 + 35·2^3 ◗]
285: [◖ 1 ◗, ◖ 3 =  1 + 1·2^1 ◗, ◖ 9 =  1 + 1·2^3 ◗, ◖ 285 = -3 + 9·2^5 ◗]
287: [◖ 1 ◗, ◖ 9 =  1 + 1·2^3 ◗, ◖ 287 = -1 + 9·2^5 ◗]
289: [◖ 1 ◗, ◖ 9 =  1 + 1·2^3 ◗, ◖ 289 =  1 + 9·2^5 ◗]
291: [◖ 1 ◗, ◖ 3 =  1 + 1·2^1 ◗, ◖ 9 =  1 + 1·2^3 ◗, ◖ 291 =  3 + 9·2^5 ◗]
293: [◖ 1 ◗, ◖ 5 =  1 + 1·2^2 ◗, ◖ 9 =  1 + 1·2^3 ◗, ◖ 293 =  5 + 9·2^5 ◗]
295: [◖ 1 ◗, ◖ 5 =  1 + 1·2^2 ◗, ◖ 255 = -1 + 1·2^8 ◗, ◖ 295 =  255 + 5·2^3 ◗]
297: [◖ 1 ◗, ◖ 9 =  1 + 1·2^3 ◗, ◖ 297 =  9 + 9·2^5 ◗]
299: [◖ 1 ◗, ◖ 5 =  1 + 1·2^2 ◗, ◖ 21 =  1 + 5·2^2 ◗, ◖ 299 = -21 + 5·2^6 ◗]
301: [◖ 1 ◗, ◖ 3 =  1 + 1·2^1 ◗, ◖ 19 =  3 + 1·2^4 ◗, ◖ 301 = -3 + 19·2^4 ◗]
303: [◖ 1 ◗, ◖ 3 =  1 + 1·2^1 ◗, ◖ 255 = -1 + 1·2^8 ◗, ◖ 303 =  255 + 3·2^4 ◗]
305: [◖ 1 ◗, ◖ 3 =  1 + 1·2^1 ◗, ◖ 257 =  1 + 1·2^8 ◗, ◖ 305 =  257 + 3·2^4 ◗]
307: [◖ 1 ◗, ◖ 3 =  1 + 1·2^1 ◗, ◖ 19 =  3 + 1·2^4 ◗, ◖ 307 =  3 + 19·2^4 ◗]
309: [◖ 1 ◗, ◖ 5 =  1 + 1·2^2 ◗, ◖ 11 =  1 + 5·2^1 ◗, ◖ 309 = -11 + 5·2^6 ◗]
311: [◖ 1 ◗, ◖ 5 =  1 + 1·2^2 ◗, ◖ 9 =  1 + 1·2^3 ◗, ◖ 311 = -9 + 5·2^6 ◗]
313: [◖ 1 ◗, ◖ 5 =  1 + 1·2^2 ◗, ◖ 7 = -1 + 1·2^3 ◗, ◖ 313 = -7 + 5·2^6 ◗]
315: [◖ 1 ◗, ◖ 5 =  1 + 1·2^2 ◗, ◖ 315 = -5 + 5·2^6 ◗]
317: [◖ 1 ◗, ◖ 3 =  1 + 1·2^1 ◗, ◖ 5 =  1 + 1·2^2 ◗, ◖ 317 = -3 + 5·2^6 ◗]
319: [◖ 1 ◗, ◖ 5 =  1 + 1·2^2 ◗, ◖ 319 = -1 + 5·2^6 ◗]
321: [◖ 1 ◗, ◖ 5 =  1 + 1·2^2 ◗, ◖ 321 =  1 + 5·2^6 ◗]
323: [◖ 1 ◗, ◖ 3 =  1 + 1·2^1 ◗, ◖ 5 =  1 + 1·2^2 ◗, ◖ 323 =  3 + 5·2^6 ◗]
325: [◖ 1 ◗, ◖ 5 =  1 + 1·2^2 ◗, ◖ 325 =  5 + 5·2^6 ◗]
327: [◖ 1 ◗, ◖ 5 =  1 + 1·2^2 ◗, ◖ 7 = -1 + 1·2^3 ◗, ◖ 327 =  7 + 5·2^6 ◗]
329: [◖ 1 ◗, ◖ 3 =  1 + 1·2^1 ◗, ◖ 47 = -1 + 3·2^4 ◗, ◖ 329 = -47 + 47·2^3 ◗]
331: [◖ 1 ◗, ◖ 5 =  1 + 1·2^2 ◗, ◖ 11 =  1 + 5·2^1 ◗, ◖ 331 =  11 + 5·2^6 ◗]
333: [◖ 1 ◗, ◖ 3 =  1 + 1·2^1 ◗, ◖ 21 = -3 + 3·2^3 ◗, ◖ 333 = -3 + 21·2^4 ◗]
335: [◖ 1 ◗, ◖ 3 =  1 + 1·2^1 ◗, ◖ 49 =  1 + 3·2^4 ◗, ◖ 335 = -49 + 3·2^7 ◗]
337: [◖ 1 ◗, ◖ 3 =  1 + 1·2^1 ◗, ◖ 47 = -1 + 3·2^4 ◗, ◖ 337 = -47 + 3·2^7 ◗]
339: [◖ 1 ◗, ◖ 3 =  1 + 1·2^1 ◗, ◖ 21 = -3 + 3·2^3 ◗, ◖ 339 =  3 + 21·2^4 ◗]
341: [◖ 1 ◗, ◖ 3 =  1 + 1·2^1 ◗, ◖ 11 = -1 + 3·2^2 ◗, ◖ 341 = -11 + 11·2^5 ◗]
343: [◖ 1 ◗, ◖ 3 =  1 + 1·2^1 ◗, ◖ 49 =  1 + 3·2^4 ◗, ◖ 343 = -49 + 49·2^3 ◗]
345: [◖ 1 ◗, ◖ 3 = -1 + 1·2^2 ◗, ◖ 23 = -1 + 3·2^3 ◗, ◖ 345 = -23 + 23·2^4 ◗]
347: [◖ 1 ◗, ◖ 5 =  1 + 1·2^2 ◗, ◖ 11 =  1 + 5·2^1 ◗, ◖ 347 = -5 + 11·2^5 ◗]
349: [◖ 1 ◗, ◖ 3 =  1 + 1·2^1 ◗, ◖ 11 = -1 + 3·2^2 ◗, ◖ 349 = -3 + 11·2^5 ◗]
351: [◖ 1 ◗, ◖ 3 =  1 + 1·2^1 ◗, ◖ 33 =  1 + 1·2^5 ◗, ◖ 351 = -33 + 3·2^7 ◗]
353: [◖ 1 ◗, ◖ 3 =  1 + 1·2^1 ◗, ◖ 31 = -1 + 1·2^5 ◗, ◖ 353 = -31 + 3·2^7 ◗]
355: [◖ 1 ◗, ◖ 3 =  1 + 1·2^1 ◗, ◖ 11 = -1 + 3·2^2 ◗, ◖ 355 =  3 + 11·2^5 ◗]
357: [◖ 1 ◗, ◖ 3 =  1 + 1·2^1 ◗, ◖ 27 =  3 + 3·2^3 ◗, ◖ 357 = -27 + 3·2^7 ◗]
359: [◖ 1 ◗, ◖ 3 =  1 + 1·2^1 ◗, ◖ 25 =  1 + 3·2^3 ◗, ◖ 359 = -25 + 3·2^7 ◗]
361: [◖ 1 ◗, ◖ 3 =  1 + 1·2^1 ◗, ◖ 23 = -1 + 3·2^3 ◗, ◖ 361 = -23 + 3·2^7 ◗]
363: [◖ 1 ◗, ◖ 3 =  1 + 1·2^1 ◗, ◖ 11 = -1 + 3·2^2 ◗, ◖ 363 =  11 + 11·2^5 ◗]
365: [◖ 1 ◗, ◖ 3 =  1 + 1·2^1 ◗, ◖ 23 = -1 + 3·2^3 ◗, ◖ 365 = -3 + 23·2^4 ◗]
367: [◖ 1 ◗, ◖ 3 =  1 + 1·2^1 ◗, ◖ 17 =  1 + 1·2^4 ◗, ◖ 367 = -17 + 3·2^7 ◗]
369: [◖ 1 ◗, ◖ 3 =  1 + 1·2^1 ◗, ◖ 15 = -1 + 1·2^4 ◗, ◖ 369 = -15 + 3·2^7 ◗]
371: [◖ 1 ◗, ◖ 3 =  1 + 1·2^1 ◗, ◖ 13 =  1 + 3·2^2 ◗, ◖ 371 = -13 + 3·2^7 ◗]
373: [◖ 1 ◗, ◖ 3 =  1 + 1·2^1 ◗, ◖ 11 = -1 + 3·2^2 ◗, ◖ 373 = -11 + 3·2^7 ◗]
375: [◖ 1 ◗, ◖ 3 =  1 + 1·2^1 ◗, ◖ 9 =  1 + 1·2^3 ◗, ◖ 375 = -9 + 3·2^7 ◗]
377: [◖ 1 ◗, ◖ 3 =  1 + 1·2^1 ◗, ◖ 7 = -1 + 1·2^3 ◗, ◖ 377 = -7 + 3·2^7 ◗]
379: [◖ 1 ◗, ◖ 3 =  1 + 1·2^1 ◗, ◖ 5 =  1 + 1·2^2 ◗, ◖ 379 = -5 + 3·2^7 ◗]
381: [◖ 1 ◗, ◖ 3 =  1 + 1·2^1 ◗, ◖ 381 = -3 + 3·2^7 ◗]
383: [◖ 1 ◗, ◖ 3 =  1 + 1·2^1 ◗, ◖ 383 = -1 + 3·2^7 ◗]
385: [◖ 1 ◗, ◖ 3 =  1 + 1·2^1 ◗, ◖ 385 =  1 + 3·2^7 ◗]
387: [◖ 1 ◗, ◖ 3 =  1 + 1·2^1 ◗, ◖ 387 =  3 + 3·2^7 ◗]
389: [◖ 1 ◗, ◖ 3 =  1 + 1·2^1 ◗, ◖ 5 =  1 + 1·2^2 ◗, ◖ 389 =  5 + 3·2^7 ◗]
391: [◖ 1 ◗, ◖ 3 =  1 + 1·2^1 ◗, ◖ 7 = -1 + 1·2^3 ◗, ◖ 391 =  7 + 3·2^7 ◗]
393: [◖ 1 ◗, ◖ 3 =  1 + 1·2^1 ◗, ◖ 9 =  1 + 1·2^3 ◗, ◖ 393 =  9 + 3·2^7 ◗]
395: [◖ 1 ◗, ◖ 3 =  1 + 1·2^1 ◗, ◖ 11 = -1 + 3·2^2 ◗, ◖ 395 =  11 + 3·2^7 ◗]
397: [◖ 1 ◗, ◖ 3 =  1 + 1·2^1 ◗, ◖ 13 =  1 + 3·2^2 ◗, ◖ 397 =  13 + 3·2^7 ◗]
399: [◖ 1 ◗, ◖ 3 =  1 + 1·2^1 ◗, ◖ 15 = -1 + 1·2^4 ◗, ◖ 399 =  15 + 3·2^7 ◗]
401: [◖ 1 ◗, ◖ 3 =  1 + 1·2^1 ◗, ◖ 17 =  1 + 1·2^4 ◗, ◖ 401 =  17 + 3·2^7 ◗]
403: [◖ 1 ◗, ◖ 3 =  1 + 1·2^1 ◗, ◖ 13 =  1 + 3·2^2 ◗, ◖ 403 = -13 + 13·2^5 ◗]
405: [◖ 1 ◗, ◖ 3 =  1 + 1·2^1 ◗, ◖ 21 = -3 + 3·2^3 ◗, ◖ 405 =  21 + 3·2^7 ◗]
407: [◖ 1 ◗, ◖ 3 =  1 + 1·2^1 ◗, ◖ 23 = -1 + 3·2^3 ◗, ◖ 407 =  23 + 3·2^7 ◗]
409: [◖ 1 ◗, ◖ 3 =  1 + 1·2^1 ◗, ◖ 25 =  1 + 3·2^3 ◗, ◖ 409 =  25 + 3·2^7 ◗]
411: [◖ 1 ◗, ◖ 3 =  1 + 1·2^1 ◗, ◖ 27 =  3 + 3·2^3 ◗, ◖ 411 =  27 + 3·2^7 ◗]
413: [◖ 1 ◗, ◖ 3 =  1 + 1·2^1 ◗, ◖ 13 =  1 + 3·2^2 ◗, ◖ 413 = -3 + 13·2^5 ◗]
415: [◖ 1 ◗, ◖ 3 =  1 + 1·2^1 ◗, ◖ 31 = -1 + 1·2^5 ◗, ◖ 415 =  31 + 3·2^7 ◗]
417: [◖ 1 ◗, ◖ 3 =  1 + 1·2^1 ◗, ◖ 33 =  1 + 1·2^5 ◗, ◖ 417 =  33 + 3·2^7 ◗]
419: [◖ 1 ◗, ◖ 3 =  1 + 1·2^1 ◗, ◖ 13 =  1 + 3·2^2 ◗, ◖ 419 =  3 + 13·2^5 ◗]
421: [◖ 1 ◗, ◖ 5 =  1 + 1·2^2 ◗, ◖ 13 =  5 + 1·2^3 ◗, ◖ 421 =  5 + 13·2^5 ◗]
423: [◖ 1 ◗, ◖ 3 =  1 + 1·2^1 ◗, ◖ 47 = -1 + 3·2^4 ◗, ◖ 423 =  47 + 47·2^3 ◗]
425: [◖ 1 ◗, ◖ 3 = -1 + 1·2^2 ◗, ◖ 25 =  1 + 3·2^3 ◗, ◖ 425 =  25 + 25·2^4 ◗]
427: [◖ 1 ◗, ◖ 3 =  1 + 1·2^1 ◗, ◖ 61 = -3 + 1·2^6 ◗, ◖ 427 = -61 + 61·2^3 ◗]
429: [◖ 1 ◗, ◖ 3 =  1 + 1·2^1 ◗, ◖ 13 =  1 + 3·2^2 ◗, ◖ 429 =  13 + 13·2^5 ◗]
431: [◖ 1 ◗, ◖ 3 =  1 + 1·2^1 ◗, ◖ 47 = -1 + 3·2^4 ◗, ◖ 431 =  47 + 3·2^7 ◗]
433: [◖ 1 ◗, ◖ 3 =  1 + 1·2^1 ◗, ◖ 49 =  1 + 3·2^4 ◗, ◖ 433 =  49 + 3·2^7 ◗]
435: [◖ 1 ◗, ◖ 3 =  1 + 1·2^1 ◗, ◖ 27 =  3 + 3·2^3 ◗, ◖ 435 =  3 + 27·2^4 ◗]
437: [◖ 1 ◗, ◖ 5 =  1 + 1·2^2 ◗, ◖ 27 = -5 + 1·2^5 ◗, ◖ 437 =  5 + 27·2^4 ◗]
439: [◖ 1 ◗, ◖ 9 =  1 + 1·2^3 ◗, ◖ 7 = -1 + 1·2^3 ◗, ◖ 439 = -9 + 7·2^6 ◗]
441: [◖ 1 ◗, ◖ 7 = -1 + 1·2^3 ◗, ◖ 441 = -7 + 7·2^6 ◗]
443: [◖ 1 ◗, ◖ 5 =  1 + 1·2^2 ◗, ◖ 7 = -1 + 1·2^3 ◗, ◖ 443 = -5 + 7·2^6 ◗]
445: [◖ 1 ◗, ◖ 3 =  1 + 1·2^1 ◗, ◖ 7 = -1 + 1·2^3 ◗, ◖ 445 = -3 + 7·2^6 ◗]
447: [◖ 1 ◗, ◖ 7 = -1 + 1·2^3 ◗, ◖ 447 = -1 + 7·2^6 ◗]
449: [◖ 1 ◗, ◖ 7 = -1 + 1·2^3 ◗, ◖ 449 =  1 + 7·2^6 ◗]
451: [◖ 1 ◗, ◖ 3 =  1 + 1·2^1 ◗, ◖ 7 = -1 + 1·2^3 ◗, ◖ 451 =  3 + 7·2^6 ◗]
453: [◖ 1 ◗, ◖ 5 =  1 + 1·2^2 ◗, ◖ 7 = -1 + 1·2^3 ◗, ◖ 453 =  5 + 7·2^6 ◗]
455: [◖ 1 ◗, ◖ 7 = -1 + 1·2^3 ◗, ◖ 455 =  7 + 7·2^6 ◗]
457: [◖ 1 ◗, ◖ 9 =  1 + 1·2^3 ◗, ◖ 7 = -1 + 1·2^3 ◗, ◖ 457 =  9 + 7·2^6 ◗]
459: [◖ 1 ◗, ◖ 5 =  1 + 1·2^2 ◗, ◖ 27 = -5 + 1·2^5 ◗, ◖ 459 =  27 + 27·2^4 ◗]
461: [◖ 1 ◗, ◖ 3 =  1 + 1·2^1 ◗, ◖ 29 = -3 + 1·2^5 ◗, ◖ 461 = -3 + 29·2^4 ◗]
463: [◖ 1 ◗, ◖ 3 =  1 + 1·2^1 ◗, ◖ 511 = -1 + 1·2^9 ◗, ◖ 463 =  511 - 3·2^4 ◗]
465: [◖ 1 ◗, ◖ 15 = -1 + 1·2^4 ◗, ◖ 465 = -15 + 15·2^5 ◗]
467: [◖ 1 ◗, ◖ 3 =  1 + 1·2^1 ◗, ◖ 29 = -3 + 1·2^5 ◗, ◖ 467 =  3 + 29·2^4 ◗]
469: [◖ 1 ◗, ◖ 3 =  1 + 1·2^1 ◗, ◖ 67 =  3 + 1·2^6 ◗, ◖ 469 = -67 + 67·2^3 ◗]
471: [◖ 1 ◗, ◖ 5 =  1 + 1·2^2 ◗, ◖ 511 = -1 + 1·2^9 ◗, ◖ 471 =  511 - 5·2^3 ◗]
473: [◖ 1 ◗, ◖ 5 =  1 + 1·2^2 ◗, ◖ 513 =  1 + 1·2^9 ◗, ◖ 473 =  513 - 5·2^3 ◗]
475: [◖ 1 ◗, ◖ 3 =  1 + 1·2^1 ◗, ◖ 95 = -1 + 3·2^5 ◗, ◖ 475 =  95 + 95·2^2 ◗]
477: [◖ 1 ◗, ◖ 3 =  1 + 1·2^1 ◗, ◖ 15 = -1 + 1·2^4 ◗, ◖ 477 = -3 + 15·2^5 ◗]
479: [◖ 1 ◗, ◖ 15 = -1 + 1·2^4 ◗, ◖ 479 = -1 + 15·2^5 ◗]
481: [◖ 1 ◗, ◖ 15 = -1 + 1·2^4 ◗, ◖ 481 =  1 + 15·2^5 ◗]
483: [◖ 1 ◗, ◖ 3 =  1 + 1·2^1 ◗, ◖ 15 = -1 + 1·2^4 ◗, ◖ 483 =  3 + 15·2^5 ◗]
485: [◖ 1 ◗, ◖ 3 =  1 + 1·2^1 ◗, ◖ 97 =  1 + 3·2^5 ◗, ◖ 485 =  97 + 97·2^2 ◗]
487: [◖ 1 ◗, ◖ 3 =  1 + 1·2^1 ◗, ◖ 511 = -1 + 1·2^9 ◗, ◖ 487 =  511 - 3·2^3 ◗]
489: [◖ 1 ◗, ◖ 3 =  1 + 1·2^1 ◗, ◖ 513 =  1 + 1·2^9 ◗, ◖ 489 =  513 - 3·2^3 ◗]
491: [◖ 1 ◗, ◖ 3 =  1 + 1·2^1 ◗, ◖ 61 = -3 + 1·2^6 ◗, ◖ 491 =  3 + 61·2^3 ◗]
493: [◖ 1 ◗, ◖ 3 =  1 + 1·2^1 ◗, ◖ 31 = -1 + 1·2^5 ◗, ◖ 493 = -3 + 31·2^4 ◗]
495: [◖ 1 ◗, ◖ 17 =  1 + 1·2^4 ◗, ◖ 495 = -17 + 1·2^9 ◗]
497: [◖ 1 ◗, ◖ 15 = -1 + 1·2^4 ◗, ◖ 497 = -15 + 1·2^9 ◗]
499: [◖ 1 ◗, ◖ 3 =  1 + 1·2^1 ◗, ◖ 31 = -1 + 1·2^5 ◗, ◖ 499 =  3 + 31·2^4 ◗]
501: [◖ 1 ◗, ◖ 3 =  1 + 1·2^1 ◗, ◖ 63 = -1 + 1·2^6 ◗, ◖ 501 = -3 + 63·2^3 ◗]
503: [◖ 1 ◗, ◖ 9 =  1 + 1·2^3 ◗, ◖ 503 = -9 + 1·2^9 ◗]
505: [◖ 1 ◗, ◖ 7 = -1 + 1·2^3 ◗, ◖ 505 = -7 + 1·2^9 ◗]
507: [◖ 1 ◗, ◖ 5 =  1 + 1·2^2 ◗, ◖ 507 = -5 + 1·2^9 ◗]
509: [◖ 1 ◗, ◖ 3 =  1 + 1·2^1 ◗, ◖ 509 = -3 + 1·2^9 ◗]
511: [◖ 1 ◗, ◖ 511 = -1 + 1·2^9 ◗]
513: [◖ 1 ◗, ◖ 513 =  1 + 1·2^9 ◗]
515: [◖ 1 ◗, ◖ 3 =  1 + 1·2^1 ◗, ◖ 515 =  3 + 1·2^9 ◗]
517: [◖ 1 ◗, ◖ 5 =  1 + 1·2^2 ◗, ◖ 517 =  5 + 1·2^9 ◗]
519: [◖ 1 ◗, ◖ 7 = -1 + 1·2^3 ◗, ◖ 519 =  7 + 1·2^9 ◗]
521: [◖ 1 ◗, ◖ 9 =  1 + 1·2^3 ◗, ◖ 521 =  9 + 1·2^9 ◗]
523: [◖ 1 ◗, ◖ 3 =  1 + 1·2^1 ◗, ◖ 65 =  1 + 1·2^6 ◗, ◖ 523 =  3 + 65·2^3 ◗]
525: [◖ 1 ◗, ◖ 3 =  1 + 1·2^1 ◗, ◖ 33 =  1 + 1·2^5 ◗, ◖ 525 = -3 + 33·2^4 ◗]
527: [◖ 1 ◗, ◖ 17 =  1 + 1·2^4 ◗, ◖ 527 = -17 + 17·2^5 ◗]
529: [◖ 1 ◗, ◖ 17 =  1 + 1·2^4 ◗, ◖ 529 =  17 + 1·2^9 ◗]
531: [◖ 1 ◗, ◖ 3 =  1 + 1·2^1 ◗, ◖ 33 =  1 + 1·2^5 ◗, ◖ 531 =  3 + 33·2^4 ◗]
533: [◖ 1 ◗, ◖ 3 =  1 + 1·2^1 ◗, ◖ 67 =  3 + 1·2^6 ◗, ◖ 533 = -3 + 67·2^3 ◗]
535: [◖ 1 ◗, ◖ 3 =  1 + 1·2^1 ◗, ◖ 511 = -1 + 1·2^9 ◗, ◖ 535 =  511 + 3·2^3 ◗]
537: [◖ 1 ◗, ◖ 3 =  1 + 1·2^1 ◗, ◖ 513 =  1 + 1·2^9 ◗, ◖ 537 =  513 + 3·2^3 ◗]
539: [◖ 1 ◗, ◖ 3 =  1 + 1·2^1 ◗, ◖ 67 =  3 + 1·2^6 ◗, ◖ 539 =  3 + 67·2^3 ◗]
541: [◖ 1 ◗, ◖ 3 =  1 + 1·2^1 ◗, ◖ 17 =  1 + 1·2^4 ◗, ◖ 541 = -3 + 17·2^5 ◗]
543: [◖ 1 ◗, ◖ 17 =  1 + 1·2^4 ◗, ◖ 543 = -1 + 17·2^5 ◗]
545: [◖ 1 ◗, ◖ 17 =  1 + 1·2^4 ◗, ◖ 545 =  1 + 17·2^5 ◗]
547: [◖ 1 ◗, ◖ 3 =  1 + 1·2^1 ◗, ◖ 17 =  1 + 1·2^4 ◗, ◖ 547 =  3 + 17·2^5 ◗]
549: [◖ 1 ◗, ◖ 3 =  1 + 1·2^1 ◗, ◖ 61 = -3 + 1·2^6 ◗, ◖ 549 =  61 + 61·2^3 ◗]
551: [◖ 1 ◗, ◖ 5 =  1 + 1·2^2 ◗, ◖ 511 = -1 + 1·2^9 ◗, ◖ 551 =  511 + 5·2^3 ◗]
553: [◖ 1 ◗, ◖ 5 =  1 + 1·2^2 ◗, ◖ 513 =  1 + 1·2^9 ◗, ◖ 553 =  513 + 5·2^3 ◗]
555: [◖ 1 ◗, ◖ 5 =  1 + 1·2^2 ◗, ◖ 37 =  5 + 1·2^5 ◗, ◖ 555 = -37 + 37·2^4 ◗]
557: [◖ 1 ◗, ◖ 3 =  1 + 1·2^1 ◗, ◖ 35 =  3 + 1·2^5 ◗, ◖ 557 = -3 + 35·2^4 ◗]
559: [◖ 1 ◗, ◖ 3 =  1 + 1·2^1 ◗, ◖ 511 = -1 + 1·2^9 ◗, ◖ 559 =  511 + 3·2^4 ◗]
561: [◖ 1 ◗, ◖ 17 =  1 + 1·2^4 ◗, ◖ 561 =  17 + 17·2^5 ◗]
563: [◖ 1 ◗, ◖ 3 =  1 + 1·2^1 ◗, ◖ 35 =  3 + 1·2^5 ◗, ◖ 563 =  3 + 35·2^4 ◗]
565: [◖ 1 ◗, ◖ 5 =  1 + 1·2^2 ◗, ◖ 35 = -5 + 5·2^3 ◗, ◖ 565 =  5 + 35·2^4 ◗]
567: [◖ 1 ◗, ◖ 9 =  1 + 1·2^3 ◗, ◖ 567 = -9 + 9·2^6 ◗]
569: [◖ 1 ◗, ◖ 9 =  1 + 1·2^3 ◗, ◖ 7 = -1 + 1·2^3 ◗, ◖ 569 = -7 + 9·2^6 ◗]
571: [◖ 1 ◗, ◖ 5 =  1 + 1·2^2 ◗, ◖ 9 =  1 + 1·2^3 ◗, ◖ 571 = -5 + 9·2^6 ◗]
573: [◖ 1 ◗, ◖ 3 =  1 + 1·2^1 ◗, ◖ 9 =  1 + 1·2^3 ◗, ◖ 573 = -3 + 9·2^6 ◗]
575: [◖ 1 ◗, ◖ 9 =  1 + 1·2^3 ◗, ◖ 575 = -1 + 9·2^6 ◗]
577: [◖ 1 ◗, ◖ 9 =  1 + 1·2^3 ◗, ◖ 577 =  1 + 9·2^6 ◗]
579: [◖ 1 ◗, ◖ 3 =  1 + 1·2^1 ◗, ◖ 9 =  1 + 1·2^3 ◗, ◖ 579 =  3 + 9·2^6 ◗]
581: [◖ 1 ◗, ◖ 5 =  1 + 1·2^2 ◗, ◖ 9 =  1 + 1·2^3 ◗, ◖ 581 =  5 + 9·2^6 ◗]
583: [◖ 1 ◗, ◖ 9 =  1 + 1·2^3 ◗, ◖ 7 = -1 + 1·2^3 ◗, ◖ 583 =  7 + 9·2^6 ◗]
585: [◖ 1 ◗, ◖ 9 =  1 + 1·2^3 ◗, ◖ 585 =  9 + 9·2^6 ◗]
587: [◖ 1 ◗, ◖ 5 =  1 + 1·2^2 ◗, ◖ 37 =  5 + 1·2^5 ◗, ◖ 587 = -5 + 37·2^4 ◗]
589: [◖ 1 ◗, ◖ 3 =  1 + 1·2^1 ◗, ◖ 19 =  3 + 1·2^4 ◗, ◖ 589 = -19 + 19·2^5 ◗]
591: [◖ 1 ◗, ◖ 5 =  1 + 1·2^2 ◗, ◖ 511 = -1 + 1·2^9 ◗, ◖ 591 =  511 + 5·2^4 ◗]
593: [◖ 1 ◗, ◖ 5 =  1 + 1·2^2 ◗, ◖ 513 =  1 + 1·2^9 ◗, ◖ 593 =  513 + 5·2^4 ◗]
595: [◖ 1 ◗, ◖ 5 =  1 + 1·2^2 ◗, ◖ 45 =  5 + 5·2^3 ◗, ◖ 595 = -45 + 5·2^7 ◗]
597: [◖ 1 ◗, ◖ 5 =  1 + 1·2^2 ◗, ◖ 37 =  5 + 1·2^5 ◗, ◖ 597 =  5 + 37·2^4 ◗]
599: [◖ 1 ◗, ◖ 5 =  1 + 1·2^2 ◗, ◖ 41 =  1 + 5·2^3 ◗, ◖ 599 = -41 + 5·2^7 ◗]
601: [◖ 1 ◗, ◖ 5 =  1 + 1·2^2 ◗, ◖ 39 = -1 + 5·2^3 ◗, ◖ 601 = -39 + 5·2^7 ◗]
603: [◖ 1 ◗, ◖ 3 =  1 + 1·2^1 ◗, ◖ 67 =  3 + 1·2^6 ◗, ◖ 603 =  67 + 67·2^3 ◗]
605: [◖ 1 ◗, ◖ 3 =  1 + 1·2^1 ◗, ◖ 19 =  3 + 1·2^4 ◗, ◖ 605 = -3 + 19·2^5 ◗]
607: [◖ 1 ◗, ◖ 3 =  1 + 1·2^1 ◗, ◖ 511 = -1 + 1·2^9 ◗, ◖ 607 =  511 + 3·2^5 ◗]
609: [◖ 1 ◗, ◖ 3 =  1 + 1·2^1 ◗, ◖ 513 =  1 + 1·2^9 ◗, ◖ 609 =  513 + 3·2^5 ◗]
611: [◖ 1 ◗, ◖ 3 =  1 + 1·2^1 ◗, ◖ 19 =  3 + 1·2^4 ◗, ◖ 611 =  3 + 19·2^5 ◗]
613: [◖ 1 ◗, ◖ 5 =  1 + 1·2^2 ◗, ◖ 19 = -1 + 5·2^2 ◗, ◖ 613 =  5 + 19·2^5 ◗]
615: [◖ 1 ◗, ◖ 5 =  1 + 1·2^2 ◗, ◖ 41 =  1 + 5·2^3 ◗, ◖ 615 = -41 + 41·2^4 ◗]
617: [◖ 1 ◗, ◖ 9 =  1 + 1·2^3 ◗, ◖ 19 =  1 + 9·2^1 ◗, ◖ 617 =  9 + 19·2^5 ◗]
619: [◖ 1 ◗, ◖ 5 =  1 + 1·2^2 ◗, ◖ 21 =  1 + 5·2^2 ◗, ◖ 619 = -21 + 5·2^7 ◗]
621: [◖ 1 ◗, ◖ 5 =  1 + 1·2^2 ◗, ◖ 19 = -1 + 5·2^2 ◗, ◖ 621 = -19 + 5·2^7 ◗]
623: [◖ 1 ◗, ◖ 5 =  1 + 1·2^2 ◗, ◖ 17 =  1 + 1·2^4 ◗, ◖ 623 = -17 + 5·2^7 ◗]
625: [◖ 1 ◗, ◖ 3 =  1 + 1·2^1 ◗, ◖ 125 = -3 + 1·2^7 ◗, ◖ 625 =  125 + 125·2^2 ◗]
627: [◖ 1 ◗, ◖ 3 =  1 + 1·2^1 ◗, ◖ 19 =  3 + 1·2^4 ◗, ◖ 627 =  19 + 19·2^5 ◗]
629: [◖ 1 ◗, ◖ 5 =  1 + 1·2^2 ◗, ◖ 11 =  1 + 5·2^1 ◗, ◖ 629 = -11 + 5·2^7 ◗]
631: [◖ 1 ◗, ◖ 5 =  1 + 1·2^2 ◗, ◖ 9 =  1 + 1·2^3 ◗, ◖ 631 = -9 + 5·2^7 ◗]
633: [◖ 1 ◗, ◖ 5 =  1 + 1·2^2 ◗, ◖ 7 = -1 + 1·2^3 ◗, ◖ 633 = -7 + 5·2^7 ◗]
635: [◖ 1 ◗, ◖ 5 =  1 + 1·2^2 ◗, ◖ 635 = -5 + 5·2^7 ◗]
637: [◖ 1 ◗, ◖ 3 =  1 + 1·2^1 ◗, ◖ 5 =  1 + 1·2^2 ◗, ◖ 637 = -3 + 5·2^7 ◗]
639: [◖ 1 ◗, ◖ 5 =  1 + 1·2^2 ◗, ◖ 639 = -1 + 5·2^7 ◗]
641: [◖ 1 ◗, ◖ 5 =  1 + 1·2^2 ◗, ◖ 641 =  1 + 5·2^7 ◗]
643: [◖ 1 ◗, ◖ 3 =  1 + 1·2^1 ◗, ◖ 5 =  1 + 1·2^2 ◗, ◖ 643 =  3 + 5·2^7 ◗]
645: [◖ 1 ◗, ◖ 5 =  1 + 1·2^2 ◗, ◖ 645 =  5 + 5·2^7 ◗]
647: [◖ 1 ◗, ◖ 5 =  1 + 1·2^2 ◗, ◖ 7 = -1 + 1·2^3 ◗, ◖ 647 =  7 + 5·2^7 ◗]
649: [◖ 1 ◗, ◖ 5 =  1 + 1·2^2 ◗, ◖ 9 =  1 + 1·2^3 ◗, ◖ 649 =  9 + 5·2^7 ◗]
651: [◖ 1 ◗, ◖ 3 =  1 + 1·2^1 ◗, ◖ 21 = -3 + 3·2^3 ◗, ◖ 651 = -21 + 21·2^5 ◗]
653: [◖ 1 ◗, ◖ 5 =  1 + 1·2^2 ◗, ◖ 81 =  1 + 5·2^4 ◗, ◖ 653 =  5 + 81·2^3 ◗]
655: [◖ 1 ◗, ◖ 3 =  1 + 1·2^1 ◗, ◖ 131 =  3 + 1·2^7 ◗, ◖ 655 =  131 + 131·2^2 ◗]
657: [◖ 1 ◗, ◖ 5 =  1 + 1·2^2 ◗, ◖ 17 =  1 + 1·2^4 ◗, ◖ 657 =  17 + 5·2^7 ◗]
659: [◖ 1 ◗, ◖ 5 =  1 + 1·2^2 ◗, ◖ 19 = -1 + 5·2^2 ◗, ◖ 659 =  19 + 5·2^7 ◗]
661: [◖ 1 ◗, ◖ 5 =  1 + 1·2^2 ◗, ◖ 21 =  1 + 5·2^2 ◗, ◖ 661 =  21 + 5·2^7 ◗]
663: [◖ 1 ◗, ◖ 5 =  1 + 1·2^2 ◗, ◖ 39 = -1 + 5·2^3 ◗, ◖ 663 =  39 + 39·2^4 ◗]
665: [◖ 1 ◗, ◖ 3 =  1 + 1·2^1 ◗, ◖ 95 = -1 + 3·2^5 ◗, ◖ 665 = -95 + 95·2^3 ◗]
667: [◖ 1 ◗, ◖ 5 =  1 + 1·2^2 ◗, ◖ 21 =  1 + 5·2^2 ◗, ◖ 667 = -5 + 21·2^5 ◗]
669: [◖ 1 ◗, ◖ 3 =  1 + 1·2^1 ◗, ◖ 21 = -3 + 3·2^3 ◗, ◖ 669 = -3 + 21·2^5 ◗]
671: [◖ 1 ◗, ◖ 3 =  1 + 1·2^1 ◗, ◖ 97 =  1 + 3·2^5 ◗, ◖ 671 = -97 + 3·2^8 ◗]
673: [◖ 1 ◗, ◖ 3 =  1 + 1·2^1 ◗, ◖ 95 = -1 + 3·2^5 ◗, ◖ 673 = -95 + 3·2^8 ◗]
675: [◖ 1 ◗, ◖ 3 =  1 + 1·2^1 ◗, ◖ 21 = -3 + 3·2^3 ◗, ◖ 675 =  3 + 21·2^5 ◗]
677: [◖ 1 ◗, ◖ 5 =  1 + 1·2^2 ◗, ◖ 21 =  1 + 5·2^2 ◗, ◖ 677 =  5 + 21·2^5 ◗]
679: [◖ 1 ◗, ◖ 3 =  1 + 1·2^1 ◗, ◖ 97 =  1 + 3·2^5 ◗, ◖ 679 = -97 + 97·2^3 ◗]
681: [◖ 1 ◗, ◖ 5 =  1 + 1·2^2 ◗, ◖ 41 =  1 + 5·2^3 ◗, ◖ 681 =  41 + 5·2^7 ◗]
----
685: [◖ 1 ◗, ◖ 5 =  1 + 1·2^2 ◗, ◖ 45 =  5 + 5·2^3 ◗, ◖ 685 =  45 + 5·2^7 ◗]
----
689: [◖ 1 ◗, ◖ 17 =  1 + 1·2^4 ◗, ◖ 21 =  17 + 1·2^2 ◗, ◖ 689 =  17 + 21·2^5 ◗]
----
693: [◖ 1 ◗, ◖ 3 =  1 + 1·2^1 ◗, ◖ 11 = -1 + 3·2^2 ◗, ◖ 693 = -11 + 11·2^6 ◗]
695: [◖ 1 ◗, ◖ 9 =  1 + 1·2^3 ◗, ◖ 11 =  9 + 1·2^1 ◗, ◖ 695 = -9 + 11·2^6 ◗]
697: [◖ 1 ◗, ◖ 5 =  1 + 1·2^2 ◗, ◖ 41 =  1 + 5·2^3 ◗, ◖ 697 =  41 + 41·2^4 ◗]
699: [◖ 1 ◗, ◖ 5 =  1 + 1·2^2 ◗, ◖ 11 =  1 + 5·2^1 ◗, ◖ 699 = -5 + 11·2^6 ◗]
701: [◖ 1 ◗, ◖ 3 =  1 + 1·2^1 ◗, ◖ 11 = -1 + 3·2^2 ◗, ◖ 701 = -3 + 11·2^6 ◗]
703: [◖ 1 ◗, ◖ 3 =  1 + 1·2^1 ◗, ◖ 65 =  1 + 1·2^6 ◗, ◖ 703 = -65 + 3·2^8 ◗]
705: [◖ 1 ◗, ◖ 3 =  1 + 1·2^1 ◗, ◖ 63 = -1 + 1·2^6 ◗, ◖ 705 = -63 + 3·2^8 ◗]
707: [◖ 1 ◗, ◖ 3 =  1 + 1·2^1 ◗, ◖ 11 = -1 + 3·2^2 ◗, ◖ 707 =  3 + 11·2^6 ◗]
709: [◖ 1 ◗, ◖ 5 =  1 + 1·2^2 ◗, ◖ 11 =  1 + 5·2^1 ◗, ◖ 709 =  5 + 11·2^6 ◗]
711: [◖ 1 ◗, ◖ 5 =  1 + 1·2^2 ◗, ◖ 79 = -1 + 5·2^4 ◗, ◖ 711 =  79 + 79·2^3 ◗]
713: [◖ 1 ◗, ◖ 3 =  1 + 1·2^1 ◗, ◖ 23 = -1 + 3·2^3 ◗, ◖ 713 = -23 + 23·2^5 ◗]
715: [◖ 1 ◗, ◖ 3 =  1 + 1·2^1 ◗, ◖ 11 = -1 + 3·2^2 ◗, ◖ 715 =  11 + 11·2^6 ◗]
717: [◖ 1 ◗, ◖ 3 =  1 + 1·2^1 ◗, ◖ 51 =  3 + 3·2^4 ◗, ◖ 717 = -51 + 3·2^8 ◗]
719: [◖ 1 ◗, ◖ 3 =  1 + 1·2^1 ◗, ◖ 49 =  1 + 3·2^4 ◗, ◖ 719 = -49 + 3·2^8 ◗]
721: [◖ 1 ◗, ◖ 3 =  1 + 1·2^1 ◗, ◖ 47 = -1 + 3·2^4 ◗, ◖ 721 = -47 + 3·2^8 ◗]
723: [◖ 1 ◗, ◖ 3 =  1 + 1·2^1 ◗, ◖ 45 = -3 + 3·2^4 ◗, ◖ 723 =  3 + 45·2^4 ◗]
725: [◖ 1 ◗, ◖ 5 =  1 + 1·2^2 ◗, ◖ 45 =  5 + 5·2^3 ◗, ◖ 725 =  5 + 45·2^4 ◗]
727: [◖ 1 ◗, ◖ 9 =  1 + 1·2^3 ◗, ◖ 23 = -9 + 1·2^5 ◗, ◖ 727 = -9 + 23·2^5 ◗]
729: [◖ 1 ◗, ◖ 5 =  1 + 1·2^2 ◗, ◖ 81 =  1 + 5·2^4 ◗, ◖ 729 =  81 + 81·2^3 ◗]
----
733: [◖ 1 ◗, ◖ 3 =  1 + 1·2^1 ◗, ◖ 23 = -1 + 3·2^3 ◗, ◖ 733 = -3 + 23·2^5 ◗]
735: [◖ 1 ◗, ◖ 3 =  1 + 1·2^1 ◗, ◖ 33 =  1 + 1·2^5 ◗, ◖ 735 = -33 + 3·2^8 ◗]
737: [◖ 1 ◗, ◖ 3 =  1 + 1·2^1 ◗, ◖ 31 = -1 + 1·2^5 ◗, ◖ 737 = -31 + 3·2^8 ◗]
739: [◖ 1 ◗, ◖ 3 =  1 + 1·2^1 ◗, ◖ 23 = -1 + 3·2^3 ◗, ◖ 739 =  3 + 23·2^5 ◗]
741: [◖ 1 ◗, ◖ 3 =  1 + 1·2^1 ◗, ◖ 27 =  3 + 3·2^3 ◗, ◖ 741 = -27 + 3·2^8 ◗]
743: [◖ 1 ◗, ◖ 3 =  1 + 1·2^1 ◗, ◖ 25 =  1 + 3·2^3 ◗, ◖ 743 = -25 + 3·2^8 ◗]
745: [◖ 1 ◗, ◖ 3 =  1 + 1·2^1 ◗, ◖ 23 = -1 + 3·2^3 ◗, ◖ 745 = -23 + 3·2^8 ◗]
747: [◖ 1 ◗, ◖ 3 =  1 + 1·2^1 ◗, ◖ 21 = -3 + 3·2^3 ◗, ◖ 747 = -21 + 3·2^8 ◗]
749: [◖ 1 ◗, ◖ 3 =  1 + 1·2^1 ◗, ◖ 47 = -1 + 3·2^4 ◗, ◖ 749 = -3 + 47·2^4 ◗]
751: [◖ 1 ◗, ◖ 3 =  1 + 1·2^1 ◗, ◖ 17 =  1 + 1·2^4 ◗, ◖ 751 = -17 + 3·2^8 ◗]
753: [◖ 1 ◗, ◖ 3 =  1 + 1·2^1 ◗, ◖ 15 = -1 + 1·2^4 ◗, ◖ 753 = -15 + 3·2^8 ◗]
755: [◖ 1 ◗, ◖ 3 =  1 + 1·2^1 ◗, ◖ 13 =  1 + 3·2^2 ◗, ◖ 755 = -13 + 3·2^8 ◗]
757: [◖ 1 ◗, ◖ 3 =  1 + 1·2^1 ◗, ◖ 11 = -1 + 3·2^2 ◗, ◖ 757 = -11 + 3·2^8 ◗]
759: [◖ 1 ◗, ◖ 3 =  1 + 1·2^1 ◗, ◖ 9 =  1 + 1·2^3 ◗, ◖ 759 = -9 + 3·2^8 ◗]
761: [◖ 1 ◗, ◖ 3 =  1 + 1·2^1 ◗, ◖ 7 = -1 + 1·2^3 ◗, ◖ 761 = -7 + 3·2^8 ◗]
763: [◖ 1 ◗, ◖ 3 =  1 + 1·2^1 ◗, ◖ 5 =  1 + 1·2^2 ◗, ◖ 763 = -5 + 3·2^8 ◗]
765: [◖ 1 ◗, ◖ 3 =  1 + 1·2^1 ◗, ◖ 765 = -3 + 3·2^8 ◗]
767: [◖ 1 ◗, ◖ 3 =  1 + 1·2^1 ◗, ◖ 767 = -1 + 3·2^8 ◗]
769: [◖ 1 ◗, ◖ 3 =  1 + 1·2^1 ◗, ◖ 769 =  1 + 3·2^8 ◗]
771: [◖ 1 ◗, ◖ 3 =  1 + 1·2^1 ◗, ◖ 771 =  3 + 3·2^8 ◗]
773: [◖ 1 ◗, ◖ 3 =  1 + 1·2^1 ◗, ◖ 5 =  1 + 1·2^2 ◗, ◖ 773 =  5 + 3·2^8 ◗]
775: [◖ 1 ◗, ◖ 3 =  1 + 1·2^1 ◗, ◖ 7 = -1 + 1·2^3 ◗, ◖ 775 =  7 + 3·2^8 ◗]
777: [◖ 1 ◗, ◖ 3 =  1 + 1·2^1 ◗, ◖ 9 =  1 + 1·2^3 ◗, ◖ 777 =  9 + 3·2^8 ◗]
779: [◖ 1 ◗, ◖ 3 =  1 + 1·2^1 ◗, ◖ 11 = -1 + 3·2^2 ◗, ◖ 779 =  11 + 3·2^8 ◗]
781: [◖ 1 ◗, ◖ 3 =  1 + 1·2^1 ◗, ◖ 13 =  1 + 3·2^2 ◗, ◖ 781 =  13 + 3·2^8 ◗]
783: [◖ 1 ◗, ◖ 3 =  1 + 1·2^1 ◗, ◖ 15 = -1 + 1·2^4 ◗, ◖ 783 =  15 + 3·2^8 ◗]
785: [◖ 1 ◗, ◖ 3 =  1 + 1·2^1 ◗, ◖ 17 =  1 + 1·2^4 ◗, ◖ 785 =  17 + 3·2^8 ◗]
787: [◖ 1 ◗, ◖ 3 =  1 + 1·2^1 ◗, ◖ 49 =  1 + 3·2^4 ◗, ◖ 787 =  3 + 49·2^4 ◗]
789: [◖ 1 ◗, ◖ 3 =  1 + 1·2^1 ◗, ◖ 21 = -3 + 3·2^3 ◗, ◖ 789 =  21 + 3·2^8 ◗]
791: [◖ 1 ◗, ◖ 3 =  1 + 1·2^1 ◗, ◖ 23 = -1 + 3·2^3 ◗, ◖ 791 =  23 + 3·2^8 ◗]
793: [◖ 1 ◗, ◖ 3 =  1 + 1·2^1 ◗, ◖ 25 =  1 + 3·2^3 ◗, ◖ 793 =  25 + 3·2^8 ◗]
795: [◖ 1 ◗, ◖ 3 =  1 + 1·2^1 ◗, ◖ 27 =  3 + 3·2^3 ◗, ◖ 795 =  27 + 3·2^8 ◗]
797: [◖ 1 ◗, ◖ 3 =  1 + 1·2^1 ◗, ◖ 25 =  1 + 3·2^3 ◗, ◖ 797 = -3 + 25·2^5 ◗]
799: [◖ 1 ◗, ◖ 3 =  1 + 1·2^1 ◗, ◖ 31 = -1 + 1·2^5 ◗, ◖ 799 =  31 + 3·2^8 ◗]
801: [◖ 1 ◗, ◖ 3 =  1 + 1·2^1 ◗, ◖ 33 =  1 + 1·2^5 ◗, ◖ 801 =  33 + 3·2^8 ◗]
803: [◖ 1 ◗, ◖ 3 =  1 + 1·2^1 ◗, ◖ 25 =  1 + 3·2^3 ◗, ◖ 803 =  3 + 25·2^5 ◗]
----
807: [◖ 1 ◗, ◖ 7 = -1 + 1·2^3 ◗, ◖ 25 = -7 + 1·2^5 ◗, ◖ 807 =  7 + 25·2^5 ◗]
809: [◖ 1 ◗, ◖ 9 =  1 + 1·2^3 ◗, ◖ 25 =  9 + 1·2^4 ◗, ◖ 809 =  9 + 25·2^5 ◗]
----
813: [◖ 1 ◗, ◖ 3 =  1 + 1·2^1 ◗, ◖ 51 =  3 + 3·2^4 ◗, ◖ 813 = -3 + 51·2^4 ◗]
815: [◖ 1 ◗, ◖ 3 =  1 + 1·2^1 ◗, ◖ 47 = -1 + 3·2^4 ◗, ◖ 815 =  47 + 3·2^8 ◗]
817: [◖ 1 ◗, ◖ 3 =  1 + 1·2^1 ◗, ◖ 49 =  1 + 3·2^4 ◗, ◖ 817 =  49 + 3·2^8 ◗]
819: [◖ 1 ◗, ◖ 3 =  1 + 1·2^1 ◗, ◖ 13 =  1 + 3·2^2 ◗, ◖ 819 = -13 + 13·2^6 ◗]
----
823: [◖ 1 ◗, ◖ 9 =  1 + 1·2^3 ◗, ◖ 13 =  9 + 1·2^2 ◗, ◖ 823 = -9 + 13·2^6 ◗]
825: [◖ 1 ◗, ◖ 3 =  1 + 1·2^1 ◗, ◖ 25 =  1 + 3·2^3 ◗, ◖ 825 =  25 + 25·2^5 ◗]
827: [◖ 1 ◗, ◖ 5 =  1 + 1·2^2 ◗, ◖ 13 =  5 + 1·2^3 ◗, ◖ 827 = -5 + 13·2^6 ◗]
829: [◖ 1 ◗, ◖ 3 =  1 + 1·2^1 ◗, ◖ 13 =  1 + 3·2^2 ◗, ◖ 829 = -3 + 13·2^6 ◗]
831: [◖ 1 ◗, ◖ 3 =  1 + 1·2^1 ◗, ◖ 63 = -1 + 1·2^6 ◗, ◖ 831 =  63 + 3·2^8 ◗]
833: [◖ 1 ◗, ◖ 3 =  1 + 1·2^1 ◗, ◖ 65 =  1 + 1·2^6 ◗, ◖ 833 =  65 + 3·2^8 ◗]
835: [◖ 1 ◗, ◖ 3 =  1 + 1·2^1 ◗, ◖ 13 =  1 + 3·2^2 ◗, ◖ 835 =  3 + 13·2^6 ◗]
837: [◖ 1 ◗, ◖ 3 =  1 + 1·2^1 ◗, ◖ 27 =  3 + 3·2^3 ◗, ◖ 837 = -27 + 27·2^5 ◗]
839: [◖ 1 ◗, ◖ 7 = -1 + 1·2^3 ◗, ◖ 13 = -1 + 7·2^1 ◗, ◖ 839 =  7 + 13·2^6 ◗]
841: [◖ 1 ◗, ◖ 9 =  1 + 1·2^3 ◗, ◖ 13 =  9 + 1·2^2 ◗, ◖ 841 =  9 + 13·2^6 ◗]
----
845: [◖ 1 ◗, ◖ 3 =  1 + 1·2^1 ◗, ◖ 13 =  1 + 3·2^2 ◗, ◖ 845 =  13 + 13·2^6 ◗]
847: [◖ 1 ◗, ◖ 15 = -1 + 1·2^4 ◗, ◖ 13 =  15 - 1·2^1 ◗, ◖ 847 =  15 + 13·2^6 ◗]
849: [◖ 1 ◗, ◖ 17 =  1 + 1·2^4 ◗, ◖ 13 =  17 - 1·2^2 ◗, ◖ 849 =  17 + 13·2^6 ◗]
----
855: [◖ 1 ◗, ◖ 3 =  1 + 1·2^1 ◗, ◖ 95 = -1 + 3·2^5 ◗, ◖ 855 =  95 + 95·2^3 ◗]
857: [◖ 1 ◗, ◖ 7 = -1 + 1·2^3 ◗, ◖ 27 = -1 + 7·2^2 ◗, ◖ 857 = -7 + 27·2^5 ◗]
859: [◖ 1 ◗, ◖ 5 =  1 + 1·2^2 ◗, ◖ 27 = -5 + 1·2^5 ◗, ◖ 859 = -5 + 27·2^5 ◗]
861: [◖ 1 ◗, ◖ 3 =  1 + 1·2^1 ◗, ◖ 27 =  3 + 3·2^3 ◗, ◖ 861 = -3 + 27·2^5 ◗]
863: [◖ 1 ◗, ◖ 3 =  1 + 1·2^1 ◗, ◖ 95 = -1 + 3·2^5 ◗, ◖ 863 =  95 + 3·2^8 ◗]
865: [◖ 1 ◗, ◖ 3 =  1 + 1·2^1 ◗, ◖ 97 =  1 + 3·2^5 ◗, ◖ 865 =  97 + 3·2^8 ◗]
867: [◖ 1 ◗, ◖ 3 =  1 + 1·2^1 ◗, ◖ 27 =  3 + 3·2^3 ◗, ◖ 867 =  3 + 27·2^5 ◗]
869: [◖ 1 ◗, ◖ 5 =  1 + 1·2^2 ◗, ◖ 27 = -5 + 1·2^5 ◗, ◖ 869 =  5 + 27·2^5 ◗]
871: [◖ 1 ◗, ◖ 9 =  1 + 1·2^3 ◗, ◖ 55 = -9 + 1·2^6 ◗, ◖ 871 = -9 + 55·2^4 ◗]
873: [◖ 1 ◗, ◖ 3 =  1 + 1·2^1 ◗, ◖ 97 =  1 + 3·2^5 ◗, ◖ 873 =  97 + 97·2^3 ◗]
875: [◖ 1 ◗, ◖ 3 =  1 + 1·2^1 ◗, ◖ 125 = -3 + 1·2^7 ◗, ◖ 875 = -125 + 125·2^3 ◗]
----
879: [◖ 1 ◗, ◖ 9 =  1 + 1·2^3 ◗, ◖ 1023 = -1 + 1·2^10 ◗, ◖ 879 =  1023 - 9·2^4 ◗]
881: [◖ 1 ◗, ◖ 9 =  1 + 1·2^3 ◗, ◖ 1025 =  1 + 1·2^10 ◗, ◖ 881 =  1025 - 9·2^4 ◗]
883: [◖ 1 ◗, ◖ 7 = -1 + 1·2^3 ◗, ◖ 13 = -1 + 7·2^1 ◗, ◖ 883 = -13 + 7·2^7 ◗]
885: [◖ 1 ◗, ◖ 7 = -1 + 1·2^3 ◗, ◖ 223 = -1 + 7·2^5 ◗, ◖ 885 = -7 + 223·2^2 ◗]
887: [◖ 1 ◗, ◖ 9 =  1 + 1·2^3 ◗, ◖ 7 = -1 + 1·2^3 ◗, ◖ 887 = -9 + 7·2^7 ◗]
889: [◖ 1 ◗, ◖ 7 = -1 + 1·2^3 ◗, ◖ 889 = -7 + 7·2^7 ◗]
891: [◖ 1 ◗, ◖ 3 =  1 + 1·2^1 ◗, ◖ 27 =  3 + 3·2^3 ◗, ◖ 891 =  27 + 27·2^5 ◗]
893: [◖ 1 ◗, ◖ 3 =  1 + 1·2^1 ◗, ◖ 7 = -1 + 1·2^3 ◗, ◖ 893 = -3 + 7·2^7 ◗]
895: [◖ 1 ◗, ◖ 7 = -1 + 1·2^3 ◗, ◖ 895 = -1 + 7·2^7 ◗]
897: [◖ 1 ◗, ◖ 7 = -1 + 1·2^3 ◗, ◖ 897 =  1 + 7·2^7 ◗]
899: [◖ 1 ◗, ◖ 3 =  1 + 1·2^1 ◗, ◖ 7 = -1 + 1·2^3 ◗, ◖ 899 =  3 + 7·2^7 ◗]
901: [◖ 1 ◗, ◖ 5 =  1 + 1·2^2 ◗, ◖ 7 = -1 + 1·2^3 ◗, ◖ 901 =  5 + 7·2^7 ◗]
903: [◖ 1 ◗, ◖ 7 = -1 + 1·2^3 ◗, ◖ 903 =  7 + 7·2^7 ◗]
905: [◖ 1 ◗, ◖ 9 =  1 + 1·2^3 ◗, ◖ 7 = -1 + 1·2^3 ◗, ◖ 905 =  9 + 7·2^7 ◗]
907: [◖ 1 ◗, ◖ 7 = -1 + 1·2^3 ◗, ◖ 225 =  1 + 7·2^5 ◗, ◖ 907 =  7 + 225·2^2 ◗]
909: [◖ 1 ◗, ◖ 7 = -1 + 1·2^3 ◗, ◖ 13 = -1 + 7·2^1 ◗, ◖ 909 =  13 + 7·2^7 ◗]
911: [◖ 1 ◗, ◖ 7 = -1 + 1·2^3 ◗, ◖ 15 = -1 + 1·2^4 ◗, ◖ 911 =  15 + 7·2^7 ◗]
913: [◖ 1 ◗, ◖ 7 = -1 + 1·2^3 ◗, ◖ 17 =  1 + 1·2^4 ◗, ◖ 913 =  17 + 7·2^7 ◗]
915: [◖ 1 ◗, ◖ 3 =  1 + 1·2^1 ◗, ◖ 61 = -3 + 1·2^6 ◗, ◖ 915 = -61 + 61·2^4 ◗]
917: [◖ 1 ◗, ◖ 3 =  1 + 1·2^1 ◗, ◖ 131 =  3 + 1·2^7 ◗, ◖ 917 = -131 + 131·2^3 ◗]
919: [◖ 1 ◗, ◖ 7 = -1 + 1·2^3 ◗, ◖ 57 =  1 + 7·2^3 ◗, ◖ 919 =  7 + 57·2^4 ◗]
921: [◖ 1 ◗, ◖ 7 = -1 + 1·2^3 ◗, ◖ 29 =  1 + 7·2^2 ◗, ◖ 921 = -7 + 29·2^5 ◗]
923: [◖ 1 ◗, ◖ 7 = -1 + 1·2^3 ◗, ◖ 27 = -1 + 7·2^2 ◗, ◖ 923 =  27 + 7·2^7 ◗]
925: [◖ 1 ◗, ◖ 3 =  1 + 1·2^1 ◗, ◖ 29 = -3 + 1·2^5 ◗, ◖ 925 = -3 + 29·2^5 ◗]
927: [◖ 1 ◗, ◖ 3 =  1 + 1·2^1 ◗, ◖ 1023 = -1 + 1·2^10 ◗, ◖ 927 =  1023 - 3·2^5 ◗]
929: [◖ 1 ◗, ◖ 3 =  1 + 1·2^1 ◗, ◖ 1025 =  1 + 1·2^10 ◗, ◖ 929 =  1025 - 3·2^5 ◗]
931: [◖ 1 ◗, ◖ 3 =  1 + 1·2^1 ◗, ◖ 29 = -3 + 1·2^5 ◗, ◖ 931 =  3 + 29·2^5 ◗]
----
935: [◖ 1 ◗, ◖ 9 =  1 + 1·2^3 ◗, ◖ 55 = -9 + 1·2^6 ◗, ◖ 935 =  55 + 55·2^4 ◗]
937: [◖ 1 ◗, ◖ 15 = -1 + 1·2^4 ◗, ◖ 119 = -1 + 15·2^3 ◗, ◖ 937 = -15 + 119·2^3 ◗]
939: [◖ 1 ◗, ◖ 5 =  1 + 1·2^2 ◗, ◖ 59 = -5 + 1·2^6 ◗, ◖ 939 = -5 + 59·2^4 ◗]
941: [◖ 1 ◗, ◖ 15 = -1 + 1·2^4 ◗, ◖ 239 = -1 + 15·2^4 ◗, ◖ 941 = -15 + 239·2^2 ◗]
943: [◖ 1 ◗, ◖ 5 =  1 + 1·2^2 ◗, ◖ 1023 = -1 + 1·2^10 ◗, ◖ 943 =  1023 - 5·2^4 ◗]
945: [◖ 1 ◗, ◖ 15 = -1 + 1·2^4 ◗, ◖ 945 = -15 + 15·2^6 ◗]
947: [◖ 1 ◗, ◖ 15 = -1 + 1·2^4 ◗, ◖ 481 =  1 + 15·2^5 ◗, ◖ 947 = -15 + 481·2^1 ◗]
949: [◖ 1 ◗, ◖ 5 =  1 + 1·2^2 ◗, ◖ 59 = -5 + 1·2^6 ◗, ◖ 949 =  5 + 59·2^4 ◗]
951: [◖ 1 ◗, ◖ 9 =  1 + 1·2^3 ◗, ◖ 15 = -1 + 1·2^4 ◗, ◖ 951 = -9 + 15·2^6 ◗]
953: [◖ 1 ◗, ◖ 9 =  1 + 1·2^3 ◗, ◖ 1025 =  1 + 1·2^10 ◗, ◖ 953 =  1025 - 9·2^3 ◗]
955: [◖ 1 ◗, ◖ 3 =  1 + 1·2^1 ◗, ◖ 191 = -1 + 3·2^6 ◗, ◖ 955 =  191 + 191·2^2 ◗]
957: [◖ 1 ◗, ◖ 3 =  1 + 1·2^1 ◗, ◖ 15 = -1 + 1·2^4 ◗, ◖ 957 = -3 + 15·2^6 ◗]
959: [◖ 1 ◗, ◖ 15 = -1 + 1·2^4 ◗, ◖ 959 = -1 + 15·2^6 ◗]
961: [◖ 1 ◗, ◖ 15 = -1 + 1·2^4 ◗, ◖ 961 =  1 + 15·2^6 ◗]
963: [◖ 1 ◗, ◖ 3 =  1 + 1·2^1 ◗, ◖ 15 = -1 + 1·2^4 ◗, ◖ 963 =  3 + 15·2^6 ◗]
965: [◖ 1 ◗, ◖ 3 =  1 + 1·2^1 ◗, ◖ 193 =  1 + 3·2^6 ◗, ◖ 965 =  193 + 193·2^2 ◗]
967: [◖ 1 ◗, ◖ 7 = -1 + 1·2^3 ◗, ◖ 15 = -1 + 1·2^4 ◗, ◖ 967 =  7 + 15·2^6 ◗]
969: [◖ 1 ◗, ◖ 9 =  1 + 1·2^3 ◗, ◖ 15 = -1 + 1·2^4 ◗, ◖ 969 =  9 + 15·2^6 ◗]
971: [◖ 1 ◗, ◖ 15 = -1 + 1·2^4 ◗, ◖ 239 = -1 + 15·2^4 ◗, ◖ 971 =  15 + 239·2^2 ◗]
973: [◖ 1 ◗, ◖ 3 =  1 + 1·2^1 ◗, ◖ 61 = -3 + 1·2^6 ◗, ◖ 973 = -3 + 61·2^4 ◗]
975: [◖ 1 ◗, ◖ 15 = -1 + 1·2^4 ◗, ◖ 975 =  15 + 15·2^6 ◗]
977: [◖ 1 ◗, ◖ 3 =  1 + 1·2^1 ◗, ◖ 1025 =  1 + 1·2^10 ◗, ◖ 977 =  1025 - 3·2^4 ◗]
979: [◖ 1 ◗, ◖ 3 =  1 + 1·2^1 ◗, ◖ 61 = -3 + 1·2^6 ◗, ◖ 979 =  3 + 61·2^4 ◗]
----
983: [◖ 1 ◗, ◖ 5 =  1 + 1·2^2 ◗, ◖ 1023 = -1 + 1·2^10 ◗, ◖ 983 =  1023 - 5·2^3 ◗]
985: [◖ 1 ◗, ◖ 5 =  1 + 1·2^2 ◗, ◖ 1025 =  1 + 1·2^10 ◗, ◖ 985 =  1025 - 5·2^3 ◗]
987: [◖ 1 ◗, ◖ 5 =  1 + 1·2^2 ◗, ◖ 31 = -1 + 1·2^5 ◗, ◖ 987 = -5 + 31·2^5 ◗]
989: [◖ 1 ◗, ◖ 3 =  1 + 1·2^1 ◗, ◖ 31 = -1 + 1·2^5 ◗, ◖ 989 = -3 + 31·2^5 ◗]
991: [◖ 1 ◗, ◖ 33 =  1 + 1·2^5 ◗, ◖ 991 = -33 + 1·2^10 ◗]
993: [◖ 1 ◗, ◖ 31 = -1 + 1·2^5 ◗, ◖ 993 =  1 + 31·2^5 ◗]
995: [◖ 1 ◗, ◖ 3 =  1 + 1·2^1 ◗, ◖ 31 = -1 + 1·2^5 ◗, ◖ 995 =  3 + 31·2^5 ◗]
997: [◖ 1 ◗, ◖ 3 =  1 + 1·2^1 ◗, ◖ 125 = -3 + 1·2^7 ◗, ◖ 997 = -3 + 125·2^3 ◗]
999: [◖ 1 ◗, ◖ 3 =  1 + 1·2^1 ◗, ◖ 1023 = -1 + 1·2^10 ◗, ◖ 999 =  1023 - 3·2^3 ◗]
1001: [◖ 1 ◗, ◖ 3 =  1 + 1·2^1 ◗, ◖ 1025 =  1 + 1·2^10 ◗, ◖ 1001 =  1025 - 3·2^3 ◗]
1003: [◖ 1 ◗, ◖ 3 =  1 + 1·2^1 ◗, ◖ 125 = -3 + 1·2^7 ◗, ◖ 1003 =  3 + 125·2^3 ◗]
1005: [◖ 1 ◗, ◖ 3 =  1 + 1·2^1 ◗, ◖ 63 = -1 + 1·2^6 ◗, ◖ 1005 = -3 + 63·2^4 ◗]
1007: [◖ 1 ◗, ◖ 17 =  1 + 1·2^4 ◗, ◖ 1007 = -17 + 1·2^10 ◗]
1009: [◖ 1 ◗, ◖ 15 = -1 + 1·2^4 ◗, ◖ 1009 = -15 + 1·2^10 ◗]
1011: [◖ 1 ◗, ◖ 3 =  1 + 1·2^1 ◗, ◖ 63 = -1 + 1·2^6 ◗, ◖ 1011 =  3 + 63·2^4 ◗]
1013: [◖ 1 ◗, ◖ 3 =  1 + 1·2^1 ◗, ◖ 127 = -1 + 1·2^7 ◗, ◖ 1013 = -3 + 127·2^3 ◗]
1015: [◖ 1 ◗, ◖ 9 =  1 + 1·2^3 ◗, ◖ 1015 = -9 + 1·2^10 ◗]
1017: [◖ 1 ◗, ◖ 7 = -1 + 1·2^3 ◗, ◖ 1017 = -7 + 1·2^10 ◗]
1019: [◖ 1 ◗, ◖ 5 =  1 + 1·2^2 ◗, ◖ 1019 = -5 + 1·2^10 ◗]
1021: [◖ 1 ◗, ◖ 3 =  1 + 1·2^1 ◗, ◖ 1021 = -3 + 1·2^10 ◗]
1023: [◖ 1 ◗, ◖ 1023 = -1 + 1·2^10 ◗]
====    no guarantee    ====
  ? 1025:
